<?xml version="1.0" encoding="utf-8"?>
<TestRun id="5ea085b9-3ebb-4e8c-a6d4-e06024445bc6" name="z0049mne@MD3H3FMC 2021-09-17 16:18:54" runUser="AD001\z0049mne" xmlns="http://microsoft.com/schemas/VisualStudio/TeamTest/2010">
  <Times creation="2021-09-17T16:18:54.7589268+05:30" queuing="2021-09-17T16:18:54.7589268+05:30" start="2021-09-17T16:17:57.5187214+05:30" finish="2021-09-17T16:18:55.0009431+05:30" />
  <TestSettings name="default" id="db7f948b-be85-4164-a70e-f1d89e3f66a1">
    <Deployment runDeploymentRoot="z0049mne_MD3H3FMC_2021-09-17_16_18_54" />
  </TestSettings>
  <Results>
    <UnitTestResult executionId="5ec84d9e-991e-46b7-b8a9-de829be3ffc5" testId="fb3f85a5-ce4f-d64e-0c87-72a2e1e97d24" testName="GetObjectDataTimeSpanDiff" computerName="MD3H3FMC" duration="00:00:54.6387263" startTime="2021-09-17T16:17:59.0052867+05:30" endTime="2021-09-17T16:18:54.5404859+05:30" testType="13cdc9d9-ddb5-4fa4-a97d-d965ccfc6d4b" outcome="Failed" testListId="8c84fa94-04c1-424b-9868-57a2d4851a1d" relativeResultsDirectory="5ec84d9e-991e-46b7-b8a9-de829be3ffc5" resultType="DataDrivenTest">
      <InnerResults>
        <UnitTestResult executionId="acc7a095-9a3d-498f-9c31-7ca7f07239d1" parentExecutionId="5ec84d9e-991e-46b7-b8a9-de829be3ffc5" testId="fb3f85a5-ce4f-d64e-0c87-72a2e1e97d24" testName="GetObjectDataTimeSpanDiff (Data Row 0)" computerName="MD3H3FMC" duration="00:00:53.6970176" startTime="2021-09-17T16:17:59.0052867+05:30" endTime="2021-09-17T16:18:54.5404859+05:30" testType="13cdc9d9-ddb5-4fa4-a97d-d965ccfc6d4b" outcome="Failed" testListId="8c84fa94-04c1-424b-9868-57a2d4851a1d" relativeResultsDirectory="acc7a095-9a3d-498f-9c31-7ca7f07239d1" dataRowInfo="1" resultType="DataDrivenDataRow">
          <Output>
            <StdOut>Time Span Difference data for date : 2021-06-22 for Sensor Tag: 24EDFD0000C2 for dataType: Signal Strength&#xD;
Package Count 838&#xD;
Error: Data between time: 06/22/2021 00:23:34 and 06/22/2021 00:25:54&#xD;
Error: Sensor has not sent data for 0 hour 2 minute and 20 seconds long&#xD;
Error: The max time lapse in seconds: 140 &#xD;
Error: Data between time: 06/22/2021 00:25:54 and 06/22/2021 00:28:19&#xD;
Error: Sensor has not sent data for 0 hour 2 minute and 24 seconds long&#xD;
Error: The max time lapse in seconds: 144 &#xD;
Error: Data between time: 06/22/2021 01:21:37 and 06/22/2021 01:25:11&#xD;
Error: Sensor has not sent data for 0 hour 3 minute and 34 seconds long&#xD;
Error: The max time lapse in seconds: 214 &#xD;
Error: Data between time: 06/22/2021 01:36:43 and 06/22/2021 01:39:51&#xD;
Error: Sensor has not sent data for 0 hour 3 minute and 8 seconds long&#xD;
Error: The max time lapse in seconds: 214 &#xD;
Error: Data between time: 06/22/2021 02:03:04 and 06/22/2021 02:07:06&#xD;
Error: Sensor has not sent data for 0 hour 4 minute and 2 seconds long&#xD;
Error: The max time lapse in seconds: 242 &#xD;
Error: Data between time: 06/22/2021 02:36:41 and 06/22/2021 02:40:29&#xD;
Error: Sensor has not sent data for 0 hour 3 minute and 48 seconds long&#xD;
Error: The max time lapse in seconds: 242 &#xD;
Error: Data between time: 06/22/2021 03:41:53 and 06/22/2021 03:45:27&#xD;
Error: Sensor has not sent data for 0 hour 3 minute and 34 seconds long&#xD;
Error: The max time lapse in seconds: 242 &#xD;
Error: Data between time: 06/22/2021 04:26:55 and 06/22/2021 04:30:31&#xD;
Error: Sensor has not sent data for 0 hour 3 minute and 36 seconds long&#xD;
Error: The max time lapse in seconds: 242 &#xD;
Error: Data between time: 06/22/2021 04:38:56 and 06/22/2021 04:42:10&#xD;
Error: Sensor has not sent data for 0 hour 3 minute and 14 seconds long&#xD;
Error: The max time lapse in seconds: 242 &#xD;
Error: Data between time: 06/22/2021 06:11:45 and 06/22/2021 06:15:00&#xD;
Error: Sensor has not sent data for 0 hour 3 minute and 15 seconds long&#xD;
Error: The max time lapse in seconds: 242 &#xD;
Error: Data between time: 06/22/2021 09:14:58 and 06/22/2021 09:19:12&#xD;
Error: Sensor has not sent data for 0 hour 4 minute and 13 seconds long&#xD;
Error: The max time lapse in seconds: 253 &#xD;
Error: Data between time: 06/22/2021 09:53:52 and 06/22/2021 09:57:31&#xD;
Error: Sensor has not sent data for 0 hour 3 minute and 39 seconds long&#xD;
Error: The max time lapse in seconds: 253 &#xD;
Error: Data between time: 06/22/2021 10:10:42 and 06/22/2021 10:14:13&#xD;
Error: Sensor has not sent data for 0 hour 3 minute and 30 seconds long&#xD;
Error: The max time lapse in seconds: 253 &#xD;
Error: Data between time: 06/22/2021 10:25:31 and 06/22/2021 10:29:17&#xD;
Error: Sensor has not sent data for 0 hour 3 minute and 46 seconds long&#xD;
Error: The max time lapse in seconds: 253 &#xD;
Error: Data between time: 06/22/2021 11:57:06 and 06/22/2021 12:00:55&#xD;
Error: Sensor has not sent data for 0 hour 3 minute and 49 seconds long&#xD;
Error: The max time lapse in seconds: 253 &#xD;
Error: Data between time: 06/22/2021 13:57:00 and 06/22/2021 14:01:15&#xD;
Error: Sensor has not sent data for 0 hour 4 minute and 15 seconds long&#xD;
Error: The max time lapse in seconds: 255 &#xD;
Error: Data between time: 06/22/2021 14:34:04 and 06/22/2021 14:37:37&#xD;
Error: Sensor has not sent data for 0 hour 3 minute and 33 seconds long&#xD;
Error: The max time lapse in seconds: 255 &#xD;
Error: Data between time: 06/22/2021 14:45:57 and 06/22/2021 14:49:06&#xD;
Error: Sensor has not sent data for 0 hour 3 minute and 9 seconds long&#xD;
Error: The max time lapse in seconds: 255 &#xD;
Error: Data between time: 06/22/2021 17:08:53 and 06/22/2021 17:12:50&#xD;
Error: Sensor has not sent data for 0 hour 3 minute and 57 seconds long&#xD;
Error: The max time lapse in seconds: 255 &#xD;
Error: Data between time: 06/22/2021 17:59:19 and 06/22/2021 18:02:52&#xD;
Error: Sensor has not sent data for 0 hour 3 minute and 32 seconds long&#xD;
Error: The max time lapse in seconds: 255 &#xD;
Error: Data between time: 06/22/2021 18:54:09 and 06/22/2021 18:58:35&#xD;
Error: Sensor has not sent data for 0 hour 4 minute and 26 seconds long&#xD;
Error: The max time lapse in seconds: 266 &#xD;
Error: Data between time: 06/22/2021 18:58:35 and 06/22/2021 19:01:22&#xD;
Error: Sensor has not sent data for 0 hour 2 minute and 46 seconds long&#xD;
Error: The max time lapse in seconds: 266 &#xD;
Error: Data between time: 06/22/2021 19:37:44 and 06/22/2021 19:41:38&#xD;
Error: Sensor has not sent data for 0 hour 3 minute and 53 seconds long&#xD;
Error: The max time lapse in seconds: 266 &#xD;
Error: Data between time: 06/22/2021 19:54:46 and 06/22/2021 19:58:11&#xD;
Error: Sensor has not sent data for 0 hour 3 minute and 25 seconds long&#xD;
Error: The max time lapse in seconds: 266 &#xD;
Error: Data between time: 06/22/2021 20:13:02 and 06/22/2021 20:15:11&#xD;
Error: Sensor has not sent data for 0 hour 2 minute and 9 seconds long&#xD;
Error: The max time lapse in seconds: 266 &#xD;
Error: Data between time: 06/22/2021 20:22:56 and 06/22/2021 20:26:44&#xD;
Error: Sensor has not sent data for 0 hour 3 minute and 48 seconds long&#xD;
Error: The max time lapse in seconds: 266 &#xD;
Error: Data between time: 06/22/2021 22:07:41 and 06/22/2021 22:11:40&#xD;
Error: Sensor has not sent data for 0 hour 3 minute and 59 seconds long&#xD;
Error: The max time lapse in seconds: 266 &#xD;
Error: Data between time: 06/22/2021 22:19:46 and 06/22/2021 22:23:34&#xD;
Error: Sensor has not sent data for 0 hour 3 minute and 47 seconds long&#xD;
Error: The max time lapse in seconds: 266 &#xD;
&#xD;
Failed : Discrepency in time stamp in Signal&#xD;
&#xD;
Time Span Difference data for date : 2021-06-22 for Sensor Tag: 24EDFD0000C2 for dataType: Temperature&#xD;
Package Count 832&#xD;
Error: Data between time: 06/22/2021 00:23:34 and 06/22/2021 00:25:54&#xD;
Error: Sensor has not sent data for 0 hour 2 minute and 20 seconds long&#xD;
Error: The max time lapse in seconds: 140 &#xD;
Error: Data between time: 06/22/2021 00:25:54 and 06/22/2021 00:28:19&#xD;
Error: Sensor has not sent data for 0 hour 2 minute and 24 seconds long&#xD;
Error: The max time lapse in seconds: 144 &#xD;
Error: Data between time: 06/22/2021 00:51:36 and 06/22/2021 00:54:59&#xD;
Error: Sensor has not sent data for 0 hour 3 minute and 23 seconds long&#xD;
Error: The max time lapse in seconds: 203 &#xD;
Error: Data between time: 06/22/2021 01:21:37 and 06/22/2021 01:25:11&#xD;
Error: Sensor has not sent data for 0 hour 3 minute and 34 seconds long&#xD;
Error: The max time lapse in seconds: 214 &#xD;
Error: Data between time: 06/22/2021 01:25:11 and 06/22/2021 01:30:12&#xD;
Error: Sensor has not sent data for 0 hour 5 minute and 1 seconds long&#xD;
Error: The max time lapse in seconds: 301 &#xD;
Error: Data between time: 06/22/2021 01:36:43 and 06/22/2021 01:39:51&#xD;
Error: Sensor has not sent data for 0 hour 3 minute and 8 seconds long&#xD;
Error: The max time lapse in seconds: 301 &#xD;
Error: Data between time: 06/22/2021 02:03:04 and 06/22/2021 02:07:06&#xD;
Error: Sensor has not sent data for 0 hour 4 minute and 2 seconds long&#xD;
Error: The max time lapse in seconds: 301 &#xD;
Error: Data between time: 06/22/2021 02:36:41 and 06/22/2021 02:40:29&#xD;
Error: Sensor has not sent data for 0 hour 3 minute and 48 seconds long&#xD;
Error: The max time lapse in seconds: 301 &#xD;
Error: Data between time: 06/22/2021 03:41:53 and 06/22/2021 03:45:27&#xD;
Error: Sensor has not sent data for 0 hour 3 minute and 34 seconds long&#xD;
Error: The max time lapse in seconds: 301 &#xD;
Error: Data between time: 06/22/2021 04:08:40 and 06/22/2021 04:11:51&#xD;
Error: Sensor has not sent data for 0 hour 3 minute and 11 seconds long&#xD;
Error: The max time lapse in seconds: 301 &#xD;
Error: Data between time: 06/22/2021 04:26:55 and 06/22/2021 04:30:31&#xD;
Error: Sensor has not sent data for 0 hour 3 minute and 36 seconds long&#xD;
Error: The max time lapse in seconds: 301 &#xD;
Error: Data between time: 06/22/2021 04:38:56 and 06/22/2021 04:42:10&#xD;
Error: Sensor has not sent data for 0 hour 3 minute and 14 seconds long&#xD;
Error: The max time lapse in seconds: 301 &#xD;
Error: Data between time: 06/22/2021 06:11:45 and 06/22/2021 06:15:00&#xD;
Error: Sensor has not sent data for 0 hour 3 minute and 15 seconds long&#xD;
Error: The max time lapse in seconds: 301 &#xD;
Error: Data between time: 06/22/2021 09:14:58 and 06/22/2021 09:19:12&#xD;
Error: Sensor has not sent data for 0 hour 4 minute and 13 seconds long&#xD;
Error: The max time lapse in seconds: 301 &#xD;
Error: Data between time: 06/22/2021 09:42:09 and 06/22/2021 09:45:30&#xD;
Error: Sensor has not sent data for 0 hour 3 minute and 21 seconds long&#xD;
Error: The max time lapse in seconds: 301 &#xD;
Error: Data between time: 06/22/2021 09:53:52 and 06/22/2021 09:57:31&#xD;
Error: Sensor has not sent data for 0 hour 3 minute and 39 seconds long&#xD;
Error: The max time lapse in seconds: 301 &#xD;
Error: Data between time: 06/22/2021 10:10:42 and 06/22/2021 10:14:13&#xD;
Error: Sensor has not sent data for 0 hour 3 minute and 30 seconds long&#xD;
Error: The max time lapse in seconds: 301 &#xD;
Error: Data between time: 06/22/2021 10:25:31 and 06/22/2021 10:29:17&#xD;
Error: Sensor has not sent data for 0 hour 3 minute and 46 seconds long&#xD;
Error: The max time lapse in seconds: 301 &#xD;
Error: Data between time: 06/22/2021 11:57:06 and 06/22/2021 12:00:55&#xD;
Error: Sensor has not sent data for 0 hour 3 minute and 49 seconds long&#xD;
Error: The max time lapse in seconds: 301 &#xD;
Error: Data between time: 06/22/2021 13:57:00 and 06/22/2021 14:01:15&#xD;
Error: Sensor has not sent data for 0 hour 4 minute and 15 seconds long&#xD;
Error: The max time lapse in seconds: 301 &#xD;
Error: Data between time: 06/22/2021 14:34:04 and 06/22/2021 14:37:37&#xD;
Error: Sensor has not sent data for 0 hour 3 minute and 33 seconds long&#xD;
Error: The max time lapse in seconds: 301 &#xD;
Error: Data between time: 06/22/2021 14:45:57 and 06/22/2021 14:49:06&#xD;
Error: Sensor has not sent data for 0 hour 3 minute and 9 seconds long&#xD;
Error: The max time lapse in seconds: 301 &#xD;
Error: Data between time: 06/22/2021 16:02:19 and 06/22/2021 16:05:40&#xD;
Error: Sensor has not sent data for 0 hour 3 minute and 21 seconds long&#xD;
Error: The max time lapse in seconds: 301 &#xD;
Error: Data between time: 06/22/2021 17:08:53 and 06/22/2021 17:12:50&#xD;
Error: Sensor has not sent data for 0 hour 3 minute and 57 seconds long&#xD;
Error: The max time lapse in seconds: 301 &#xD;
Error: Data between time: 06/22/2021 17:59:19 and 06/22/2021 18:02:52&#xD;
Error: Sensor has not sent data for 0 hour 3 minute and 32 seconds long&#xD;
Error: The max time lapse in seconds: 301 &#xD;
Error: Data between time: 06/22/2021 18:54:09 and 06/22/2021 18:58:35&#xD;
Error: Sensor has not sent data for 0 hour 4 minute and 26 seconds long&#xD;
Error: The max time lapse in seconds: 301 &#xD;
Error: Data between time: 06/22/2021 18:58:35 and 06/22/2021 19:01:22&#xD;
Error: Sensor has not sent data for 0 hour 2 minute and 46 seconds long&#xD;
Error: The max time lapse in seconds: 301 &#xD;
Error: Data between time: 06/22/2021 19:37:44 and 06/22/2021 19:41:38&#xD;
Error: Sensor has not sent data for 0 hour 3 minute and 53 seconds long&#xD;
Error: The max time lapse in seconds: 301 &#xD;
Error: Data between time: 06/22/2021 19:54:46 and 06/22/2021 19:58:11&#xD;
Error: Sensor has not sent data for 0 hour 3 minute and 25 seconds long&#xD;
Error: The max time lapse in seconds: 301 &#xD;
Error: Data between time: 06/22/2021 20:13:02 and 06/22/2021 20:15:11&#xD;
Error: Sensor has not sent data for 0 hour 2 minute and 9 seconds long&#xD;
Error: The max time lapse in seconds: 301 &#xD;
Error: Data between time: 06/22/2021 20:22:56 and 06/22/2021 20:26:44&#xD;
Error: Sensor has not sent data for 0 hour 3 minute and 48 seconds long&#xD;
Error: The max time lapse in seconds: 301 &#xD;
Error: Data between time: 06/22/2021 22:07:41 and 06/22/2021 22:11:40&#xD;
Error: Sensor has not sent data for 0 hour 3 minute and 59 seconds long&#xD;
Error: The max time lapse in seconds: 301 &#xD;
Error: Data between time: 06/22/2021 22:19:46 and 06/22/2021 22:23:34&#xD;
Error: Sensor has not sent data for 0 hour 3 minute and 47 seconds long&#xD;
Error: The max time lapse in seconds: 301 &#xD;
&#xD;
Failed : Discrepency in time stamp in Temp&#xD;
&#xD;
Time Span Difference data for date : 2021-06-22 for Sensor Tag: 24EDFD0000C2 for dataType: Vibration&#xD;
Package Count X axis: 838&#xD;
Data between time: 06/22/2021 00:23:34 and 06/22/2021 00:25:54&#xD;
Sensor has not sent data for 0 hour 2 minute and 20 seconds long&#xD;
The max time lapse in seconds: 140 &#xD;
Data between time: 06/22/2021 00:25:54 and 06/22/2021 00:28:19&#xD;
Sensor has not sent data for 0 hour 2 minute and 24 seconds long&#xD;
The max time lapse in seconds: 144 &#xD;
Data between time: 06/22/2021 01:21:37 and 06/22/2021 01:25:11&#xD;
Sensor has not sent data for 0 hour 3 minute and 34 seconds long&#xD;
The max time lapse in seconds: 214 &#xD;
Data between time: 06/22/2021 01:36:43 and 06/22/2021 01:39:51&#xD;
Sensor has not sent data for 0 hour 3 minute and 8 seconds long&#xD;
The max time lapse in seconds: 214 &#xD;
Data between time: 06/22/2021 02:03:04 and 06/22/2021 02:07:06&#xD;
Sensor has not sent data for 0 hour 4 minute and 2 seconds long&#xD;
The max time lapse in seconds: 242 &#xD;
Data between time: 06/22/2021 02:36:41 and 06/22/2021 02:40:29&#xD;
Sensor has not sent data for 0 hour 3 minute and 48 seconds long&#xD;
The max time lapse in seconds: 242 &#xD;
Data between time: 06/22/2021 03:41:53 and 06/22/2021 03:45:27&#xD;
Sensor has not sent data for 0 hour 3 minute and 34 seconds long&#xD;
The max time lapse in seconds: 242 &#xD;
Data between time: 06/22/2021 04:26:55 and 06/22/2021 04:30:31&#xD;
Sensor has not sent data for 0 hour 3 minute and 36 seconds long&#xD;
The max time lapse in seconds: 242 &#xD;
Data between time: 06/22/2021 04:38:56 and 06/22/2021 04:42:10&#xD;
Sensor has not sent data for 0 hour 3 minute and 14 seconds long&#xD;
The max time lapse in seconds: 242 &#xD;
Data between time: 06/22/2021 06:11:45 and 06/22/2021 06:15:00&#xD;
Sensor has not sent data for 0 hour 3 minute and 15 seconds long&#xD;
The max time lapse in seconds: 242 &#xD;
Data between time: 06/22/2021 09:14:58 and 06/22/2021 09:19:12&#xD;
Sensor has not sent data for 0 hour 4 minute and 13 seconds long&#xD;
The max time lapse in seconds: 253 &#xD;
Data between time: 06/22/2021 09:53:52 and 06/22/2021 09:57:31&#xD;
Sensor has not sent data for 0 hour 3 minute and 39 seconds long&#xD;
The max time lapse in seconds: 253 &#xD;
Data between time: 06/22/2021 10:10:42 and 06/22/2021 10:14:13&#xD;
Sensor has not sent data for 0 hour 3 minute and 30 seconds long&#xD;
The max time lapse in seconds: 253 &#xD;
Data between time: 06/22/2021 10:25:31 and 06/22/2021 10:29:17&#xD;
Sensor has not sent data for 0 hour 3 minute and 46 seconds long&#xD;
The max time lapse in seconds: 253 &#xD;
Data between time: 06/22/2021 11:57:06 and 06/22/2021 12:00:55&#xD;
Sensor has not sent data for 0 hour 3 minute and 49 seconds long&#xD;
The max time lapse in seconds: 253 &#xD;
Data between time: 06/22/2021 13:57:00 and 06/22/2021 14:01:15&#xD;
Sensor has not sent data for 0 hour 4 minute and 15 seconds long&#xD;
The max time lapse in seconds: 255 &#xD;
Data between time: 06/22/2021 14:34:04 and 06/22/2021 14:37:37&#xD;
Sensor has not sent data for 0 hour 3 minute and 33 seconds long&#xD;
The max time lapse in seconds: 255 &#xD;
Data between time: 06/22/2021 14:45:57 and 06/22/2021 14:49:06&#xD;
Sensor has not sent data for 0 hour 3 minute and 9 seconds long&#xD;
The max time lapse in seconds: 255 &#xD;
Data between time: 06/22/2021 17:08:53 and 06/22/2021 17:12:50&#xD;
Sensor has not sent data for 0 hour 3 minute and 57 seconds long&#xD;
The max time lapse in seconds: 255 &#xD;
Data between time: 06/22/2021 17:59:19 and 06/22/2021 18:02:52&#xD;
Sensor has not sent data for 0 hour 3 minute and 32 seconds long&#xD;
The max time lapse in seconds: 255 &#xD;
Data between time: 06/22/2021 18:54:09 and 06/22/2021 18:58:35&#xD;
Sensor has not sent data for 0 hour 4 minute and 26 seconds long&#xD;
The max time lapse in seconds: 266 &#xD;
Data between time: 06/22/2021 18:58:35 and 06/22/2021 19:01:22&#xD;
Sensor has not sent data for 0 hour 2 minute and 46 seconds long&#xD;
The max time lapse in seconds: 266 &#xD;
Data between time: 06/22/2021 19:37:44 and 06/22/2021 19:41:38&#xD;
Sensor has not sent data for 0 hour 3 minute and 53 seconds long&#xD;
The max time lapse in seconds: 266 &#xD;
Data between time: 06/22/2021 19:54:46 and 06/22/2021 19:58:11&#xD;
Sensor has not sent data for 0 hour 3 minute and 25 seconds long&#xD;
The max time lapse in seconds: 266 &#xD;
Data between time: 06/22/2021 20:13:02 and 06/22/2021 20:15:11&#xD;
Sensor has not sent data for 0 hour 2 minute and 9 seconds long&#xD;
The max time lapse in seconds: 266 &#xD;
Data between time: 06/22/2021 20:22:56 and 06/22/2021 20:26:44&#xD;
Sensor has not sent data for 0 hour 3 minute and 48 seconds long&#xD;
The max time lapse in seconds: 266 &#xD;
Data between time: 06/22/2021 22:07:41 and 06/22/2021 22:11:40&#xD;
Sensor has not sent data for 0 hour 3 minute and 59 seconds long&#xD;
The max time lapse in seconds: 266 &#xD;
Data between time: 06/22/2021 22:19:46 and 06/22/2021 22:23:34&#xD;
Sensor has not sent data for 0 hour 3 minute and 47 seconds long&#xD;
The max time lapse in seconds: 266 &#xD;
&#xD;
Failed : Discrepency in time stamp in Vibration&#xD;
&#xD;
Time Span Difference data for date : 2021-06-22 for Sensor Tag: 24EDFD0000C2 for dataType: Vibration&#xD;
Package Count Y axis: 838&#xD;
Data between time: 06/22/2021 00:23:34 and 06/22/2021 00:25:54&#xD;
Sensor has not sent data for 0 hour 2 minute and 20 seconds long&#xD;
The max time lapse in seconds: 140 &#xD;
Data between time: 06/22/2021 00:25:54 and 06/22/2021 00:28:19&#xD;
Sensor has not sent data for 0 hour 2 minute and 24 seconds long&#xD;
The max time lapse in seconds: 144 &#xD;
Data between time: 06/22/2021 01:21:37 and 06/22/2021 01:25:11&#xD;
Sensor has not sent data for 0 hour 3 minute and 34 seconds long&#xD;
The max time lapse in seconds: 214 &#xD;
Data between time: 06/22/2021 01:36:43 and 06/22/2021 01:39:51&#xD;
Sensor has not sent data for 0 hour 3 minute and 8 seconds long&#xD;
The max time lapse in seconds: 214 &#xD;
Data between time: 06/22/2021 02:03:04 and 06/22/2021 02:07:06&#xD;
Sensor has not sent data for 0 hour 4 minute and 2 seconds long&#xD;
The max time lapse in seconds: 242 &#xD;
Data between time: 06/22/2021 02:36:41 and 06/22/2021 02:40:29&#xD;
Sensor has not sent data for 0 hour 3 minute and 48 seconds long&#xD;
The max time lapse in seconds: 242 &#xD;
Data between time: 06/22/2021 03:41:53 and 06/22/2021 03:45:27&#xD;
Sensor has not sent data for 0 hour 3 minute and 34 seconds long&#xD;
The max time lapse in seconds: 242 &#xD;
Data between time: 06/22/2021 04:26:55 and 06/22/2021 04:30:31&#xD;
Sensor has not sent data for 0 hour 3 minute and 36 seconds long&#xD;
The max time lapse in seconds: 242 &#xD;
Data between time: 06/22/2021 04:38:56 and 06/22/2021 04:42:10&#xD;
Sensor has not sent data for 0 hour 3 minute and 14 seconds long&#xD;
The max time lapse in seconds: 242 &#xD;
Data between time: 06/22/2021 06:11:45 and 06/22/2021 06:15:00&#xD;
Sensor has not sent data for 0 hour 3 minute and 15 seconds long&#xD;
The max time lapse in seconds: 242 &#xD;
Data between time: 06/22/2021 09:14:58 and 06/22/2021 09:19:12&#xD;
Sensor has not sent data for 0 hour 4 minute and 13 seconds long&#xD;
The max time lapse in seconds: 253 &#xD;
Data between time: 06/22/2021 09:53:52 and 06/22/2021 09:57:31&#xD;
Sensor has not sent data for 0 hour 3 minute and 39 seconds long&#xD;
The max time lapse in seconds: 253 &#xD;
Data between time: 06/22/2021 10:10:42 and 06/22/2021 10:14:13&#xD;
Sensor has not sent data for 0 hour 3 minute and 30 seconds long&#xD;
The max time lapse in seconds: 253 &#xD;
Data between time: 06/22/2021 10:25:31 and 06/22/2021 10:29:17&#xD;
Sensor has not sent data for 0 hour 3 minute and 46 seconds long&#xD;
The max time lapse in seconds: 253 &#xD;
Data between time: 06/22/2021 11:57:06 and 06/22/2021 12:00:55&#xD;
Sensor has not sent data for 0 hour 3 minute and 49 seconds long&#xD;
The max time lapse in seconds: 253 &#xD;
Data between time: 06/22/2021 13:57:00 and 06/22/2021 14:01:15&#xD;
Sensor has not sent data for 0 hour 4 minute and 15 seconds long&#xD;
The max time lapse in seconds: 255 &#xD;
Data between time: 06/22/2021 14:34:04 and 06/22/2021 14:37:37&#xD;
Sensor has not sent data for 0 hour 3 minute and 33 seconds long&#xD;
The max time lapse in seconds: 255 &#xD;
Data between time: 06/22/2021 14:45:57 and 06/22/2021 14:49:06&#xD;
Sensor has not sent data for 0 hour 3 minute and 9 seconds long&#xD;
The max time lapse in seconds: 255 &#xD;
Data between time: 06/22/2021 17:08:53 and 06/22/2021 17:12:50&#xD;
Sensor has not sent data for 0 hour 3 minute and 57 seconds long&#xD;
The max time lapse in seconds: 255 &#xD;
Data between time: 06/22/2021 17:59:19 and 06/22/2021 18:02:52&#xD;
Sensor has not sent data for 0 hour 3 minute and 32 seconds long&#xD;
The max time lapse in seconds: 255 &#xD;
Data between time: 06/22/2021 18:54:09 and 06/22/2021 18:58:35&#xD;
Sensor has not sent data for 0 hour 4 minute and 26 seconds long&#xD;
The max time lapse in seconds: 266 &#xD;
Data between time: 06/22/2021 18:58:35 and 06/22/2021 19:01:22&#xD;
Sensor has not sent data for 0 hour 2 minute and 46 seconds long&#xD;
The max time lapse in seconds: 266 &#xD;
Data between time: 06/22/2021 19:37:44 and 06/22/2021 19:41:38&#xD;
Sensor has not sent data for 0 hour 3 minute and 53 seconds long&#xD;
The max time lapse in seconds: 266 &#xD;
Data between time: 06/22/2021 19:54:46 and 06/22/2021 19:58:11&#xD;
Sensor has not sent data for 0 hour 3 minute and 25 seconds long&#xD;
The max time lapse in seconds: 266 &#xD;
Data between time: 06/22/2021 20:13:02 and 06/22/2021 20:15:11&#xD;
Sensor has not sent data for 0 hour 2 minute and 9 seconds long&#xD;
The max time lapse in seconds: 266 &#xD;
Data between time: 06/22/2021 20:22:56 and 06/22/2021 20:26:44&#xD;
Sensor has not sent data for 0 hour 3 minute and 48 seconds long&#xD;
The max time lapse in seconds: 266 &#xD;
Data between time: 06/22/2021 22:07:41 and 06/22/2021 22:11:40&#xD;
Sensor has not sent data for 0 hour 3 minute and 59 seconds long&#xD;
The max time lapse in seconds: 266 &#xD;
Data between time: 06/22/2021 22:19:46 and 06/22/2021 22:23:34&#xD;
Sensor has not sent data for 0 hour 3 minute and 47 seconds long&#xD;
The max time lapse in seconds: 266 &#xD;
&#xD;
Failed : Discrepency in time stamp in Vibration&#xD;
&#xD;
Time Span Difference data for date : 2021-06-22 for Sensor Tag: 24EDFD0000C2 for dataType: Vibration&#xD;
Package Count Z axis: 838&#xD;
Data between time: 06/22/2021 00:23:34 and 06/22/2021 00:25:54&#xD;
Sensor has not sent data for 0 hour 2 minute and 20 seconds long&#xD;
The max time lapse in seconds: 140 &#xD;
Data between time: 06/22/2021 00:25:54 and 06/22/2021 00:28:19&#xD;
Sensor has not sent data for 0 hour 2 minute and 24 seconds long&#xD;
The max time lapse in seconds: 144 &#xD;
Data between time: 06/22/2021 01:21:37 and 06/22/2021 01:25:11&#xD;
Sensor has not sent data for 0 hour 3 minute and 34 seconds long&#xD;
The max time lapse in seconds: 214 &#xD;
Data between time: 06/22/2021 01:36:43 and 06/22/2021 01:39:51&#xD;
Sensor has not sent data for 0 hour 3 minute and 8 seconds long&#xD;
The max time lapse in seconds: 214 &#xD;
Data between time: 06/22/2021 02:03:04 and 06/22/2021 02:07:06&#xD;
Sensor has not sent data for 0 hour 4 minute and 2 seconds long&#xD;
The max time lapse in seconds: 242 &#xD;
Data between time: 06/22/2021 02:36:41 and 06/22/2021 02:40:29&#xD;
Sensor has not sent data for 0 hour 3 minute and 48 seconds long&#xD;
The max time lapse in seconds: 242 &#xD;
Data between time: 06/22/2021 03:41:53 and 06/22/2021 03:45:27&#xD;
Sensor has not sent data for 0 hour 3 minute and 34 seconds long&#xD;
The max time lapse in seconds: 242 &#xD;
Data between time: 06/22/2021 04:26:55 and 06/22/2021 04:30:31&#xD;
Sensor has not sent data for 0 hour 3 minute and 36 seconds long&#xD;
The max time lapse in seconds: 242 &#xD;
Data between time: 06/22/2021 04:38:56 and 06/22/2021 04:42:10&#xD;
Sensor has not sent data for 0 hour 3 minute and 14 seconds long&#xD;
The max time lapse in seconds: 242 &#xD;
Data between time: 06/22/2021 06:11:45 and 06/22/2021 06:15:00&#xD;
Sensor has not sent data for 0 hour 3 minute and 15 seconds long&#xD;
The max time lapse in seconds: 242 &#xD;
Data between time: 06/22/2021 09:14:58 and 06/22/2021 09:19:12&#xD;
Sensor has not sent data for 0 hour 4 minute and 13 seconds long&#xD;
The max time lapse in seconds: 253 &#xD;
Data between time: 06/22/2021 09:53:52 and 06/22/2021 09:57:31&#xD;
Sensor has not sent data for 0 hour 3 minute and 39 seconds long&#xD;
The max time lapse in seconds: 253 &#xD;
Data between time: 06/22/2021 10:10:42 and 06/22/2021 10:14:13&#xD;
Sensor has not sent data for 0 hour 3 minute and 30 seconds long&#xD;
The max time lapse in seconds: 253 &#xD;
Data between time: 06/22/2021 10:25:31 and 06/22/2021 10:29:17&#xD;
Sensor has not sent data for 0 hour 3 minute and 46 seconds long&#xD;
The max time lapse in seconds: 253 &#xD;
Data between time: 06/22/2021 11:57:06 and 06/22/2021 12:00:55&#xD;
Sensor has not sent data for 0 hour 3 minute and 49 seconds long&#xD;
The max time lapse in seconds: 253 &#xD;
Data between time: 06/22/2021 13:57:00 and 06/22/2021 14:01:15&#xD;
Sensor has not sent data for 0 hour 4 minute and 15 seconds long&#xD;
The max time lapse in seconds: 255 &#xD;
Data between time: 06/22/2021 14:34:04 and 06/22/2021 14:37:37&#xD;
Sensor has not sent data for 0 hour 3 minute and 33 seconds long&#xD;
The max time lapse in seconds: 255 &#xD;
Data between time: 06/22/2021 14:45:57 and 06/22/2021 14:49:06&#xD;
Sensor has not sent data for 0 hour 3 minute and 9 seconds long&#xD;
The max time lapse in seconds: 255 &#xD;
Data between time: 06/22/2021 17:08:53 and 06/22/2021 17:12:50&#xD;
Sensor has not sent data for 0 hour 3 minute and 57 seconds long&#xD;
The max time lapse in seconds: 255 &#xD;
Data between time: 06/22/2021 17:59:19 and 06/22/2021 18:02:52&#xD;
Sensor has not sent data for 0 hour 3 minute and 32 seconds long&#xD;
The max time lapse in seconds: 255 &#xD;
Data between time: 06/22/2021 18:54:09 and 06/22/2021 18:58:35&#xD;
Sensor has not sent data for 0 hour 4 minute and 26 seconds long&#xD;
The max time lapse in seconds: 266 &#xD;
Data between time: 06/22/2021 18:58:35 and 06/22/2021 19:01:22&#xD;
Sensor has not sent data for 0 hour 2 minute and 46 seconds long&#xD;
The max time lapse in seconds: 266 &#xD;
Data between time: 06/22/2021 19:37:44 and 06/22/2021 19:41:38&#xD;
Sensor has not sent data for 0 hour 3 minute and 53 seconds long&#xD;
The max time lapse in seconds: 266 &#xD;
Data between time: 06/22/2021 19:54:46 and 06/22/2021 19:58:11&#xD;
Sensor has not sent data for 0 hour 3 minute and 25 seconds long&#xD;
The max time lapse in seconds: 266 &#xD;
Data between time: 06/22/2021 20:13:02 and 06/22/2021 20:15:11&#xD;
Sensor has not sent data for 0 hour 2 minute and 9 seconds long&#xD;
The max time lapse in seconds: 266 &#xD;
Data between time: 06/22/2021 20:22:56 and 06/22/2021 20:26:44&#xD;
Sensor has not sent data for 0 hour 3 minute and 48 seconds long&#xD;
The max time lapse in seconds: 266 &#xD;
Data between time: 06/22/2021 22:07:41 and 06/22/2021 22:11:40&#xD;
Sensor has not sent data for 0 hour 3 minute and 59 seconds long&#xD;
The max time lapse in seconds: 266 &#xD;
Data between time: 06/22/2021 22:19:46 and 06/22/2021 22:23:34&#xD;
Sensor has not sent data for 0 hour 3 minute and 47 seconds long&#xD;
The max time lapse in seconds: 266 &#xD;
&#xD;
Failed : Discrepency in time stamp in Vibration</StdOut>
            <ErrorInfo>
              <Message>Assert.IsTrue failed. Failed in getting data for date 6/22/2021 12:00:00 AM</Message>
              <StackTrace>   at SCM_TF.Database.Te_Database.GetObjectDataTimeSpanDiff()&#xD;
</StackTrace>
            </ErrorInfo>
          </Output>
        </UnitTestResult>
        <UnitTestResult executionId="65196be2-2f55-4fa2-8e20-8e69fe92bfc0" parentExecutionId="5ec84d9e-991e-46b7-b8a9-de829be3ffc5" testId="fb3f85a5-ce4f-d64e-0c87-72a2e1e97d24" testName="GetObjectDataTimeSpanDiff (Data Row 1)" computerName="MD3H3FMC" duration="00:00:00.0021486" startTime="2021-09-17T16:17:59.0052867+05:30" endTime="2021-09-17T16:18:54.5404859+05:30" testType="13cdc9d9-ddb5-4fa4-a97d-d965ccfc6d4b" outcome="Failed" testListId="8c84fa94-04c1-424b-9868-57a2d4851a1d" relativeResultsDirectory="65196be2-2f55-4fa2-8e20-8e69fe92bfc0" dataRowInfo="2" resultType="DataDrivenDataRow">
          <Output>
            <ErrorInfo>
              <Message>Assert.IsTrue failed. Error: Start date is later than End Date</Message>
              <StackTrace>   at SCM_TF.Database.Te_Database.GetObjectDataTimeSpanDiff()&#xD;
</StackTrace>
            </ErrorInfo>
          </Output>
        </UnitTestResult>
      </InnerResults>
    </UnitTestResult>
  </Results>
  <TestDefinitions>
    <UnitTest name="GetObjectDataTimeSpanDiff" storage="c:\users\z0049mne\source\repos\ms_test\scm_tf\scm_tf\references\scm_tf.dll" id="fb3f85a5-ce4f-d64e-0c87-72a2e1e97d24">
      <TestCategory>
        <TestCategoryItem TestCategory="Database" />
        <TestCategoryItem TestCategory="Database01" />
      </TestCategory>
      <Execution id="5ec84d9e-991e-46b7-b8a9-de829be3ffc5" />
      <TestMethod codeBase="C:\Users\z0049mne\Source\Repos\ms_test\SCM_TF\SCM_TF\References\SCM_TF.dll" adapterTypeName="executor://mstestadapter/v2" className="SCM_TF.Database.Te_Database" name="GetObjectDataTimeSpanDiff" />
    </UnitTest>
  </TestDefinitions>
  <TestEntries>
    <TestEntry testId="fb3f85a5-ce4f-d64e-0c87-72a2e1e97d24" executionId="5ec84d9e-991e-46b7-b8a9-de829be3ffc5" testListId="8c84fa94-04c1-424b-9868-57a2d4851a1d" />
  </TestEntries>
  <TestLists>
    <TestList name="Results Not in a List" id="8c84fa94-04c1-424b-9868-57a2d4851a1d" />
    <TestList name="All Loaded Results" id="19431567-8539-422a-85d7-44ee4e166bda" />
  </TestLists>
  <ResultSummary outcome="Failed">
    <Counters total="3" executed="3" passed="0" failed="3" error="0" timeout="0" aborted="0" inconclusive="0" passedButRunAborted="0" notRunnable="0" notExecuted="0" disconnected="0" warning="0" completed="0" inProgress="0" pending="0" />
  </ResultSummary>
</TestRun>