<?xml version="1.0" encoding="utf-8"?>
<TestRun id="7124aa32-c8ff-43fa-b87e-6b8e7f0ac34a" name="z0049mne@MD3H3FMC 2021-09-16 23:05:36" runUser="AD001\z0049mne" xmlns="http://microsoft.com/schemas/VisualStudio/TeamTest/2010">
  <Times creation="2021-09-16T23:05:36.5681695+05:30" queuing="2021-09-16T23:05:36.5681695+05:30" start="2021-09-16T23:05:34.5062728+05:30" finish="2021-09-16T23:05:36.8676869+05:30" />
  <TestSettings name="default" id="ee5e04cf-8ec5-48a4-9afd-9d3e06c2ebd6">
    <Deployment runDeploymentRoot="z0049mne_MD3H3FMC_2021-09-16_23_05_36" />
  </TestSettings>
  <Results>
    <UnitTestResult executionId="1c22e284-6d55-47fe-bf77-1689d76931e9" testId="fb3f85a5-ce4f-d64e-0c87-72a2e1e97d24" testName="GetObjectDataTimeSpanDiff" computerName="MD3H3FMC" duration="00:00:00.6128449" startTime="2021-09-16T23:05:35.2760673+05:30" endTime="2021-09-16T23:05:36.4909425+05:30" testType="13cdc9d9-ddb5-4fa4-a97d-d965ccfc6d4b" outcome="Passed" testListId="8c84fa94-04c1-424b-9868-57a2d4851a1d" relativeResultsDirectory="1c22e284-6d55-47fe-bf77-1689d76931e9" resultType="DataDrivenTest">
      <InnerResults>
        <UnitTestResult executionId="8d20ddaf-e98d-4cbe-bc14-dc163d4c2751" parentExecutionId="1c22e284-6d55-47fe-bf77-1689d76931e9" testId="fb3f85a5-ce4f-d64e-0c87-72a2e1e97d24" testName="GetObjectDataTimeSpanDiff (Data Row 0)" computerName="MD3H3FMC" duration="00:00:00.0116293" startTime="2021-09-16T23:05:35.2760673+05:30" endTime="2021-09-16T23:05:36.4909425+05:30" testType="13cdc9d9-ddb5-4fa4-a97d-d965ccfc6d4b" outcome="Passed" testListId="8c84fa94-04c1-424b-9868-57a2d4851a1d" relativeResultsDirectory="8d20ddaf-e98d-4cbe-bc14-dc163d4c2751" dataRowInfo="1" resultType="DataDrivenDataRow" />
      </InnerResults>
    </UnitTestResult>
    <UnitTestResult executionId="1f9beaac-466a-4772-9f09-0d3c6f411ab8" testId="c0c9e07e-0a83-e76a-095e-bbf8168ec560" testName="GetStatisticalData" computerName="MD3H3FMC" duration="00:00:00.1964101" startTime="2021-09-16T23:05:36.5410920+05:30" endTime="2021-09-16T23:05:36.7374274+05:30" testType="13cdc9d9-ddb5-4fa4-a97d-d965ccfc6d4b" outcome="Passed" testListId="8c84fa94-04c1-424b-9868-57a2d4851a1d" relativeResultsDirectory="1f9beaac-466a-4772-9f09-0d3c6f411ab8" resultType="DataDrivenTest">
      <InnerResults>
        <UnitTestResult executionId="ec4501dd-c9c4-43f2-8df0-364cd0ae6f94" parentExecutionId="1f9beaac-466a-4772-9f09-0d3c6f411ab8" testId="c0c9e07e-0a83-e76a-095e-bbf8168ec560" testName="GetStatisticalData (Data Row 0)" computerName="MD3H3FMC" duration="00:00:00.0229439" startTime="2021-09-16T23:05:36.5410920+05:30" endTime="2021-09-16T23:05:36.7374274+05:30" testType="13cdc9d9-ddb5-4fa4-a97d-d965ccfc6d4b" outcome="Passed" testListId="8c84fa94-04c1-424b-9868-57a2d4851a1d" relativeResultsDirectory="ec4501dd-c9c4-43f2-8df0-364cd0ae6f94" dataRowInfo="1" resultType="DataDrivenDataRow" />
      </InnerResults>
    </UnitTestResult>
  </Results>
  <TestDefinitions>
    <UnitTest name="GetStatisticalData" storage="c:\users\z0049mne\source\repos\ms_test\scm_tf\scm_tf\references\scm_tf.dll" id="c0c9e07e-0a83-e76a-095e-bbf8168ec560">
      <TestCategory>
        <TestCategoryItem TestCategory="Database" />
        <TestCategoryItem TestCategory="Database01" />
      </TestCategory>
      <Execution id="1f9beaac-466a-4772-9f09-0d3c6f411ab8" />
      <TestMethod codeBase="C:\Users\z0049mne\Source\Repos\ms_test\SCM_TF\SCM_TF\References\SCM_TF.dll" adapterTypeName="executor://mstestadapter/v2" className="SCM_TF.Database.Te_Database" name="GetStatisticalData" />
    </UnitTest>
    <UnitTest name="GetObjectDataTimeSpanDiff" storage="c:\users\z0049mne\source\repos\ms_test\scm_tf\scm_tf\references\scm_tf.dll" id="fb3f85a5-ce4f-d64e-0c87-72a2e1e97d24">
      <TestCategory>
        <TestCategoryItem TestCategory="Database" />
        <TestCategoryItem TestCategory="Database01" />
      </TestCategory>
      <Execution id="1c22e284-6d55-47fe-bf77-1689d76931e9" />
      <TestMethod codeBase="C:\Users\z0049mne\Source\Repos\ms_test\SCM_TF\SCM_TF\References\SCM_TF.dll" adapterTypeName="executor://mstestadapter/v2" className="SCM_TF.Database.Te_Database" name="GetObjectDataTimeSpanDiff" />
    </UnitTest>
  </TestDefinitions>
  <TestEntries>
    <TestEntry testId="fb3f85a5-ce4f-d64e-0c87-72a2e1e97d24" executionId="1c22e284-6d55-47fe-bf77-1689d76931e9" testListId="8c84fa94-04c1-424b-9868-57a2d4851a1d" />
    <TestEntry testId="c0c9e07e-0a83-e76a-095e-bbf8168ec560" executionId="1f9beaac-466a-4772-9f09-0d3c6f411ab8" testListId="8c84fa94-04c1-424b-9868-57a2d4851a1d" />
  </TestEntries>
  <TestLists>
    <TestList name="Results Not in a List" id="8c84fa94-04c1-424b-9868-57a2d4851a1d" />
    <TestList name="All Loaded Results" id="19431567-8539-422a-85d7-44ee4e166bda" />
  </TestLists>
  <ResultSummary outcome="Completed">
    <Counters total="4" executed="4" passed="4" failed="0" error="0" timeout="0" aborted="0" inconclusive="0" passedButRunAborted="0" notRunnable="0" notExecuted="0" disconnected="0" warning="0" completed="0" inProgress="0" pending="0" />
  </ResultSummary>
</TestRun>