<?xml version="1.0" encoding="utf-8"?>
<TestRun id="d15bb8fa-ac12-49a1-ab32-50378aa40ff0" name="z0049mne@MD3H3FMC 2021-08-27 16:35:06" runUser="AD001\z0049mne" xmlns="http://microsoft.com/schemas/VisualStudio/TeamTest/2010">
  <Times creation="2021-08-27T16:35:06.0538530+05:30" queuing="2021-08-27T16:35:06.0538530+05:30" start="2021-08-27T16:32:33.8455001+05:30" finish="2021-08-27T16:35:06.4459492+05:30" />
  <TestSettings name="default" id="580a3e94-477e-44c1-8e1b-0d18d9b52934">
    <Deployment runDeploymentRoot="z0049mne_MD3H3FMC_2021-08-27_16_35_06" />
  </TestSettings>
  <Results>
    <UnitTestResult executionId="b5b8f56e-cfd9-40ab-8b13-d813c03f7664" testId="fb3f85a5-ce4f-d64e-0c87-72a2e1e97d24" testName="GetObjectDataTimeSpanDiff" computerName="MD3H3FMC" duration="00:02:29.6095092" startTime="2021-08-27T16:32:33.9886544+05:30" endTime="2021-08-27T16:35:05.9346982+05:30" testType="13cdc9d9-ddb5-4fa4-a97d-d965ccfc6d4b" outcome="Failed" testListId="8c84fa94-04c1-424b-9868-57a2d4851a1d" relativeResultsDirectory="b5b8f56e-cfd9-40ab-8b13-d813c03f7664" resultType="DataDrivenTest">
      <InnerResults>
        <UnitTestResult executionId="f668326a-2a0e-4c95-8159-182d6e3ef1c0" parentExecutionId="b5b8f56e-cfd9-40ab-8b13-d813c03f7664" testId="fb3f85a5-ce4f-d64e-0c87-72a2e1e97d24" testName="GetObjectDataTimeSpanDiff (Data Row 0)" computerName="MD3H3FMC" duration="00:02:28.7578388" startTime="2021-08-27T16:32:33.9886544+05:30" endTime="2021-08-27T16:35:05.9346982+05:30" testType="13cdc9d9-ddb5-4fa4-a97d-d965ccfc6d4b" outcome="Failed" testListId="8c84fa94-04c1-424b-9868-57a2d4851a1d" relativeResultsDirectory="f668326a-2a0e-4c95-8159-182d6e3ef1c0" dataRowInfo="1" resultType="DataDrivenDataRow">
          <Output>
            <StdOut>Time Span Difference data for date : 2021-06-18 for Sensor Tag: 24EDFD0000C2 for dataType: Signal Strength&#xD;
Package Count 835&#xD;
Error: Data between time: 06/18/2021 01:05:13 and 06/18/2021 01:09:17&#xD;
Error: Sensor has not sent data for 0 hour 4 minute and 4 seconds long&#xD;
Error: The max time lapse in seconds: 244 &#xD;
Error: Data between time: 06/18/2021 02:42:16 and 06/18/2021 02:46:05&#xD;
Error: Sensor has not sent data for 0 hour 3 minute and 48 seconds long&#xD;
Error: The max time lapse in seconds: 244 &#xD;
Error: Data between time: 06/18/2021 02:52:35 and 06/18/2021 02:54:41&#xD;
Error: Sensor has not sent data for 0 hour 2 minute and 5 seconds long&#xD;
Error: The max time lapse in seconds: 244 &#xD;
Error: Data between time: 06/18/2021 03:11:00 and 06/18/2021 03:14:25&#xD;
Error: Sensor has not sent data for 0 hour 3 minute and 25 seconds long&#xD;
Error: The max time lapse in seconds: 244 &#xD;
Error: Data between time: 06/18/2021 03:35:48 and 06/18/2021 03:39:23&#xD;
Error: Sensor has not sent data for 0 hour 3 minute and 35 seconds long&#xD;
Error: The max time lapse in seconds: 244 &#xD;
Error: Data between time: 06/18/2021 04:49:00 and 06/18/2021 04:52:25&#xD;
Error: Sensor has not sent data for 0 hour 3 minute and 24 seconds long&#xD;
Error: The max time lapse in seconds: 244 &#xD;
Error: Data between time: 06/18/2021 07:10:29 and 06/18/2021 07:14:35&#xD;
Error: Sensor has not sent data for 0 hour 4 minute and 6 seconds long&#xD;
Error: The max time lapse in seconds: 246 &#xD;
Error: Data between time: 06/18/2021 09:12:34 and 06/18/2021 09:16:19&#xD;
Error: Sensor has not sent data for 0 hour 3 minute and 44 seconds long&#xD;
Error: The max time lapse in seconds: 246 &#xD;
Error: Data between time: 06/18/2021 10:01:05 and 06/18/2021 10:04:50&#xD;
Error: Sensor has not sent data for 0 hour 3 minute and 44 seconds long&#xD;
Error: The max time lapse in seconds: 246 &#xD;
Error: Data between time: 06/18/2021 11:20:55 and 06/18/2021 11:25:37&#xD;
Error: Sensor has not sent data for 0 hour 4 minute and 42 seconds long&#xD;
Error: The max time lapse in seconds: 282 &#xD;
Error: Data between time: 06/18/2021 11:25:37 and 06/18/2021 11:28:31&#xD;
Error: Sensor has not sent data for 0 hour 2 minute and 54 seconds long&#xD;
Error: The max time lapse in seconds: 282 &#xD;
Error: Data between time: 06/18/2021 11:31:39 and 06/18/2021 11:35:14&#xD;
Error: Sensor has not sent data for 0 hour 3 minute and 35 seconds long&#xD;
Error: The max time lapse in seconds: 282 &#xD;
Error: Data between time: 06/18/2021 11:40:14 and 06/18/2021 11:43:35&#xD;
Error: Sensor has not sent data for 0 hour 3 minute and 21 seconds long&#xD;
Error: The max time lapse in seconds: 282 &#xD;
Error: Data between time: 06/18/2021 12:35:05 and 06/18/2021 12:38:34&#xD;
Error: Sensor has not sent data for 0 hour 3 minute and 29 seconds long&#xD;
Error: The max time lapse in seconds: 282 &#xD;
Error: Data between time: 06/18/2021 12:46:43 and 06/18/2021 12:48:50&#xD;
Error: Sensor has not sent data for 0 hour 2 minute and 6 seconds long&#xD;
Error: The max time lapse in seconds: 282 &#xD;
Error: Data between time: 06/18/2021 13:09:43 and 06/18/2021 13:13:36&#xD;
Error: Sensor has not sent data for 0 hour 3 minute and 53 seconds long&#xD;
Error: The max time lapse in seconds: 282 &#xD;
Error: Data between time: 06/18/2021 14:46:36 and 06/18/2021 14:50:24&#xD;
Error: Sensor has not sent data for 0 hour 3 minute and 47 seconds long&#xD;
Error: The max time lapse in seconds: 282 &#xD;
Error: Data between time: 06/18/2021 15:10:11 and 06/18/2021 15:15:18&#xD;
Error: Sensor has not sent data for 0 hour 5 minute and 7 seconds long&#xD;
Error: The max time lapse in seconds: 307 &#xD;
Error: Data between time: 06/18/2021 15:25:20 and 06/18/2021 15:28:48&#xD;
Error: Sensor has not sent data for 0 hour 3 minute and 28 seconds long&#xD;
Error: The max time lapse in seconds: 307 &#xD;
Error: Data between time: 06/18/2021 18:51:29 and 06/18/2021 18:55:36&#xD;
Error: Sensor has not sent data for 0 hour 4 minute and 7 seconds long&#xD;
Error: The max time lapse in seconds: 307 &#xD;
Error: Data between time: 06/18/2021 19:07:03 and 06/18/2021 19:10:42&#xD;
Error: Sensor has not sent data for 0 hour 3 minute and 38 seconds long&#xD;
Error: The max time lapse in seconds: 307 &#xD;
Error: Data between time: 06/18/2021 20:31:32 and 06/18/2021 20:34:53&#xD;
Error: Sensor has not sent data for 0 hour 3 minute and 20 seconds long&#xD;
Error: The max time lapse in seconds: 307 &#xD;
Error: Data between time: 06/18/2021 20:54:55 and 06/18/2021 20:58:20&#xD;
Error: Sensor has not sent data for 0 hour 3 minute and 24 seconds long&#xD;
Error: The max time lapse in seconds: 307 &#xD;
Error: Data between time: 06/18/2021 21:09:57 and 06/18/2021 21:13:58&#xD;
Error: Sensor has not sent data for 0 hour 4 minute and 0 seconds long&#xD;
Error: The max time lapse in seconds: 307 &#xD;
Error: Data between time: 06/18/2021 23:21:53 and 06/18/2021 23:30:59&#xD;
Error: Sensor has not sent data for 0 hour 9 minute and 5 seconds long&#xD;
Error: The max time lapse in seconds: 545 &#xD;
Error: Data between time: 06/18/2021 23:30:59 and 06/18/2021 23:33:25&#xD;
Error: Sensor has not sent data for 0 hour 2 minute and 25 seconds long&#xD;
Error: The max time lapse in seconds: 545 &#xD;
&#xD;
Failed : Discrepency in time stamp in Signal&#xD;
&#xD;
Time Span Difference data for date : 2021-06-18 for Sensor Tag: 24EDFD0000C2 for dataType: Temperature&#xD;
Package Count 832&#xD;
Error: Data between time: 06/18/2021 01:05:13 and 06/18/2021 01:09:17&#xD;
Error: Sensor has not sent data for 0 hour 4 minute and 4 seconds long&#xD;
Error: The max time lapse in seconds: 244 &#xD;
Error: Data between time: 06/18/2021 02:42:16 and 06/18/2021 02:46:05&#xD;
Error: Sensor has not sent data for 0 hour 3 minute and 48 seconds long&#xD;
Error: The max time lapse in seconds: 244 &#xD;
Error: Data between time: 06/18/2021 02:52:35 and 06/18/2021 02:54:41&#xD;
Error: Sensor has not sent data for 0 hour 2 minute and 5 seconds long&#xD;
Error: The max time lapse in seconds: 244 &#xD;
Error: Data between time: 06/18/2021 03:11:00 and 06/18/2021 03:14:25&#xD;
Error: Sensor has not sent data for 0 hour 3 minute and 25 seconds long&#xD;
Error: The max time lapse in seconds: 244 &#xD;
Error: Data between time: 06/18/2021 03:35:48 and 06/18/2021 03:39:23&#xD;
Error: Sensor has not sent data for 0 hour 3 minute and 35 seconds long&#xD;
Error: The max time lapse in seconds: 244 &#xD;
Error: Data between time: 06/18/2021 04:49:00 and 06/18/2021 04:52:25&#xD;
Error: Sensor has not sent data for 0 hour 3 minute and 24 seconds long&#xD;
Error: The max time lapse in seconds: 244 &#xD;
Error: Data between time: 06/18/2021 05:12:15 and 06/18/2021 05:15:23&#xD;
Error: Sensor has not sent data for 0 hour 3 minute and 8 seconds long&#xD;
Error: The max time lapse in seconds: 244 &#xD;
Error: Data between time: 06/18/2021 07:10:29 and 06/18/2021 07:14:35&#xD;
Error: Sensor has not sent data for 0 hour 4 minute and 6 seconds long&#xD;
Error: The max time lapse in seconds: 246 &#xD;
Error: Data between time: 06/18/2021 09:12:34 and 06/18/2021 09:16:19&#xD;
Error: Sensor has not sent data for 0 hour 3 minute and 44 seconds long&#xD;
Error: The max time lapse in seconds: 246 &#xD;
Error: Data between time: 06/18/2021 10:01:05 and 06/18/2021 10:04:50&#xD;
Error: Sensor has not sent data for 0 hour 3 minute and 44 seconds long&#xD;
Error: The max time lapse in seconds: 246 &#xD;
Error: Data between time: 06/18/2021 10:12:56 and 06/18/2021 10:16:26&#xD;
Error: Sensor has not sent data for 0 hour 3 minute and 29 seconds long&#xD;
Error: The max time lapse in seconds: 246 &#xD;
Error: Data between time: 06/18/2021 11:20:55 and 06/18/2021 11:25:37&#xD;
Error: Sensor has not sent data for 0 hour 4 minute and 42 seconds long&#xD;
Error: The max time lapse in seconds: 282 &#xD;
Error: Data between time: 06/18/2021 11:25:37 and 06/18/2021 11:28:31&#xD;
Error: Sensor has not sent data for 0 hour 2 minute and 54 seconds long&#xD;
Error: The max time lapse in seconds: 282 &#xD;
Error: Data between time: 06/18/2021 11:31:39 and 06/18/2021 11:35:14&#xD;
Error: Sensor has not sent data for 0 hour 3 minute and 35 seconds long&#xD;
Error: The max time lapse in seconds: 282 &#xD;
Error: Data between time: 06/18/2021 11:40:14 and 06/18/2021 11:43:35&#xD;
Error: Sensor has not sent data for 0 hour 3 minute and 21 seconds long&#xD;
Error: The max time lapse in seconds: 282 &#xD;
Error: Data between time: 06/18/2021 12:35:05 and 06/18/2021 12:38:34&#xD;
Error: Sensor has not sent data for 0 hour 3 minute and 29 seconds long&#xD;
Error: The max time lapse in seconds: 282 &#xD;
Error: Data between time: 06/18/2021 12:46:43 and 06/18/2021 12:48:50&#xD;
Error: Sensor has not sent data for 0 hour 2 minute and 6 seconds long&#xD;
Error: The max time lapse in seconds: 282 &#xD;
Error: Data between time: 06/18/2021 13:09:43 and 06/18/2021 13:13:36&#xD;
Error: Sensor has not sent data for 0 hour 3 minute and 53 seconds long&#xD;
Error: The max time lapse in seconds: 282 &#xD;
Error: Data between time: 06/18/2021 14:46:36 and 06/18/2021 14:50:24&#xD;
Error: Sensor has not sent data for 0 hour 3 minute and 47 seconds long&#xD;
Error: The max time lapse in seconds: 282 &#xD;
Error: Data between time: 06/18/2021 15:10:11 and 06/18/2021 15:15:18&#xD;
Error: Sensor has not sent data for 0 hour 5 minute and 7 seconds long&#xD;
Error: The max time lapse in seconds: 307 &#xD;
Error: Data between time: 06/18/2021 15:25:20 and 06/18/2021 15:28:48&#xD;
Error: Sensor has not sent data for 0 hour 3 minute and 28 seconds long&#xD;
Error: The max time lapse in seconds: 307 &#xD;
Error: Data between time: 06/18/2021 17:49:57 and 06/18/2021 17:53:15&#xD;
Error: Sensor has not sent data for 0 hour 3 minute and 17 seconds long&#xD;
Error: The max time lapse in seconds: 307 &#xD;
Error: Data between time: 06/18/2021 18:51:29 and 06/18/2021 18:55:36&#xD;
Error: Sensor has not sent data for 0 hour 4 minute and 7 seconds long&#xD;
Error: The max time lapse in seconds: 307 &#xD;
Error: Data between time: 06/18/2021 19:07:03 and 06/18/2021 19:10:42&#xD;
Error: Sensor has not sent data for 0 hour 3 minute and 38 seconds long&#xD;
Error: The max time lapse in seconds: 307 &#xD;
Error: Data between time: 06/18/2021 20:31:32 and 06/18/2021 20:34:53&#xD;
Error: Sensor has not sent data for 0 hour 3 minute and 20 seconds long&#xD;
Error: The max time lapse in seconds: 307 &#xD;
Error: Data between time: 06/18/2021 20:54:55 and 06/18/2021 20:58:20&#xD;
Error: Sensor has not sent data for 0 hour 3 minute and 24 seconds long&#xD;
Error: The max time lapse in seconds: 307 &#xD;
Error: Data between time: 06/18/2021 21:09:57 and 06/18/2021 21:13:58&#xD;
Error: Sensor has not sent data for 0 hour 4 minute and 0 seconds long&#xD;
Error: The max time lapse in seconds: 307 &#xD;
Error: Data between time: 06/18/2021 23:21:53 and 06/18/2021 23:30:59&#xD;
Error: Sensor has not sent data for 0 hour 9 minute and 5 seconds long&#xD;
Error: The max time lapse in seconds: 545 &#xD;
Error: Data between time: 06/18/2021 23:30:59 and 06/18/2021 23:33:25&#xD;
Error: Sensor has not sent data for 0 hour 2 minute and 25 seconds long&#xD;
Error: The max time lapse in seconds: 545 &#xD;
&#xD;
Failed : Discrepency in time stamp in Temp&#xD;
&#xD;
Time Span Difference data for date : 2021-06-18 for Sensor Tag: 24EDFD0000C2 for dataType: Vibration&#xD;
Package Count X axis: 834&#xD;
Data between time: 06/18/2021 01:05:13 and 06/18/2021 01:09:17&#xD;
Sensor has not sent data for 0 hour 4 minute and 4 seconds long&#xD;
The max time lapse in seconds: 244 &#xD;
Data between time: 06/18/2021 02:42:16 and 06/18/2021 02:46:05&#xD;
Sensor has not sent data for 0 hour 3 minute and 48 seconds long&#xD;
The max time lapse in seconds: 244 &#xD;
Data between time: 06/18/2021 02:52:35 and 06/18/2021 02:54:41&#xD;
Sensor has not sent data for 0 hour 2 minute and 5 seconds long&#xD;
The max time lapse in seconds: 244 &#xD;
Data between time: 06/18/2021 03:11:00 and 06/18/2021 03:14:25&#xD;
Sensor has not sent data for 0 hour 3 minute and 25 seconds long&#xD;
The max time lapse in seconds: 244 &#xD;
Data between time: 06/18/2021 03:35:48 and 06/18/2021 03:39:23&#xD;
Sensor has not sent data for 0 hour 3 minute and 35 seconds long&#xD;
The max time lapse in seconds: 244 &#xD;
Data between time: 06/18/2021 04:49:00 and 06/18/2021 04:52:25&#xD;
Sensor has not sent data for 0 hour 3 minute and 24 seconds long&#xD;
The max time lapse in seconds: 244 &#xD;
Data between time: 06/18/2021 06:50:28 and 06/18/2021 06:53:52&#xD;
Sensor has not sent data for 0 hour 3 minute and 24 seconds long&#xD;
The max time lapse in seconds: 244 &#xD;
Data between time: 06/18/2021 07:10:29 and 06/18/2021 07:14:35&#xD;
Sensor has not sent data for 0 hour 4 minute and 6 seconds long&#xD;
The max time lapse in seconds: 246 &#xD;
Data between time: 06/18/2021 09:12:34 and 06/18/2021 09:16:19&#xD;
Sensor has not sent data for 0 hour 3 minute and 44 seconds long&#xD;
The max time lapse in seconds: 246 &#xD;
Data between time: 06/18/2021 10:01:05 and 06/18/2021 10:04:50&#xD;
Sensor has not sent data for 0 hour 3 minute and 44 seconds long&#xD;
The max time lapse in seconds: 246 &#xD;
Data between time: 06/18/2021 11:20:55 and 06/18/2021 11:25:37&#xD;
Sensor has not sent data for 0 hour 4 minute and 42 seconds long&#xD;
The max time lapse in seconds: 282 &#xD;
Data between time: 06/18/2021 11:25:37 and 06/18/2021 11:28:31&#xD;
Sensor has not sent data for 0 hour 2 minute and 54 seconds long&#xD;
The max time lapse in seconds: 282 &#xD;
Data between time: 06/18/2021 11:31:39 and 06/18/2021 11:35:14&#xD;
Sensor has not sent data for 0 hour 3 minute and 35 seconds long&#xD;
The max time lapse in seconds: 282 &#xD;
Data between time: 06/18/2021 11:40:14 and 06/18/2021 11:43:35&#xD;
Sensor has not sent data for 0 hour 3 minute and 21 seconds long&#xD;
The max time lapse in seconds: 282 &#xD;
Data between time: 06/18/2021 12:35:05 and 06/18/2021 12:38:34&#xD;
Sensor has not sent data for 0 hour 3 minute and 29 seconds long&#xD;
The max time lapse in seconds: 282 &#xD;
Data between time: 06/18/2021 12:46:43 and 06/18/2021 12:48:50&#xD;
Sensor has not sent data for 0 hour 2 minute and 6 seconds long&#xD;
The max time lapse in seconds: 282 &#xD;
Data between time: 06/18/2021 13:09:43 and 06/18/2021 13:13:36&#xD;
Sensor has not sent data for 0 hour 3 minute and 53 seconds long&#xD;
The max time lapse in seconds: 282 &#xD;
Data between time: 06/18/2021 14:46:36 and 06/18/2021 14:50:24&#xD;
Sensor has not sent data for 0 hour 3 minute and 47 seconds long&#xD;
The max time lapse in seconds: 282 &#xD;
Data between time: 06/18/2021 15:10:11 and 06/18/2021 15:15:18&#xD;
Sensor has not sent data for 0 hour 5 minute and 7 seconds long&#xD;
The max time lapse in seconds: 307 &#xD;
Data between time: 06/18/2021 15:25:20 and 06/18/2021 15:28:48&#xD;
Sensor has not sent data for 0 hour 3 minute and 28 seconds long&#xD;
The max time lapse in seconds: 307 &#xD;
Data between time: 06/18/2021 18:51:29 and 06/18/2021 18:55:36&#xD;
Sensor has not sent data for 0 hour 4 minute and 7 seconds long&#xD;
The max time lapse in seconds: 307 &#xD;
Data between time: 06/18/2021 19:07:03 and 06/18/2021 19:10:42&#xD;
Sensor has not sent data for 0 hour 3 minute and 38 seconds long&#xD;
The max time lapse in seconds: 307 &#xD;
Data between time: 06/18/2021 20:31:32 and 06/18/2021 20:34:53&#xD;
Sensor has not sent data for 0 hour 3 minute and 20 seconds long&#xD;
The max time lapse in seconds: 307 &#xD;
Data between time: 06/18/2021 20:54:55 and 06/18/2021 20:58:20&#xD;
Sensor has not sent data for 0 hour 3 minute and 24 seconds long&#xD;
The max time lapse in seconds: 307 &#xD;
Data between time: 06/18/2021 21:09:57 and 06/18/2021 21:13:58&#xD;
Sensor has not sent data for 0 hour 4 minute and 0 seconds long&#xD;
The max time lapse in seconds: 307 &#xD;
Data between time: 06/18/2021 23:21:53 and 06/18/2021 23:30:59&#xD;
Sensor has not sent data for 0 hour 9 minute and 5 seconds long&#xD;
The max time lapse in seconds: 545 &#xD;
Data between time: 06/18/2021 23:30:59 and 06/18/2021 23:33:25&#xD;
Sensor has not sent data for 0 hour 2 minute and 25 seconds long&#xD;
The max time lapse in seconds: 545 &#xD;
&#xD;
Failed : Discrepency in time stamp in Vibration&#xD;
&#xD;
Time Span Difference data for date : 2021-06-18 for Sensor Tag: 24EDFD0000C2 for dataType: Vibration&#xD;
Package Count Y axis: 834&#xD;
Data between time: 06/18/2021 01:05:13 and 06/18/2021 01:09:17&#xD;
Sensor has not sent data for 0 hour 4 minute and 4 seconds long&#xD;
The max time lapse in seconds: 244 &#xD;
Data between time: 06/18/2021 02:42:16 and 06/18/2021 02:46:05&#xD;
Sensor has not sent data for 0 hour 3 minute and 48 seconds long&#xD;
The max time lapse in seconds: 244 &#xD;
Data between time: 06/18/2021 02:52:35 and 06/18/2021 02:54:41&#xD;
Sensor has not sent data for 0 hour 2 minute and 5 seconds long&#xD;
The max time lapse in seconds: 244 &#xD;
Data between time: 06/18/2021 03:11:00 and 06/18/2021 03:14:25&#xD;
Sensor has not sent data for 0 hour 3 minute and 25 seconds long&#xD;
The max time lapse in seconds: 244 &#xD;
Data between time: 06/18/2021 03:35:48 and 06/18/2021 03:39:23&#xD;
Sensor has not sent data for 0 hour 3 minute and 35 seconds long&#xD;
The max time lapse in seconds: 244 &#xD;
Data between time: 06/18/2021 04:49:00 and 06/18/2021 04:52:25&#xD;
Sensor has not sent data for 0 hour 3 minute and 24 seconds long&#xD;
The max time lapse in seconds: 244 &#xD;
Data between time: 06/18/2021 06:50:28 and 06/18/2021 06:53:52&#xD;
Sensor has not sent data for 0 hour 3 minute and 24 seconds long&#xD;
The max time lapse in seconds: 244 &#xD;
Data between time: 06/18/2021 07:10:29 and 06/18/2021 07:14:35&#xD;
Sensor has not sent data for 0 hour 4 minute and 6 seconds long&#xD;
The max time lapse in seconds: 246 &#xD;
Data between time: 06/18/2021 09:12:34 and 06/18/2021 09:16:19&#xD;
Sensor has not sent data for 0 hour 3 minute and 44 seconds long&#xD;
The max time lapse in seconds: 246 &#xD;
Data between time: 06/18/2021 10:01:05 and 06/18/2021 10:04:50&#xD;
Sensor has not sent data for 0 hour 3 minute and 44 seconds long&#xD;
The max time lapse in seconds: 246 &#xD;
Data between time: 06/18/2021 11:20:55 and 06/18/2021 11:25:37&#xD;
Sensor has not sent data for 0 hour 4 minute and 42 seconds long&#xD;
The max time lapse in seconds: 282 &#xD;
Data between time: 06/18/2021 11:25:37 and 06/18/2021 11:28:31&#xD;
Sensor has not sent data for 0 hour 2 minute and 54 seconds long&#xD;
The max time lapse in seconds: 282 &#xD;
Data between time: 06/18/2021 11:31:39 and 06/18/2021 11:35:14&#xD;
Sensor has not sent data for 0 hour 3 minute and 35 seconds long&#xD;
The max time lapse in seconds: 282 &#xD;
Data between time: 06/18/2021 11:40:14 and 06/18/2021 11:43:35&#xD;
Sensor has not sent data for 0 hour 3 minute and 21 seconds long&#xD;
The max time lapse in seconds: 282 &#xD;
Data between time: 06/18/2021 12:35:05 and 06/18/2021 12:38:34&#xD;
Sensor has not sent data for 0 hour 3 minute and 29 seconds long&#xD;
The max time lapse in seconds: 282 &#xD;
Data between time: 06/18/2021 12:46:43 and 06/18/2021 12:48:50&#xD;
Sensor has not sent data for 0 hour 2 minute and 6 seconds long&#xD;
The max time lapse in seconds: 282 &#xD;
Data between time: 06/18/2021 13:09:43 and 06/18/2021 13:13:36&#xD;
Sensor has not sent data for 0 hour 3 minute and 53 seconds long&#xD;
The max time lapse in seconds: 282 &#xD;
Data between time: 06/18/2021 14:46:36 and 06/18/2021 14:50:24&#xD;
Sensor has not sent data for 0 hour 3 minute and 47 seconds long&#xD;
The max time lapse in seconds: 282 &#xD;
Data between time: 06/18/2021 15:10:11 and 06/18/2021 15:15:18&#xD;
Sensor has not sent data for 0 hour 5 minute and 7 seconds long&#xD;
The max time lapse in seconds: 307 &#xD;
Data between time: 06/18/2021 15:25:20 and 06/18/2021 15:28:48&#xD;
Sensor has not sent data for 0 hour 3 minute and 28 seconds long&#xD;
The max time lapse in seconds: 307 &#xD;
Data between time: 06/18/2021 18:51:29 and 06/18/2021 18:55:36&#xD;
Sensor has not sent data for 0 hour 4 minute and 7 seconds long&#xD;
The max time lapse in seconds: 307 &#xD;
Data between time: 06/18/2021 19:07:03 and 06/18/2021 19:10:42&#xD;
Sensor has not sent data for 0 hour 3 minute and 38 seconds long&#xD;
The max time lapse in seconds: 307 &#xD;
Data between time: 06/18/2021 20:31:32 and 06/18/2021 20:34:53&#xD;
Sensor has not sent data for 0 hour 3 minute and 20 seconds long&#xD;
The max time lapse in seconds: 307 &#xD;
Data between time: 06/18/2021 20:54:55 and 06/18/2021 20:58:20&#xD;
Sensor has not sent data for 0 hour 3 minute and 24 seconds long&#xD;
The max time lapse in seconds: 307 &#xD;
Data between time: 06/18/2021 21:09:57 and 06/18/2021 21:13:58&#xD;
Sensor has not sent data for 0 hour 4 minute and 0 seconds long&#xD;
The max time lapse in seconds: 307 &#xD;
Data between time: 06/18/2021 23:21:53 and 06/18/2021 23:30:59&#xD;
Sensor has not sent data for 0 hour 9 minute and 5 seconds long&#xD;
The max time lapse in seconds: 545 &#xD;
Data between time: 06/18/2021 23:30:59 and 06/18/2021 23:33:25&#xD;
Sensor has not sent data for 0 hour 2 minute and 25 seconds long&#xD;
The max time lapse in seconds: 545 &#xD;
&#xD;
Failed : Discrepency in time stamp in Vibration&#xD;
&#xD;
Time Span Difference data for date : 2021-06-18 for Sensor Tag: 24EDFD0000C2 for dataType: Vibration&#xD;
Package Count Z axis: 834&#xD;
Data between time: 06/18/2021 01:05:13 and 06/18/2021 01:09:17&#xD;
Sensor has not sent data for 0 hour 4 minute and 4 seconds long&#xD;
The max time lapse in seconds: 244 &#xD;
Data between time: 06/18/2021 02:42:16 and 06/18/2021 02:46:05&#xD;
Sensor has not sent data for 0 hour 3 minute and 48 seconds long&#xD;
The max time lapse in seconds: 244 &#xD;
Data between time: 06/18/2021 02:52:35 and 06/18/2021 02:54:41&#xD;
Sensor has not sent data for 0 hour 2 minute and 5 seconds long&#xD;
The max time lapse in seconds: 244 &#xD;
Data between time: 06/18/2021 03:11:00 and 06/18/2021 03:14:25&#xD;
Sensor has not sent data for 0 hour 3 minute and 25 seconds long&#xD;
The max time lapse in seconds: 244 &#xD;
Data between time: 06/18/2021 03:35:48 and 06/18/2021 03:39:23&#xD;
Sensor has not sent data for 0 hour 3 minute and 35 seconds long&#xD;
The max time lapse in seconds: 244 &#xD;
Data between time: 06/18/2021 04:49:00 and 06/18/2021 04:52:25&#xD;
Sensor has not sent data for 0 hour 3 minute and 24 seconds long&#xD;
The max time lapse in seconds: 244 &#xD;
Data between time: 06/18/2021 06:50:28 and 06/18/2021 06:53:52&#xD;
Sensor has not sent data for 0 hour 3 minute and 24 seconds long&#xD;
The max time lapse in seconds: 244 &#xD;
Data between time: 06/18/2021 07:10:29 and 06/18/2021 07:14:35&#xD;
Sensor has not sent data for 0 hour 4 minute and 6 seconds long&#xD;
The max time lapse in seconds: 246 &#xD;
Data between time: 06/18/2021 09:12:34 and 06/18/2021 09:16:19&#xD;
Sensor has not sent data for 0 hour 3 minute and 44 seconds long&#xD;
The max time lapse in seconds: 246 &#xD;
Data between time: 06/18/2021 10:01:05 and 06/18/2021 10:04:50&#xD;
Sensor has not sent data for 0 hour 3 minute and 44 seconds long&#xD;
The max time lapse in seconds: 246 &#xD;
Data between time: 06/18/2021 11:20:55 and 06/18/2021 11:25:37&#xD;
Sensor has not sent data for 0 hour 4 minute and 42 seconds long&#xD;
The max time lapse in seconds: 282 &#xD;
Data between time: 06/18/2021 11:25:37 and 06/18/2021 11:28:31&#xD;
Sensor has not sent data for 0 hour 2 minute and 54 seconds long&#xD;
The max time lapse in seconds: 282 &#xD;
Data between time: 06/18/2021 11:31:39 and 06/18/2021 11:35:14&#xD;
Sensor has not sent data for 0 hour 3 minute and 35 seconds long&#xD;
The max time lapse in seconds: 282 &#xD;
Data between time: 06/18/2021 11:40:14 and 06/18/2021 11:43:35&#xD;
Sensor has not sent data for 0 hour 3 minute and 21 seconds long&#xD;
The max time lapse in seconds: 282 &#xD;
Data between time: 06/18/2021 12:35:05 and 06/18/2021 12:38:34&#xD;
Sensor has not sent data for 0 hour 3 minute and 29 seconds long&#xD;
The max time lapse in seconds: 282 &#xD;
Data between time: 06/18/2021 12:46:43 and 06/18/2021 12:48:50&#xD;
Sensor has not sent data for 0 hour 2 minute and 6 seconds long&#xD;
The max time lapse in seconds: 282 &#xD;
Data between time: 06/18/2021 13:09:43 and 06/18/2021 13:13:36&#xD;
Sensor has not sent data for 0 hour 3 minute and 53 seconds long&#xD;
The max time lapse in seconds: 282 &#xD;
Data between time: 06/18/2021 14:46:36 and 06/18/2021 14:50:24&#xD;
Sensor has not sent data for 0 hour 3 minute and 47 seconds long&#xD;
The max time lapse in seconds: 282 &#xD;
Data between time: 06/18/2021 15:10:11 and 06/18/2021 15:15:18&#xD;
Sensor has not sent data for 0 hour 5 minute and 7 seconds long&#xD;
The max time lapse in seconds: 307 &#xD;
Data between time: 06/18/2021 15:25:20 and 06/18/2021 15:28:48&#xD;
Sensor has not sent data for 0 hour 3 minute and 28 seconds long&#xD;
The max time lapse in seconds: 307 &#xD;
Data between time: 06/18/2021 18:51:29 and 06/18/2021 18:55:36&#xD;
Sensor has not sent data for 0 hour 4 minute and 7 seconds long&#xD;
The max time lapse in seconds: 307 &#xD;
Data between time: 06/18/2021 19:07:03 and 06/18/2021 19:10:42&#xD;
Sensor has not sent data for 0 hour 3 minute and 38 seconds long&#xD;
The max time lapse in seconds: 307 &#xD;
Data between time: 06/18/2021 20:31:32 and 06/18/2021 20:34:53&#xD;
Sensor has not sent data for 0 hour 3 minute and 20 seconds long&#xD;
The max time lapse in seconds: 307 &#xD;
Data between time: 06/18/2021 20:54:55 and 06/18/2021 20:58:20&#xD;
Sensor has not sent data for 0 hour 3 minute and 24 seconds long&#xD;
The max time lapse in seconds: 307 &#xD;
Data between time: 06/18/2021 21:09:57 and 06/18/2021 21:13:58&#xD;
Sensor has not sent data for 0 hour 4 minute and 0 seconds long&#xD;
The max time lapse in seconds: 307 &#xD;
Data between time: 06/18/2021 23:21:53 and 06/18/2021 23:30:59&#xD;
Sensor has not sent data for 0 hour 9 minute and 5 seconds long&#xD;
The max time lapse in seconds: 545 &#xD;
Data between time: 06/18/2021 23:30:59 and 06/18/2021 23:33:25&#xD;
Sensor has not sent data for 0 hour 2 minute and 25 seconds long&#xD;
The max time lapse in seconds: 545 &#xD;
&#xD;
Failed : Discrepency in time stamp in Vibration&#xD;
&#xD;
Time Span Difference data for date : 2021-06-19 for Sensor Tag: 24EDFD0000C2 for dataType: Signal Strength&#xD;
Package Count 830&#xD;
Error: Data between time: 06/19/2021 01:16:29 and 06/19/2021 01:22:05&#xD;
Error: Sensor has not sent data for 0 hour 5 minute and 36 seconds long&#xD;
Error: The max time lapse in seconds: 336 &#xD;
Error: Data between time: 06/19/2021 01:38:33 and 06/19/2021 01:42:04&#xD;
Error: Sensor has not sent data for 0 hour 3 minute and 30 seconds long&#xD;
Error: The max time lapse in seconds: 336 &#xD;
Error: Data between time: 06/19/2021 01:53:33 and 06/19/2021 01:57:08&#xD;
Error: Sensor has not sent data for 0 hour 3 minute and 34 seconds long&#xD;
Error: The max time lapse in seconds: 336 &#xD;
Error: Data between time: 06/19/2021 02:59:42 and 06/19/2021 03:03:58&#xD;
Error: Sensor has not sent data for 0 hour 4 minute and 16 seconds long&#xD;
Error: The max time lapse in seconds: 336 &#xD;
Error: Data between time: 06/19/2021 03:36:34 and 06/19/2021 03:40:38&#xD;
Error: Sensor has not sent data for 0 hour 4 minute and 4 seconds long&#xD;
Error: The max time lapse in seconds: 336 &#xD;
Error: Data between time: 06/19/2021 04:03:35 and 06/19/2021 04:07:27&#xD;
Error: Sensor has not sent data for 0 hour 3 minute and 52 seconds long&#xD;
Error: The max time lapse in seconds: 336 &#xD;
Error: Data between time: 06/19/2021 04:41:47 and 06/19/2021 04:45:24&#xD;
Error: Sensor has not sent data for 0 hour 3 minute and 37 seconds long&#xD;
Error: The max time lapse in seconds: 336 &#xD;
Error: Data between time: 06/19/2021 04:51:59 and 06/19/2021 04:55:30&#xD;
Error: Sensor has not sent data for 0 hour 3 minute and 31 seconds long&#xD;
Error: The max time lapse in seconds: 336 &#xD;
Error: Data between time: 06/19/2021 05:00:06 and 06/19/2021 05:03:52&#xD;
Error: Sensor has not sent data for 0 hour 3 minute and 45 seconds long&#xD;
Error: The max time lapse in seconds: 336 &#xD;
Error: Data between time: 06/19/2021 05:17:00 and 06/19/2021 05:20:32&#xD;
Error: Sensor has not sent data for 0 hour 3 minute and 32 seconds long&#xD;
Error: The max time lapse in seconds: 336 &#xD;
Error: Data between time: 06/19/2021 06:39:52 and 06/19/2021 06:43:13&#xD;
Error: Sensor has not sent data for 0 hour 3 minute and 21 seconds long&#xD;
Error: The max time lapse in seconds: 336 &#xD;
Error: Data between time: 06/19/2021 06:53:15 and 06/19/2021 06:57:24&#xD;
Error: Sensor has not sent data for 0 hour 4 minute and 9 seconds long&#xD;
Error: The max time lapse in seconds: 336 &#xD;
Error: Data between time: 06/19/2021 07:30:36 and 06/19/2021 07:34:01&#xD;
Error: Sensor has not sent data for 0 hour 3 minute and 25 seconds long&#xD;
Error: The max time lapse in seconds: 336 &#xD;
Error: Data between time: 06/19/2021 07:36:58 and 06/19/2021 07:39:06&#xD;
Error: Sensor has not sent data for 0 hour 2 minute and 7 seconds long&#xD;
Error: The max time lapse in seconds: 336 &#xD;
Error: Data between time: 06/19/2021 08:28:27 and 06/19/2021 08:32:26&#xD;
Error: Sensor has not sent data for 0 hour 3 minute and 59 seconds long&#xD;
Error: The max time lapse in seconds: 336 &#xD;
Error: Data between time: 06/19/2021 09:20:22 and 06/19/2021 09:24:08&#xD;
Error: Sensor has not sent data for 0 hour 3 minute and 46 seconds long&#xD;
Error: The max time lapse in seconds: 336 &#xD;
Error: Data between time: 06/19/2021 09:38:43 and 06/19/2021 09:42:03&#xD;
Error: Sensor has not sent data for 0 hour 3 minute and 20 seconds long&#xD;
Error: The max time lapse in seconds: 336 &#xD;
Error: Data between time: 06/19/2021 09:52:04 and 06/19/2021 09:55:48&#xD;
Error: Sensor has not sent data for 0 hour 3 minute and 44 seconds long&#xD;
Error: The max time lapse in seconds: 336 &#xD;
Error: Data between time: 06/19/2021 11:36:56 and 06/19/2021 11:41:03&#xD;
Error: Sensor has not sent data for 0 hour 4 minute and 7 seconds long&#xD;
Error: The max time lapse in seconds: 336 &#xD;
Error: Data between time: 06/19/2021 11:50:37 and 06/19/2021 11:53:55&#xD;
Error: Sensor has not sent data for 0 hour 3 minute and 18 seconds long&#xD;
Error: The max time lapse in seconds: 336 &#xD;
Error: Data between time: 06/19/2021 12:04:00 and 06/19/2021 12:07:24&#xD;
Error: Sensor has not sent data for 0 hour 3 minute and 24 seconds long&#xD;
Error: The max time lapse in seconds: 336 &#xD;
Error: Data between time: 06/19/2021 13:06:50 and 06/19/2021 13:11:16&#xD;
Error: Sensor has not sent data for 0 hour 4 minute and 26 seconds long&#xD;
Error: The max time lapse in seconds: 336 &#xD;
Error: Data between time: 06/19/2021 13:48:55 and 06/19/2021 13:52:37&#xD;
Error: Sensor has not sent data for 0 hour 3 minute and 42 seconds long&#xD;
Error: The max time lapse in seconds: 336 &#xD;
Error: Data between time: 06/19/2021 15:08:35 and 06/19/2021 15:12:51&#xD;
Error: Sensor has not sent data for 0 hour 4 minute and 16 seconds long&#xD;
Error: The max time lapse in seconds: 336 &#xD;
Error: Data between time: 06/19/2021 15:43:52 and 06/19/2021 15:47:42&#xD;
Error: Sensor has not sent data for 0 hour 3 minute and 50 seconds long&#xD;
Error: The max time lapse in seconds: 336 &#xD;
Error: Data between time: 06/19/2021 16:44:03 and 06/19/2021 16:47:19&#xD;
Error: Sensor has not sent data for 0 hour 3 minute and 16 seconds long&#xD;
Error: The max time lapse in seconds: 336 &#xD;
Error: Data between time: 06/19/2021 17:15:39 and 06/19/2021 17:19:34&#xD;
Error: Sensor has not sent data for 0 hour 3 minute and 55 seconds long&#xD;
Error: The max time lapse in seconds: 336 &#xD;
Error: Data between time: 06/19/2021 17:36:02 and 06/19/2021 17:38:14&#xD;
Error: Sensor has not sent data for 0 hour 2 minute and 12 seconds long&#xD;
Error: The max time lapse in seconds: 336 &#xD;
Error: Data between time: 06/19/2021 17:45:51 and 06/19/2021 17:49:26&#xD;
Error: Sensor has not sent data for 0 hour 3 minute and 35 seconds long&#xD;
Error: The max time lapse in seconds: 336 &#xD;
Error: Data between time: 06/19/2021 18:16:07 and 06/19/2021 18:18:14&#xD;
Error: Sensor has not sent data for 0 hour 2 minute and 7 seconds long&#xD;
Error: The max time lapse in seconds: 336 &#xD;
Error: Data between time: 06/19/2021 18:34:04 and 06/19/2021 18:37:52&#xD;
Error: Sensor has not sent data for 0 hour 3 minute and 48 seconds long&#xD;
Error: The max time lapse in seconds: 336 &#xD;
Error: Data between time: 06/19/2021 18:42:44 and 06/19/2021 18:46:09&#xD;
Error: Sensor has not sent data for 0 hour 3 minute and 25 seconds long&#xD;
Error: The max time lapse in seconds: 336 &#xD;
Error: Data between time: 06/19/2021 20:52:24 and 06/19/2021 20:56:21&#xD;
Error: Sensor has not sent data for 0 hour 3 minute and 56 seconds long&#xD;
Error: The max time lapse in seconds: 336 &#xD;
Error: Data between time: 06/19/2021 21:22:44 and 06/19/2021 21:26:11&#xD;
Error: Sensor has not sent data for 0 hour 3 minute and 27 seconds long&#xD;
Error: The max time lapse in seconds: 336 &#xD;
Error: Data between time: 06/19/2021 21:29:22 and 06/19/2021 21:32:56&#xD;
Error: Sensor has not sent data for 0 hour 3 minute and 33 seconds long&#xD;
Error: The max time lapse in seconds: 336 &#xD;
Error: Data between time: 06/19/2021 22:24:12 and 06/19/2021 22:28:05&#xD;
Error: Sensor has not sent data for 0 hour 3 minute and 53 seconds long&#xD;
Error: The max time lapse in seconds: 336 &#xD;
&#xD;
Failed : Discrepency in time stamp in Signal&#xD;
&#xD;
Time Span Difference data for date : 2021-06-19 for Sensor Tag: 24EDFD0000C2 for dataType: Temperature&#xD;
Package Count 829&#xD;
Error: Data between time: 06/19/2021 01:16:29 and 06/19/2021 01:22:05&#xD;
Error: Sensor has not sent data for 0 hour 5 minute and 36 seconds long&#xD;
Error: The max time lapse in seconds: 336 &#xD;
Error: Data between time: 06/19/2021 01:38:33 and 06/19/2021 01:42:04&#xD;
Error: Sensor has not sent data for 0 hour 3 minute and 30 seconds long&#xD;
Error: The max time lapse in seconds: 336 &#xD;
Error: Data between time: 06/19/2021 01:53:33 and 06/19/2021 01:57:08&#xD;
Error: Sensor has not sent data for 0 hour 3 minute and 34 seconds long&#xD;
Error: The max time lapse in seconds: 336 &#xD;
Error: Data between time: 06/19/2021 02:59:42 and 06/19/2021 03:03:58&#xD;
Error: Sensor has not sent data for 0 hour 4 minute and 16 seconds long&#xD;
Error: The max time lapse in seconds: 336 &#xD;
Error: Data between time: 06/19/2021 03:36:34 and 06/19/2021 03:40:38&#xD;
Error: Sensor has not sent data for 0 hour 4 minute and 4 seconds long&#xD;
Error: The max time lapse in seconds: 336 &#xD;
Error: Data between time: 06/19/2021 04:03:35 and 06/19/2021 04:07:27&#xD;
Error: Sensor has not sent data for 0 hour 3 minute and 52 seconds long&#xD;
Error: The max time lapse in seconds: 336 &#xD;
Error: Data between time: 06/19/2021 04:41:47 and 06/19/2021 04:45:24&#xD;
Error: Sensor has not sent data for 0 hour 3 minute and 37 seconds long&#xD;
Error: The max time lapse in seconds: 336 &#xD;
Error: Data between time: 06/19/2021 04:51:59 and 06/19/2021 04:55:30&#xD;
Error: Sensor has not sent data for 0 hour 3 minute and 31 seconds long&#xD;
Error: The max time lapse in seconds: 336 &#xD;
Error: Data between time: 06/19/2021 05:00:06 and 06/19/2021 05:03:52&#xD;
Error: Sensor has not sent data for 0 hour 3 minute and 45 seconds long&#xD;
Error: The max time lapse in seconds: 336 &#xD;
Error: Data between time: 06/19/2021 05:17:00 and 06/19/2021 05:20:32&#xD;
Error: Sensor has not sent data for 0 hour 3 minute and 32 seconds long&#xD;
Error: The max time lapse in seconds: 336 &#xD;
Error: Data between time: 06/19/2021 06:39:52 and 06/19/2021 06:43:13&#xD;
Error: Sensor has not sent data for 0 hour 3 minute and 21 seconds long&#xD;
Error: The max time lapse in seconds: 336 &#xD;
Error: Data between time: 06/19/2021 06:53:15 and 06/19/2021 06:57:24&#xD;
Error: Sensor has not sent data for 0 hour 4 minute and 9 seconds long&#xD;
Error: The max time lapse in seconds: 336 &#xD;
Error: Data between time: 06/19/2021 07:30:36 and 06/19/2021 07:34:01&#xD;
Error: Sensor has not sent data for 0 hour 3 minute and 25 seconds long&#xD;
Error: The max time lapse in seconds: 336 &#xD;
Error: Data between time: 06/19/2021 07:36:58 and 06/19/2021 07:39:06&#xD;
Error: Sensor has not sent data for 0 hour 2 minute and 7 seconds long&#xD;
Error: The max time lapse in seconds: 336 &#xD;
Error: Data between time: 06/19/2021 08:28:27 and 06/19/2021 08:32:26&#xD;
Error: Sensor has not sent data for 0 hour 3 minute and 59 seconds long&#xD;
Error: The max time lapse in seconds: 336 &#xD;
Error: Data between time: 06/19/2021 09:20:22 and 06/19/2021 09:24:08&#xD;
Error: Sensor has not sent data for 0 hour 3 minute and 46 seconds long&#xD;
Error: The max time lapse in seconds: 336 &#xD;
Error: Data between time: 06/19/2021 09:38:43 and 06/19/2021 09:42:03&#xD;
Error: Sensor has not sent data for 0 hour 3 minute and 20 seconds long&#xD;
Error: The max time lapse in seconds: 336 &#xD;
Error: Data between time: 06/19/2021 09:52:04 and 06/19/2021 09:55:48&#xD;
Error: Sensor has not sent data for 0 hour 3 minute and 44 seconds long&#xD;
Error: The max time lapse in seconds: 336 &#xD;
Error: Data between time: 06/19/2021 11:36:56 and 06/19/2021 11:41:03&#xD;
Error: Sensor has not sent data for 0 hour 4 minute and 7 seconds long&#xD;
Error: The max time lapse in seconds: 336 &#xD;
Error: Data between time: 06/19/2021 11:50:37 and 06/19/2021 11:53:55&#xD;
Error: Sensor has not sent data for 0 hour 3 minute and 18 seconds long&#xD;
Error: The max time lapse in seconds: 336 &#xD;
Error: Data between time: 06/19/2021 12:04:00 and 06/19/2021 12:07:24&#xD;
Error: Sensor has not sent data for 0 hour 3 minute and 24 seconds long&#xD;
Error: The max time lapse in seconds: 336 &#xD;
Error: Data between time: 06/19/2021 13:06:50 and 06/19/2021 13:11:16&#xD;
Error: Sensor has not sent data for 0 hour 4 minute and 26 seconds long&#xD;
Error: The max time lapse in seconds: 336 &#xD;
Error: Data between time: 06/19/2021 13:48:55 and 06/19/2021 13:52:37&#xD;
Error: Sensor has not sent data for 0 hour 3 minute and 42 seconds long&#xD;
Error: The max time lapse in seconds: 336 &#xD;
Error: Data between time: 06/19/2021 15:08:35 and 06/19/2021 15:12:51&#xD;
Error: Sensor has not sent data for 0 hour 4 minute and 16 seconds long&#xD;
Error: The max time lapse in seconds: 336 &#xD;
Error: Data between time: 06/19/2021 15:43:52 and 06/19/2021 15:47:42&#xD;
Error: Sensor has not sent data for 0 hour 3 minute and 50 seconds long&#xD;
Error: The max time lapse in seconds: 336 &#xD;
Error: Data between time: 06/19/2021 16:44:03 and 06/19/2021 16:47:19&#xD;
Error: Sensor has not sent data for 0 hour 3 minute and 16 seconds long&#xD;
Error: The max time lapse in seconds: 336 &#xD;
Error: Data between time: 06/19/2021 17:15:39 and 06/19/2021 17:19:34&#xD;
Error: Sensor has not sent data for 0 hour 3 minute and 55 seconds long&#xD;
Error: The max time lapse in seconds: 336 &#xD;
Error: Data between time: 06/19/2021 17:36:02 and 06/19/2021 17:38:14&#xD;
Error: Sensor has not sent data for 0 hour 2 minute and 12 seconds long&#xD;
Error: The max time lapse in seconds: 336 &#xD;
Error: Data between time: 06/19/2021 17:45:51 and 06/19/2021 17:49:26&#xD;
Error: Sensor has not sent data for 0 hour 3 minute and 35 seconds long&#xD;
Error: The max time lapse in seconds: 336 &#xD;
Error: Data between time: 06/19/2021 18:16:07 and 06/19/2021 18:18:14&#xD;
Error: Sensor has not sent data for 0 hour 2 minute and 7 seconds long&#xD;
Error: The max time lapse in seconds: 336 &#xD;
Error: Data between time: 06/19/2021 18:34:04 and 06/19/2021 18:37:52&#xD;
Error: Sensor has not sent data for 0 hour 3 minute and 48 seconds long&#xD;
Error: The max time lapse in seconds: 336 &#xD;
Error: Data between time: 06/19/2021 18:42:44 and 06/19/2021 18:46:09&#xD;
Error: Sensor has not sent data for 0 hour 3 minute and 25 seconds long&#xD;
Error: The max time lapse in seconds: 336 &#xD;
Error: Data between time: 06/19/2021 20:52:24 and 06/19/2021 20:56:21&#xD;
Error: Sensor has not sent data for 0 hour 3 minute and 56 seconds long&#xD;
Error: The max time lapse in seconds: 336 &#xD;
Error: Data between time: 06/19/2021 21:04:21 and 06/19/2021 21:07:45&#xD;
Error: Sensor has not sent data for 0 hour 3 minute and 23 seconds long&#xD;
Error: The max time lapse in seconds: 336 &#xD;
Error: Data between time: 06/19/2021 21:22:44 and 06/19/2021 21:26:11&#xD;
Error: Sensor has not sent data for 0 hour 3 minute and 27 seconds long&#xD;
Error: The max time lapse in seconds: 336 &#xD;
Error: Data between time: 06/19/2021 21:29:22 and 06/19/2021 21:32:56&#xD;
Error: Sensor has not sent data for 0 hour 3 minute and 33 seconds long&#xD;
Error: The max time lapse in seconds: 336 &#xD;
Error: Data between time: 06/19/2021 22:24:12 and 06/19/2021 22:28:05&#xD;
Error: Sensor has not sent data for 0 hour 3 minute and 53 seconds long&#xD;
Error: The max time lapse in seconds: 336 &#xD;
&#xD;
Failed : Discrepency in time stamp in Temp&#xD;
&#xD;
Time Span Difference data for date : 2021-06-19 for Sensor Tag: 24EDFD0000C2 for dataType: Vibration&#xD;
Package Count X axis: 829&#xD;
Data between time: 06/19/2021 01:16:29 and 06/19/2021 01:22:05&#xD;
Sensor has not sent data for 0 hour 5 minute and 36 seconds long&#xD;
The max time lapse in seconds: 336 &#xD;
Data between time: 06/19/2021 01:38:33 and 06/19/2021 01:42:04&#xD;
Sensor has not sent data for 0 hour 3 minute and 30 seconds long&#xD;
The max time lapse in seconds: 336 &#xD;
Data between time: 06/19/2021 01:53:33 and 06/19/2021 01:57:08&#xD;
Sensor has not sent data for 0 hour 3 minute and 34 seconds long&#xD;
The max time lapse in seconds: 336 &#xD;
Data between time: 06/19/2021 02:59:42 and 06/19/2021 03:03:58&#xD;
Sensor has not sent data for 0 hour 4 minute and 16 seconds long&#xD;
The max time lapse in seconds: 336 &#xD;
Data between time: 06/19/2021 03:36:34 and 06/19/2021 03:40:38&#xD;
Sensor has not sent data for 0 hour 4 minute and 4 seconds long&#xD;
The max time lapse in seconds: 336 &#xD;
Data between time: 06/19/2021 04:03:35 and 06/19/2021 04:07:27&#xD;
Sensor has not sent data for 0 hour 3 minute and 52 seconds long&#xD;
The max time lapse in seconds: 336 &#xD;
Data between time: 06/19/2021 04:41:47 and 06/19/2021 04:45:24&#xD;
Sensor has not sent data for 0 hour 3 minute and 37 seconds long&#xD;
The max time lapse in seconds: 336 &#xD;
Data between time: 06/19/2021 04:51:59 and 06/19/2021 04:55:30&#xD;
Sensor has not sent data for 0 hour 3 minute and 31 seconds long&#xD;
The max time lapse in seconds: 336 &#xD;
Data between time: 06/19/2021 05:00:06 and 06/19/2021 05:03:52&#xD;
Sensor has not sent data for 0 hour 3 minute and 45 seconds long&#xD;
The max time lapse in seconds: 336 &#xD;
Data between time: 06/19/2021 05:17:00 and 06/19/2021 05:20:32&#xD;
Sensor has not sent data for 0 hour 3 minute and 32 seconds long&#xD;
The max time lapse in seconds: 336 &#xD;
Data between time: 06/19/2021 06:39:52 and 06/19/2021 06:43:13&#xD;
Sensor has not sent data for 0 hour 3 minute and 21 seconds long&#xD;
The max time lapse in seconds: 336 &#xD;
Data between time: 06/19/2021 06:53:15 and 06/19/2021 06:57:24&#xD;
Sensor has not sent data for 0 hour 4 minute and 9 seconds long&#xD;
The max time lapse in seconds: 336 &#xD;
Data between time: 06/19/2021 07:30:36 and 06/19/2021 07:34:01&#xD;
Sensor has not sent data for 0 hour 3 minute and 25 seconds long&#xD;
The max time lapse in seconds: 336 &#xD;
Data between time: 06/19/2021 07:36:58 and 06/19/2021 07:39:06&#xD;
Sensor has not sent data for 0 hour 2 minute and 7 seconds long&#xD;
The max time lapse in seconds: 336 &#xD;
Data between time: 06/19/2021 08:28:27 and 06/19/2021 08:32:26&#xD;
Sensor has not sent data for 0 hour 3 minute and 59 seconds long&#xD;
The max time lapse in seconds: 336 &#xD;
Data between time: 06/19/2021 09:20:22 and 06/19/2021 09:24:08&#xD;
Sensor has not sent data for 0 hour 3 minute and 46 seconds long&#xD;
The max time lapse in seconds: 336 &#xD;
Data between time: 06/19/2021 09:38:43 and 06/19/2021 09:42:03&#xD;
Sensor has not sent data for 0 hour 3 minute and 20 seconds long&#xD;
The max time lapse in seconds: 336 &#xD;
Data between time: 06/19/2021 09:52:04 and 06/19/2021 09:55:48&#xD;
Sensor has not sent data for 0 hour 3 minute and 44 seconds long&#xD;
The max time lapse in seconds: 336 &#xD;
Data between time: 06/19/2021 11:36:56 and 06/19/2021 11:41:03&#xD;
Sensor has not sent data for 0 hour 4 minute and 7 seconds long&#xD;
The max time lapse in seconds: 336 &#xD;
Data between time: 06/19/2021 11:50:37 and 06/19/2021 11:53:55&#xD;
Sensor has not sent data for 0 hour 3 minute and 18 seconds long&#xD;
The max time lapse in seconds: 336 &#xD;
Data between time: 06/19/2021 12:04:00 and 06/19/2021 12:07:24&#xD;
Sensor has not sent data for 0 hour 3 minute and 24 seconds long&#xD;
The max time lapse in seconds: 336 &#xD;
Data between time: 06/19/2021 13:06:50 and 06/19/2021 13:11:16&#xD;
Sensor has not sent data for 0 hour 4 minute and 26 seconds long&#xD;
The max time lapse in seconds: 336 &#xD;
Data between time: 06/19/2021 13:48:55 and 06/19/2021 13:52:37&#xD;
Sensor has not sent data for 0 hour 3 minute and 42 seconds long&#xD;
The max time lapse in seconds: 336 &#xD;
Data between time: 06/19/2021 13:54:18 and 06/19/2021 13:57:23&#xD;
Sensor has not sent data for 0 hour 3 minute and 5 seconds long&#xD;
The max time lapse in seconds: 336 &#xD;
Data between time: 06/19/2021 15:08:35 and 06/19/2021 15:12:51&#xD;
Sensor has not sent data for 0 hour 4 minute and 16 seconds long&#xD;
The max time lapse in seconds: 336 &#xD;
Data between time: 06/19/2021 15:43:52 and 06/19/2021 15:47:42&#xD;
Sensor has not sent data for 0 hour 3 minute and 50 seconds long&#xD;
The max time lapse in seconds: 336 &#xD;
Data between time: 06/19/2021 16:44:03 and 06/19/2021 16:47:19&#xD;
Sensor has not sent data for 0 hour 3 minute and 16 seconds long&#xD;
The max time lapse in seconds: 336 &#xD;
Data between time: 06/19/2021 17:15:39 and 06/19/2021 17:19:34&#xD;
Sensor has not sent data for 0 hour 3 minute and 55 seconds long&#xD;
The max time lapse in seconds: 336 &#xD;
Data between time: 06/19/2021 17:36:02 and 06/19/2021 17:38:14&#xD;
Sensor has not sent data for 0 hour 2 minute and 12 seconds long&#xD;
The max time lapse in seconds: 336 &#xD;
Data between time: 06/19/2021 17:45:51 and 06/19/2021 17:49:26&#xD;
Sensor has not sent data for 0 hour 3 minute and 35 seconds long&#xD;
The max time lapse in seconds: 336 &#xD;
Data between time: 06/19/2021 18:16:07 and 06/19/2021 18:18:14&#xD;
Sensor has not sent data for 0 hour 2 minute and 7 seconds long&#xD;
The max time lapse in seconds: 336 &#xD;
Data between time: 06/19/2021 18:34:04 and 06/19/2021 18:37:52&#xD;
Sensor has not sent data for 0 hour 3 minute and 48 seconds long&#xD;
The max time lapse in seconds: 336 &#xD;
Data between time: 06/19/2021 18:42:44 and 06/19/2021 18:46:09&#xD;
Sensor has not sent data for 0 hour 3 minute and 25 seconds long&#xD;
The max time lapse in seconds: 336 &#xD;
Data between time: 06/19/2021 20:52:24 and 06/19/2021 20:56:21&#xD;
Sensor has not sent data for 0 hour 3 minute and 56 seconds long&#xD;
The max time lapse in seconds: 336 &#xD;
Data between time: 06/19/2021 21:22:44 and 06/19/2021 21:26:11&#xD;
Sensor has not sent data for 0 hour 3 minute and 27 seconds long&#xD;
The max time lapse in seconds: 336 &#xD;
Data between time: 06/19/2021 21:29:22 and 06/19/2021 21:32:56&#xD;
Sensor has not sent data for 0 hour 3 minute and 33 seconds long&#xD;
The max time lapse in seconds: 336 &#xD;
Data between time: 06/19/2021 22:24:12 and 06/19/2021 22:28:05&#xD;
Sensor has not sent data for 0 hour 3 minute and 53 seconds long&#xD;
The max time lapse in seconds: 336 &#xD;
&#xD;
Failed : Discrepency in time stamp in Vibration&#xD;
&#xD;
Time Span Difference data for date : 2021-06-19 for Sensor Tag: 24EDFD0000C2 for dataType: Vibration&#xD;
Package Count Y axis: 829&#xD;
Data between time: 06/19/2021 01:16:29 and 06/19/2021 01:22:05&#xD;
Sensor has not sent data for 0 hour 5 minute and 36 seconds long&#xD;
The max time lapse in seconds: 336 &#xD;
Data between time: 06/19/2021 01:38:33 and 06/19/2021 01:42:04&#xD;
Sensor has not sent data for 0 hour 3 minute and 30 seconds long&#xD;
The max time lapse in seconds: 336 &#xD;
Data between time: 06/19/2021 01:53:33 and 06/19/2021 01:57:08&#xD;
Sensor has not sent data for 0 hour 3 minute and 34 seconds long&#xD;
The max time lapse in seconds: 336 &#xD;
Data between time: 06/19/2021 02:59:42 and 06/19/2021 03:03:58&#xD;
Sensor has not sent data for 0 hour 4 minute and 16 seconds long&#xD;
The max time lapse in seconds: 336 &#xD;
Data between time: 06/19/2021 03:36:34 and 06/19/2021 03:40:38&#xD;
Sensor has not sent data for 0 hour 4 minute and 4 seconds long&#xD;
The max time lapse in seconds: 336 &#xD;
Data between time: 06/19/2021 04:03:35 and 06/19/2021 04:07:27&#xD;
Sensor has not sent data for 0 hour 3 minute and 52 seconds long&#xD;
The max time lapse in seconds: 336 &#xD;
Data between time: 06/19/2021 04:41:47 and 06/19/2021 04:45:24&#xD;
Sensor has not sent data for 0 hour 3 minute and 37 seconds long&#xD;
The max time lapse in seconds: 336 &#xD;
Data between time: 06/19/2021 04:51:59 and 06/19/2021 04:55:30&#xD;
Sensor has not sent data for 0 hour 3 minute and 31 seconds long&#xD;
The max time lapse in seconds: 336 &#xD;
Data between time: 06/19/2021 05:00:06 and 06/19/2021 05:03:52&#xD;
Sensor has not sent data for 0 hour 3 minute and 45 seconds long&#xD;
The max time lapse in seconds: 336 &#xD;
Data between time: 06/19/2021 05:17:00 and 06/19/2021 05:20:32&#xD;
Sensor has not sent data for 0 hour 3 minute and 32 seconds long&#xD;
The max time lapse in seconds: 336 &#xD;
Data between time: 06/19/2021 06:39:52 and 06/19/2021 06:43:13&#xD;
Sensor has not sent data for 0 hour 3 minute and 21 seconds long&#xD;
The max time lapse in seconds: 336 &#xD;
Data between time: 06/19/2021 06:53:15 and 06/19/2021 06:57:24&#xD;
Sensor has not sent data for 0 hour 4 minute and 9 seconds long&#xD;
The max time lapse in seconds: 336 &#xD;
Data between time: 06/19/2021 07:30:36 and 06/19/2021 07:34:01&#xD;
Sensor has not sent data for 0 hour 3 minute and 25 seconds long&#xD;
The max time lapse in seconds: 336 &#xD;
Data between time: 06/19/2021 07:36:58 and 06/19/2021 07:39:06&#xD;
Sensor has not sent data for 0 hour 2 minute and 7 seconds long&#xD;
The max time lapse in seconds: 336 &#xD;
Data between time: 06/19/2021 08:28:27 and 06/19/2021 08:32:26&#xD;
Sensor has not sent data for 0 hour 3 minute and 59 seconds long&#xD;
The max time lapse in seconds: 336 &#xD;
Data between time: 06/19/2021 09:20:22 and 06/19/2021 09:24:08&#xD;
Sensor has not sent data for 0 hour 3 minute and 46 seconds long&#xD;
The max time lapse in seconds: 336 &#xD;
Data between time: 06/19/2021 09:38:43 and 06/19/2021 09:42:03&#xD;
Sensor has not sent data for 0 hour 3 minute and 20 seconds long&#xD;
The max time lapse in seconds: 336 &#xD;
Data between time: 06/19/2021 09:52:04 and 06/19/2021 09:55:48&#xD;
Sensor has not sent data for 0 hour 3 minute and 44 seconds long&#xD;
The max time lapse in seconds: 336 &#xD;
Data between time: 06/19/2021 11:36:56 and 06/19/2021 11:41:03&#xD;
Sensor has not sent data for 0 hour 4 minute and 7 seconds long&#xD;
The max time lapse in seconds: 336 &#xD;
Data between time: 06/19/2021 11:50:37 and 06/19/2021 11:53:55&#xD;
Sensor has not sent data for 0 hour 3 minute and 18 seconds long&#xD;
The max time lapse in seconds: 336 &#xD;
Data between time: 06/19/2021 12:04:00 and 06/19/2021 12:07:24&#xD;
Sensor has not sent data for 0 hour 3 minute and 24 seconds long&#xD;
The max time lapse in seconds: 336 &#xD;
Data between time: 06/19/2021 13:06:50 and 06/19/2021 13:11:16&#xD;
Sensor has not sent data for 0 hour 4 minute and 26 seconds long&#xD;
The max time lapse in seconds: 336 &#xD;
Data between time: 06/19/2021 13:48:55 and 06/19/2021 13:52:37&#xD;
Sensor has not sent data for 0 hour 3 minute and 42 seconds long&#xD;
The max time lapse in seconds: 336 &#xD;
Data between time: 06/19/2021 13:54:18 and 06/19/2021 13:57:23&#xD;
Sensor has not sent data for 0 hour 3 minute and 5 seconds long&#xD;
The max time lapse in seconds: 336 &#xD;
Data between time: 06/19/2021 15:08:35 and 06/19/2021 15:12:51&#xD;
Sensor has not sent data for 0 hour 4 minute and 16 seconds long&#xD;
The max time lapse in seconds: 336 &#xD;
Data between time: 06/19/2021 15:43:52 and 06/19/2021 15:47:42&#xD;
Sensor has not sent data for 0 hour 3 minute and 50 seconds long&#xD;
The max time lapse in seconds: 336 &#xD;
Data between time: 06/19/2021 16:44:03 and 06/19/2021 16:47:19&#xD;
Sensor has not sent data for 0 hour 3 minute and 16 seconds long&#xD;
The max time lapse in seconds: 336 &#xD;
Data between time: 06/19/2021 17:15:39 and 06/19/2021 17:19:34&#xD;
Sensor has not sent data for 0 hour 3 minute and 55 seconds long&#xD;
The max time lapse in seconds: 336 &#xD;
Data between time: 06/19/2021 17:36:02 and 06/19/2021 17:38:14&#xD;
Sensor has not sent data for 0 hour 2 minute and 12 seconds long&#xD;
The max time lapse in seconds: 336 &#xD;
Data between time: 06/19/2021 17:45:51 and 06/19/2021 17:49:26&#xD;
Sensor has not sent data for 0 hour 3 minute and 35 seconds long&#xD;
The max time lapse in seconds: 336 &#xD;
Data between time: 06/19/2021 18:16:07 and 06/19/2021 18:18:14&#xD;
Sensor has not sent data for 0 hour 2 minute and 7 seconds long&#xD;
The max time lapse in seconds: 336 &#xD;
Data between time: 06/19/2021 18:34:04 and 06/19/2021 18:37:52&#xD;
Sensor has not sent data for 0 hour 3 minute and 48 seconds long&#xD;
The max time lapse in seconds: 336 &#xD;
Data between time: 06/19/2021 18:42:44 and 06/19/2021 18:46:09&#xD;
Sensor has not sent data for 0 hour 3 minute and 25 seconds long&#xD;
The max time lapse in seconds: 336 &#xD;
Data between time: 06/19/2021 20:52:24 and 06/19/2021 20:56:21&#xD;
Sensor has not sent data for 0 hour 3 minute and 56 seconds long&#xD;
The max time lapse in seconds: 336 &#xD;
Data between time: 06/19/2021 21:22:44 and 06/19/2021 21:26:11&#xD;
Sensor has not sent data for 0 hour 3 minute and 27 seconds long&#xD;
The max time lapse in seconds: 336 &#xD;
Data between time: 06/19/2021 21:29:22 and 06/19/2021 21:32:56&#xD;
Sensor has not sent data for 0 hour 3 minute and 33 seconds long&#xD;
The max time lapse in seconds: 336 &#xD;
Data between time: 06/19/2021 22:24:12 and 06/19/2021 22:28:05&#xD;
Sensor has not sent data for 0 hour 3 minute and 53 seconds long&#xD;
The max time lapse in seconds: 336 &#xD;
&#xD;
Failed : Discrepency in time stamp in Vibration&#xD;
&#xD;
Time Span Difference data for date : 2021-06-19 for Sensor Tag: 24EDFD0000C2 for dataType: Vibration&#xD;
Package Count Z axis: 829&#xD;
Data between time: 06/19/2021 01:16:29 and 06/19/2021 01:22:05&#xD;
Sensor has not sent data for 0 hour 5 minute and 36 seconds long&#xD;
The max time lapse in seconds: 336 &#xD;
Data between time: 06/19/2021 01:38:33 and 06/19/2021 01:42:04&#xD;
Sensor has not sent data for 0 hour 3 minute and 30 seconds long&#xD;
The max time lapse in seconds: 336 &#xD;
Data between time: 06/19/2021 01:53:33 and 06/19/2021 01:57:08&#xD;
Sensor has not sent data for 0 hour 3 minute and 34 seconds long&#xD;
The max time lapse in seconds: 336 &#xD;
Data between time: 06/19/2021 02:59:42 and 06/19/2021 03:03:58&#xD;
Sensor has not sent data for 0 hour 4 minute and 16 seconds long&#xD;
The max time lapse in seconds: 336 &#xD;
Data between time: 06/19/2021 03:36:34 and 06/19/2021 03:40:38&#xD;
Sensor has not sent data for 0 hour 4 minute and 4 seconds long&#xD;
The max time lapse in seconds: 336 &#xD;
Data between time: 06/19/2021 04:03:35 and 06/19/2021 04:07:27&#xD;
Sensor has not sent data for 0 hour 3 minute and 52 seconds long&#xD;
The max time lapse in seconds: 336 &#xD;
Data between time: 06/19/2021 04:41:47 and 06/19/2021 04:45:24&#xD;
Sensor has not sent data for 0 hour 3 minute and 37 seconds long&#xD;
The max time lapse in seconds: 336 &#xD;
Data between time: 06/19/2021 04:51:59 and 06/19/2021 04:55:30&#xD;
Sensor has not sent data for 0 hour 3 minute and 31 seconds long&#xD;
The max time lapse in seconds: 336 &#xD;
Data between time: 06/19/2021 05:00:06 and 06/19/2021 05:03:52&#xD;
Sensor has not sent data for 0 hour 3 minute and 45 seconds long&#xD;
The max time lapse in seconds: 336 &#xD;
Data between time: 06/19/2021 05:17:00 and 06/19/2021 05:20:32&#xD;
Sensor has not sent data for 0 hour 3 minute and 32 seconds long&#xD;
The max time lapse in seconds: 336 &#xD;
Data between time: 06/19/2021 06:39:52 and 06/19/2021 06:43:13&#xD;
Sensor has not sent data for 0 hour 3 minute and 21 seconds long&#xD;
The max time lapse in seconds: 336 &#xD;
Data between time: 06/19/2021 06:53:15 and 06/19/2021 06:57:24&#xD;
Sensor has not sent data for 0 hour 4 minute and 9 seconds long&#xD;
The max time lapse in seconds: 336 &#xD;
Data between time: 06/19/2021 07:30:36 and 06/19/2021 07:34:01&#xD;
Sensor has not sent data for 0 hour 3 minute and 25 seconds long&#xD;
The max time lapse in seconds: 336 &#xD;
Data between time: 06/19/2021 07:36:58 and 06/19/2021 07:39:06&#xD;
Sensor has not sent data for 0 hour 2 minute and 7 seconds long&#xD;
The max time lapse in seconds: 336 &#xD;
Data between time: 06/19/2021 08:28:27 and 06/19/2021 08:32:26&#xD;
Sensor has not sent data for 0 hour 3 minute and 59 seconds long&#xD;
The max time lapse in seconds: 336 &#xD;
Data between time: 06/19/2021 09:20:22 and 06/19/2021 09:24:08&#xD;
Sensor has not sent data for 0 hour 3 minute and 46 seconds long&#xD;
The max time lapse in seconds: 336 &#xD;
Data between time: 06/19/2021 09:38:43 and 06/19/2021 09:42:03&#xD;
Sensor has not sent data for 0 hour 3 minute and 20 seconds long&#xD;
The max time lapse in seconds: 336 &#xD;
Data between time: 06/19/2021 09:52:04 and 06/19/2021 09:55:48&#xD;
Sensor has not sent data for 0 hour 3 minute and 44 seconds long&#xD;
The max time lapse in seconds: 336 &#xD;
Data between time: 06/19/2021 11:36:56 and 06/19/2021 11:41:03&#xD;
Sensor has not sent data for 0 hour 4 minute and 7 seconds long&#xD;
The max time lapse in seconds: 336 &#xD;
Data between time: 06/19/2021 11:50:37 and 06/19/2021 11:53:55&#xD;
Sensor has not sent data for 0 hour 3 minute and 18 seconds long&#xD;
The max time lapse in seconds: 336 &#xD;
Data between time: 06/19/2021 12:04:00 and 06/19/2021 12:07:24&#xD;
Sensor has not sent data for 0 hour 3 minute and 24 seconds long&#xD;
The max time lapse in seconds: 336 &#xD;
Data between time: 06/19/2021 13:06:50 and 06/19/2021 13:11:16&#xD;
Sensor has not sent data for 0 hour 4 minute and 26 seconds long&#xD;
The max time lapse in seconds: 336 &#xD;
Data between time: 06/19/2021 13:48:55 and 06/19/2021 13:52:37&#xD;
Sensor has not sent data for 0 hour 3 minute and 42 seconds long&#xD;
The max time lapse in seconds: 336 &#xD;
Data between time: 06/19/2021 13:54:18 and 06/19/2021 13:57:23&#xD;
Sensor has not sent data for 0 hour 3 minute and 5 seconds long&#xD;
The max time lapse in seconds: 336 &#xD;
Data between time: 06/19/2021 15:08:35 and 06/19/2021 15:12:51&#xD;
Sensor has not sent data for 0 hour 4 minute and 16 seconds long&#xD;
The max time lapse in seconds: 336 &#xD;
Data between time: 06/19/2021 15:43:52 and 06/19/2021 15:47:42&#xD;
Sensor has not sent data for 0 hour 3 minute and 50 seconds long&#xD;
The max time lapse in seconds: 336 &#xD;
Data between time: 06/19/2021 16:44:03 and 06/19/2021 16:47:19&#xD;
Sensor has not sent data for 0 hour 3 minute and 16 seconds long&#xD;
The max time lapse in seconds: 336 &#xD;
Data between time: 06/19/2021 17:15:39 and 06/19/2021 17:19:34&#xD;
Sensor has not sent data for 0 hour 3 minute and 55 seconds long&#xD;
The max time lapse in seconds: 336 &#xD;
Data between time: 06/19/2021 17:36:02 and 06/19/2021 17:38:14&#xD;
Sensor has not sent data for 0 hour 2 minute and 12 seconds long&#xD;
The max time lapse in seconds: 336 &#xD;
Data between time: 06/19/2021 17:45:51 and 06/19/2021 17:49:26&#xD;
Sensor has not sent data for 0 hour 3 minute and 35 seconds long&#xD;
The max time lapse in seconds: 336 &#xD;
Data between time: 06/19/2021 18:16:07 and 06/19/2021 18:18:14&#xD;
Sensor has not sent data for 0 hour 2 minute and 7 seconds long&#xD;
The max time lapse in seconds: 336 &#xD;
Data between time: 06/19/2021 18:34:04 and 06/19/2021 18:37:52&#xD;
Sensor has not sent data for 0 hour 3 minute and 48 seconds long&#xD;
The max time lapse in seconds: 336 &#xD;
Data between time: 06/19/2021 18:42:44 and 06/19/2021 18:46:09&#xD;
Sensor has not sent data for 0 hour 3 minute and 25 seconds long&#xD;
The max time lapse in seconds: 336 &#xD;
Data between time: 06/19/2021 20:52:24 and 06/19/2021 20:56:21&#xD;
Sensor has not sent data for 0 hour 3 minute and 56 seconds long&#xD;
The max time lapse in seconds: 336 &#xD;
Data between time: 06/19/2021 21:22:44 and 06/19/2021 21:26:11&#xD;
Sensor has not sent data for 0 hour 3 minute and 27 seconds long&#xD;
The max time lapse in seconds: 336 &#xD;
Data between time: 06/19/2021 21:29:22 and 06/19/2021 21:32:56&#xD;
Sensor has not sent data for 0 hour 3 minute and 33 seconds long&#xD;
The max time lapse in seconds: 336 &#xD;
Data between time: 06/19/2021 22:24:12 and 06/19/2021 22:28:05&#xD;
Sensor has not sent data for 0 hour 3 minute and 53 seconds long&#xD;
The max time lapse in seconds: 336 &#xD;
&#xD;
Failed : Discrepency in time stamp in Vibration</StdOut>
            <ErrorInfo>
              <Message>Assert.IsTrue failed. Failed in getting data!</Message>
              <StackTrace>   at SCM_TF.Database.Te_Database.GetObjectDataTimeSpanDiff()&#xD;
</StackTrace>
            </ErrorInfo>
          </Output>
        </UnitTestResult>
        <UnitTestResult executionId="6064d0fe-f34c-4e50-ac38-1d20cf2b55d1" parentExecutionId="b5b8f56e-cfd9-40ab-8b13-d813c03f7664" testId="fb3f85a5-ce4f-d64e-0c87-72a2e1e97d24" testName="GetObjectDataTimeSpanDiff (Data Row 1)" computerName="MD3H3FMC" duration="00:00:00.0485053" startTime="2021-08-27T16:32:33.9886544+05:30" endTime="2021-08-27T16:35:05.9346982+05:30" testType="13cdc9d9-ddb5-4fa4-a97d-d965ccfc6d4b" outcome="Failed" testListId="8c84fa94-04c1-424b-9868-57a2d4851a1d" relativeResultsDirectory="6064d0fe-f34c-4e50-ac38-1d20cf2b55d1" dataRowInfo="2" resultType="DataDrivenDataRow">
          <Output>
            <StdOut>Time Span Difference data for date : 2023-06-18 for Sensor Tag: 24EDFD0000C2 for dataType: Signal Strength&#xD;
Error: End date cannot be future date!&#xD;
Error: Start date cannot be future date!&#xD;
Issue while fetching data of Signal!&#xD;
&#xD;
Time Span Difference data for date : 2023-06-18 for Sensor Tag: 24EDFD0000C2 for dataType: Temperature&#xD;
Error: End date cannot be future date!&#xD;
Error: Start date cannot be future date!&#xD;
Issue while fetching data of temperature!&#xD;
&#xD;
Time Span Difference data for date : 2023-06-18 for Sensor Tag: 24EDFD0000C2 for dataType: Vibration&#xD;
Error: End date cannot be future date!&#xD;
Error: Start date cannot be future date!&#xD;
Issue while fetching data of Vibration!&#xD;
&#xD;
Time Span Difference data for date : 2023-06-18 for Sensor Tag: 24EDFD0000C2 for dataType: Vibration&#xD;
Error: End date cannot be future date!&#xD;
Error: Start date cannot be future date!&#xD;
Issue while fetching data of Vibration!&#xD;
&#xD;
Time Span Difference data for date : 2023-06-18 for Sensor Tag: 24EDFD0000C2 for dataType: Vibration&#xD;
Error: End date cannot be future date!&#xD;
Error: Start date cannot be future date!&#xD;
Issue while fetching data of Vibration!&#xD;
&#xD;
Time Span Difference data for date : 2023-06-19 for Sensor Tag: 24EDFD0000C2 for dataType: Signal Strength&#xD;
Error: End date cannot be future date!&#xD;
Error: Start date cannot be future date!&#xD;
Issue while fetching data of Signal!&#xD;
&#xD;
Time Span Difference data for date : 2023-06-19 for Sensor Tag: 24EDFD0000C2 for dataType: Temperature&#xD;
Error: End date cannot be future date!&#xD;
Error: Start date cannot be future date!&#xD;
Issue while fetching data of temperature!&#xD;
&#xD;
Time Span Difference data for date : 2023-06-19 for Sensor Tag: 24EDFD0000C2 for dataType: Vibration&#xD;
Error: End date cannot be future date!&#xD;
Error: Start date cannot be future date!&#xD;
Issue while fetching data of Vibration!&#xD;
&#xD;
Time Span Difference data for date : 2023-06-19 for Sensor Tag: 24EDFD0000C2 for dataType: Vibration&#xD;
Error: End date cannot be future date!&#xD;
Error: Start date cannot be future date!&#xD;
Issue while fetching data of Vibration!&#xD;
&#xD;
Time Span Difference data for date : 2023-06-19 for Sensor Tag: 24EDFD0000C2 for dataType: Vibration&#xD;
Error: End date cannot be future date!&#xD;
Error: Start date cannot be future date!&#xD;
Issue while fetching data of Vibration!</StdOut>
            <ErrorInfo>
              <Message>Assert.IsTrue failed. Failed in getting data!</Message>
              <StackTrace>   at SCM_TF.Database.Te_Database.GetObjectDataTimeSpanDiff()&#xD;
</StackTrace>
            </ErrorInfo>
          </Output>
        </UnitTestResult>
      </InnerResults>
    </UnitTestResult>
  </Results>
  <TestDefinitions>
    <UnitTest name="GetObjectDataTimeSpanDiff" storage="c:\users\z0049mne\source\repos\ms_test\scm_tf\scm_tf\references\scm_tf.dll" id="fb3f85a5-ce4f-d64e-0c87-72a2e1e97d24">
      <TestCategory>
        <TestCategoryItem TestCategory="Database" />
        <TestCategoryItem TestCategory="Database01" />
      </TestCategory>
      <Execution id="b5b8f56e-cfd9-40ab-8b13-d813c03f7664" />
      <TestMethod codeBase="C:\Users\z0049mne\Source\Repos\ms_test\SCM_TF\SCM_TF\References\SCM_TF.dll" adapterTypeName="executor://mstestadapter/v2" className="SCM_TF.Database.Te_Database" name="GetObjectDataTimeSpanDiff" />
    </UnitTest>
  </TestDefinitions>
  <TestEntries>
    <TestEntry testId="fb3f85a5-ce4f-d64e-0c87-72a2e1e97d24" executionId="b5b8f56e-cfd9-40ab-8b13-d813c03f7664" testListId="8c84fa94-04c1-424b-9868-57a2d4851a1d" />
  </TestEntries>
  <TestLists>
    <TestList name="Results Not in a List" id="8c84fa94-04c1-424b-9868-57a2d4851a1d" />
    <TestList name="All Loaded Results" id="19431567-8539-422a-85d7-44ee4e166bda" />
  </TestLists>
  <ResultSummary outcome="Failed">
    <Counters total="3" executed="3" passed="0" failed="3" error="0" timeout="0" aborted="0" inconclusive="0" passedButRunAborted="0" notRunnable="0" notExecuted="0" disconnected="0" warning="0" completed="0" inProgress="0" pending="0" />
  </ResultSummary>
</TestRun>