<?xml version="1.0" encoding="utf-8"?>
<TestRun id="5e6dddea-2e61-4468-9eef-204506374aff" name="z0049mne@MD3H3FMC 2021-09-15 22:07:44" runUser="AD001\z0049mne" xmlns="http://microsoft.com/schemas/VisualStudio/TeamTest/2010">
  <Times creation="2021-09-15T22:07:44.6622083+05:30" queuing="2021-09-15T22:07:44.6622083+05:30" start="2021-09-15T22:07:38.3336275+05:30" finish="2021-09-15T22:07:44.7021969+05:30" />
  <TestSettings name="default" id="e1b094a0-ba3b-4907-9c2c-f196f8886caa">
    <Deployment runDeploymentRoot="z0049mne_MD3H3FMC_2021-09-15_22_07_44" />
  </TestSettings>
  <Results>
    <UnitTestResult executionId="7c87b8e9-4798-4623-b8c3-62d0fa0a8f04" testId="fb3f85a5-ce4f-d64e-0c87-72a2e1e97d24" testName="GetObjectDataTimeSpanDiff" computerName="MD3H3FMC" duration="00:00:01.2177961" startTime="2021-09-15T22:07:39.5317165+05:30" endTime="2021-09-15T22:07:44.4321254+05:30" testType="13cdc9d9-ddb5-4fa4-a97d-d965ccfc6d4b" outcome="Failed" testListId="8c84fa94-04c1-424b-9868-57a2d4851a1d" relativeResultsDirectory="7c87b8e9-4798-4623-b8c3-62d0fa0a8f04" resultType="DataDrivenTest">
      <Output>
        <StdOut>Not able to open the test data worksheet due to : Invalid or no Environment data!</StdOut>
      </Output>
      <InnerResults>
        <UnitTestResult executionId="a69ab64c-5396-4fb4-94d5-ad87f14c9dd2" parentExecutionId="7c87b8e9-4798-4623-b8c3-62d0fa0a8f04" testId="fb3f85a5-ce4f-d64e-0c87-72a2e1e97d24" testName="GetObjectDataTimeSpanDiff (Data Row 0)" computerName="MD3H3FMC" duration="00:00:00.2297664" startTime="2021-09-15T22:07:39.5317165+05:30" endTime="2021-09-15T22:07:44.4321254+05:30" testType="13cdc9d9-ddb5-4fa4-a97d-d965ccfc6d4b" outcome="Failed" testListId="8c84fa94-04c1-424b-9868-57a2d4851a1d" relativeResultsDirectory="a69ab64c-5396-4fb4-94d5-ad87f14c9dd2" dataRowInfo="1" resultType="DataDrivenDataRow">
          <Output>
            <ErrorInfo>
              <Message>Test method SCM_TF.Database.Te_Database.GetObjectDataTimeSpanDiff threw exception: &#xD;
System.InvalidCastException: One of the Input Data is null ---&gt; System.InvalidCastException: Object cannot be cast from DBNull to other types.</Message>
              <StackTrace>    at System.DBNull.System.IConvertible.ToDateTime(IFormatProvider provider)&#xD;
   at SCM_TF.Database.Te_Database.GetObjectDataTimeSpanDiff()&#xD;
--- End of inner exception stack trace ---&#xD;
    at SCM_TF.Database.Te_Database.GetObjectDataTimeSpanDiff()&#xD;
</StackTrace>
            </ErrorInfo>
          </Output>
        </UnitTestResult>
      </InnerResults>
    </UnitTestResult>
  </Results>
  <TestDefinitions>
    <UnitTest name="GetObjectDataTimeSpanDiff" storage="c:\users\z0049mne\source\repos\ms_test\scm_tf\scm_tf\references\scm_tf.dll" id="fb3f85a5-ce4f-d64e-0c87-72a2e1e97d24">
      <TestCategory>
        <TestCategoryItem TestCategory="Database" />
        <TestCategoryItem TestCategory="Database01" />
      </TestCategory>
      <Execution id="7c87b8e9-4798-4623-b8c3-62d0fa0a8f04" />
      <TestMethod codeBase="C:\Users\z0049mne\Source\Repos\ms_test\SCM_TF\SCM_TF\References\SCM_TF.dll" adapterTypeName="executor://mstestadapter/v2" className="SCM_TF.Database.Te_Database" name="GetObjectDataTimeSpanDiff" />
    </UnitTest>
  </TestDefinitions>
  <TestEntries>
    <TestEntry testId="fb3f85a5-ce4f-d64e-0c87-72a2e1e97d24" executionId="7c87b8e9-4798-4623-b8c3-62d0fa0a8f04" testListId="8c84fa94-04c1-424b-9868-57a2d4851a1d" />
  </TestEntries>
  <TestLists>
    <TestList name="Results Not in a List" id="8c84fa94-04c1-424b-9868-57a2d4851a1d" />
    <TestList name="All Loaded Results" id="19431567-8539-422a-85d7-44ee4e166bda" />
  </TestLists>
  <ResultSummary outcome="Failed">
    <Counters total="2" executed="2" passed="0" failed="2" error="0" timeout="0" aborted="0" inconclusive="0" passedButRunAborted="0" notRunnable="0" notExecuted="0" disconnected="0" warning="0" completed="0" inProgress="0" pending="0" />
  </ResultSummary>
</TestRun>