<?xml version="1.0" encoding="utf-8"?>
<TestRun id="181b01c4-b1d6-4f5a-a3be-90fde4fa060b" name="z0049mne@MD3H3FMC 2021-09-17 13:42:37" runUser="AD001\z0049mne" xmlns="http://microsoft.com/schemas/VisualStudio/TeamTest/2010">
  <Times creation="2021-09-17T13:42:37.5220528+05:30" queuing="2021-09-17T13:42:37.5220528+05:30" start="2021-09-17T13:40:50.6524663+05:30" finish="2021-09-17T13:42:37.8732511+05:30" />
  <TestSettings name="default" id="6568e271-aca5-4c78-9e6b-0819eb66af31">
    <Deployment runDeploymentRoot="z0049mne_MD3H3FMC_2021-09-17_13_42_37" />
  </TestSettings>
  <Results>
    <UnitTestResult executionId="4d596d1b-7fcb-4351-a2d0-bf9c95a92212" testId="fb3f85a5-ce4f-d64e-0c87-72a2e1e97d24" testName="GetObjectDataTimeSpanDiff" computerName="MD3H3FMC" duration="00:01:44.6660131" startTime="2021-09-17T13:40:51.9144972+05:30" endTime="2021-09-17T13:42:37.3432532+05:30" testType="13cdc9d9-ddb5-4fa4-a97d-d965ccfc6d4b" outcome="Failed" testListId="8c84fa94-04c1-424b-9868-57a2d4851a1d" relativeResultsDirectory="4d596d1b-7fcb-4351-a2d0-bf9c95a92212" resultType="DataDrivenTest">
      <InnerResults>
        <UnitTestResult executionId="1dce3a1c-8335-46a0-94f4-fa36d37b3546" parentExecutionId="4d596d1b-7fcb-4351-a2d0-bf9c95a92212" testId="fb3f85a5-ce4f-d64e-0c87-72a2e1e97d24" testName="GetObjectDataTimeSpanDiff (Data Row 0)" computerName="MD3H3FMC" duration="00:01:43.8976781" startTime="2021-09-17T13:40:51.9144972+05:30" endTime="2021-09-17T13:42:37.3432532+05:30" testType="13cdc9d9-ddb5-4fa4-a97d-d965ccfc6d4b" outcome="Failed" testListId="8c84fa94-04c1-424b-9868-57a2d4851a1d" relativeResultsDirectory="1dce3a1c-8335-46a0-94f4-fa36d37b3546" dataRowInfo="1" resultType="DataDrivenDataRow">
          <Output>
            <StdOut>Time Span Difference data for date : 2021-06-19 for Sensor Tag: 24EDFD0000C2 for dataType: Signal Strength&#xD;
Package Count 830&#xD;
Error: Data between time: 06/19/2021 01:16:29 and 06/19/2021 01:22:05&#xD;
Error: Sensor has not sent data for 0 hour 5 minute and 36 seconds long&#xD;
Error: The max time lapse in seconds: 336 &#xD;
Error: Data between time: 06/19/2021 01:38:33 and 06/19/2021 01:42:04&#xD;
Error: Sensor has not sent data for 0 hour 3 minute and 30 seconds long&#xD;
Error: The max time lapse in seconds: 336 &#xD;
Error: Data between time: 06/19/2021 01:53:33 and 06/19/2021 01:57:08&#xD;
Error: Sensor has not sent data for 0 hour 3 minute and 34 seconds long&#xD;
Error: The max time lapse in seconds: 336 &#xD;
Error: Data between time: 06/19/2021 02:59:42 and 06/19/2021 03:03:58&#xD;
Error: Sensor has not sent data for 0 hour 4 minute and 16 seconds long&#xD;
Error: The max time lapse in seconds: 336 &#xD;
Error: Data between time: 06/19/2021 03:36:34 and 06/19/2021 03:40:38&#xD;
Error: Sensor has not sent data for 0 hour 4 minute and 4 seconds long&#xD;
Error: The max time lapse in seconds: 336 &#xD;
Error: Data between time: 06/19/2021 04:03:35 and 06/19/2021 04:07:27&#xD;
Error: Sensor has not sent data for 0 hour 3 minute and 52 seconds long&#xD;
Error: The max time lapse in seconds: 336 &#xD;
Error: Data between time: 06/19/2021 04:41:47 and 06/19/2021 04:45:24&#xD;
Error: Sensor has not sent data for 0 hour 3 minute and 37 seconds long&#xD;
Error: The max time lapse in seconds: 336 &#xD;
Error: Data between time: 06/19/2021 04:51:59 and 06/19/2021 04:55:30&#xD;
Error: Sensor has not sent data for 0 hour 3 minute and 31 seconds long&#xD;
Error: The max time lapse in seconds: 336 &#xD;
Error: Data between time: 06/19/2021 05:00:06 and 06/19/2021 05:03:52&#xD;
Error: Sensor has not sent data for 0 hour 3 minute and 45 seconds long&#xD;
Error: The max time lapse in seconds: 336 &#xD;
Error: Data between time: 06/19/2021 05:17:00 and 06/19/2021 05:20:32&#xD;
Error: Sensor has not sent data for 0 hour 3 minute and 32 seconds long&#xD;
Error: The max time lapse in seconds: 336 &#xD;
Error: Data between time: 06/19/2021 06:39:52 and 06/19/2021 06:43:13&#xD;
Error: Sensor has not sent data for 0 hour 3 minute and 21 seconds long&#xD;
Error: The max time lapse in seconds: 336 &#xD;
Error: Data between time: 06/19/2021 06:53:15 and 06/19/2021 06:57:24&#xD;
Error: Sensor has not sent data for 0 hour 4 minute and 9 seconds long&#xD;
Error: The max time lapse in seconds: 336 &#xD;
Error: Data between time: 06/19/2021 07:30:36 and 06/19/2021 07:34:01&#xD;
Error: Sensor has not sent data for 0 hour 3 minute and 25 seconds long&#xD;
Error: The max time lapse in seconds: 336 &#xD;
Error: Data between time: 06/19/2021 07:36:58 and 06/19/2021 07:39:06&#xD;
Error: Sensor has not sent data for 0 hour 2 minute and 7 seconds long&#xD;
Error: The max time lapse in seconds: 336 &#xD;
Error: Data between time: 06/19/2021 08:28:27 and 06/19/2021 08:32:26&#xD;
Error: Sensor has not sent data for 0 hour 3 minute and 59 seconds long&#xD;
Error: The max time lapse in seconds: 336 &#xD;
Error: Data between time: 06/19/2021 09:20:22 and 06/19/2021 09:24:08&#xD;
Error: Sensor has not sent data for 0 hour 3 minute and 46 seconds long&#xD;
Error: The max time lapse in seconds: 336 &#xD;
Error: Data between time: 06/19/2021 09:38:43 and 06/19/2021 09:42:03&#xD;
Error: Sensor has not sent data for 0 hour 3 minute and 20 seconds long&#xD;
Error: The max time lapse in seconds: 336 &#xD;
Error: Data between time: 06/19/2021 09:52:04 and 06/19/2021 09:55:48&#xD;
Error: Sensor has not sent data for 0 hour 3 minute and 44 seconds long&#xD;
Error: The max time lapse in seconds: 336 &#xD;
Error: Data between time: 06/19/2021 11:36:56 and 06/19/2021 11:41:03&#xD;
Error: Sensor has not sent data for 0 hour 4 minute and 7 seconds long&#xD;
Error: The max time lapse in seconds: 336 &#xD;
Error: Data between time: 06/19/2021 11:50:37 and 06/19/2021 11:53:55&#xD;
Error: Sensor has not sent data for 0 hour 3 minute and 18 seconds long&#xD;
Error: The max time lapse in seconds: 336 &#xD;
Error: Data between time: 06/19/2021 12:04:00 and 06/19/2021 12:07:24&#xD;
Error: Sensor has not sent data for 0 hour 3 minute and 24 seconds long&#xD;
Error: The max time lapse in seconds: 336 &#xD;
Error: Data between time: 06/19/2021 13:06:50 and 06/19/2021 13:11:16&#xD;
Error: Sensor has not sent data for 0 hour 4 minute and 26 seconds long&#xD;
Error: The max time lapse in seconds: 336 &#xD;
Error: Data between time: 06/19/2021 13:48:55 and 06/19/2021 13:52:37&#xD;
Error: Sensor has not sent data for 0 hour 3 minute and 42 seconds long&#xD;
Error: The max time lapse in seconds: 336 &#xD;
Error: Data between time: 06/19/2021 15:08:35 and 06/19/2021 15:12:51&#xD;
Error: Sensor has not sent data for 0 hour 4 minute and 16 seconds long&#xD;
Error: The max time lapse in seconds: 336 &#xD;
Error: Data between time: 06/19/2021 15:43:52 and 06/19/2021 15:47:42&#xD;
Error: Sensor has not sent data for 0 hour 3 minute and 50 seconds long&#xD;
Error: The max time lapse in seconds: 336 &#xD;
Error: Data between time: 06/19/2021 16:44:03 and 06/19/2021 16:47:19&#xD;
Error: Sensor has not sent data for 0 hour 3 minute and 16 seconds long&#xD;
Error: The max time lapse in seconds: 336 &#xD;
Error: Data between time: 06/19/2021 17:15:39 and 06/19/2021 17:19:34&#xD;
Error: Sensor has not sent data for 0 hour 3 minute and 55 seconds long&#xD;
Error: The max time lapse in seconds: 336 &#xD;
Error: Data between time: 06/19/2021 17:36:02 and 06/19/2021 17:38:14&#xD;
Error: Sensor has not sent data for 0 hour 2 minute and 12 seconds long&#xD;
Error: The max time lapse in seconds: 336 &#xD;
Error: Data between time: 06/19/2021 17:45:51 and 06/19/2021 17:49:26&#xD;
Error: Sensor has not sent data for 0 hour 3 minute and 35 seconds long&#xD;
Error: The max time lapse in seconds: 336 &#xD;
Error: Data between time: 06/19/2021 18:16:07 and 06/19/2021 18:18:14&#xD;
Error: Sensor has not sent data for 0 hour 2 minute and 7 seconds long&#xD;
Error: The max time lapse in seconds: 336 &#xD;
Error: Data between time: 06/19/2021 18:34:04 and 06/19/2021 18:37:52&#xD;
Error: Sensor has not sent data for 0 hour 3 minute and 48 seconds long&#xD;
Error: The max time lapse in seconds: 336 &#xD;
Error: Data between time: 06/19/2021 18:42:44 and 06/19/2021 18:46:09&#xD;
Error: Sensor has not sent data for 0 hour 3 minute and 25 seconds long&#xD;
Error: The max time lapse in seconds: 336 &#xD;
Error: Data between time: 06/19/2021 20:52:24 and 06/19/2021 20:56:21&#xD;
Error: Sensor has not sent data for 0 hour 3 minute and 56 seconds long&#xD;
Error: The max time lapse in seconds: 336 &#xD;
Error: Data between time: 06/19/2021 21:22:44 and 06/19/2021 21:26:11&#xD;
Error: Sensor has not sent data for 0 hour 3 minute and 27 seconds long&#xD;
Error: The max time lapse in seconds: 336 &#xD;
Error: Data between time: 06/19/2021 21:29:22 and 06/19/2021 21:32:56&#xD;
Error: Sensor has not sent data for 0 hour 3 minute and 33 seconds long&#xD;
Error: The max time lapse in seconds: 336 &#xD;
Error: Data between time: 06/19/2021 22:24:12 and 06/19/2021 22:28:05&#xD;
Error: Sensor has not sent data for 0 hour 3 minute and 53 seconds long&#xD;
Error: The max time lapse in seconds: 336 &#xD;
&#xD;
Failed : Discrepency in time stamp in Signal&#xD;
&#xD;
Time Span Difference data for date : 2021-06-19 for Sensor Tag: 24EDFD0000C2 for dataType: Temperature&#xD;
Package Count 829&#xD;
Error: Data between time: 06/19/2021 01:16:29 and 06/19/2021 01:22:05&#xD;
Error: Sensor has not sent data for 0 hour 5 minute and 36 seconds long&#xD;
Error: The max time lapse in seconds: 336 &#xD;
Error: Data between time: 06/19/2021 01:38:33 and 06/19/2021 01:42:04&#xD;
Error: Sensor has not sent data for 0 hour 3 minute and 30 seconds long&#xD;
Error: The max time lapse in seconds: 336 &#xD;
Error: Data between time: 06/19/2021 01:53:33 and 06/19/2021 01:57:08&#xD;
Error: Sensor has not sent data for 0 hour 3 minute and 34 seconds long&#xD;
Error: The max time lapse in seconds: 336 &#xD;
Error: Data between time: 06/19/2021 02:59:42 and 06/19/2021 03:03:58&#xD;
Error: Sensor has not sent data for 0 hour 4 minute and 16 seconds long&#xD;
Error: The max time lapse in seconds: 336 &#xD;
Error: Data between time: 06/19/2021 03:36:34 and 06/19/2021 03:40:38&#xD;
Error: Sensor has not sent data for 0 hour 4 minute and 4 seconds long&#xD;
Error: The max time lapse in seconds: 336 &#xD;
Error: Data between time: 06/19/2021 04:03:35 and 06/19/2021 04:07:27&#xD;
Error: Sensor has not sent data for 0 hour 3 minute and 52 seconds long&#xD;
Error: The max time lapse in seconds: 336 &#xD;
Error: Data between time: 06/19/2021 04:41:47 and 06/19/2021 04:45:24&#xD;
Error: Sensor has not sent data for 0 hour 3 minute and 37 seconds long&#xD;
Error: The max time lapse in seconds: 336 &#xD;
Error: Data between time: 06/19/2021 04:51:59 and 06/19/2021 04:55:30&#xD;
Error: Sensor has not sent data for 0 hour 3 minute and 31 seconds long&#xD;
Error: The max time lapse in seconds: 336 &#xD;
Error: Data between time: 06/19/2021 05:00:06 and 06/19/2021 05:03:52&#xD;
Error: Sensor has not sent data for 0 hour 3 minute and 45 seconds long&#xD;
Error: The max time lapse in seconds: 336 &#xD;
Error: Data between time: 06/19/2021 05:17:00 and 06/19/2021 05:20:32&#xD;
Error: Sensor has not sent data for 0 hour 3 minute and 32 seconds long&#xD;
Error: The max time lapse in seconds: 336 &#xD;
Error: Data between time: 06/19/2021 06:39:52 and 06/19/2021 06:43:13&#xD;
Error: Sensor has not sent data for 0 hour 3 minute and 21 seconds long&#xD;
Error: The max time lapse in seconds: 336 &#xD;
Error: Data between time: 06/19/2021 06:53:15 and 06/19/2021 06:57:24&#xD;
Error: Sensor has not sent data for 0 hour 4 minute and 9 seconds long&#xD;
Error: The max time lapse in seconds: 336 &#xD;
Error: Data between time: 06/19/2021 07:30:36 and 06/19/2021 07:34:01&#xD;
Error: Sensor has not sent data for 0 hour 3 minute and 25 seconds long&#xD;
Error: The max time lapse in seconds: 336 &#xD;
Error: Data between time: 06/19/2021 07:36:58 and 06/19/2021 07:39:06&#xD;
Error: Sensor has not sent data for 0 hour 2 minute and 7 seconds long&#xD;
Error: The max time lapse in seconds: 336 &#xD;
Error: Data between time: 06/19/2021 08:28:27 and 06/19/2021 08:32:26&#xD;
Error: Sensor has not sent data for 0 hour 3 minute and 59 seconds long&#xD;
Error: The max time lapse in seconds: 336 &#xD;
Error: Data between time: 06/19/2021 09:20:22 and 06/19/2021 09:24:08&#xD;
Error: Sensor has not sent data for 0 hour 3 minute and 46 seconds long&#xD;
Error: The max time lapse in seconds: 336 &#xD;
Error: Data between time: 06/19/2021 09:38:43 and 06/19/2021 09:42:03&#xD;
Error: Sensor has not sent data for 0 hour 3 minute and 20 seconds long&#xD;
Error: The max time lapse in seconds: 336 &#xD;
Error: Data between time: 06/19/2021 09:52:04 and 06/19/2021 09:55:48&#xD;
Error: Sensor has not sent data for 0 hour 3 minute and 44 seconds long&#xD;
Error: The max time lapse in seconds: 336 &#xD;
Error: Data between time: 06/19/2021 11:36:56 and 06/19/2021 11:41:03&#xD;
Error: Sensor has not sent data for 0 hour 4 minute and 7 seconds long&#xD;
Error: The max time lapse in seconds: 336 &#xD;
Error: Data between time: 06/19/2021 11:50:37 and 06/19/2021 11:53:55&#xD;
Error: Sensor has not sent data for 0 hour 3 minute and 18 seconds long&#xD;
Error: The max time lapse in seconds: 336 &#xD;
Error: Data between time: 06/19/2021 12:04:00 and 06/19/2021 12:07:24&#xD;
Error: Sensor has not sent data for 0 hour 3 minute and 24 seconds long&#xD;
Error: The max time lapse in seconds: 336 &#xD;
Error: Data between time: 06/19/2021 13:06:50 and 06/19/2021 13:11:16&#xD;
Error: Sensor has not sent data for 0 hour 4 minute and 26 seconds long&#xD;
Error: The max time lapse in seconds: 336 &#xD;
Error: Data between time: 06/19/2021 13:48:55 and 06/19/2021 13:52:37&#xD;
Error: Sensor has not sent data for 0 hour 3 minute and 42 seconds long&#xD;
Error: The max time lapse in seconds: 336 &#xD;
Error: Data between time: 06/19/2021 15:08:35 and 06/19/2021 15:12:51&#xD;
Error: Sensor has not sent data for 0 hour 4 minute and 16 seconds long&#xD;
Error: The max time lapse in seconds: 336 &#xD;
Error: Data between time: 06/19/2021 15:43:52 and 06/19/2021 15:47:42&#xD;
Error: Sensor has not sent data for 0 hour 3 minute and 50 seconds long&#xD;
Error: The max time lapse in seconds: 336 &#xD;
Error: Data between time: 06/19/2021 16:44:03 and 06/19/2021 16:47:19&#xD;
Error: Sensor has not sent data for 0 hour 3 minute and 16 seconds long&#xD;
Error: The max time lapse in seconds: 336 &#xD;
Error: Data between time: 06/19/2021 17:15:39 and 06/19/2021 17:19:34&#xD;
Error: Sensor has not sent data for 0 hour 3 minute and 55 seconds long&#xD;
Error: The max time lapse in seconds: 336 &#xD;
Error: Data between time: 06/19/2021 17:36:02 and 06/19/2021 17:38:14&#xD;
Error: Sensor has not sent data for 0 hour 2 minute and 12 seconds long&#xD;
Error: The max time lapse in seconds: 336 &#xD;
Error: Data between time: 06/19/2021 17:45:51 and 06/19/2021 17:49:26&#xD;
Error: Sensor has not sent data for 0 hour 3 minute and 35 seconds long&#xD;
Error: The max time lapse in seconds: 336 &#xD;
Error: Data between time: 06/19/2021 18:16:07 and 06/19/2021 18:18:14&#xD;
Error: Sensor has not sent data for 0 hour 2 minute and 7 seconds long&#xD;
Error: The max time lapse in seconds: 336 &#xD;
Error: Data between time: 06/19/2021 18:34:04 and 06/19/2021 18:37:52&#xD;
Error: Sensor has not sent data for 0 hour 3 minute and 48 seconds long&#xD;
Error: The max time lapse in seconds: 336 &#xD;
Error: Data between time: 06/19/2021 18:42:44 and 06/19/2021 18:46:09&#xD;
Error: Sensor has not sent data for 0 hour 3 minute and 25 seconds long&#xD;
Error: The max time lapse in seconds: 336 &#xD;
Error: Data between time: 06/19/2021 20:52:24 and 06/19/2021 20:56:21&#xD;
Error: Sensor has not sent data for 0 hour 3 minute and 56 seconds long&#xD;
Error: The max time lapse in seconds: 336 &#xD;
Error: Data between time: 06/19/2021 21:04:21 and 06/19/2021 21:07:45&#xD;
Error: Sensor has not sent data for 0 hour 3 minute and 23 seconds long&#xD;
Error: The max time lapse in seconds: 336 &#xD;
Error: Data between time: 06/19/2021 21:22:44 and 06/19/2021 21:26:11&#xD;
Error: Sensor has not sent data for 0 hour 3 minute and 27 seconds long&#xD;
Error: The max time lapse in seconds: 336 &#xD;
Error: Data between time: 06/19/2021 21:29:22 and 06/19/2021 21:32:56&#xD;
Error: Sensor has not sent data for 0 hour 3 minute and 33 seconds long&#xD;
Error: The max time lapse in seconds: 336 &#xD;
Error: Data between time: 06/19/2021 22:24:12 and 06/19/2021 22:28:05&#xD;
Error: Sensor has not sent data for 0 hour 3 minute and 53 seconds long&#xD;
Error: The max time lapse in seconds: 336 &#xD;
&#xD;
Failed : Discrepency in time stamp in Temp&#xD;
&#xD;
Time Span Difference data for date : 2021-06-19 for Sensor Tag: 24EDFD0000C2 for dataType: Vibration&#xD;
Package Count X axis: 829&#xD;
Data between time: 06/19/2021 01:16:29 and 06/19/2021 01:22:05&#xD;
Sensor has not sent data for 0 hour 5 minute and 36 seconds long&#xD;
The max time lapse in seconds: 336 &#xD;
Data between time: 06/19/2021 01:38:33 and 06/19/2021 01:42:04&#xD;
Sensor has not sent data for 0 hour 3 minute and 30 seconds long&#xD;
The max time lapse in seconds: 336 &#xD;
Data between time: 06/19/2021 01:53:33 and 06/19/2021 01:57:08&#xD;
Sensor has not sent data for 0 hour 3 minute and 34 seconds long&#xD;
The max time lapse in seconds: 336 &#xD;
Data between time: 06/19/2021 02:59:42 and 06/19/2021 03:03:58&#xD;
Sensor has not sent data for 0 hour 4 minute and 16 seconds long&#xD;
The max time lapse in seconds: 336 &#xD;
Data between time: 06/19/2021 03:36:34 and 06/19/2021 03:40:38&#xD;
Sensor has not sent data for 0 hour 4 minute and 4 seconds long&#xD;
The max time lapse in seconds: 336 &#xD;
Data between time: 06/19/2021 04:03:35 and 06/19/2021 04:07:27&#xD;
Sensor has not sent data for 0 hour 3 minute and 52 seconds long&#xD;
The max time lapse in seconds: 336 &#xD;
Data between time: 06/19/2021 04:41:47 and 06/19/2021 04:45:24&#xD;
Sensor has not sent data for 0 hour 3 minute and 37 seconds long&#xD;
The max time lapse in seconds: 336 &#xD;
Data between time: 06/19/2021 04:51:59 and 06/19/2021 04:55:30&#xD;
Sensor has not sent data for 0 hour 3 minute and 31 seconds long&#xD;
The max time lapse in seconds: 336 &#xD;
Data between time: 06/19/2021 05:00:06 and 06/19/2021 05:03:52&#xD;
Sensor has not sent data for 0 hour 3 minute and 45 seconds long&#xD;
The max time lapse in seconds: 336 &#xD;
Data between time: 06/19/2021 05:17:00 and 06/19/2021 05:20:32&#xD;
Sensor has not sent data for 0 hour 3 minute and 32 seconds long&#xD;
The max time lapse in seconds: 336 &#xD;
Data between time: 06/19/2021 06:39:52 and 06/19/2021 06:43:13&#xD;
Sensor has not sent data for 0 hour 3 minute and 21 seconds long&#xD;
The max time lapse in seconds: 336 &#xD;
Data between time: 06/19/2021 06:53:15 and 06/19/2021 06:57:24&#xD;
Sensor has not sent data for 0 hour 4 minute and 9 seconds long&#xD;
The max time lapse in seconds: 336 &#xD;
Data between time: 06/19/2021 07:30:36 and 06/19/2021 07:34:01&#xD;
Sensor has not sent data for 0 hour 3 minute and 25 seconds long&#xD;
The max time lapse in seconds: 336 &#xD;
Data between time: 06/19/2021 07:36:58 and 06/19/2021 07:39:06&#xD;
Sensor has not sent data for 0 hour 2 minute and 7 seconds long&#xD;
The max time lapse in seconds: 336 &#xD;
Data between time: 06/19/2021 08:28:27 and 06/19/2021 08:32:26&#xD;
Sensor has not sent data for 0 hour 3 minute and 59 seconds long&#xD;
The max time lapse in seconds: 336 &#xD;
Data between time: 06/19/2021 09:20:22 and 06/19/2021 09:24:08&#xD;
Sensor has not sent data for 0 hour 3 minute and 46 seconds long&#xD;
The max time lapse in seconds: 336 &#xD;
Data between time: 06/19/2021 09:38:43 and 06/19/2021 09:42:03&#xD;
Sensor has not sent data for 0 hour 3 minute and 20 seconds long&#xD;
The max time lapse in seconds: 336 &#xD;
Data between time: 06/19/2021 09:52:04 and 06/19/2021 09:55:48&#xD;
Sensor has not sent data for 0 hour 3 minute and 44 seconds long&#xD;
The max time lapse in seconds: 336 &#xD;
Data between time: 06/19/2021 11:36:56 and 06/19/2021 11:41:03&#xD;
Sensor has not sent data for 0 hour 4 minute and 7 seconds long&#xD;
The max time lapse in seconds: 336 &#xD;
Data between time: 06/19/2021 11:50:37 and 06/19/2021 11:53:55&#xD;
Sensor has not sent data for 0 hour 3 minute and 18 seconds long&#xD;
The max time lapse in seconds: 336 &#xD;
Data between time: 06/19/2021 12:04:00 and 06/19/2021 12:07:24&#xD;
Sensor has not sent data for 0 hour 3 minute and 24 seconds long&#xD;
The max time lapse in seconds: 336 &#xD;
Data between time: 06/19/2021 13:06:50 and 06/19/2021 13:11:16&#xD;
Sensor has not sent data for 0 hour 4 minute and 26 seconds long&#xD;
The max time lapse in seconds: 336 &#xD;
Data between time: 06/19/2021 13:48:55 and 06/19/2021 13:52:37&#xD;
Sensor has not sent data for 0 hour 3 minute and 42 seconds long&#xD;
The max time lapse in seconds: 336 &#xD;
Data between time: 06/19/2021 13:54:18 and 06/19/2021 13:57:23&#xD;
Sensor has not sent data for 0 hour 3 minute and 5 seconds long&#xD;
The max time lapse in seconds: 336 &#xD;
Data between time: 06/19/2021 15:08:35 and 06/19/2021 15:12:51&#xD;
Sensor has not sent data for 0 hour 4 minute and 16 seconds long&#xD;
The max time lapse in seconds: 336 &#xD;
Data between time: 06/19/2021 15:43:52 and 06/19/2021 15:47:42&#xD;
Sensor has not sent data for 0 hour 3 minute and 50 seconds long&#xD;
The max time lapse in seconds: 336 &#xD;
Data between time: 06/19/2021 16:44:03 and 06/19/2021 16:47:19&#xD;
Sensor has not sent data for 0 hour 3 minute and 16 seconds long&#xD;
The max time lapse in seconds: 336 &#xD;
Data between time: 06/19/2021 17:15:39 and 06/19/2021 17:19:34&#xD;
Sensor has not sent data for 0 hour 3 minute and 55 seconds long&#xD;
The max time lapse in seconds: 336 &#xD;
Data between time: 06/19/2021 17:36:02 and 06/19/2021 17:38:14&#xD;
Sensor has not sent data for 0 hour 2 minute and 12 seconds long&#xD;
The max time lapse in seconds: 336 &#xD;
Data between time: 06/19/2021 17:45:51 and 06/19/2021 17:49:26&#xD;
Sensor has not sent data for 0 hour 3 minute and 35 seconds long&#xD;
The max time lapse in seconds: 336 &#xD;
Data between time: 06/19/2021 18:16:07 and 06/19/2021 18:18:14&#xD;
Sensor has not sent data for 0 hour 2 minute and 7 seconds long&#xD;
The max time lapse in seconds: 336 &#xD;
Data between time: 06/19/2021 18:34:04 and 06/19/2021 18:37:52&#xD;
Sensor has not sent data for 0 hour 3 minute and 48 seconds long&#xD;
The max time lapse in seconds: 336 &#xD;
Data between time: 06/19/2021 18:42:44 and 06/19/2021 18:46:09&#xD;
Sensor has not sent data for 0 hour 3 minute and 25 seconds long&#xD;
The max time lapse in seconds: 336 &#xD;
Data between time: 06/19/2021 20:52:24 and 06/19/2021 20:56:21&#xD;
Sensor has not sent data for 0 hour 3 minute and 56 seconds long&#xD;
The max time lapse in seconds: 336 &#xD;
Data between time: 06/19/2021 21:22:44 and 06/19/2021 21:26:11&#xD;
Sensor has not sent data for 0 hour 3 minute and 27 seconds long&#xD;
The max time lapse in seconds: 336 &#xD;
Data between time: 06/19/2021 21:29:22 and 06/19/2021 21:32:56&#xD;
Sensor has not sent data for 0 hour 3 minute and 33 seconds long&#xD;
The max time lapse in seconds: 336 &#xD;
Data between time: 06/19/2021 22:24:12 and 06/19/2021 22:28:05&#xD;
Sensor has not sent data for 0 hour 3 minute and 53 seconds long&#xD;
The max time lapse in seconds: 336 &#xD;
&#xD;
Failed : Discrepency in time stamp in Vibration&#xD;
&#xD;
Time Span Difference data for date : 2021-06-19 for Sensor Tag: 24EDFD0000C2 for dataType: Vibration&#xD;
Package Count Y axis: 829&#xD;
Data between time: 06/19/2021 01:16:29 and 06/19/2021 01:22:05&#xD;
Sensor has not sent data for 0 hour 5 minute and 36 seconds long&#xD;
The max time lapse in seconds: 336 &#xD;
Data between time: 06/19/2021 01:38:33 and 06/19/2021 01:42:04&#xD;
Sensor has not sent data for 0 hour 3 minute and 30 seconds long&#xD;
The max time lapse in seconds: 336 &#xD;
Data between time: 06/19/2021 01:53:33 and 06/19/2021 01:57:08&#xD;
Sensor has not sent data for 0 hour 3 minute and 34 seconds long&#xD;
The max time lapse in seconds: 336 &#xD;
Data between time: 06/19/2021 02:59:42 and 06/19/2021 03:03:58&#xD;
Sensor has not sent data for 0 hour 4 minute and 16 seconds long&#xD;
The max time lapse in seconds: 336 &#xD;
Data between time: 06/19/2021 03:36:34 and 06/19/2021 03:40:38&#xD;
Sensor has not sent data for 0 hour 4 minute and 4 seconds long&#xD;
The max time lapse in seconds: 336 &#xD;
Data between time: 06/19/2021 04:03:35 and 06/19/2021 04:07:27&#xD;
Sensor has not sent data for 0 hour 3 minute and 52 seconds long&#xD;
The max time lapse in seconds: 336 &#xD;
Data between time: 06/19/2021 04:41:47 and 06/19/2021 04:45:24&#xD;
Sensor has not sent data for 0 hour 3 minute and 37 seconds long&#xD;
The max time lapse in seconds: 336 &#xD;
Data between time: 06/19/2021 04:51:59 and 06/19/2021 04:55:30&#xD;
Sensor has not sent data for 0 hour 3 minute and 31 seconds long&#xD;
The max time lapse in seconds: 336 &#xD;
Data between time: 06/19/2021 05:00:06 and 06/19/2021 05:03:52&#xD;
Sensor has not sent data for 0 hour 3 minute and 45 seconds long&#xD;
The max time lapse in seconds: 336 &#xD;
Data between time: 06/19/2021 05:17:00 and 06/19/2021 05:20:32&#xD;
Sensor has not sent data for 0 hour 3 minute and 32 seconds long&#xD;
The max time lapse in seconds: 336 &#xD;
Data between time: 06/19/2021 06:39:52 and 06/19/2021 06:43:13&#xD;
Sensor has not sent data for 0 hour 3 minute and 21 seconds long&#xD;
The max time lapse in seconds: 336 &#xD;
Data between time: 06/19/2021 06:53:15 and 06/19/2021 06:57:24&#xD;
Sensor has not sent data for 0 hour 4 minute and 9 seconds long&#xD;
The max time lapse in seconds: 336 &#xD;
Data between time: 06/19/2021 07:30:36 and 06/19/2021 07:34:01&#xD;
Sensor has not sent data for 0 hour 3 minute and 25 seconds long&#xD;
The max time lapse in seconds: 336 &#xD;
Data between time: 06/19/2021 07:36:58 and 06/19/2021 07:39:06&#xD;
Sensor has not sent data for 0 hour 2 minute and 7 seconds long&#xD;
The max time lapse in seconds: 336 &#xD;
Data between time: 06/19/2021 08:28:27 and 06/19/2021 08:32:26&#xD;
Sensor has not sent data for 0 hour 3 minute and 59 seconds long&#xD;
The max time lapse in seconds: 336 &#xD;
Data between time: 06/19/2021 09:20:22 and 06/19/2021 09:24:08&#xD;
Sensor has not sent data for 0 hour 3 minute and 46 seconds long&#xD;
The max time lapse in seconds: 336 &#xD;
Data between time: 06/19/2021 09:38:43 and 06/19/2021 09:42:03&#xD;
Sensor has not sent data for 0 hour 3 minute and 20 seconds long&#xD;
The max time lapse in seconds: 336 &#xD;
Data between time: 06/19/2021 09:52:04 and 06/19/2021 09:55:48&#xD;
Sensor has not sent data for 0 hour 3 minute and 44 seconds long&#xD;
The max time lapse in seconds: 336 &#xD;
Data between time: 06/19/2021 11:36:56 and 06/19/2021 11:41:03&#xD;
Sensor has not sent data for 0 hour 4 minute and 7 seconds long&#xD;
The max time lapse in seconds: 336 &#xD;
Data between time: 06/19/2021 11:50:37 and 06/19/2021 11:53:55&#xD;
Sensor has not sent data for 0 hour 3 minute and 18 seconds long&#xD;
The max time lapse in seconds: 336 &#xD;
Data between time: 06/19/2021 12:04:00 and 06/19/2021 12:07:24&#xD;
Sensor has not sent data for 0 hour 3 minute and 24 seconds long&#xD;
The max time lapse in seconds: 336 &#xD;
Data between time: 06/19/2021 13:06:50 and 06/19/2021 13:11:16&#xD;
Sensor has not sent data for 0 hour 4 minute and 26 seconds long&#xD;
The max time lapse in seconds: 336 &#xD;
Data between time: 06/19/2021 13:48:55 and 06/19/2021 13:52:37&#xD;
Sensor has not sent data for 0 hour 3 minute and 42 seconds long&#xD;
The max time lapse in seconds: 336 &#xD;
Data between time: 06/19/2021 13:54:18 and 06/19/2021 13:57:23&#xD;
Sensor has not sent data for 0 hour 3 minute and 5 seconds long&#xD;
The max time lapse in seconds: 336 &#xD;
Data between time: 06/19/2021 15:08:35 and 06/19/2021 15:12:51&#xD;
Sensor has not sent data for 0 hour 4 minute and 16 seconds long&#xD;
The max time lapse in seconds: 336 &#xD;
Data between time: 06/19/2021 15:43:52 and 06/19/2021 15:47:42&#xD;
Sensor has not sent data for 0 hour 3 minute and 50 seconds long&#xD;
The max time lapse in seconds: 336 &#xD;
Data between time: 06/19/2021 16:44:03 and 06/19/2021 16:47:19&#xD;
Sensor has not sent data for 0 hour 3 minute and 16 seconds long&#xD;
The max time lapse in seconds: 336 &#xD;
Data between time: 06/19/2021 17:15:39 and 06/19/2021 17:19:34&#xD;
Sensor has not sent data for 0 hour 3 minute and 55 seconds long&#xD;
The max time lapse in seconds: 336 &#xD;
Data between time: 06/19/2021 17:36:02 and 06/19/2021 17:38:14&#xD;
Sensor has not sent data for 0 hour 2 minute and 12 seconds long&#xD;
The max time lapse in seconds: 336 &#xD;
Data between time: 06/19/2021 17:45:51 and 06/19/2021 17:49:26&#xD;
Sensor has not sent data for 0 hour 3 minute and 35 seconds long&#xD;
The max time lapse in seconds: 336 &#xD;
Data between time: 06/19/2021 18:16:07 and 06/19/2021 18:18:14&#xD;
Sensor has not sent data for 0 hour 2 minute and 7 seconds long&#xD;
The max time lapse in seconds: 336 &#xD;
Data between time: 06/19/2021 18:34:04 and 06/19/2021 18:37:52&#xD;
Sensor has not sent data for 0 hour 3 minute and 48 seconds long&#xD;
The max time lapse in seconds: 336 &#xD;
Data between time: 06/19/2021 18:42:44 and 06/19/2021 18:46:09&#xD;
Sensor has not sent data for 0 hour 3 minute and 25 seconds long&#xD;
The max time lapse in seconds: 336 &#xD;
Data between time: 06/19/2021 20:52:24 and 06/19/2021 20:56:21&#xD;
Sensor has not sent data for 0 hour 3 minute and 56 seconds long&#xD;
The max time lapse in seconds: 336 &#xD;
Data between time: 06/19/2021 21:22:44 and 06/19/2021 21:26:11&#xD;
Sensor has not sent data for 0 hour 3 minute and 27 seconds long&#xD;
The max time lapse in seconds: 336 &#xD;
Data between time: 06/19/2021 21:29:22 and 06/19/2021 21:32:56&#xD;
Sensor has not sent data for 0 hour 3 minute and 33 seconds long&#xD;
The max time lapse in seconds: 336 &#xD;
Data between time: 06/19/2021 22:24:12 and 06/19/2021 22:28:05&#xD;
Sensor has not sent data for 0 hour 3 minute and 53 seconds long&#xD;
The max time lapse in seconds: 336 &#xD;
&#xD;
Failed : Discrepency in time stamp in Vibration&#xD;
&#xD;
Time Span Difference data for date : 2021-06-19 for Sensor Tag: 24EDFD0000C2 for dataType: Vibration&#xD;
Package Count Z axis: 829&#xD;
Data between time: 06/19/2021 01:16:29 and 06/19/2021 01:22:05&#xD;
Sensor has not sent data for 0 hour 5 minute and 36 seconds long&#xD;
The max time lapse in seconds: 336 &#xD;
Data between time: 06/19/2021 01:38:33 and 06/19/2021 01:42:04&#xD;
Sensor has not sent data for 0 hour 3 minute and 30 seconds long&#xD;
The max time lapse in seconds: 336 &#xD;
Data between time: 06/19/2021 01:53:33 and 06/19/2021 01:57:08&#xD;
Sensor has not sent data for 0 hour 3 minute and 34 seconds long&#xD;
The max time lapse in seconds: 336 &#xD;
Data between time: 06/19/2021 02:59:42 and 06/19/2021 03:03:58&#xD;
Sensor has not sent data for 0 hour 4 minute and 16 seconds long&#xD;
The max time lapse in seconds: 336 &#xD;
Data between time: 06/19/2021 03:36:34 and 06/19/2021 03:40:38&#xD;
Sensor has not sent data for 0 hour 4 minute and 4 seconds long&#xD;
The max time lapse in seconds: 336 &#xD;
Data between time: 06/19/2021 04:03:35 and 06/19/2021 04:07:27&#xD;
Sensor has not sent data for 0 hour 3 minute and 52 seconds long&#xD;
The max time lapse in seconds: 336 &#xD;
Data between time: 06/19/2021 04:41:47 and 06/19/2021 04:45:24&#xD;
Sensor has not sent data for 0 hour 3 minute and 37 seconds long&#xD;
The max time lapse in seconds: 336 &#xD;
Data between time: 06/19/2021 04:51:59 and 06/19/2021 04:55:30&#xD;
Sensor has not sent data for 0 hour 3 minute and 31 seconds long&#xD;
The max time lapse in seconds: 336 &#xD;
Data between time: 06/19/2021 05:00:06 and 06/19/2021 05:03:52&#xD;
Sensor has not sent data for 0 hour 3 minute and 45 seconds long&#xD;
The max time lapse in seconds: 336 &#xD;
Data between time: 06/19/2021 05:17:00 and 06/19/2021 05:20:32&#xD;
Sensor has not sent data for 0 hour 3 minute and 32 seconds long&#xD;
The max time lapse in seconds: 336 &#xD;
Data between time: 06/19/2021 06:39:52 and 06/19/2021 06:43:13&#xD;
Sensor has not sent data for 0 hour 3 minute and 21 seconds long&#xD;
The max time lapse in seconds: 336 &#xD;
Data between time: 06/19/2021 06:53:15 and 06/19/2021 06:57:24&#xD;
Sensor has not sent data for 0 hour 4 minute and 9 seconds long&#xD;
The max time lapse in seconds: 336 &#xD;
Data between time: 06/19/2021 07:30:36 and 06/19/2021 07:34:01&#xD;
Sensor has not sent data for 0 hour 3 minute and 25 seconds long&#xD;
The max time lapse in seconds: 336 &#xD;
Data between time: 06/19/2021 07:36:58 and 06/19/2021 07:39:06&#xD;
Sensor has not sent data for 0 hour 2 minute and 7 seconds long&#xD;
The max time lapse in seconds: 336 &#xD;
Data between time: 06/19/2021 08:28:27 and 06/19/2021 08:32:26&#xD;
Sensor has not sent data for 0 hour 3 minute and 59 seconds long&#xD;
The max time lapse in seconds: 336 &#xD;
Data between time: 06/19/2021 09:20:22 and 06/19/2021 09:24:08&#xD;
Sensor has not sent data for 0 hour 3 minute and 46 seconds long&#xD;
The max time lapse in seconds: 336 &#xD;
Data between time: 06/19/2021 09:38:43 and 06/19/2021 09:42:03&#xD;
Sensor has not sent data for 0 hour 3 minute and 20 seconds long&#xD;
The max time lapse in seconds: 336 &#xD;
Data between time: 06/19/2021 09:52:04 and 06/19/2021 09:55:48&#xD;
Sensor has not sent data for 0 hour 3 minute and 44 seconds long&#xD;
The max time lapse in seconds: 336 &#xD;
Data between time: 06/19/2021 11:36:56 and 06/19/2021 11:41:03&#xD;
Sensor has not sent data for 0 hour 4 minute and 7 seconds long&#xD;
The max time lapse in seconds: 336 &#xD;
Data between time: 06/19/2021 11:50:37 and 06/19/2021 11:53:55&#xD;
Sensor has not sent data for 0 hour 3 minute and 18 seconds long&#xD;
The max time lapse in seconds: 336 &#xD;
Data between time: 06/19/2021 12:04:00 and 06/19/2021 12:07:24&#xD;
Sensor has not sent data for 0 hour 3 minute and 24 seconds long&#xD;
The max time lapse in seconds: 336 &#xD;
Data between time: 06/19/2021 13:06:50 and 06/19/2021 13:11:16&#xD;
Sensor has not sent data for 0 hour 4 minute and 26 seconds long&#xD;
The max time lapse in seconds: 336 &#xD;
Data between time: 06/19/2021 13:48:55 and 06/19/2021 13:52:37&#xD;
Sensor has not sent data for 0 hour 3 minute and 42 seconds long&#xD;
The max time lapse in seconds: 336 &#xD;
Data between time: 06/19/2021 13:54:18 and 06/19/2021 13:57:23&#xD;
Sensor has not sent data for 0 hour 3 minute and 5 seconds long&#xD;
The max time lapse in seconds: 336 &#xD;
Data between time: 06/19/2021 15:08:35 and 06/19/2021 15:12:51&#xD;
Sensor has not sent data for 0 hour 4 minute and 16 seconds long&#xD;
The max time lapse in seconds: 336 &#xD;
Data between time: 06/19/2021 15:43:52 and 06/19/2021 15:47:42&#xD;
Sensor has not sent data for 0 hour 3 minute and 50 seconds long&#xD;
The max time lapse in seconds: 336 &#xD;
Data between time: 06/19/2021 16:44:03 and 06/19/2021 16:47:19&#xD;
Sensor has not sent data for 0 hour 3 minute and 16 seconds long&#xD;
The max time lapse in seconds: 336 &#xD;
Data between time: 06/19/2021 17:15:39 and 06/19/2021 17:19:34&#xD;
Sensor has not sent data for 0 hour 3 minute and 55 seconds long&#xD;
The max time lapse in seconds: 336 &#xD;
Data between time: 06/19/2021 17:36:02 and 06/19/2021 17:38:14&#xD;
Sensor has not sent data for 0 hour 2 minute and 12 seconds long&#xD;
The max time lapse in seconds: 336 &#xD;
Data between time: 06/19/2021 17:45:51 and 06/19/2021 17:49:26&#xD;
Sensor has not sent data for 0 hour 3 minute and 35 seconds long&#xD;
The max time lapse in seconds: 336 &#xD;
Data between time: 06/19/2021 18:16:07 and 06/19/2021 18:18:14&#xD;
Sensor has not sent data for 0 hour 2 minute and 7 seconds long&#xD;
The max time lapse in seconds: 336 &#xD;
Data between time: 06/19/2021 18:34:04 and 06/19/2021 18:37:52&#xD;
Sensor has not sent data for 0 hour 3 minute and 48 seconds long&#xD;
The max time lapse in seconds: 336 &#xD;
Data between time: 06/19/2021 18:42:44 and 06/19/2021 18:46:09&#xD;
Sensor has not sent data for 0 hour 3 minute and 25 seconds long&#xD;
The max time lapse in seconds: 336 &#xD;
Data between time: 06/19/2021 20:52:24 and 06/19/2021 20:56:21&#xD;
Sensor has not sent data for 0 hour 3 minute and 56 seconds long&#xD;
The max time lapse in seconds: 336 &#xD;
Data between time: 06/19/2021 21:22:44 and 06/19/2021 21:26:11&#xD;
Sensor has not sent data for 0 hour 3 minute and 27 seconds long&#xD;
The max time lapse in seconds: 336 &#xD;
Data between time: 06/19/2021 21:29:22 and 06/19/2021 21:32:56&#xD;
Sensor has not sent data for 0 hour 3 minute and 33 seconds long&#xD;
The max time lapse in seconds: 336 &#xD;
Data between time: 06/19/2021 22:24:12 and 06/19/2021 22:28:05&#xD;
Sensor has not sent data for 0 hour 3 minute and 53 seconds long&#xD;
The max time lapse in seconds: 336 &#xD;
&#xD;
Failed : Discrepency in time stamp in Vibration&#xD;
&#xD;
Time Span Difference data for date : 2021-06-20 for Sensor Tag: 24EDFD0000C2 for dataType: Signal Strength&#xD;
Package Count 835&#xD;
Error: Data between time: 06/20/2021 00:04:04 and 06/20/2021 00:08:08&#xD;
Error: Sensor has not sent data for 0 hour 4 minute and 4 seconds long&#xD;
Error: The max time lapse in seconds: 244 &#xD;
Error: Data between time: 06/20/2021 00:24:32 and 06/20/2021 00:28:16&#xD;
Error: Sensor has not sent data for 0 hour 3 minute and 44 seconds long&#xD;
Error: The max time lapse in seconds: 244 &#xD;
Error: Data between time: 06/20/2021 01:17:46 and 06/20/2021 01:21:32&#xD;
Error: Sensor has not sent data for 0 hour 3 minute and 45 seconds long&#xD;
Error: The max time lapse in seconds: 244 &#xD;
Error: Data between time: 06/20/2021 03:02:29 and 06/20/2021 03:06:26&#xD;
Error: Sensor has not sent data for 0 hour 3 minute and 56 seconds long&#xD;
Error: The max time lapse in seconds: 244 &#xD;
Error: Data between time: 06/20/2021 03:46:11 and 06/20/2021 03:49:57&#xD;
Error: Sensor has not sent data for 0 hour 3 minute and 46 seconds long&#xD;
Error: The max time lapse in seconds: 244 &#xD;
Error: Data between time: 06/20/2021 04:14:52 and 06/20/2021 04:18:14&#xD;
Error: Sensor has not sent data for 0 hour 3 minute and 22 seconds long&#xD;
Error: The max time lapse in seconds: 244 &#xD;
Error: Data between time: 06/20/2021 04:30:00 and 06/20/2021 04:33:20&#xD;
Error: Sensor has not sent data for 0 hour 3 minute and 20 seconds long&#xD;
Error: The max time lapse in seconds: 244 &#xD;
Error: Data between time: 06/20/2021 04:52:57 and 06/20/2021 04:55:03&#xD;
Error: Sensor has not sent data for 0 hour 2 minute and 6 seconds long&#xD;
Error: The max time lapse in seconds: 244 &#xD;
Error: Data between time: 06/20/2021 05:19:15 and 06/20/2021 05:23:19&#xD;
Error: Sensor has not sent data for 0 hour 4 minute and 4 seconds long&#xD;
Error: The max time lapse in seconds: 244 &#xD;
Error: Data between time: 06/20/2021 05:32:59 and 06/20/2021 05:36:41&#xD;
Error: Sensor has not sent data for 0 hour 3 minute and 42 seconds long&#xD;
Error: The max time lapse in seconds: 244 &#xD;
Error: Data between time: 06/20/2021 07:04:42 and 06/20/2021 07:10:12&#xD;
Error: Sensor has not sent data for 0 hour 5 minute and 30 seconds long&#xD;
Error: The max time lapse in seconds: 330 &#xD;
Error: Data between time: 06/20/2021 07:29:53 and 06/20/2021 07:33:10&#xD;
Error: Sensor has not sent data for 0 hour 3 minute and 17 seconds long&#xD;
Error: The max time lapse in seconds: 330 &#xD;
Error: Data between time: 06/20/2021 07:41:22 and 06/20/2021 07:44:52&#xD;
Error: Sensor has not sent data for 0 hour 3 minute and 29 seconds long&#xD;
Error: The max time lapse in seconds: 330 &#xD;
Error: Data between time: 06/20/2021 12:07:53 and 06/20/2021 12:11:59&#xD;
Error: Sensor has not sent data for 0 hour 4 minute and 6 seconds long&#xD;
Error: The max time lapse in seconds: 330 &#xD;
Error: Data between time: 06/20/2021 14:43:01 and 06/20/2021 14:46:52&#xD;
Error: Sensor has not sent data for 0 hour 3 minute and 51 seconds long&#xD;
Error: The max time lapse in seconds: 330 &#xD;
Error: Data between time: 06/20/2021 15:04:59 and 06/20/2021 15:08:50&#xD;
Error: Sensor has not sent data for 0 hour 3 minute and 50 seconds long&#xD;
Error: The max time lapse in seconds: 330 &#xD;
Error: Data between time: 06/20/2021 16:15:30 and 06/20/2021 16:18:40&#xD;
Error: Sensor has not sent data for 0 hour 3 minute and 10 seconds long&#xD;
Error: The max time lapse in seconds: 330 &#xD;
Error: Data between time: 06/20/2021 16:25:03 and 06/20/2021 16:29:03&#xD;
Error: Sensor has not sent data for 0 hour 3 minute and 59 seconds long&#xD;
Error: The max time lapse in seconds: 330 &#xD;
Error: Data between time: 06/20/2021 16:38:35 and 06/20/2021 16:42:15&#xD;
Error: Sensor has not sent data for 0 hour 3 minute and 39 seconds long&#xD;
Error: The max time lapse in seconds: 330 &#xD;
Error: Data between time: 06/20/2021 16:51:47 and 06/20/2021 16:55:35&#xD;
Error: Sensor has not sent data for 0 hour 3 minute and 48 seconds long&#xD;
Error: The max time lapse in seconds: 330 &#xD;
Error: Data between time: 06/20/2021 17:10:22 and 06/20/2021 17:13:57&#xD;
Error: Sensor has not sent data for 0 hour 3 minute and 34 seconds long&#xD;
Error: The max time lapse in seconds: 330 &#xD;
Error: Data between time: 06/20/2021 17:45:18 and 06/20/2021 17:48:53&#xD;
Error: Sensor has not sent data for 0 hour 3 minute and 35 seconds long&#xD;
Error: The max time lapse in seconds: 330 &#xD;
Error: Data between time: 06/20/2021 19:23:25 and 06/20/2021 19:27:31&#xD;
Error: Sensor has not sent data for 0 hour 4 minute and 6 seconds long&#xD;
Error: The max time lapse in seconds: 330 &#xD;
Error: Data between time: 06/20/2021 20:03:24 and 06/20/2021 20:07:08&#xD;
Error: Sensor has not sent data for 0 hour 3 minute and 43 seconds long&#xD;
Error: The max time lapse in seconds: 330 &#xD;
Error: Data between time: 06/20/2021 20:08:47 and 06/20/2021 20:12:18&#xD;
Error: Sensor has not sent data for 0 hour 3 minute and 31 seconds long&#xD;
Error: The max time lapse in seconds: 330 &#xD;
Error: Data between time: 06/20/2021 21:46:40 and 06/20/2021 21:50:56&#xD;
Error: Sensor has not sent data for 0 hour 4 minute and 15 seconds long&#xD;
Error: The max time lapse in seconds: 330 &#xD;
Error: Data between time: 06/20/2021 22:35:32 and 06/20/2021 22:39:11&#xD;
Error: Sensor has not sent data for 0 hour 3 minute and 39 seconds long&#xD;
Error: The max time lapse in seconds: 330 &#xD;
Error: Data between time: 06/20/2021 23:13:26 and 06/20/2021 23:17:29&#xD;
Error: Sensor has not sent data for 0 hour 4 minute and 3 seconds long&#xD;
Error: The max time lapse in seconds: 330 &#xD;
&#xD;
Failed : Discrepency in time stamp in Signal&#xD;
&#xD;
Time Span Difference data for date : 2021-06-20 for Sensor Tag: 24EDFD0000C2 for dataType: Temperature&#xD;
Package Count 835&#xD;
Error: Data between time: 06/20/2021 00:04:04 and 06/20/2021 00:08:08&#xD;
Error: Sensor has not sent data for 0 hour 4 minute and 4 seconds long&#xD;
Error: The max time lapse in seconds: 244 &#xD;
Error: Data between time: 06/20/2021 00:24:32 and 06/20/2021 00:28:16&#xD;
Error: Sensor has not sent data for 0 hour 3 minute and 44 seconds long&#xD;
Error: The max time lapse in seconds: 244 &#xD;
Error: Data between time: 06/20/2021 01:17:46 and 06/20/2021 01:21:32&#xD;
Error: Sensor has not sent data for 0 hour 3 minute and 45 seconds long&#xD;
Error: The max time lapse in seconds: 244 &#xD;
Error: Data between time: 06/20/2021 03:02:29 and 06/20/2021 03:06:26&#xD;
Error: Sensor has not sent data for 0 hour 3 minute and 56 seconds long&#xD;
Error: The max time lapse in seconds: 244 &#xD;
Error: Data between time: 06/20/2021 03:46:11 and 06/20/2021 03:49:57&#xD;
Error: Sensor has not sent data for 0 hour 3 minute and 46 seconds long&#xD;
Error: The max time lapse in seconds: 244 &#xD;
Error: Data between time: 06/20/2021 04:14:52 and 06/20/2021 04:18:14&#xD;
Error: Sensor has not sent data for 0 hour 3 minute and 22 seconds long&#xD;
Error: The max time lapse in seconds: 244 &#xD;
Error: Data between time: 06/20/2021 04:30:00 and 06/20/2021 04:33:20&#xD;
Error: Sensor has not sent data for 0 hour 3 minute and 20 seconds long&#xD;
Error: The max time lapse in seconds: 244 &#xD;
Error: Data between time: 06/20/2021 04:52:57 and 06/20/2021 04:55:03&#xD;
Error: Sensor has not sent data for 0 hour 2 minute and 6 seconds long&#xD;
Error: The max time lapse in seconds: 244 &#xD;
Error: Data between time: 06/20/2021 05:19:15 and 06/20/2021 05:23:19&#xD;
Error: Sensor has not sent data for 0 hour 4 minute and 4 seconds long&#xD;
Error: The max time lapse in seconds: 244 &#xD;
Error: Data between time: 06/20/2021 05:32:59 and 06/20/2021 05:36:41&#xD;
Error: Sensor has not sent data for 0 hour 3 minute and 42 seconds long&#xD;
Error: The max time lapse in seconds: 244 &#xD;
Error: Data between time: 06/20/2021 07:04:42 and 06/20/2021 07:10:12&#xD;
Error: Sensor has not sent data for 0 hour 5 minute and 30 seconds long&#xD;
Error: The max time lapse in seconds: 330 &#xD;
Error: Data between time: 06/20/2021 07:29:53 and 06/20/2021 07:33:10&#xD;
Error: Sensor has not sent data for 0 hour 3 minute and 17 seconds long&#xD;
Error: The max time lapse in seconds: 330 &#xD;
Error: Data between time: 06/20/2021 07:41:22 and 06/20/2021 07:44:52&#xD;
Error: Sensor has not sent data for 0 hour 3 minute and 29 seconds long&#xD;
Error: The max time lapse in seconds: 330 &#xD;
Error: Data between time: 06/20/2021 12:07:53 and 06/20/2021 12:11:59&#xD;
Error: Sensor has not sent data for 0 hour 4 minute and 6 seconds long&#xD;
Error: The max time lapse in seconds: 330 &#xD;
Error: Data between time: 06/20/2021 14:43:01 and 06/20/2021 14:46:52&#xD;
Error: Sensor has not sent data for 0 hour 3 minute and 51 seconds long&#xD;
Error: The max time lapse in seconds: 330 &#xD;
Error: Data between time: 06/20/2021 15:04:59 and 06/20/2021 15:08:50&#xD;
Error: Sensor has not sent data for 0 hour 3 minute and 50 seconds long&#xD;
Error: The max time lapse in seconds: 330 &#xD;
Error: Data between time: 06/20/2021 16:15:30 and 06/20/2021 16:18:40&#xD;
Error: Sensor has not sent data for 0 hour 3 minute and 10 seconds long&#xD;
Error: The max time lapse in seconds: 330 &#xD;
Error: Data between time: 06/20/2021 16:25:03 and 06/20/2021 16:29:03&#xD;
Error: Sensor has not sent data for 0 hour 3 minute and 59 seconds long&#xD;
Error: The max time lapse in seconds: 330 &#xD;
Error: Data between time: 06/20/2021 16:38:35 and 06/20/2021 16:42:15&#xD;
Error: Sensor has not sent data for 0 hour 3 minute and 39 seconds long&#xD;
Error: The max time lapse in seconds: 330 &#xD;
Error: Data between time: 06/20/2021 16:51:47 and 06/20/2021 16:55:35&#xD;
Error: Sensor has not sent data for 0 hour 3 minute and 48 seconds long&#xD;
Error: The max time lapse in seconds: 330 &#xD;
Error: Data between time: 06/20/2021 17:10:22 and 06/20/2021 17:13:57&#xD;
Error: Sensor has not sent data for 0 hour 3 minute and 34 seconds long&#xD;
Error: The max time lapse in seconds: 330 &#xD;
Error: Data between time: 06/20/2021 17:45:18 and 06/20/2021 17:48:53&#xD;
Error: Sensor has not sent data for 0 hour 3 minute and 35 seconds long&#xD;
Error: The max time lapse in seconds: 330 &#xD;
Error: Data between time: 06/20/2021 19:23:25 and 06/20/2021 19:27:31&#xD;
Error: Sensor has not sent data for 0 hour 4 minute and 6 seconds long&#xD;
Error: The max time lapse in seconds: 330 &#xD;
Error: Data between time: 06/20/2021 20:03:24 and 06/20/2021 20:07:08&#xD;
Error: Sensor has not sent data for 0 hour 3 minute and 43 seconds long&#xD;
Error: The max time lapse in seconds: 330 &#xD;
Error: Data between time: 06/20/2021 20:08:47 and 06/20/2021 20:12:18&#xD;
Error: Sensor has not sent data for 0 hour 3 minute and 31 seconds long&#xD;
Error: The max time lapse in seconds: 330 &#xD;
Error: Data between time: 06/20/2021 21:46:40 and 06/20/2021 21:50:56&#xD;
Error: Sensor has not sent data for 0 hour 4 minute and 15 seconds long&#xD;
Error: The max time lapse in seconds: 330 &#xD;
Error: Data between time: 06/20/2021 22:35:32 and 06/20/2021 22:39:11&#xD;
Error: Sensor has not sent data for 0 hour 3 minute and 39 seconds long&#xD;
Error: The max time lapse in seconds: 330 &#xD;
Error: Data between time: 06/20/2021 23:13:26 and 06/20/2021 23:17:29&#xD;
Error: Sensor has not sent data for 0 hour 4 minute and 3 seconds long&#xD;
Error: The max time lapse in seconds: 330 &#xD;
&#xD;
Failed : Discrepency in time stamp in Temp&#xD;
&#xD;
Time Span Difference data for date : 2021-06-20 for Sensor Tag: 24EDFD0000C2 for dataType: Vibration&#xD;
Package Count X axis: 834&#xD;
Data between time: 06/20/2021 00:04:04 and 06/20/2021 00:08:08&#xD;
Sensor has not sent data for 0 hour 4 minute and 4 seconds long&#xD;
The max time lapse in seconds: 244 &#xD;
Data between time: 06/20/2021 00:24:32 and 06/20/2021 00:28:16&#xD;
Sensor has not sent data for 0 hour 3 minute and 44 seconds long&#xD;
The max time lapse in seconds: 244 &#xD;
Data between time: 06/20/2021 01:17:46 and 06/20/2021 01:21:32&#xD;
Sensor has not sent data for 0 hour 3 minute and 45 seconds long&#xD;
The max time lapse in seconds: 244 &#xD;
Data between time: 06/20/2021 03:02:29 and 06/20/2021 03:06:26&#xD;
Sensor has not sent data for 0 hour 3 minute and 56 seconds long&#xD;
The max time lapse in seconds: 244 &#xD;
Data between time: 06/20/2021 03:46:11 and 06/20/2021 03:49:57&#xD;
Sensor has not sent data for 0 hour 3 minute and 46 seconds long&#xD;
The max time lapse in seconds: 244 &#xD;
Data between time: 06/20/2021 04:14:52 and 06/20/2021 04:18:14&#xD;
Sensor has not sent data for 0 hour 3 minute and 22 seconds long&#xD;
The max time lapse in seconds: 244 &#xD;
Data between time: 06/20/2021 04:30:00 and 06/20/2021 04:33:20&#xD;
Sensor has not sent data for 0 hour 3 minute and 20 seconds long&#xD;
The max time lapse in seconds: 244 &#xD;
Data between time: 06/20/2021 04:52:57 and 06/20/2021 04:55:03&#xD;
Sensor has not sent data for 0 hour 2 minute and 6 seconds long&#xD;
The max time lapse in seconds: 244 &#xD;
Data between time: 06/20/2021 05:19:15 and 06/20/2021 05:23:19&#xD;
Sensor has not sent data for 0 hour 4 minute and 4 seconds long&#xD;
The max time lapse in seconds: 244 &#xD;
Data between time: 06/20/2021 05:32:59 and 06/20/2021 05:36:41&#xD;
Sensor has not sent data for 0 hour 3 minute and 42 seconds long&#xD;
The max time lapse in seconds: 244 &#xD;
Data between time: 06/20/2021 07:04:42 and 06/20/2021 07:10:12&#xD;
Sensor has not sent data for 0 hour 5 minute and 30 seconds long&#xD;
The max time lapse in seconds: 330 &#xD;
Data between time: 06/20/2021 07:29:53 and 06/20/2021 07:33:10&#xD;
Sensor has not sent data for 0 hour 3 minute and 17 seconds long&#xD;
The max time lapse in seconds: 330 &#xD;
Data between time: 06/20/2021 07:41:22 and 06/20/2021 07:44:52&#xD;
Sensor has not sent data for 0 hour 3 minute and 29 seconds long&#xD;
The max time lapse in seconds: 330 &#xD;
Data between time: 06/20/2021 12:07:53 and 06/20/2021 12:11:59&#xD;
Sensor has not sent data for 0 hour 4 minute and 6 seconds long&#xD;
The max time lapse in seconds: 330 &#xD;
Data between time: 06/20/2021 14:11:18 and 06/20/2021 14:14:40&#xD;
Sensor has not sent data for 0 hour 3 minute and 21 seconds long&#xD;
The max time lapse in seconds: 330 &#xD;
Data between time: 06/20/2021 14:43:01 and 06/20/2021 14:46:52&#xD;
Sensor has not sent data for 0 hour 3 minute and 51 seconds long&#xD;
The max time lapse in seconds: 330 &#xD;
Data between time: 06/20/2021 15:04:59 and 06/20/2021 15:08:50&#xD;
Sensor has not sent data for 0 hour 3 minute and 50 seconds long&#xD;
The max time lapse in seconds: 330 &#xD;
Data between time: 06/20/2021 16:15:30 and 06/20/2021 16:18:40&#xD;
Sensor has not sent data for 0 hour 3 minute and 10 seconds long&#xD;
The max time lapse in seconds: 330 &#xD;
Data between time: 06/20/2021 16:25:03 and 06/20/2021 16:29:03&#xD;
Sensor has not sent data for 0 hour 3 minute and 59 seconds long&#xD;
The max time lapse in seconds: 330 &#xD;
Data between time: 06/20/2021 16:38:35 and 06/20/2021 16:42:15&#xD;
Sensor has not sent data for 0 hour 3 minute and 39 seconds long&#xD;
The max time lapse in seconds: 330 &#xD;
Data between time: 06/20/2021 16:51:47 and 06/20/2021 16:55:35&#xD;
Sensor has not sent data for 0 hour 3 minute and 48 seconds long&#xD;
The max time lapse in seconds: 330 &#xD;
Data between time: 06/20/2021 17:10:22 and 06/20/2021 17:13:57&#xD;
Sensor has not sent data for 0 hour 3 minute and 34 seconds long&#xD;
The max time lapse in seconds: 330 &#xD;
Data between time: 06/20/2021 17:45:18 and 06/20/2021 17:48:53&#xD;
Sensor has not sent data for 0 hour 3 minute and 35 seconds long&#xD;
The max time lapse in seconds: 330 &#xD;
Data between time: 06/20/2021 19:23:25 and 06/20/2021 19:27:31&#xD;
Sensor has not sent data for 0 hour 4 minute and 6 seconds long&#xD;
The max time lapse in seconds: 330 &#xD;
Data between time: 06/20/2021 20:03:24 and 06/20/2021 20:07:08&#xD;
Sensor has not sent data for 0 hour 3 minute and 43 seconds long&#xD;
The max time lapse in seconds: 330 &#xD;
Data between time: 06/20/2021 20:08:47 and 06/20/2021 20:12:18&#xD;
Sensor has not sent data for 0 hour 3 minute and 31 seconds long&#xD;
The max time lapse in seconds: 330 &#xD;
Data between time: 06/20/2021 21:46:40 and 06/20/2021 21:50:56&#xD;
Sensor has not sent data for 0 hour 4 minute and 15 seconds long&#xD;
The max time lapse in seconds: 330 &#xD;
Data between time: 06/20/2021 22:35:32 and 06/20/2021 22:39:11&#xD;
Sensor has not sent data for 0 hour 3 minute and 39 seconds long&#xD;
The max time lapse in seconds: 330 &#xD;
Data between time: 06/20/2021 23:13:26 and 06/20/2021 23:17:29&#xD;
Sensor has not sent data for 0 hour 4 minute and 3 seconds long&#xD;
The max time lapse in seconds: 330 &#xD;
&#xD;
Failed : Discrepency in time stamp in Vibration&#xD;
&#xD;
Time Span Difference data for date : 2021-06-20 for Sensor Tag: 24EDFD0000C2 for dataType: Vibration&#xD;
Package Count Y axis: 834&#xD;
Data between time: 06/20/2021 00:04:04 and 06/20/2021 00:08:08&#xD;
Sensor has not sent data for 0 hour 4 minute and 4 seconds long&#xD;
The max time lapse in seconds: 244 &#xD;
Data between time: 06/20/2021 00:24:32 and 06/20/2021 00:28:16&#xD;
Sensor has not sent data for 0 hour 3 minute and 44 seconds long&#xD;
The max time lapse in seconds: 244 &#xD;
Data between time: 06/20/2021 01:17:46 and 06/20/2021 01:21:32&#xD;
Sensor has not sent data for 0 hour 3 minute and 45 seconds long&#xD;
The max time lapse in seconds: 244 &#xD;
Data between time: 06/20/2021 03:02:29 and 06/20/2021 03:06:26&#xD;
Sensor has not sent data for 0 hour 3 minute and 56 seconds long&#xD;
The max time lapse in seconds: 244 &#xD;
Data between time: 06/20/2021 03:46:11 and 06/20/2021 03:49:57&#xD;
Sensor has not sent data for 0 hour 3 minute and 46 seconds long&#xD;
The max time lapse in seconds: 244 &#xD;
Data between time: 06/20/2021 04:14:52 and 06/20/2021 04:18:14&#xD;
Sensor has not sent data for 0 hour 3 minute and 22 seconds long&#xD;
The max time lapse in seconds: 244 &#xD;
Data between time: 06/20/2021 04:30:00 and 06/20/2021 04:33:20&#xD;
Sensor has not sent data for 0 hour 3 minute and 20 seconds long&#xD;
The max time lapse in seconds: 244 &#xD;
Data between time: 06/20/2021 04:52:57 and 06/20/2021 04:55:03&#xD;
Sensor has not sent data for 0 hour 2 minute and 6 seconds long&#xD;
The max time lapse in seconds: 244 &#xD;
Data between time: 06/20/2021 05:19:15 and 06/20/2021 05:23:19&#xD;
Sensor has not sent data for 0 hour 4 minute and 4 seconds long&#xD;
The max time lapse in seconds: 244 &#xD;
Data between time: 06/20/2021 05:32:59 and 06/20/2021 05:36:41&#xD;
Sensor has not sent data for 0 hour 3 minute and 42 seconds long&#xD;
The max time lapse in seconds: 244 &#xD;
Data between time: 06/20/2021 07:04:42 and 06/20/2021 07:10:12&#xD;
Sensor has not sent data for 0 hour 5 minute and 30 seconds long&#xD;
The max time lapse in seconds: 330 &#xD;
Data between time: 06/20/2021 07:29:53 and 06/20/2021 07:33:10&#xD;
Sensor has not sent data for 0 hour 3 minute and 17 seconds long&#xD;
The max time lapse in seconds: 330 &#xD;
Data between time: 06/20/2021 07:41:22 and 06/20/2021 07:44:52&#xD;
Sensor has not sent data for 0 hour 3 minute and 29 seconds long&#xD;
The max time lapse in seconds: 330 &#xD;
Data between time: 06/20/2021 12:07:53 and 06/20/2021 12:11:59&#xD;
Sensor has not sent data for 0 hour 4 minute and 6 seconds long&#xD;
The max time lapse in seconds: 330 &#xD;
Data between time: 06/20/2021 14:11:18 and 06/20/2021 14:14:40&#xD;
Sensor has not sent data for 0 hour 3 minute and 21 seconds long&#xD;
The max time lapse in seconds: 330 &#xD;
Data between time: 06/20/2021 14:43:01 and 06/20/2021 14:46:52&#xD;
Sensor has not sent data for 0 hour 3 minute and 51 seconds long&#xD;
The max time lapse in seconds: 330 &#xD;
Data between time: 06/20/2021 15:04:59 and 06/20/2021 15:08:50&#xD;
Sensor has not sent data for 0 hour 3 minute and 50 seconds long&#xD;
The max time lapse in seconds: 330 &#xD;
Data between time: 06/20/2021 16:15:30 and 06/20/2021 16:18:40&#xD;
Sensor has not sent data for 0 hour 3 minute and 10 seconds long&#xD;
The max time lapse in seconds: 330 &#xD;
Data between time: 06/20/2021 16:25:03 and 06/20/2021 16:29:03&#xD;
Sensor has not sent data for 0 hour 3 minute and 59 seconds long&#xD;
The max time lapse in seconds: 330 &#xD;
Data between time: 06/20/2021 16:38:35 and 06/20/2021 16:42:15&#xD;
Sensor has not sent data for 0 hour 3 minute and 39 seconds long&#xD;
The max time lapse in seconds: 330 &#xD;
Data between time: 06/20/2021 16:51:47 and 06/20/2021 16:55:35&#xD;
Sensor has not sent data for 0 hour 3 minute and 48 seconds long&#xD;
The max time lapse in seconds: 330 &#xD;
Data between time: 06/20/2021 17:10:22 and 06/20/2021 17:13:57&#xD;
Sensor has not sent data for 0 hour 3 minute and 34 seconds long&#xD;
The max time lapse in seconds: 330 &#xD;
Data between time: 06/20/2021 17:45:18 and 06/20/2021 17:48:53&#xD;
Sensor has not sent data for 0 hour 3 minute and 35 seconds long&#xD;
The max time lapse in seconds: 330 &#xD;
Data between time: 06/20/2021 19:23:25 and 06/20/2021 19:27:31&#xD;
Sensor has not sent data for 0 hour 4 minute and 6 seconds long&#xD;
The max time lapse in seconds: 330 &#xD;
Data between time: 06/20/2021 20:03:24 and 06/20/2021 20:07:08&#xD;
Sensor has not sent data for 0 hour 3 minute and 43 seconds long&#xD;
The max time lapse in seconds: 330 &#xD;
Data between time: 06/20/2021 20:08:47 and 06/20/2021 20:12:18&#xD;
Sensor has not sent data for 0 hour 3 minute and 31 seconds long&#xD;
The max time lapse in seconds: 330 &#xD;
Data between time: 06/20/2021 21:46:40 and 06/20/2021 21:50:56&#xD;
Sensor has not sent data for 0 hour 4 minute and 15 seconds long&#xD;
The max time lapse in seconds: 330 &#xD;
Data between time: 06/20/2021 22:35:32 and 06/20/2021 22:39:11&#xD;
Sensor has not sent data for 0 hour 3 minute and 39 seconds long&#xD;
The max time lapse in seconds: 330 &#xD;
Data between time: 06/20/2021 23:13:26 and 06/20/2021 23:17:29&#xD;
Sensor has not sent data for 0 hour 4 minute and 3 seconds long&#xD;
The max time lapse in seconds: 330 &#xD;
&#xD;
Failed : Discrepency in time stamp in Vibration&#xD;
&#xD;
Time Span Difference data for date : 2021-06-20 for Sensor Tag: 24EDFD0000C2 for dataType: Vibration&#xD;
Package Count Z axis: 834&#xD;
Data between time: 06/20/2021 00:04:04 and 06/20/2021 00:08:08&#xD;
Sensor has not sent data for 0 hour 4 minute and 4 seconds long&#xD;
The max time lapse in seconds: 244 &#xD;
Data between time: 06/20/2021 00:24:32 and 06/20/2021 00:28:16&#xD;
Sensor has not sent data for 0 hour 3 minute and 44 seconds long&#xD;
The max time lapse in seconds: 244 &#xD;
Data between time: 06/20/2021 01:17:46 and 06/20/2021 01:21:32&#xD;
Sensor has not sent data for 0 hour 3 minute and 45 seconds long&#xD;
The max time lapse in seconds: 244 &#xD;
Data between time: 06/20/2021 03:02:29 and 06/20/2021 03:06:26&#xD;
Sensor has not sent data for 0 hour 3 minute and 56 seconds long&#xD;
The max time lapse in seconds: 244 &#xD;
Data between time: 06/20/2021 03:46:11 and 06/20/2021 03:49:57&#xD;
Sensor has not sent data for 0 hour 3 minute and 46 seconds long&#xD;
The max time lapse in seconds: 244 &#xD;
Data between time: 06/20/2021 04:14:52 and 06/20/2021 04:18:14&#xD;
Sensor has not sent data for 0 hour 3 minute and 22 seconds long&#xD;
The max time lapse in seconds: 244 &#xD;
Data between time: 06/20/2021 04:30:00 and 06/20/2021 04:33:20&#xD;
Sensor has not sent data for 0 hour 3 minute and 20 seconds long&#xD;
The max time lapse in seconds: 244 &#xD;
Data between time: 06/20/2021 04:52:57 and 06/20/2021 04:55:03&#xD;
Sensor has not sent data for 0 hour 2 minute and 6 seconds long&#xD;
The max time lapse in seconds: 244 &#xD;
Data between time: 06/20/2021 05:19:15 and 06/20/2021 05:23:19&#xD;
Sensor has not sent data for 0 hour 4 minute and 4 seconds long&#xD;
The max time lapse in seconds: 244 &#xD;
Data between time: 06/20/2021 05:32:59 and 06/20/2021 05:36:41&#xD;
Sensor has not sent data for 0 hour 3 minute and 42 seconds long&#xD;
The max time lapse in seconds: 244 &#xD;
Data between time: 06/20/2021 07:04:42 and 06/20/2021 07:10:12&#xD;
Sensor has not sent data for 0 hour 5 minute and 30 seconds long&#xD;
The max time lapse in seconds: 330 &#xD;
Data between time: 06/20/2021 07:29:53 and 06/20/2021 07:33:10&#xD;
Sensor has not sent data for 0 hour 3 minute and 17 seconds long&#xD;
The max time lapse in seconds: 330 &#xD;
Data between time: 06/20/2021 07:41:22 and 06/20/2021 07:44:52&#xD;
Sensor has not sent data for 0 hour 3 minute and 29 seconds long&#xD;
The max time lapse in seconds: 330 &#xD;
Data between time: 06/20/2021 12:07:53 and 06/20/2021 12:11:59&#xD;
Sensor has not sent data for 0 hour 4 minute and 6 seconds long&#xD;
The max time lapse in seconds: 330 &#xD;
Data between time: 06/20/2021 14:11:18 and 06/20/2021 14:14:40&#xD;
Sensor has not sent data for 0 hour 3 minute and 21 seconds long&#xD;
The max time lapse in seconds: 330 &#xD;
Data between time: 06/20/2021 14:43:01 and 06/20/2021 14:46:52&#xD;
Sensor has not sent data for 0 hour 3 minute and 51 seconds long&#xD;
The max time lapse in seconds: 330 &#xD;
Data between time: 06/20/2021 15:04:59 and 06/20/2021 15:08:50&#xD;
Sensor has not sent data for 0 hour 3 minute and 50 seconds long&#xD;
The max time lapse in seconds: 330 &#xD;
Data between time: 06/20/2021 16:15:30 and 06/20/2021 16:18:40&#xD;
Sensor has not sent data for 0 hour 3 minute and 10 seconds long&#xD;
The max time lapse in seconds: 330 &#xD;
Data between time: 06/20/2021 16:25:03 and 06/20/2021 16:29:03&#xD;
Sensor has not sent data for 0 hour 3 minute and 59 seconds long&#xD;
The max time lapse in seconds: 330 &#xD;
Data between time: 06/20/2021 16:38:35 and 06/20/2021 16:42:15&#xD;
Sensor has not sent data for 0 hour 3 minute and 39 seconds long&#xD;
The max time lapse in seconds: 330 &#xD;
Data between time: 06/20/2021 16:51:47 and 06/20/2021 16:55:35&#xD;
Sensor has not sent data for 0 hour 3 minute and 48 seconds long&#xD;
The max time lapse in seconds: 330 &#xD;
Data between time: 06/20/2021 17:10:22 and 06/20/2021 17:13:57&#xD;
Sensor has not sent data for 0 hour 3 minute and 34 seconds long&#xD;
The max time lapse in seconds: 330 &#xD;
Data between time: 06/20/2021 17:45:18 and 06/20/2021 17:48:53&#xD;
Sensor has not sent data for 0 hour 3 minute and 35 seconds long&#xD;
The max time lapse in seconds: 330 &#xD;
Data between time: 06/20/2021 19:23:25 and 06/20/2021 19:27:31&#xD;
Sensor has not sent data for 0 hour 4 minute and 6 seconds long&#xD;
The max time lapse in seconds: 330 &#xD;
Data between time: 06/20/2021 20:03:24 and 06/20/2021 20:07:08&#xD;
Sensor has not sent data for 0 hour 3 minute and 43 seconds long&#xD;
The max time lapse in seconds: 330 &#xD;
Data between time: 06/20/2021 20:08:47 and 06/20/2021 20:12:18&#xD;
Sensor has not sent data for 0 hour 3 minute and 31 seconds long&#xD;
The max time lapse in seconds: 330 &#xD;
Data between time: 06/20/2021 21:46:40 and 06/20/2021 21:50:56&#xD;
Sensor has not sent data for 0 hour 4 minute and 15 seconds long&#xD;
The max time lapse in seconds: 330 &#xD;
Data between time: 06/20/2021 22:35:32 and 06/20/2021 22:39:11&#xD;
Sensor has not sent data for 0 hour 3 minute and 39 seconds long&#xD;
The max time lapse in seconds: 330 &#xD;
Data between time: 06/20/2021 23:13:26 and 06/20/2021 23:17:29&#xD;
Sensor has not sent data for 0 hour 4 minute and 3 seconds long&#xD;
The max time lapse in seconds: 330 &#xD;
&#xD;
Failed : Discrepency in time stamp in Vibration</StdOut>
            <ErrorInfo>
              <Message>Assert.IsTrue failed. Failed in getting data!</Message>
              <StackTrace>   at SCM_TF.Database.Te_Database.GetObjectDataTimeSpanDiff()&#xD;
</StackTrace>
            </ErrorInfo>
          </Output>
        </UnitTestResult>
        <UnitTestResult executionId="1e89f658-662f-45dc-8697-f79e6eac11f5" parentExecutionId="4d596d1b-7fcb-4351-a2d0-bf9c95a92212" testId="fb3f85a5-ce4f-d64e-0c87-72a2e1e97d24" testName="GetObjectDataTimeSpanDiff (Data Row 1)" computerName="MD3H3FMC" duration="00:00:00.0012142" startTime="2021-09-17T13:40:51.9144972+05:30" endTime="2021-09-17T13:42:37.3432532+05:30" testType="13cdc9d9-ddb5-4fa4-a97d-d965ccfc6d4b" outcome="Failed" testListId="8c84fa94-04c1-424b-9868-57a2d4851a1d" relativeResultsDirectory="1e89f658-662f-45dc-8697-f79e6eac11f5" dataRowInfo="2" resultType="DataDrivenDataRow">
          <Output>
            <ErrorInfo>
              <Message>Assert.IsTrue failed. Error: Start date is later than End Date</Message>
              <StackTrace>   at SCM_TF.Database.Te_Database.GetObjectDataTimeSpanDiff()&#xD;
</StackTrace>
            </ErrorInfo>
          </Output>
        </UnitTestResult>
      </InnerResults>
    </UnitTestResult>
  </Results>
  <TestDefinitions>
    <UnitTest name="GetObjectDataTimeSpanDiff" storage="c:\users\z0049mne\source\repos\ms_test\scm_tf\scm_tf\references\scm_tf.dll" id="fb3f85a5-ce4f-d64e-0c87-72a2e1e97d24">
      <TestCategory>
        <TestCategoryItem TestCategory="Database" />
        <TestCategoryItem TestCategory="Database01" />
      </TestCategory>
      <Execution id="4d596d1b-7fcb-4351-a2d0-bf9c95a92212" />
      <TestMethod codeBase="C:\Users\z0049mne\Source\Repos\ms_test\SCM_TF\SCM_TF\References\SCM_TF.dll" adapterTypeName="executor://mstestadapter/v2" className="SCM_TF.Database.Te_Database" name="GetObjectDataTimeSpanDiff" />
    </UnitTest>
  </TestDefinitions>
  <TestEntries>
    <TestEntry testId="fb3f85a5-ce4f-d64e-0c87-72a2e1e97d24" executionId="4d596d1b-7fcb-4351-a2d0-bf9c95a92212" testListId="8c84fa94-04c1-424b-9868-57a2d4851a1d" />
  </TestEntries>
  <TestLists>
    <TestList name="Results Not in a List" id="8c84fa94-04c1-424b-9868-57a2d4851a1d" />
    <TestList name="All Loaded Results" id="19431567-8539-422a-85d7-44ee4e166bda" />
  </TestLists>
  <ResultSummary outcome="Failed">
    <Counters total="3" executed="3" passed="0" failed="3" error="0" timeout="0" aborted="0" inconclusive="0" passedButRunAborted="0" notRunnable="0" notExecuted="0" disconnected="0" warning="0" completed="0" inProgress="0" pending="0" />
  </ResultSummary>
</TestRun>