<?xml version="1.0" encoding="utf-8"?>
<TestRun id="3b7af0b2-8ee8-48b4-a57e-ac1fe507b253" name="z0049mne@MD3H3FMC 2021-09-16 22:56:46" runUser="AD001\z0049mne" xmlns="http://microsoft.com/schemas/VisualStudio/TeamTest/2010">
  <Times creation="2021-09-16T22:56:46.6995884+05:30" queuing="2021-09-16T22:56:46.6995884+05:30" start="2021-09-16T22:56:43.8827874+05:30" finish="2021-09-16T22:56:46.7185907+05:30" />
  <TestSettings name="default" id="a8214659-d657-4cbe-894f-d6e5c964c7c3">
    <Deployment runDeploymentRoot="z0049mne_MD3H3FMC_2021-09-16_22_56_46" />
  </TestSettings>
  <Results>
    <UnitTestResult executionId="6981af04-e5de-4c28-8084-eff14f01f119" testId="c0c9e07e-0a83-e76a-095e-bbf8168ec560" testName="GetStatisticalData" computerName="MD3H3FMC" duration="00:00:01.1569071" startTime="2021-09-16T22:56:44.7690706+05:30" endTime="2021-09-16T22:56:46.5299931+05:30" testType="13cdc9d9-ddb5-4fa4-a97d-d965ccfc6d4b" outcome="Passed" testListId="8c84fa94-04c1-424b-9868-57a2d4851a1d" relativeResultsDirectory="6981af04-e5de-4c28-8084-eff14f01f119" resultType="DataDrivenTest">
      <InnerResults>
        <UnitTestResult executionId="7da9ad3e-921d-4297-acfd-9ec9a32a7f23" parentExecutionId="6981af04-e5de-4c28-8084-eff14f01f119" testId="c0c9e07e-0a83-e76a-095e-bbf8168ec560" testName="GetStatisticalData (Data Row 0)" computerName="MD3H3FMC" duration="00:00:00.0214562" startTime="2021-09-16T22:56:44.7690706+05:30" endTime="2021-09-16T22:56:46.5299931+05:30" testType="13cdc9d9-ddb5-4fa4-a97d-d965ccfc6d4b" outcome="Passed" testListId="8c84fa94-04c1-424b-9868-57a2d4851a1d" relativeResultsDirectory="7da9ad3e-921d-4297-acfd-9ec9a32a7f23" dataRowInfo="1" resultType="DataDrivenDataRow" />
      </InnerResults>
    </UnitTestResult>
  </Results>
  <TestDefinitions>
    <UnitTest name="GetStatisticalData" storage="c:\users\z0049mne\source\repos\ms_test\scm_tf\scm_tf\references\scm_tf.dll" id="c0c9e07e-0a83-e76a-095e-bbf8168ec560">
      <TestCategory>
        <TestCategoryItem TestCategory="Database" />
        <TestCategoryItem TestCategory="Database01" />
      </TestCategory>
      <Execution id="6981af04-e5de-4c28-8084-eff14f01f119" />
      <TestMethod codeBase="C:\Users\z0049mne\Source\Repos\ms_test\SCM_TF\SCM_TF\References\SCM_TF.dll" adapterTypeName="executor://mstestadapter/v2" className="SCM_TF.Database.Te_Database" name="GetStatisticalData" />
    </UnitTest>
  </TestDefinitions>
  <TestEntries>
    <TestEntry testId="c0c9e07e-0a83-e76a-095e-bbf8168ec560" executionId="6981af04-e5de-4c28-8084-eff14f01f119" testListId="8c84fa94-04c1-424b-9868-57a2d4851a1d" />
  </TestEntries>
  <TestLists>
    <TestList name="Results Not in a List" id="8c84fa94-04c1-424b-9868-57a2d4851a1d" />
    <TestList name="All Loaded Results" id="19431567-8539-422a-85d7-44ee4e166bda" />
  </TestLists>
  <ResultSummary outcome="Completed">
    <Counters total="2" executed="2" passed="2" failed="0" error="0" timeout="0" aborted="0" inconclusive="0" passedButRunAborted="0" notRunnable="0" notExecuted="0" disconnected="0" warning="0" completed="0" inProgress="0" pending="0" />
  </ResultSummary>
</TestRun>