<?xml version="1.0" encoding="utf-8"?>
<TestRun id="770c6c8e-335d-4328-986f-ac9cd94293fb" name="z0049mne@MD3H3FMC 2021-09-17 12:03:39" runUser="AD001\z0049mne" xmlns="http://microsoft.com/schemas/VisualStudio/TeamTest/2010">
  <Times creation="2021-09-17T12:03:39.4387482+05:30" queuing="2021-09-17T12:03:39.4387482+05:30" start="2021-09-17T12:02:00.5328796+05:30" finish="2021-09-17T12:04:14.9187579+05:30" />
  <TestSettings name="default" id="21775679-74a7-4c93-9c86-8fc629fe24a3">
    <Deployment runDeploymentRoot="z0049mne_MD3H3FMC_2021-09-17_12_03_39" />
  </TestSettings>
  <Results>
    <UnitTestResult executionId="7150ebb0-53c4-40a1-b05b-d698c7af42a1" testId="fb3f85a5-ce4f-d64e-0c87-72a2e1e97d24" testName="GetObjectDataTimeSpanDiff" computerName="MD3H3FMC" duration="00:01:37.6364832" startTime="2021-09-17T12:02:01.2808260+05:30" endTime="2021-09-17T12:03:39.4007350+05:30" testType="13cdc9d9-ddb5-4fa4-a97d-d965ccfc6d4b" outcome="Failed" testListId="8c84fa94-04c1-424b-9868-57a2d4851a1d" relativeResultsDirectory="7150ebb0-53c4-40a1-b05b-d698c7af42a1" resultType="DataDrivenTest">
      <InnerResults>
        <UnitTestResult executionId="345ab612-08d0-4519-a73b-767a00c5ce16" parentExecutionId="7150ebb0-53c4-40a1-b05b-d698c7af42a1" testId="fb3f85a5-ce4f-d64e-0c87-72a2e1e97d24" testName="GetObjectDataTimeSpanDiff (Data Row 0)" computerName="MD3H3FMC" duration="00:01:37.1904520" startTime="2021-09-17T12:02:01.2808260+05:30" endTime="2021-09-17T12:03:39.4007350+05:30" testType="13cdc9d9-ddb5-4fa4-a97d-d965ccfc6d4b" outcome="Failed" testListId="8c84fa94-04c1-424b-9868-57a2d4851a1d" relativeResultsDirectory="345ab612-08d0-4519-a73b-767a00c5ce16" dataRowInfo="1" resultType="DataDrivenDataRow">
          <Output>
            <StdOut>Time Span Difference data for date : 2021-06-19 for Sensor Tag: 24EDFD0000C2 for dataType: Signal Strength&#xD;
Package Count 830&#xD;
Error: Data between time: 06/19/2021 01:16:29 and 06/19/2021 01:22:05&#xD;
Error: Sensor has not sent data for 0 hour 5 minute and 36 seconds long&#xD;
Error: The max time lapse in seconds: 336 &#xD;
Error: Data between time: 06/19/2021 01:38:33 and 06/19/2021 01:42:04&#xD;
Error: Sensor has not sent data for 0 hour 3 minute and 30 seconds long&#xD;
Error: The max time lapse in seconds: 336 &#xD;
Error: Data between time: 06/19/2021 01:53:33 and 06/19/2021 01:57:08&#xD;
Error: Sensor has not sent data for 0 hour 3 minute and 34 seconds long&#xD;
Error: The max time lapse in seconds: 336 &#xD;
Error: Data between time: 06/19/2021 02:59:42 and 06/19/2021 03:03:58&#xD;
Error: Sensor has not sent data for 0 hour 4 minute and 16 seconds long&#xD;
Error: The max time lapse in seconds: 336 &#xD;
Error: Data between time: 06/19/2021 03:36:34 and 06/19/2021 03:40:38&#xD;
Error: Sensor has not sent data for 0 hour 4 minute and 4 seconds long&#xD;
Error: The max time lapse in seconds: 336 &#xD;
Error: Data between time: 06/19/2021 04:03:35 and 06/19/2021 04:07:27&#xD;
Error: Sensor has not sent data for 0 hour 3 minute and 52 seconds long&#xD;
Error: The max time lapse in seconds: 336 &#xD;
Error: Data between time: 06/19/2021 04:41:47 and 06/19/2021 04:45:24&#xD;
Error: Sensor has not sent data for 0 hour 3 minute and 37 seconds long&#xD;
Error: The max time lapse in seconds: 336 &#xD;
Error: Data between time: 06/19/2021 04:51:59 and 06/19/2021 04:55:30&#xD;
Error: Sensor has not sent data for 0 hour 3 minute and 31 seconds long&#xD;
Error: The max time lapse in seconds: 336 &#xD;
Error: Data between time: 06/19/2021 05:00:06 and 06/19/2021 05:03:52&#xD;
Error: Sensor has not sent data for 0 hour 3 minute and 45 seconds long&#xD;
Error: The max time lapse in seconds: 336 &#xD;
Error: Data between time: 06/19/2021 05:17:00 and 06/19/2021 05:20:32&#xD;
Error: Sensor has not sent data for 0 hour 3 minute and 32 seconds long&#xD;
Error: The max time lapse in seconds: 336 &#xD;
Error: Data between time: 06/19/2021 06:39:52 and 06/19/2021 06:43:13&#xD;
Error: Sensor has not sent data for 0 hour 3 minute and 21 seconds long&#xD;
Error: The max time lapse in seconds: 336 &#xD;
Error: Data between time: 06/19/2021 06:53:15 and 06/19/2021 06:57:24&#xD;
Error: Sensor has not sent data for 0 hour 4 minute and 9 seconds long&#xD;
Error: The max time lapse in seconds: 336 &#xD;
Error: Data between time: 06/19/2021 07:30:36 and 06/19/2021 07:34:01&#xD;
Error: Sensor has not sent data for 0 hour 3 minute and 25 seconds long&#xD;
Error: The max time lapse in seconds: 336 &#xD;
Error: Data between time: 06/19/2021 07:36:58 and 06/19/2021 07:39:06&#xD;
Error: Sensor has not sent data for 0 hour 2 minute and 7 seconds long&#xD;
Error: The max time lapse in seconds: 336 &#xD;
Error: Data between time: 06/19/2021 08:28:27 and 06/19/2021 08:32:26&#xD;
Error: Sensor has not sent data for 0 hour 3 minute and 59 seconds long&#xD;
Error: The max time lapse in seconds: 336 &#xD;
Error: Data between time: 06/19/2021 09:20:22 and 06/19/2021 09:24:08&#xD;
Error: Sensor has not sent data for 0 hour 3 minute and 46 seconds long&#xD;
Error: The max time lapse in seconds: 336 &#xD;
Error: Data between time: 06/19/2021 09:38:43 and 06/19/2021 09:42:03&#xD;
Error: Sensor has not sent data for 0 hour 3 minute and 20 seconds long&#xD;
Error: The max time lapse in seconds: 336 &#xD;
Error: Data between time: 06/19/2021 09:52:04 and 06/19/2021 09:55:48&#xD;
Error: Sensor has not sent data for 0 hour 3 minute and 44 seconds long&#xD;
Error: The max time lapse in seconds: 336 &#xD;
Error: Data between time: 06/19/2021 11:36:56 and 06/19/2021 11:41:03&#xD;
Error: Sensor has not sent data for 0 hour 4 minute and 7 seconds long&#xD;
Error: The max time lapse in seconds: 336 &#xD;
Error: Data between time: 06/19/2021 11:50:37 and 06/19/2021 11:53:55&#xD;
Error: Sensor has not sent data for 0 hour 3 minute and 18 seconds long&#xD;
Error: The max time lapse in seconds: 336 &#xD;
Error: Data between time: 06/19/2021 12:04:00 and 06/19/2021 12:07:24&#xD;
Error: Sensor has not sent data for 0 hour 3 minute and 24 seconds long&#xD;
Error: The max time lapse in seconds: 336 &#xD;
Error: Data between time: 06/19/2021 13:06:50 and 06/19/2021 13:11:16&#xD;
Error: Sensor has not sent data for 0 hour 4 minute and 26 seconds long&#xD;
Error: The max time lapse in seconds: 336 &#xD;
Error: Data between time: 06/19/2021 13:48:55 and 06/19/2021 13:52:37&#xD;
Error: Sensor has not sent data for 0 hour 3 minute and 42 seconds long&#xD;
Error: The max time lapse in seconds: 336 &#xD;
Error: Data between time: 06/19/2021 15:08:35 and 06/19/2021 15:12:51&#xD;
Error: Sensor has not sent data for 0 hour 4 minute and 16 seconds long&#xD;
Error: The max time lapse in seconds: 336 &#xD;
Error: Data between time: 06/19/2021 15:43:52 and 06/19/2021 15:47:42&#xD;
Error: Sensor has not sent data for 0 hour 3 minute and 50 seconds long&#xD;
Error: The max time lapse in seconds: 336 &#xD;
Error: Data between time: 06/19/2021 16:44:03 and 06/19/2021 16:47:19&#xD;
Error: Sensor has not sent data for 0 hour 3 minute and 16 seconds long&#xD;
Error: The max time lapse in seconds: 336 &#xD;
Error: Data between time: 06/19/2021 17:15:39 and 06/19/2021 17:19:34&#xD;
Error: Sensor has not sent data for 0 hour 3 minute and 55 seconds long&#xD;
Error: The max time lapse in seconds: 336 &#xD;
Error: Data between time: 06/19/2021 17:36:02 and 06/19/2021 17:38:14&#xD;
Error: Sensor has not sent data for 0 hour 2 minute and 12 seconds long&#xD;
Error: The max time lapse in seconds: 336 &#xD;
Error: Data between time: 06/19/2021 17:45:51 and 06/19/2021 17:49:26&#xD;
Error: Sensor has not sent data for 0 hour 3 minute and 35 seconds long&#xD;
Error: The max time lapse in seconds: 336 &#xD;
Error: Data between time: 06/19/2021 18:16:07 and 06/19/2021 18:18:14&#xD;
Error: Sensor has not sent data for 0 hour 2 minute and 7 seconds long&#xD;
Error: The max time lapse in seconds: 336 &#xD;
Error: Data between time: 06/19/2021 18:34:04 and 06/19/2021 18:37:52&#xD;
Error: Sensor has not sent data for 0 hour 3 minute and 48 seconds long&#xD;
Error: The max time lapse in seconds: 336 &#xD;
Error: Data between time: 06/19/2021 18:42:44 and 06/19/2021 18:46:09&#xD;
Error: Sensor has not sent data for 0 hour 3 minute and 25 seconds long&#xD;
Error: The max time lapse in seconds: 336 &#xD;
Error: Data between time: 06/19/2021 20:52:24 and 06/19/2021 20:56:21&#xD;
Error: Sensor has not sent data for 0 hour 3 minute and 56 seconds long&#xD;
Error: The max time lapse in seconds: 336 &#xD;
Error: Data between time: 06/19/2021 21:22:44 and 06/19/2021 21:26:11&#xD;
Error: Sensor has not sent data for 0 hour 3 minute and 27 seconds long&#xD;
Error: The max time lapse in seconds: 336 &#xD;
Error: Data between time: 06/19/2021 21:29:22 and 06/19/2021 21:32:56&#xD;
Error: Sensor has not sent data for 0 hour 3 minute and 33 seconds long&#xD;
Error: The max time lapse in seconds: 336 &#xD;
Error: Data between time: 06/19/2021 22:24:12 and 06/19/2021 22:28:05&#xD;
Error: Sensor has not sent data for 0 hour 3 minute and 53 seconds long&#xD;
Error: The max time lapse in seconds: 336 &#xD;
&#xD;
Failed : Discrepency in time stamp in Signal&#xD;
&#xD;
Time Span Difference data for date : 2021-06-19 for Sensor Tag: 24EDFD0000C2 for dataType: Temperature&#xD;
Package Count 829&#xD;
Error: Data between time: 06/19/2021 01:16:29 and 06/19/2021 01:22:05&#xD;
Error: Sensor has not sent data for 0 hour 5 minute and 36 seconds long&#xD;
Error: The max time lapse in seconds: 336 &#xD;
Error: Data between time: 06/19/2021 01:38:33 and 06/19/2021 01:42:04&#xD;
Error: Sensor has not sent data for 0 hour 3 minute and 30 seconds long&#xD;
Error: The max time lapse in seconds: 336 &#xD;
Error: Data between time: 06/19/2021 01:53:33 and 06/19/2021 01:57:08&#xD;
Error: Sensor has not sent data for 0 hour 3 minute and 34 seconds long&#xD;
Error: The max time lapse in seconds: 336 &#xD;
Error: Data between time: 06/19/2021 02:59:42 and 06/19/2021 03:03:58&#xD;
Error: Sensor has not sent data for 0 hour 4 minute and 16 seconds long&#xD;
Error: The max time lapse in seconds: 336 &#xD;
Error: Data between time: 06/19/2021 03:36:34 and 06/19/2021 03:40:38&#xD;
Error: Sensor has not sent data for 0 hour 4 minute and 4 seconds long&#xD;
Error: The max time lapse in seconds: 336 &#xD;
Error: Data between time: 06/19/2021 04:03:35 and 06/19/2021 04:07:27&#xD;
Error: Sensor has not sent data for 0 hour 3 minute and 52 seconds long&#xD;
Error: The max time lapse in seconds: 336 &#xD;
Error: Data between time: 06/19/2021 04:41:47 and 06/19/2021 04:45:24&#xD;
Error: Sensor has not sent data for 0 hour 3 minute and 37 seconds long&#xD;
Error: The max time lapse in seconds: 336 &#xD;
Error: Data between time: 06/19/2021 04:51:59 and 06/19/2021 04:55:30&#xD;
Error: Sensor has not sent data for 0 hour 3 minute and 31 seconds long&#xD;
Error: The max time lapse in seconds: 336 &#xD;
Error: Data between time: 06/19/2021 05:00:06 and 06/19/2021 05:03:52&#xD;
Error: Sensor has not sent data for 0 hour 3 minute and 45 seconds long&#xD;
Error: The max time lapse in seconds: 336 &#xD;
Error: Data between time: 06/19/2021 05:17:00 and 06/19/2021 05:20:32&#xD;
Error: Sensor has not sent data for 0 hour 3 minute and 32 seconds long&#xD;
Error: The max time lapse in seconds: 336 &#xD;
Error: Data between time: 06/19/2021 06:39:52 and 06/19/2021 06:43:13&#xD;
Error: Sensor has not sent data for 0 hour 3 minute and 21 seconds long&#xD;
Error: The max time lapse in seconds: 336 &#xD;
Error: Data between time: 06/19/2021 06:53:15 and 06/19/2021 06:57:24&#xD;
Error: Sensor has not sent data for 0 hour 4 minute and 9 seconds long&#xD;
Error: The max time lapse in seconds: 336 &#xD;
Error: Data between time: 06/19/2021 07:30:36 and 06/19/2021 07:34:01&#xD;
Error: Sensor has not sent data for 0 hour 3 minute and 25 seconds long&#xD;
Error: The max time lapse in seconds: 336 &#xD;
Error: Data between time: 06/19/2021 07:36:58 and 06/19/2021 07:39:06&#xD;
Error: Sensor has not sent data for 0 hour 2 minute and 7 seconds long&#xD;
Error: The max time lapse in seconds: 336 &#xD;
Error: Data between time: 06/19/2021 08:28:27 and 06/19/2021 08:32:26&#xD;
Error: Sensor has not sent data for 0 hour 3 minute and 59 seconds long&#xD;
Error: The max time lapse in seconds: 336 &#xD;
Error: Data between time: 06/19/2021 09:20:22 and 06/19/2021 09:24:08&#xD;
Error: Sensor has not sent data for 0 hour 3 minute and 46 seconds long&#xD;
Error: The max time lapse in seconds: 336 &#xD;
Error: Data between time: 06/19/2021 09:38:43 and 06/19/2021 09:42:03&#xD;
Error: Sensor has not sent data for 0 hour 3 minute and 20 seconds long&#xD;
Error: The max time lapse in seconds: 336 &#xD;
Error: Data between time: 06/19/2021 09:52:04 and 06/19/2021 09:55:48&#xD;
Error: Sensor has not sent data for 0 hour 3 minute and 44 seconds long&#xD;
Error: The max time lapse in seconds: 336 &#xD;
Error: Data between time: 06/19/2021 11:36:56 and 06/19/2021 11:41:03&#xD;
Error: Sensor has not sent data for 0 hour 4 minute and 7 seconds long&#xD;
Error: The max time lapse in seconds: 336 &#xD;
Error: Data between time: 06/19/2021 11:50:37 and 06/19/2021 11:53:55&#xD;
Error: Sensor has not sent data for 0 hour 3 minute and 18 seconds long&#xD;
Error: The max time lapse in seconds: 336 &#xD;
Error: Data between time: 06/19/2021 12:04:00 and 06/19/2021 12:07:24&#xD;
Error: Sensor has not sent data for 0 hour 3 minute and 24 seconds long&#xD;
Error: The max time lapse in seconds: 336 &#xD;
Error: Data between time: 06/19/2021 13:06:50 and 06/19/2021 13:11:16&#xD;
Error: Sensor has not sent data for 0 hour 4 minute and 26 seconds long&#xD;
Error: The max time lapse in seconds: 336 &#xD;
Error: Data between time: 06/19/2021 13:48:55 and 06/19/2021 13:52:37&#xD;
Error: Sensor has not sent data for 0 hour 3 minute and 42 seconds long&#xD;
Error: The max time lapse in seconds: 336 &#xD;
Error: Data between time: 06/19/2021 15:08:35 and 06/19/2021 15:12:51&#xD;
Error: Sensor has not sent data for 0 hour 4 minute and 16 seconds long&#xD;
Error: The max time lapse in seconds: 336 &#xD;
Error: Data between time: 06/19/2021 15:43:52 and 06/19/2021 15:47:42&#xD;
Error: Sensor has not sent data for 0 hour 3 minute and 50 seconds long&#xD;
Error: The max time lapse in seconds: 336 &#xD;
Error: Data between time: 06/19/2021 16:44:03 and 06/19/2021 16:47:19&#xD;
Error: Sensor has not sent data for 0 hour 3 minute and 16 seconds long&#xD;
Error: The max time lapse in seconds: 336 &#xD;
Error: Data between time: 06/19/2021 17:15:39 and 06/19/2021 17:19:34&#xD;
Error: Sensor has not sent data for 0 hour 3 minute and 55 seconds long&#xD;
Error: The max time lapse in seconds: 336 &#xD;
Error: Data between time: 06/19/2021 17:36:02 and 06/19/2021 17:38:14&#xD;
Error: Sensor has not sent data for 0 hour 2 minute and 12 seconds long&#xD;
Error: The max time lapse in seconds: 336 &#xD;
Error: Data between time: 06/19/2021 17:45:51 and 06/19/2021 17:49:26&#xD;
Error: Sensor has not sent data for 0 hour 3 minute and 35 seconds long&#xD;
Error: The max time lapse in seconds: 336 &#xD;
Error: Data between time: 06/19/2021 18:16:07 and 06/19/2021 18:18:14&#xD;
Error: Sensor has not sent data for 0 hour 2 minute and 7 seconds long&#xD;
Error: The max time lapse in seconds: 336 &#xD;
Error: Data between time: 06/19/2021 18:34:04 and 06/19/2021 18:37:52&#xD;
Error: Sensor has not sent data for 0 hour 3 minute and 48 seconds long&#xD;
Error: The max time lapse in seconds: 336 &#xD;
Error: Data between time: 06/19/2021 18:42:44 and 06/19/2021 18:46:09&#xD;
Error: Sensor has not sent data for 0 hour 3 minute and 25 seconds long&#xD;
Error: The max time lapse in seconds: 336 &#xD;
Error: Data between time: 06/19/2021 20:52:24 and 06/19/2021 20:56:21&#xD;
Error: Sensor has not sent data for 0 hour 3 minute and 56 seconds long&#xD;
Error: The max time lapse in seconds: 336 &#xD;
Error: Data between time: 06/19/2021 21:04:21 and 06/19/2021 21:07:45&#xD;
Error: Sensor has not sent data for 0 hour 3 minute and 23 seconds long&#xD;
Error: The max time lapse in seconds: 336 &#xD;
Error: Data between time: 06/19/2021 21:22:44 and 06/19/2021 21:26:11&#xD;
Error: Sensor has not sent data for 0 hour 3 minute and 27 seconds long&#xD;
Error: The max time lapse in seconds: 336 &#xD;
Error: Data between time: 06/19/2021 21:29:22 and 06/19/2021 21:32:56&#xD;
Error: Sensor has not sent data for 0 hour 3 minute and 33 seconds long&#xD;
Error: The max time lapse in seconds: 336 &#xD;
Error: Data between time: 06/19/2021 22:24:12 and 06/19/2021 22:28:05&#xD;
Error: Sensor has not sent data for 0 hour 3 minute and 53 seconds long&#xD;
Error: The max time lapse in seconds: 336 &#xD;
&#xD;
Failed : Discrepency in time stamp in Temp&#xD;
&#xD;
Time Span Difference data for date : 2021-06-19 for Sensor Tag: 24EDFD0000C2 for dataType: Vibration&#xD;
Package Count X axis: 829&#xD;
Data between time: 06/19/2021 01:16:29 and 06/19/2021 01:22:05&#xD;
Sensor has not sent data for 0 hour 5 minute and 36 seconds long&#xD;
The max time lapse in seconds: 336 &#xD;
Data between time: 06/19/2021 01:38:33 and 06/19/2021 01:42:04&#xD;
Sensor has not sent data for 0 hour 3 minute and 30 seconds long&#xD;
The max time lapse in seconds: 336 &#xD;
Data between time: 06/19/2021 01:53:33 and 06/19/2021 01:57:08&#xD;
Sensor has not sent data for 0 hour 3 minute and 34 seconds long&#xD;
The max time lapse in seconds: 336 &#xD;
Data between time: 06/19/2021 02:59:42 and 06/19/2021 03:03:58&#xD;
Sensor has not sent data for 0 hour 4 minute and 16 seconds long&#xD;
The max time lapse in seconds: 336 &#xD;
Data between time: 06/19/2021 03:36:34 and 06/19/2021 03:40:38&#xD;
Sensor has not sent data for 0 hour 4 minute and 4 seconds long&#xD;
The max time lapse in seconds: 336 &#xD;
Data between time: 06/19/2021 04:03:35 and 06/19/2021 04:07:27&#xD;
Sensor has not sent data for 0 hour 3 minute and 52 seconds long&#xD;
The max time lapse in seconds: 336 &#xD;
Data between time: 06/19/2021 04:41:47 and 06/19/2021 04:45:24&#xD;
Sensor has not sent data for 0 hour 3 minute and 37 seconds long&#xD;
The max time lapse in seconds: 336 &#xD;
Data between time: 06/19/2021 04:51:59 and 06/19/2021 04:55:30&#xD;
Sensor has not sent data for 0 hour 3 minute and 31 seconds long&#xD;
The max time lapse in seconds: 336 &#xD;
Data between time: 06/19/2021 05:00:06 and 06/19/2021 05:03:52&#xD;
Sensor has not sent data for 0 hour 3 minute and 45 seconds long&#xD;
The max time lapse in seconds: 336 &#xD;
Data between time: 06/19/2021 05:17:00 and 06/19/2021 05:20:32&#xD;
Sensor has not sent data for 0 hour 3 minute and 32 seconds long&#xD;
The max time lapse in seconds: 336 &#xD;
Data between time: 06/19/2021 06:39:52 and 06/19/2021 06:43:13&#xD;
Sensor has not sent data for 0 hour 3 minute and 21 seconds long&#xD;
The max time lapse in seconds: 336 &#xD;
Data between time: 06/19/2021 06:53:15 and 06/19/2021 06:57:24&#xD;
Sensor has not sent data for 0 hour 4 minute and 9 seconds long&#xD;
The max time lapse in seconds: 336 &#xD;
Data between time: 06/19/2021 07:30:36 and 06/19/2021 07:34:01&#xD;
Sensor has not sent data for 0 hour 3 minute and 25 seconds long&#xD;
The max time lapse in seconds: 336 &#xD;
Data between time: 06/19/2021 07:36:58 and 06/19/2021 07:39:06&#xD;
Sensor has not sent data for 0 hour 2 minute and 7 seconds long&#xD;
The max time lapse in seconds: 336 &#xD;
Data between time: 06/19/2021 08:28:27 and 06/19/2021 08:32:26&#xD;
Sensor has not sent data for 0 hour 3 minute and 59 seconds long&#xD;
The max time lapse in seconds: 336 &#xD;
Data between time: 06/19/2021 09:20:22 and 06/19/2021 09:24:08&#xD;
Sensor has not sent data for 0 hour 3 minute and 46 seconds long&#xD;
The max time lapse in seconds: 336 &#xD;
Data between time: 06/19/2021 09:38:43 and 06/19/2021 09:42:03&#xD;
Sensor has not sent data for 0 hour 3 minute and 20 seconds long&#xD;
The max time lapse in seconds: 336 &#xD;
Data between time: 06/19/2021 09:52:04 and 06/19/2021 09:55:48&#xD;
Sensor has not sent data for 0 hour 3 minute and 44 seconds long&#xD;
The max time lapse in seconds: 336 &#xD;
Data between time: 06/19/2021 11:36:56 and 06/19/2021 11:41:03&#xD;
Sensor has not sent data for 0 hour 4 minute and 7 seconds long&#xD;
The max time lapse in seconds: 336 &#xD;
Data between time: 06/19/2021 11:50:37 and 06/19/2021 11:53:55&#xD;
Sensor has not sent data for 0 hour 3 minute and 18 seconds long&#xD;
The max time lapse in seconds: 336 &#xD;
Data between time: 06/19/2021 12:04:00 and 06/19/2021 12:07:24&#xD;
Sensor has not sent data for 0 hour 3 minute and 24 seconds long&#xD;
The max time lapse in seconds: 336 &#xD;
Data between time: 06/19/2021 13:06:50 and 06/19/2021 13:11:16&#xD;
Sensor has not sent data for 0 hour 4 minute and 26 seconds long&#xD;
The max time lapse in seconds: 336 &#xD;
Data between time: 06/19/2021 13:48:55 and 06/19/2021 13:52:37&#xD;
Sensor has not sent data for 0 hour 3 minute and 42 seconds long&#xD;
The max time lapse in seconds: 336 &#xD;
Data between time: 06/19/2021 13:54:18 and 06/19/2021 13:57:23&#xD;
Sensor has not sent data for 0 hour 3 minute and 5 seconds long&#xD;
The max time lapse in seconds: 336 &#xD;
Data between time: 06/19/2021 15:08:35 and 06/19/2021 15:12:51&#xD;
Sensor has not sent data for 0 hour 4 minute and 16 seconds long&#xD;
The max time lapse in seconds: 336 &#xD;
Data between time: 06/19/2021 15:43:52 and 06/19/2021 15:47:42&#xD;
Sensor has not sent data for 0 hour 3 minute and 50 seconds long&#xD;
The max time lapse in seconds: 336 &#xD;
Data between time: 06/19/2021 16:44:03 and 06/19/2021 16:47:19&#xD;
Sensor has not sent data for 0 hour 3 minute and 16 seconds long&#xD;
The max time lapse in seconds: 336 &#xD;
Data between time: 06/19/2021 17:15:39 and 06/19/2021 17:19:34&#xD;
Sensor has not sent data for 0 hour 3 minute and 55 seconds long&#xD;
The max time lapse in seconds: 336 &#xD;
Data between time: 06/19/2021 17:36:02 and 06/19/2021 17:38:14&#xD;
Sensor has not sent data for 0 hour 2 minute and 12 seconds long&#xD;
The max time lapse in seconds: 336 &#xD;
Data between time: 06/19/2021 17:45:51 and 06/19/2021 17:49:26&#xD;
Sensor has not sent data for 0 hour 3 minute and 35 seconds long&#xD;
The max time lapse in seconds: 336 &#xD;
Data between time: 06/19/2021 18:16:07 and 06/19/2021 18:18:14&#xD;
Sensor has not sent data for 0 hour 2 minute and 7 seconds long&#xD;
The max time lapse in seconds: 336 &#xD;
Data between time: 06/19/2021 18:34:04 and 06/19/2021 18:37:52&#xD;
Sensor has not sent data for 0 hour 3 minute and 48 seconds long&#xD;
The max time lapse in seconds: 336 &#xD;
Data between time: 06/19/2021 18:42:44 and 06/19/2021 18:46:09&#xD;
Sensor has not sent data for 0 hour 3 minute and 25 seconds long&#xD;
The max time lapse in seconds: 336 &#xD;
Data between time: 06/19/2021 20:52:24 and 06/19/2021 20:56:21&#xD;
Sensor has not sent data for 0 hour 3 minute and 56 seconds long&#xD;
The max time lapse in seconds: 336 &#xD;
Data between time: 06/19/2021 21:22:44 and 06/19/2021 21:26:11&#xD;
Sensor has not sent data for 0 hour 3 minute and 27 seconds long&#xD;
The max time lapse in seconds: 336 &#xD;
Data between time: 06/19/2021 21:29:22 and 06/19/2021 21:32:56&#xD;
Sensor has not sent data for 0 hour 3 minute and 33 seconds long&#xD;
The max time lapse in seconds: 336 &#xD;
Data between time: 06/19/2021 22:24:12 and 06/19/2021 22:28:05&#xD;
Sensor has not sent data for 0 hour 3 minute and 53 seconds long&#xD;
The max time lapse in seconds: 336 &#xD;
&#xD;
Failed : Discrepency in time stamp in Vibration&#xD;
&#xD;
Time Span Difference data for date : 2021-06-19 for Sensor Tag: 24EDFD0000C2 for dataType: Vibration&#xD;
Package Count Y axis: 829&#xD;
Data between time: 06/19/2021 01:16:29 and 06/19/2021 01:22:05&#xD;
Sensor has not sent data for 0 hour 5 minute and 36 seconds long&#xD;
The max time lapse in seconds: 336 &#xD;
Data between time: 06/19/2021 01:38:33 and 06/19/2021 01:42:04&#xD;
Sensor has not sent data for 0 hour 3 minute and 30 seconds long&#xD;
The max time lapse in seconds: 336 &#xD;
Data between time: 06/19/2021 01:53:33 and 06/19/2021 01:57:08&#xD;
Sensor has not sent data for 0 hour 3 minute and 34 seconds long&#xD;
The max time lapse in seconds: 336 &#xD;
Data between time: 06/19/2021 02:59:42 and 06/19/2021 03:03:58&#xD;
Sensor has not sent data for 0 hour 4 minute and 16 seconds long&#xD;
The max time lapse in seconds: 336 &#xD;
Data between time: 06/19/2021 03:36:34 and 06/19/2021 03:40:38&#xD;
Sensor has not sent data for 0 hour 4 minute and 4 seconds long&#xD;
The max time lapse in seconds: 336 &#xD;
Data between time: 06/19/2021 04:03:35 and 06/19/2021 04:07:27&#xD;
Sensor has not sent data for 0 hour 3 minute and 52 seconds long&#xD;
The max time lapse in seconds: 336 &#xD;
Data between time: 06/19/2021 04:41:47 and 06/19/2021 04:45:24&#xD;
Sensor has not sent data for 0 hour 3 minute and 37 seconds long&#xD;
The max time lapse in seconds: 336 &#xD;
Data between time: 06/19/2021 04:51:59 and 06/19/2021 04:55:30&#xD;
Sensor has not sent data for 0 hour 3 minute and 31 seconds long&#xD;
The max time lapse in seconds: 336 &#xD;
Data between time: 06/19/2021 05:00:06 and 06/19/2021 05:03:52&#xD;
Sensor has not sent data for 0 hour 3 minute and 45 seconds long&#xD;
The max time lapse in seconds: 336 &#xD;
Data between time: 06/19/2021 05:17:00 and 06/19/2021 05:20:32&#xD;
Sensor has not sent data for 0 hour 3 minute and 32 seconds long&#xD;
The max time lapse in seconds: 336 &#xD;
Data between time: 06/19/2021 06:39:52 and 06/19/2021 06:43:13&#xD;
Sensor has not sent data for 0 hour 3 minute and 21 seconds long&#xD;
The max time lapse in seconds: 336 &#xD;
Data between time: 06/19/2021 06:53:15 and 06/19/2021 06:57:24&#xD;
Sensor has not sent data for 0 hour 4 minute and 9 seconds long&#xD;
The max time lapse in seconds: 336 &#xD;
Data between time: 06/19/2021 07:30:36 and 06/19/2021 07:34:01&#xD;
Sensor has not sent data for 0 hour 3 minute and 25 seconds long&#xD;
The max time lapse in seconds: 336 &#xD;
Data between time: 06/19/2021 07:36:58 and 06/19/2021 07:39:06&#xD;
Sensor has not sent data for 0 hour 2 minute and 7 seconds long&#xD;
The max time lapse in seconds: 336 &#xD;
Data between time: 06/19/2021 08:28:27 and 06/19/2021 08:32:26&#xD;
Sensor has not sent data for 0 hour 3 minute and 59 seconds long&#xD;
The max time lapse in seconds: 336 &#xD;
Data between time: 06/19/2021 09:20:22 and 06/19/2021 09:24:08&#xD;
Sensor has not sent data for 0 hour 3 minute and 46 seconds long&#xD;
The max time lapse in seconds: 336 &#xD;
Data between time: 06/19/2021 09:38:43 and 06/19/2021 09:42:03&#xD;
Sensor has not sent data for 0 hour 3 minute and 20 seconds long&#xD;
The max time lapse in seconds: 336 &#xD;
Data between time: 06/19/2021 09:52:04 and 06/19/2021 09:55:48&#xD;
Sensor has not sent data for 0 hour 3 minute and 44 seconds long&#xD;
The max time lapse in seconds: 336 &#xD;
Data between time: 06/19/2021 11:36:56 and 06/19/2021 11:41:03&#xD;
Sensor has not sent data for 0 hour 4 minute and 7 seconds long&#xD;
The max time lapse in seconds: 336 &#xD;
Data between time: 06/19/2021 11:50:37 and 06/19/2021 11:53:55&#xD;
Sensor has not sent data for 0 hour 3 minute and 18 seconds long&#xD;
The max time lapse in seconds: 336 &#xD;
Data between time: 06/19/2021 12:04:00 and 06/19/2021 12:07:24&#xD;
Sensor has not sent data for 0 hour 3 minute and 24 seconds long&#xD;
The max time lapse in seconds: 336 &#xD;
Data between time: 06/19/2021 13:06:50 and 06/19/2021 13:11:16&#xD;
Sensor has not sent data for 0 hour 4 minute and 26 seconds long&#xD;
The max time lapse in seconds: 336 &#xD;
Data between time: 06/19/2021 13:48:55 and 06/19/2021 13:52:37&#xD;
Sensor has not sent data for 0 hour 3 minute and 42 seconds long&#xD;
The max time lapse in seconds: 336 &#xD;
Data between time: 06/19/2021 13:54:18 and 06/19/2021 13:57:23&#xD;
Sensor has not sent data for 0 hour 3 minute and 5 seconds long&#xD;
The max time lapse in seconds: 336 &#xD;
Data between time: 06/19/2021 15:08:35 and 06/19/2021 15:12:51&#xD;
Sensor has not sent data for 0 hour 4 minute and 16 seconds long&#xD;
The max time lapse in seconds: 336 &#xD;
Data between time: 06/19/2021 15:43:52 and 06/19/2021 15:47:42&#xD;
Sensor has not sent data for 0 hour 3 minute and 50 seconds long&#xD;
The max time lapse in seconds: 336 &#xD;
Data between time: 06/19/2021 16:44:03 and 06/19/2021 16:47:19&#xD;
Sensor has not sent data for 0 hour 3 minute and 16 seconds long&#xD;
The max time lapse in seconds: 336 &#xD;
Data between time: 06/19/2021 17:15:39 and 06/19/2021 17:19:34&#xD;
Sensor has not sent data for 0 hour 3 minute and 55 seconds long&#xD;
The max time lapse in seconds: 336 &#xD;
Data between time: 06/19/2021 17:36:02 and 06/19/2021 17:38:14&#xD;
Sensor has not sent data for 0 hour 2 minute and 12 seconds long&#xD;
The max time lapse in seconds: 336 &#xD;
Data between time: 06/19/2021 17:45:51 and 06/19/2021 17:49:26&#xD;
Sensor has not sent data for 0 hour 3 minute and 35 seconds long&#xD;
The max time lapse in seconds: 336 &#xD;
Data between time: 06/19/2021 18:16:07 and 06/19/2021 18:18:14&#xD;
Sensor has not sent data for 0 hour 2 minute and 7 seconds long&#xD;
The max time lapse in seconds: 336 &#xD;
Data between time: 06/19/2021 18:34:04 and 06/19/2021 18:37:52&#xD;
Sensor has not sent data for 0 hour 3 minute and 48 seconds long&#xD;
The max time lapse in seconds: 336 &#xD;
Data between time: 06/19/2021 18:42:44 and 06/19/2021 18:46:09&#xD;
Sensor has not sent data for 0 hour 3 minute and 25 seconds long&#xD;
The max time lapse in seconds: 336 &#xD;
Data between time: 06/19/2021 20:52:24 and 06/19/2021 20:56:21&#xD;
Sensor has not sent data for 0 hour 3 minute and 56 seconds long&#xD;
The max time lapse in seconds: 336 &#xD;
Data between time: 06/19/2021 21:22:44 and 06/19/2021 21:26:11&#xD;
Sensor has not sent data for 0 hour 3 minute and 27 seconds long&#xD;
The max time lapse in seconds: 336 &#xD;
Data between time: 06/19/2021 21:29:22 and 06/19/2021 21:32:56&#xD;
Sensor has not sent data for 0 hour 3 minute and 33 seconds long&#xD;
The max time lapse in seconds: 336 &#xD;
Data between time: 06/19/2021 22:24:12 and 06/19/2021 22:28:05&#xD;
Sensor has not sent data for 0 hour 3 minute and 53 seconds long&#xD;
The max time lapse in seconds: 336 &#xD;
&#xD;
Failed : Discrepency in time stamp in Vibration&#xD;
&#xD;
Time Span Difference data for date : 2021-06-19 for Sensor Tag: 24EDFD0000C2 for dataType: Vibration&#xD;
Package Count Z axis: 829&#xD;
Data between time: 06/19/2021 01:16:29 and 06/19/2021 01:22:05&#xD;
Sensor has not sent data for 0 hour 5 minute and 36 seconds long&#xD;
The max time lapse in seconds: 336 &#xD;
Data between time: 06/19/2021 01:38:33 and 06/19/2021 01:42:04&#xD;
Sensor has not sent data for 0 hour 3 minute and 30 seconds long&#xD;
The max time lapse in seconds: 336 &#xD;
Data between time: 06/19/2021 01:53:33 and 06/19/2021 01:57:08&#xD;
Sensor has not sent data for 0 hour 3 minute and 34 seconds long&#xD;
The max time lapse in seconds: 336 &#xD;
Data between time: 06/19/2021 02:59:42 and 06/19/2021 03:03:58&#xD;
Sensor has not sent data for 0 hour 4 minute and 16 seconds long&#xD;
The max time lapse in seconds: 336 &#xD;
Data between time: 06/19/2021 03:36:34 and 06/19/2021 03:40:38&#xD;
Sensor has not sent data for 0 hour 4 minute and 4 seconds long&#xD;
The max time lapse in seconds: 336 &#xD;
Data between time: 06/19/2021 04:03:35 and 06/19/2021 04:07:27&#xD;
Sensor has not sent data for 0 hour 3 minute and 52 seconds long&#xD;
The max time lapse in seconds: 336 &#xD;
Data between time: 06/19/2021 04:41:47 and 06/19/2021 04:45:24&#xD;
Sensor has not sent data for 0 hour 3 minute and 37 seconds long&#xD;
The max time lapse in seconds: 336 &#xD;
Data between time: 06/19/2021 04:51:59 and 06/19/2021 04:55:30&#xD;
Sensor has not sent data for 0 hour 3 minute and 31 seconds long&#xD;
The max time lapse in seconds: 336 &#xD;
Data between time: 06/19/2021 05:00:06 and 06/19/2021 05:03:52&#xD;
Sensor has not sent data for 0 hour 3 minute and 45 seconds long&#xD;
The max time lapse in seconds: 336 &#xD;
Data between time: 06/19/2021 05:17:00 and 06/19/2021 05:20:32&#xD;
Sensor has not sent data for 0 hour 3 minute and 32 seconds long&#xD;
The max time lapse in seconds: 336 &#xD;
Data between time: 06/19/2021 06:39:52 and 06/19/2021 06:43:13&#xD;
Sensor has not sent data for 0 hour 3 minute and 21 seconds long&#xD;
The max time lapse in seconds: 336 &#xD;
Data between time: 06/19/2021 06:53:15 and 06/19/2021 06:57:24&#xD;
Sensor has not sent data for 0 hour 4 minute and 9 seconds long&#xD;
The max time lapse in seconds: 336 &#xD;
Data between time: 06/19/2021 07:30:36 and 06/19/2021 07:34:01&#xD;
Sensor has not sent data for 0 hour 3 minute and 25 seconds long&#xD;
The max time lapse in seconds: 336 &#xD;
Data between time: 06/19/2021 07:36:58 and 06/19/2021 07:39:06&#xD;
Sensor has not sent data for 0 hour 2 minute and 7 seconds long&#xD;
The max time lapse in seconds: 336 &#xD;
Data between time: 06/19/2021 08:28:27 and 06/19/2021 08:32:26&#xD;
Sensor has not sent data for 0 hour 3 minute and 59 seconds long&#xD;
The max time lapse in seconds: 336 &#xD;
Data between time: 06/19/2021 09:20:22 and 06/19/2021 09:24:08&#xD;
Sensor has not sent data for 0 hour 3 minute and 46 seconds long&#xD;
The max time lapse in seconds: 336 &#xD;
Data between time: 06/19/2021 09:38:43 and 06/19/2021 09:42:03&#xD;
Sensor has not sent data for 0 hour 3 minute and 20 seconds long&#xD;
The max time lapse in seconds: 336 &#xD;
Data between time: 06/19/2021 09:52:04 and 06/19/2021 09:55:48&#xD;
Sensor has not sent data for 0 hour 3 minute and 44 seconds long&#xD;
The max time lapse in seconds: 336 &#xD;
Data between time: 06/19/2021 11:36:56 and 06/19/2021 11:41:03&#xD;
Sensor has not sent data for 0 hour 4 minute and 7 seconds long&#xD;
The max time lapse in seconds: 336 &#xD;
Data between time: 06/19/2021 11:50:37 and 06/19/2021 11:53:55&#xD;
Sensor has not sent data for 0 hour 3 minute and 18 seconds long&#xD;
The max time lapse in seconds: 336 &#xD;
Data between time: 06/19/2021 12:04:00 and 06/19/2021 12:07:24&#xD;
Sensor has not sent data for 0 hour 3 minute and 24 seconds long&#xD;
The max time lapse in seconds: 336 &#xD;
Data between time: 06/19/2021 13:06:50 and 06/19/2021 13:11:16&#xD;
Sensor has not sent data for 0 hour 4 minute and 26 seconds long&#xD;
The max time lapse in seconds: 336 &#xD;
Data between time: 06/19/2021 13:48:55 and 06/19/2021 13:52:37&#xD;
Sensor has not sent data for 0 hour 3 minute and 42 seconds long&#xD;
The max time lapse in seconds: 336 &#xD;
Data between time: 06/19/2021 13:54:18 and 06/19/2021 13:57:23&#xD;
Sensor has not sent data for 0 hour 3 minute and 5 seconds long&#xD;
The max time lapse in seconds: 336 &#xD;
Data between time: 06/19/2021 15:08:35 and 06/19/2021 15:12:51&#xD;
Sensor has not sent data for 0 hour 4 minute and 16 seconds long&#xD;
The max time lapse in seconds: 336 &#xD;
Data between time: 06/19/2021 15:43:52 and 06/19/2021 15:47:42&#xD;
Sensor has not sent data for 0 hour 3 minute and 50 seconds long&#xD;
The max time lapse in seconds: 336 &#xD;
Data between time: 06/19/2021 16:44:03 and 06/19/2021 16:47:19&#xD;
Sensor has not sent data for 0 hour 3 minute and 16 seconds long&#xD;
The max time lapse in seconds: 336 &#xD;
Data between time: 06/19/2021 17:15:39 and 06/19/2021 17:19:34&#xD;
Sensor has not sent data for 0 hour 3 minute and 55 seconds long&#xD;
The max time lapse in seconds: 336 &#xD;
Data between time: 06/19/2021 17:36:02 and 06/19/2021 17:38:14&#xD;
Sensor has not sent data for 0 hour 2 minute and 12 seconds long&#xD;
The max time lapse in seconds: 336 &#xD;
Data between time: 06/19/2021 17:45:51 and 06/19/2021 17:49:26&#xD;
Sensor has not sent data for 0 hour 3 minute and 35 seconds long&#xD;
The max time lapse in seconds: 336 &#xD;
Data between time: 06/19/2021 18:16:07 and 06/19/2021 18:18:14&#xD;
Sensor has not sent data for 0 hour 2 minute and 7 seconds long&#xD;
The max time lapse in seconds: 336 &#xD;
Data between time: 06/19/2021 18:34:04 and 06/19/2021 18:37:52&#xD;
Sensor has not sent data for 0 hour 3 minute and 48 seconds long&#xD;
The max time lapse in seconds: 336 &#xD;
Data between time: 06/19/2021 18:42:44 and 06/19/2021 18:46:09&#xD;
Sensor has not sent data for 0 hour 3 minute and 25 seconds long&#xD;
The max time lapse in seconds: 336 &#xD;
Data between time: 06/19/2021 20:52:24 and 06/19/2021 20:56:21&#xD;
Sensor has not sent data for 0 hour 3 minute and 56 seconds long&#xD;
The max time lapse in seconds: 336 &#xD;
Data between time: 06/19/2021 21:22:44 and 06/19/2021 21:26:11&#xD;
Sensor has not sent data for 0 hour 3 minute and 27 seconds long&#xD;
The max time lapse in seconds: 336 &#xD;
Data between time: 06/19/2021 21:29:22 and 06/19/2021 21:32:56&#xD;
Sensor has not sent data for 0 hour 3 minute and 33 seconds long&#xD;
The max time lapse in seconds: 336 &#xD;
Data between time: 06/19/2021 22:24:12 and 06/19/2021 22:28:05&#xD;
Sensor has not sent data for 0 hour 3 minute and 53 seconds long&#xD;
The max time lapse in seconds: 336 &#xD;
&#xD;
Failed : Discrepency in time stamp in Vibration&#xD;
&#xD;
Time Span Difference data for date : 2021-06-20 for Sensor Tag: 24EDFD0000C2 for dataType: Signal Strength&#xD;
Package Count 835&#xD;
Error: Data between time: 06/20/2021 00:04:04 and 06/20/2021 00:08:08&#xD;
Error: Sensor has not sent data for 0 hour 4 minute and 4 seconds long&#xD;
Error: The max time lapse in seconds: 244 &#xD;
Error: Data between time: 06/20/2021 00:24:32 and 06/20/2021 00:28:16&#xD;
Error: Sensor has not sent data for 0 hour 3 minute and 44 seconds long&#xD;
Error: The max time lapse in seconds: 244 &#xD;
Error: Data between time: 06/20/2021 01:17:46 and 06/20/2021 01:21:32&#xD;
Error: Sensor has not sent data for 0 hour 3 minute and 45 seconds long&#xD;
Error: The max time lapse in seconds: 244 &#xD;
Error: Data between time: 06/20/2021 03:02:29 and 06/20/2021 03:06:26&#xD;
Error: Sensor has not sent data for 0 hour 3 minute and 56 seconds long&#xD;
Error: The max time lapse in seconds: 244 &#xD;
Error: Data between time: 06/20/2021 03:46:11 and 06/20/2021 03:49:57&#xD;
Error: Sensor has not sent data for 0 hour 3 minute and 46 seconds long&#xD;
Error: The max time lapse in seconds: 244 &#xD;
Error: Data between time: 06/20/2021 04:14:52 and 06/20/2021 04:18:14&#xD;
Error: Sensor has not sent data for 0 hour 3 minute and 22 seconds long&#xD;
Error: The max time lapse in seconds: 244 &#xD;
Error: Data between time: 06/20/2021 04:30:00 and 06/20/2021 04:33:20&#xD;
Error: Sensor has not sent data for 0 hour 3 minute and 20 seconds long&#xD;
Error: The max time lapse in seconds: 244 &#xD;
Error: Data between time: 06/20/2021 04:52:57 and 06/20/2021 04:55:03&#xD;
Error: Sensor has not sent data for 0 hour 2 minute and 6 seconds long&#xD;
Error: The max time lapse in seconds: 244 &#xD;
Error: Data between time: 06/20/2021 05:19:15 and 06/20/2021 05:23:19&#xD;
Error: Sensor has not sent data for 0 hour 4 minute and 4 seconds long&#xD;
Error: The max time lapse in seconds: 244 &#xD;
Error: Data between time: 06/20/2021 05:32:59 and 06/20/2021 05:36:41&#xD;
Error: Sensor has not sent data for 0 hour 3 minute and 42 seconds long&#xD;
Error: The max time lapse in seconds: 244 &#xD;
Error: Data between time: 06/20/2021 07:04:42 and 06/20/2021 07:10:12&#xD;
Error: Sensor has not sent data for 0 hour 5 minute and 30 seconds long&#xD;
Error: The max time lapse in seconds: 330 &#xD;
Error: Data between time: 06/20/2021 07:29:53 and 06/20/2021 07:33:10&#xD;
Error: Sensor has not sent data for 0 hour 3 minute and 17 seconds long&#xD;
Error: The max time lapse in seconds: 330 &#xD;
Error: Data between time: 06/20/2021 07:41:22 and 06/20/2021 07:44:52&#xD;
Error: Sensor has not sent data for 0 hour 3 minute and 29 seconds long&#xD;
Error: The max time lapse in seconds: 330 &#xD;
Error: Data between time: 06/20/2021 12:07:53 and 06/20/2021 12:11:59&#xD;
Error: Sensor has not sent data for 0 hour 4 minute and 6 seconds long&#xD;
Error: The max time lapse in seconds: 330 &#xD;
Error: Data between time: 06/20/2021 14:43:01 and 06/20/2021 14:46:52&#xD;
Error: Sensor has not sent data for 0 hour 3 minute and 51 seconds long&#xD;
Error: The max time lapse in seconds: 330 &#xD;
Error: Data between time: 06/20/2021 15:04:59 and 06/20/2021 15:08:50&#xD;
Error: Sensor has not sent data for 0 hour 3 minute and 50 seconds long&#xD;
Error: The max time lapse in seconds: 330 &#xD;
Error: Data between time: 06/20/2021 16:15:30 and 06/20/2021 16:18:40&#xD;
Error: Sensor has not sent data for 0 hour 3 minute and 10 seconds long&#xD;
Error: The max time lapse in seconds: 330 &#xD;
Error: Data between time: 06/20/2021 16:25:03 and 06/20/2021 16:29:03&#xD;
Error: Sensor has not sent data for 0 hour 3 minute and 59 seconds long&#xD;
Error: The max time lapse in seconds: 330 &#xD;
Error: Data between time: 06/20/2021 16:38:35 and 06/20/2021 16:42:15&#xD;
Error: Sensor has not sent data for 0 hour 3 minute and 39 seconds long&#xD;
Error: The max time lapse in seconds: 330 &#xD;
Error: Data between time: 06/20/2021 16:51:47 and 06/20/2021 16:55:35&#xD;
Error: Sensor has not sent data for 0 hour 3 minute and 48 seconds long&#xD;
Error: The max time lapse in seconds: 330 &#xD;
Error: Data between time: 06/20/2021 17:10:22 and 06/20/2021 17:13:57&#xD;
Error: Sensor has not sent data for 0 hour 3 minute and 34 seconds long&#xD;
Error: The max time lapse in seconds: 330 &#xD;
Error: Data between time: 06/20/2021 17:45:18 and 06/20/2021 17:48:53&#xD;
Error: Sensor has not sent data for 0 hour 3 minute and 35 seconds long&#xD;
Error: The max time lapse in seconds: 330 &#xD;
Error: Data between time: 06/20/2021 19:23:25 and 06/20/2021 19:27:31&#xD;
Error: Sensor has not sent data for 0 hour 4 minute and 6 seconds long&#xD;
Error: The max time lapse in seconds: 330 &#xD;
Error: Data between time: 06/20/2021 20:03:24 and 06/20/2021 20:07:08&#xD;
Error: Sensor has not sent data for 0 hour 3 minute and 43 seconds long&#xD;
Error: The max time lapse in seconds: 330 &#xD;
Error: Data between time: 06/20/2021 20:08:47 and 06/20/2021 20:12:18&#xD;
Error: Sensor has not sent data for 0 hour 3 minute and 31 seconds long&#xD;
Error: The max time lapse in seconds: 330 &#xD;
Error: Data between time: 06/20/2021 21:46:40 and 06/20/2021 21:50:56&#xD;
Error: Sensor has not sent data for 0 hour 4 minute and 15 seconds long&#xD;
Error: The max time lapse in seconds: 330 &#xD;
Error: Data between time: 06/20/2021 22:35:32 and 06/20/2021 22:39:11&#xD;
Error: Sensor has not sent data for 0 hour 3 minute and 39 seconds long&#xD;
Error: The max time lapse in seconds: 330 &#xD;
Error: Data between time: 06/20/2021 23:13:26 and 06/20/2021 23:17:29&#xD;
Error: Sensor has not sent data for 0 hour 4 minute and 3 seconds long&#xD;
Error: The max time lapse in seconds: 330 &#xD;
&#xD;
Failed : Discrepency in time stamp in Signal&#xD;
&#xD;
Time Span Difference data for date : 2021-06-20 for Sensor Tag: 24EDFD0000C2 for dataType: Temperature&#xD;
Package Count 835&#xD;
Error: Data between time: 06/20/2021 00:04:04 and 06/20/2021 00:08:08&#xD;
Error: Sensor has not sent data for 0 hour 4 minute and 4 seconds long&#xD;
Error: The max time lapse in seconds: 244 &#xD;
Error: Data between time: 06/20/2021 00:24:32 and 06/20/2021 00:28:16&#xD;
Error: Sensor has not sent data for 0 hour 3 minute and 44 seconds long&#xD;
Error: The max time lapse in seconds: 244 &#xD;
Error: Data between time: 06/20/2021 01:17:46 and 06/20/2021 01:21:32&#xD;
Error: Sensor has not sent data for 0 hour 3 minute and 45 seconds long&#xD;
Error: The max time lapse in seconds: 244 &#xD;
Error: Data between time: 06/20/2021 03:02:29 and 06/20/2021 03:06:26&#xD;
Error: Sensor has not sent data for 0 hour 3 minute and 56 seconds long&#xD;
Error: The max time lapse in seconds: 244 &#xD;
Error: Data between time: 06/20/2021 03:46:11 and 06/20/2021 03:49:57&#xD;
Error: Sensor has not sent data for 0 hour 3 minute and 46 seconds long&#xD;
Error: The max time lapse in seconds: 244 &#xD;
Error: Data between time: 06/20/2021 04:14:52 and 06/20/2021 04:18:14&#xD;
Error: Sensor has not sent data for 0 hour 3 minute and 22 seconds long&#xD;
Error: The max time lapse in seconds: 244 &#xD;
Error: Data between time: 06/20/2021 04:30:00 and 06/20/2021 04:33:20&#xD;
Error: Sensor has not sent data for 0 hour 3 minute and 20 seconds long&#xD;
Error: The max time lapse in seconds: 244 &#xD;
Error: Data between time: 06/20/2021 04:52:57 and 06/20/2021 04:55:03&#xD;
Error: Sensor has not sent data for 0 hour 2 minute and 6 seconds long&#xD;
Error: The max time lapse in seconds: 244 &#xD;
Error: Data between time: 06/20/2021 05:19:15 and 06/20/2021 05:23:19&#xD;
Error: Sensor has not sent data for 0 hour 4 minute and 4 seconds long&#xD;
Error: The max time lapse in seconds: 244 &#xD;
Error: Data between time: 06/20/2021 05:32:59 and 06/20/2021 05:36:41&#xD;
Error: Sensor has not sent data for 0 hour 3 minute and 42 seconds long&#xD;
Error: The max time lapse in seconds: 244 &#xD;
Error: Data between time: 06/20/2021 07:04:42 and 06/20/2021 07:10:12&#xD;
Error: Sensor has not sent data for 0 hour 5 minute and 30 seconds long&#xD;
Error: The max time lapse in seconds: 330 &#xD;
Error: Data between time: 06/20/2021 07:29:53 and 06/20/2021 07:33:10&#xD;
Error: Sensor has not sent data for 0 hour 3 minute and 17 seconds long&#xD;
Error: The max time lapse in seconds: 330 &#xD;
Error: Data between time: 06/20/2021 07:41:22 and 06/20/2021 07:44:52&#xD;
Error: Sensor has not sent data for 0 hour 3 minute and 29 seconds long&#xD;
Error: The max time lapse in seconds: 330 &#xD;
Error: Data between time: 06/20/2021 12:07:53 and 06/20/2021 12:11:59&#xD;
Error: Sensor has not sent data for 0 hour 4 minute and 6 seconds long&#xD;
Error: The max time lapse in seconds: 330 &#xD;
Error: Data between time: 06/20/2021 14:43:01 and 06/20/2021 14:46:52&#xD;
Error: Sensor has not sent data for 0 hour 3 minute and 51 seconds long&#xD;
Error: The max time lapse in seconds: 330 &#xD;
Error: Data between time: 06/20/2021 15:04:59 and 06/20/2021 15:08:50&#xD;
Error: Sensor has not sent data for 0 hour 3 minute and 50 seconds long&#xD;
Error: The max time lapse in seconds: 330 &#xD;
Error: Data between time: 06/20/2021 16:15:30 and 06/20/2021 16:18:40&#xD;
Error: Sensor has not sent data for 0 hour 3 minute and 10 seconds long&#xD;
Error: The max time lapse in seconds: 330 &#xD;
Error: Data between time: 06/20/2021 16:25:03 and 06/20/2021 16:29:03&#xD;
Error: Sensor has not sent data for 0 hour 3 minute and 59 seconds long&#xD;
Error: The max time lapse in seconds: 330 &#xD;
Error: Data between time: 06/20/2021 16:38:35 and 06/20/2021 16:42:15&#xD;
Error: Sensor has not sent data for 0 hour 3 minute and 39 seconds long&#xD;
Error: The max time lapse in seconds: 330 &#xD;
Error: Data between time: 06/20/2021 16:51:47 and 06/20/2021 16:55:35&#xD;
Error: Sensor has not sent data for 0 hour 3 minute and 48 seconds long&#xD;
Error: The max time lapse in seconds: 330 &#xD;
Error: Data between time: 06/20/2021 17:10:22 and 06/20/2021 17:13:57&#xD;
Error: Sensor has not sent data for 0 hour 3 minute and 34 seconds long&#xD;
Error: The max time lapse in seconds: 330 &#xD;
Error: Data between time: 06/20/2021 17:45:18 and 06/20/2021 17:48:53&#xD;
Error: Sensor has not sent data for 0 hour 3 minute and 35 seconds long&#xD;
Error: The max time lapse in seconds: 330 &#xD;
Error: Data between time: 06/20/2021 19:23:25 and 06/20/2021 19:27:31&#xD;
Error: Sensor has not sent data for 0 hour 4 minute and 6 seconds long&#xD;
Error: The max time lapse in seconds: 330 &#xD;
Error: Data between time: 06/20/2021 20:03:24 and 06/20/2021 20:07:08&#xD;
Error: Sensor has not sent data for 0 hour 3 minute and 43 seconds long&#xD;
Error: The max time lapse in seconds: 330 &#xD;
Error: Data between time: 06/20/2021 20:08:47 and 06/20/2021 20:12:18&#xD;
Error: Sensor has not sent data for 0 hour 3 minute and 31 seconds long&#xD;
Error: The max time lapse in seconds: 330 &#xD;
Error: Data between time: 06/20/2021 21:46:40 and 06/20/2021 21:50:56&#xD;
Error: Sensor has not sent data for 0 hour 4 minute and 15 seconds long&#xD;
Error: The max time lapse in seconds: 330 &#xD;
Error: Data between time: 06/20/2021 22:35:32 and 06/20/2021 22:39:11&#xD;
Error: Sensor has not sent data for 0 hour 3 minute and 39 seconds long&#xD;
Error: The max time lapse in seconds: 330 &#xD;
Error: Data between time: 06/20/2021 23:13:26 and 06/20/2021 23:17:29&#xD;
Error: Sensor has not sent data for 0 hour 4 minute and 3 seconds long&#xD;
Error: The max time lapse in seconds: 330 &#xD;
&#xD;
Failed : Discrepency in time stamp in Temp&#xD;
&#xD;
Time Span Difference data for date : 2021-06-20 for Sensor Tag: 24EDFD0000C2 for dataType: Vibration&#xD;
Package Count X axis: 834&#xD;
Data between time: 06/20/2021 00:04:04 and 06/20/2021 00:08:08&#xD;
Sensor has not sent data for 0 hour 4 minute and 4 seconds long&#xD;
The max time lapse in seconds: 244 &#xD;
Data between time: 06/20/2021 00:24:32 and 06/20/2021 00:28:16&#xD;
Sensor has not sent data for 0 hour 3 minute and 44 seconds long&#xD;
The max time lapse in seconds: 244 &#xD;
Data between time: 06/20/2021 01:17:46 and 06/20/2021 01:21:32&#xD;
Sensor has not sent data for 0 hour 3 minute and 45 seconds long&#xD;
The max time lapse in seconds: 244 &#xD;
Data between time: 06/20/2021 03:02:29 and 06/20/2021 03:06:26&#xD;
Sensor has not sent data for 0 hour 3 minute and 56 seconds long&#xD;
The max time lapse in seconds: 244 &#xD;
Data between time: 06/20/2021 03:46:11 and 06/20/2021 03:49:57&#xD;
Sensor has not sent data for 0 hour 3 minute and 46 seconds long&#xD;
The max time lapse in seconds: 244 &#xD;
Data between time: 06/20/2021 04:14:52 and 06/20/2021 04:18:14&#xD;
Sensor has not sent data for 0 hour 3 minute and 22 seconds long&#xD;
The max time lapse in seconds: 244 &#xD;
Data between time: 06/20/2021 04:30:00 and 06/20/2021 04:33:20&#xD;
Sensor has not sent data for 0 hour 3 minute and 20 seconds long&#xD;
The max time lapse in seconds: 244 &#xD;
Data between time: 06/20/2021 04:52:57 and 06/20/2021 04:55:03&#xD;
Sensor has not sent data for 0 hour 2 minute and 6 seconds long&#xD;
The max time lapse in seconds: 244 &#xD;
Data between time: 06/20/2021 05:19:15 and 06/20/2021 05:23:19&#xD;
Sensor has not sent data for 0 hour 4 minute and 4 seconds long&#xD;
The max time lapse in seconds: 244 &#xD;
Data between time: 06/20/2021 05:32:59 and 06/20/2021 05:36:41&#xD;
Sensor has not sent data for 0 hour 3 minute and 42 seconds long&#xD;
The max time lapse in seconds: 244 &#xD;
Data between time: 06/20/2021 07:04:42 and 06/20/2021 07:10:12&#xD;
Sensor has not sent data for 0 hour 5 minute and 30 seconds long&#xD;
The max time lapse in seconds: 330 &#xD;
Data between time: 06/20/2021 07:29:53 and 06/20/2021 07:33:10&#xD;
Sensor has not sent data for 0 hour 3 minute and 17 seconds long&#xD;
The max time lapse in seconds: 330 &#xD;
Data between time: 06/20/2021 07:41:22 and 06/20/2021 07:44:52&#xD;
Sensor has not sent data for 0 hour 3 minute and 29 seconds long&#xD;
The max time lapse in seconds: 330 &#xD;
Data between time: 06/20/2021 12:07:53 and 06/20/2021 12:11:59&#xD;
Sensor has not sent data for 0 hour 4 minute and 6 seconds long&#xD;
The max time lapse in seconds: 330 &#xD;
Data between time: 06/20/2021 14:11:18 and 06/20/2021 14:14:40&#xD;
Sensor has not sent data for 0 hour 3 minute and 21 seconds long&#xD;
The max time lapse in seconds: 330 &#xD;
Data between time: 06/20/2021 14:43:01 and 06/20/2021 14:46:52&#xD;
Sensor has not sent data for 0 hour 3 minute and 51 seconds long&#xD;
The max time lapse in seconds: 330 &#xD;
Data between time: 06/20/2021 15:04:59 and 06/20/2021 15:08:50&#xD;
Sensor has not sent data for 0 hour 3 minute and 50 seconds long&#xD;
The max time lapse in seconds: 330 &#xD;
Data between time: 06/20/2021 16:15:30 and 06/20/2021 16:18:40&#xD;
Sensor has not sent data for 0 hour 3 minute and 10 seconds long&#xD;
The max time lapse in seconds: 330 &#xD;
Data between time: 06/20/2021 16:25:03 and 06/20/2021 16:29:03&#xD;
Sensor has not sent data for 0 hour 3 minute and 59 seconds long&#xD;
The max time lapse in seconds: 330 &#xD;
Data between time: 06/20/2021 16:38:35 and 06/20/2021 16:42:15&#xD;
Sensor has not sent data for 0 hour 3 minute and 39 seconds long&#xD;
The max time lapse in seconds: 330 &#xD;
Data between time: 06/20/2021 16:51:47 and 06/20/2021 16:55:35&#xD;
Sensor has not sent data for 0 hour 3 minute and 48 seconds long&#xD;
The max time lapse in seconds: 330 &#xD;
Data between time: 06/20/2021 17:10:22 and 06/20/2021 17:13:57&#xD;
Sensor has not sent data for 0 hour 3 minute and 34 seconds long&#xD;
The max time lapse in seconds: 330 &#xD;
Data between time: 06/20/2021 17:45:18 and 06/20/2021 17:48:53&#xD;
Sensor has not sent data for 0 hour 3 minute and 35 seconds long&#xD;
The max time lapse in seconds: 330 &#xD;
Data between time: 06/20/2021 19:23:25 and 06/20/2021 19:27:31&#xD;
Sensor has not sent data for 0 hour 4 minute and 6 seconds long&#xD;
The max time lapse in seconds: 330 &#xD;
Data between time: 06/20/2021 20:03:24 and 06/20/2021 20:07:08&#xD;
Sensor has not sent data for 0 hour 3 minute and 43 seconds long&#xD;
The max time lapse in seconds: 330 &#xD;
Data between time: 06/20/2021 20:08:47 and 06/20/2021 20:12:18&#xD;
Sensor has not sent data for 0 hour 3 minute and 31 seconds long&#xD;
The max time lapse in seconds: 330 &#xD;
Data between time: 06/20/2021 21:46:40 and 06/20/2021 21:50:56&#xD;
Sensor has not sent data for 0 hour 4 minute and 15 seconds long&#xD;
The max time lapse in seconds: 330 &#xD;
Data between time: 06/20/2021 22:35:32 and 06/20/2021 22:39:11&#xD;
Sensor has not sent data for 0 hour 3 minute and 39 seconds long&#xD;
The max time lapse in seconds: 330 &#xD;
Data between time: 06/20/2021 23:13:26 and 06/20/2021 23:17:29&#xD;
Sensor has not sent data for 0 hour 4 minute and 3 seconds long&#xD;
The max time lapse in seconds: 330 &#xD;
&#xD;
Failed : Discrepency in time stamp in Vibration&#xD;
&#xD;
Time Span Difference data for date : 2021-06-20 for Sensor Tag: 24EDFD0000C2 for dataType: Vibration&#xD;
Package Count Y axis: 834&#xD;
Data between time: 06/20/2021 00:04:04 and 06/20/2021 00:08:08&#xD;
Sensor has not sent data for 0 hour 4 minute and 4 seconds long&#xD;
The max time lapse in seconds: 244 &#xD;
Data between time: 06/20/2021 00:24:32 and 06/20/2021 00:28:16&#xD;
Sensor has not sent data for 0 hour 3 minute and 44 seconds long&#xD;
The max time lapse in seconds: 244 &#xD;
Data between time: 06/20/2021 01:17:46 and 06/20/2021 01:21:32&#xD;
Sensor has not sent data for 0 hour 3 minute and 45 seconds long&#xD;
The max time lapse in seconds: 244 &#xD;
Data between time: 06/20/2021 03:02:29 and 06/20/2021 03:06:26&#xD;
Sensor has not sent data for 0 hour 3 minute and 56 seconds long&#xD;
The max time lapse in seconds: 244 &#xD;
Data between time: 06/20/2021 03:46:11 and 06/20/2021 03:49:57&#xD;
Sensor has not sent data for 0 hour 3 minute and 46 seconds long&#xD;
The max time lapse in seconds: 244 &#xD;
Data between time: 06/20/2021 04:14:52 and 06/20/2021 04:18:14&#xD;
Sensor has not sent data for 0 hour 3 minute and 22 seconds long&#xD;
The max time lapse in seconds: 244 &#xD;
Data between time: 06/20/2021 04:30:00 and 06/20/2021 04:33:20&#xD;
Sensor has not sent data for 0 hour 3 minute and 20 seconds long&#xD;
The max time lapse in seconds: 244 &#xD;
Data between time: 06/20/2021 04:52:57 and 06/20/2021 04:55:03&#xD;
Sensor has not sent data for 0 hour 2 minute and 6 seconds long&#xD;
The max time lapse in seconds: 244 &#xD;
Data between time: 06/20/2021 05:19:15 and 06/20/2021 05:23:19&#xD;
Sensor has not sent data for 0 hour 4 minute and 4 seconds long&#xD;
The max time lapse in seconds: 244 &#xD;
Data between time: 06/20/2021 05:32:59 and 06/20/2021 05:36:41&#xD;
Sensor has not sent data for 0 hour 3 minute and 42 seconds long&#xD;
The max time lapse in seconds: 244 &#xD;
Data between time: 06/20/2021 07:04:42 and 06/20/2021 07:10:12&#xD;
Sensor has not sent data for 0 hour 5 minute and 30 seconds long&#xD;
The max time lapse in seconds: 330 &#xD;
Data between time: 06/20/2021 07:29:53 and 06/20/2021 07:33:10&#xD;
Sensor has not sent data for 0 hour 3 minute and 17 seconds long&#xD;
The max time lapse in seconds: 330 &#xD;
Data between time: 06/20/2021 07:41:22 and 06/20/2021 07:44:52&#xD;
Sensor has not sent data for 0 hour 3 minute and 29 seconds long&#xD;
The max time lapse in seconds: 330 &#xD;
Data between time: 06/20/2021 12:07:53 and 06/20/2021 12:11:59&#xD;
Sensor has not sent data for 0 hour 4 minute and 6 seconds long&#xD;
The max time lapse in seconds: 330 &#xD;
Data between time: 06/20/2021 14:11:18 and 06/20/2021 14:14:40&#xD;
Sensor has not sent data for 0 hour 3 minute and 21 seconds long&#xD;
The max time lapse in seconds: 330 &#xD;
Data between time: 06/20/2021 14:43:01 and 06/20/2021 14:46:52&#xD;
Sensor has not sent data for 0 hour 3 minute and 51 seconds long&#xD;
The max time lapse in seconds: 330 &#xD;
Data between time: 06/20/2021 15:04:59 and 06/20/2021 15:08:50&#xD;
Sensor has not sent data for 0 hour 3 minute and 50 seconds long&#xD;
The max time lapse in seconds: 330 &#xD;
Data between time: 06/20/2021 16:15:30 and 06/20/2021 16:18:40&#xD;
Sensor has not sent data for 0 hour 3 minute and 10 seconds long&#xD;
The max time lapse in seconds: 330 &#xD;
Data between time: 06/20/2021 16:25:03 and 06/20/2021 16:29:03&#xD;
Sensor has not sent data for 0 hour 3 minute and 59 seconds long&#xD;
The max time lapse in seconds: 330 &#xD;
Data between time: 06/20/2021 16:38:35 and 06/20/2021 16:42:15&#xD;
Sensor has not sent data for 0 hour 3 minute and 39 seconds long&#xD;
The max time lapse in seconds: 330 &#xD;
Data between time: 06/20/2021 16:51:47 and 06/20/2021 16:55:35&#xD;
Sensor has not sent data for 0 hour 3 minute and 48 seconds long&#xD;
The max time lapse in seconds: 330 &#xD;
Data between time: 06/20/2021 17:10:22 and 06/20/2021 17:13:57&#xD;
Sensor has not sent data for 0 hour 3 minute and 34 seconds long&#xD;
The max time lapse in seconds: 330 &#xD;
Data between time: 06/20/2021 17:45:18 and 06/20/2021 17:48:53&#xD;
Sensor has not sent data for 0 hour 3 minute and 35 seconds long&#xD;
The max time lapse in seconds: 330 &#xD;
Data between time: 06/20/2021 19:23:25 and 06/20/2021 19:27:31&#xD;
Sensor has not sent data for 0 hour 4 minute and 6 seconds long&#xD;
The max time lapse in seconds: 330 &#xD;
Data between time: 06/20/2021 20:03:24 and 06/20/2021 20:07:08&#xD;
Sensor has not sent data for 0 hour 3 minute and 43 seconds long&#xD;
The max time lapse in seconds: 330 &#xD;
Data between time: 06/20/2021 20:08:47 and 06/20/2021 20:12:18&#xD;
Sensor has not sent data for 0 hour 3 minute and 31 seconds long&#xD;
The max time lapse in seconds: 330 &#xD;
Data between time: 06/20/2021 21:46:40 and 06/20/2021 21:50:56&#xD;
Sensor has not sent data for 0 hour 4 minute and 15 seconds long&#xD;
The max time lapse in seconds: 330 &#xD;
Data between time: 06/20/2021 22:35:32 and 06/20/2021 22:39:11&#xD;
Sensor has not sent data for 0 hour 3 minute and 39 seconds long&#xD;
The max time lapse in seconds: 330 &#xD;
Data between time: 06/20/2021 23:13:26 and 06/20/2021 23:17:29&#xD;
Sensor has not sent data for 0 hour 4 minute and 3 seconds long&#xD;
The max time lapse in seconds: 330 &#xD;
&#xD;
Failed : Discrepency in time stamp in Vibration&#xD;
&#xD;
Time Span Difference data for date : 2021-06-20 for Sensor Tag: 24EDFD0000C2 for dataType: Vibration&#xD;
Package Count Z axis: 834&#xD;
Data between time: 06/20/2021 00:04:04 and 06/20/2021 00:08:08&#xD;
Sensor has not sent data for 0 hour 4 minute and 4 seconds long&#xD;
The max time lapse in seconds: 244 &#xD;
Data between time: 06/20/2021 00:24:32 and 06/20/2021 00:28:16&#xD;
Sensor has not sent data for 0 hour 3 minute and 44 seconds long&#xD;
The max time lapse in seconds: 244 &#xD;
Data between time: 06/20/2021 01:17:46 and 06/20/2021 01:21:32&#xD;
Sensor has not sent data for 0 hour 3 minute and 45 seconds long&#xD;
The max time lapse in seconds: 244 &#xD;
Data between time: 06/20/2021 03:02:29 and 06/20/2021 03:06:26&#xD;
Sensor has not sent data for 0 hour 3 minute and 56 seconds long&#xD;
The max time lapse in seconds: 244 &#xD;
Data between time: 06/20/2021 03:46:11 and 06/20/2021 03:49:57&#xD;
Sensor has not sent data for 0 hour 3 minute and 46 seconds long&#xD;
The max time lapse in seconds: 244 &#xD;
Data between time: 06/20/2021 04:14:52 and 06/20/2021 04:18:14&#xD;
Sensor has not sent data for 0 hour 3 minute and 22 seconds long&#xD;
The max time lapse in seconds: 244 &#xD;
Data between time: 06/20/2021 04:30:00 and 06/20/2021 04:33:20&#xD;
Sensor has not sent data for 0 hour 3 minute and 20 seconds long&#xD;
The max time lapse in seconds: 244 &#xD;
Data between time: 06/20/2021 04:52:57 and 06/20/2021 04:55:03&#xD;
Sensor has not sent data for 0 hour 2 minute and 6 seconds long&#xD;
The max time lapse in seconds: 244 &#xD;
Data between time: 06/20/2021 05:19:15 and 06/20/2021 05:23:19&#xD;
Sensor has not sent data for 0 hour 4 minute and 4 seconds long&#xD;
The max time lapse in seconds: 244 &#xD;
Data between time: 06/20/2021 05:32:59 and 06/20/2021 05:36:41&#xD;
Sensor has not sent data for 0 hour 3 minute and 42 seconds long&#xD;
The max time lapse in seconds: 244 &#xD;
Data between time: 06/20/2021 07:04:42 and 06/20/2021 07:10:12&#xD;
Sensor has not sent data for 0 hour 5 minute and 30 seconds long&#xD;
The max time lapse in seconds: 330 &#xD;
Data between time: 06/20/2021 07:29:53 and 06/20/2021 07:33:10&#xD;
Sensor has not sent data for 0 hour 3 minute and 17 seconds long&#xD;
The max time lapse in seconds: 330 &#xD;
Data between time: 06/20/2021 07:41:22 and 06/20/2021 07:44:52&#xD;
Sensor has not sent data for 0 hour 3 minute and 29 seconds long&#xD;
The max time lapse in seconds: 330 &#xD;
Data between time: 06/20/2021 12:07:53 and 06/20/2021 12:11:59&#xD;
Sensor has not sent data for 0 hour 4 minute and 6 seconds long&#xD;
The max time lapse in seconds: 330 &#xD;
Data between time: 06/20/2021 14:11:18 and 06/20/2021 14:14:40&#xD;
Sensor has not sent data for 0 hour 3 minute and 21 seconds long&#xD;
The max time lapse in seconds: 330 &#xD;
Data between time: 06/20/2021 14:43:01 and 06/20/2021 14:46:52&#xD;
Sensor has not sent data for 0 hour 3 minute and 51 seconds long&#xD;
The max time lapse in seconds: 330 &#xD;
Data between time: 06/20/2021 15:04:59 and 06/20/2021 15:08:50&#xD;
Sensor has not sent data for 0 hour 3 minute and 50 seconds long&#xD;
The max time lapse in seconds: 330 &#xD;
Data between time: 06/20/2021 16:15:30 and 06/20/2021 16:18:40&#xD;
Sensor has not sent data for 0 hour 3 minute and 10 seconds long&#xD;
The max time lapse in seconds: 330 &#xD;
Data between time: 06/20/2021 16:25:03 and 06/20/2021 16:29:03&#xD;
Sensor has not sent data for 0 hour 3 minute and 59 seconds long&#xD;
The max time lapse in seconds: 330 &#xD;
Data between time: 06/20/2021 16:38:35 and 06/20/2021 16:42:15&#xD;
Sensor has not sent data for 0 hour 3 minute and 39 seconds long&#xD;
The max time lapse in seconds: 330 &#xD;
Data between time: 06/20/2021 16:51:47 and 06/20/2021 16:55:35&#xD;
Sensor has not sent data for 0 hour 3 minute and 48 seconds long&#xD;
The max time lapse in seconds: 330 &#xD;
Data between time: 06/20/2021 17:10:22 and 06/20/2021 17:13:57&#xD;
Sensor has not sent data for 0 hour 3 minute and 34 seconds long&#xD;
The max time lapse in seconds: 330 &#xD;
Data between time: 06/20/2021 17:45:18 and 06/20/2021 17:48:53&#xD;
Sensor has not sent data for 0 hour 3 minute and 35 seconds long&#xD;
The max time lapse in seconds: 330 &#xD;
Data between time: 06/20/2021 19:23:25 and 06/20/2021 19:27:31&#xD;
Sensor has not sent data for 0 hour 4 minute and 6 seconds long&#xD;
The max time lapse in seconds: 330 &#xD;
Data between time: 06/20/2021 20:03:24 and 06/20/2021 20:07:08&#xD;
Sensor has not sent data for 0 hour 3 minute and 43 seconds long&#xD;
The max time lapse in seconds: 330 &#xD;
Data between time: 06/20/2021 20:08:47 and 06/20/2021 20:12:18&#xD;
Sensor has not sent data for 0 hour 3 minute and 31 seconds long&#xD;
The max time lapse in seconds: 330 &#xD;
Data between time: 06/20/2021 21:46:40 and 06/20/2021 21:50:56&#xD;
Sensor has not sent data for 0 hour 4 minute and 15 seconds long&#xD;
The max time lapse in seconds: 330 &#xD;
Data between time: 06/20/2021 22:35:32 and 06/20/2021 22:39:11&#xD;
Sensor has not sent data for 0 hour 3 minute and 39 seconds long&#xD;
The max time lapse in seconds: 330 &#xD;
Data between time: 06/20/2021 23:13:26 and 06/20/2021 23:17:29&#xD;
Sensor has not sent data for 0 hour 4 minute and 3 seconds long&#xD;
The max time lapse in seconds: 330 &#xD;
&#xD;
Failed : Discrepency in time stamp in Vibration</StdOut>
            <ErrorInfo>
              <Message>Assert.IsTrue failed. Failed in getting data!</Message>
              <StackTrace>   at SCM_TF.Database.Te_Database.GetObjectDataTimeSpanDiff()&#xD;
</StackTrace>
            </ErrorInfo>
          </Output>
        </UnitTestResult>
        <UnitTestResult executionId="020daa34-e3c4-4e54-9630-07d7f0c283a3" parentExecutionId="7150ebb0-53c4-40a1-b05b-d698c7af42a1" testId="fb3f85a5-ce4f-d64e-0c87-72a2e1e97d24" testName="GetObjectDataTimeSpanDiff (Data Row 1)" computerName="MD3H3FMC" duration="00:00:00.0009421" startTime="2021-09-17T12:02:01.2808260+05:30" endTime="2021-09-17T12:03:39.4007350+05:30" testType="13cdc9d9-ddb5-4fa4-a97d-d965ccfc6d4b" outcome="Failed" testListId="8c84fa94-04c1-424b-9868-57a2d4851a1d" relativeResultsDirectory="020daa34-e3c4-4e54-9630-07d7f0c283a3" dataRowInfo="2" resultType="DataDrivenDataRow">
          <Output>
            <ErrorInfo>
              <Message>Assert.IsTrue failed. Start date is later than End Date</Message>
              <StackTrace>   at SCM_TF.Database.Te_Database.GetObjectDataTimeSpanDiff()&#xD;
</StackTrace>
            </ErrorInfo>
          </Output>
        </UnitTestResult>
      </InnerResults>
    </UnitTestResult>
    <UnitTestResult executionId="edb473ac-3e0b-4959-8185-84ca0eac561c" testId="c0c9e07e-0a83-e76a-095e-bbf8168ec560" testName="GetStatisticalData" computerName="MD3H3FMC" duration="00:00:35.3857431" startTime="2021-09-17T12:03:39.4207351+05:30" endTime="2021-09-17T12:04:14.8092070+05:30" testType="13cdc9d9-ddb5-4fa4-a97d-d965ccfc6d4b" outcome="Passed" testListId="8c84fa94-04c1-424b-9868-57a2d4851a1d" relativeResultsDirectory="edb473ac-3e0b-4959-8185-84ca0eac561c" resultType="DataDrivenTest">
      <InnerResults>
        <UnitTestResult executionId="13825c2f-5635-4ad3-9288-02edc0601b84" parentExecutionId="edb473ac-3e0b-4959-8185-84ca0eac561c" testId="c0c9e07e-0a83-e76a-095e-bbf8168ec560" testName="GetStatisticalData (Data Row 0)" computerName="MD3H3FMC" duration="00:00:35.2413470" startTime="2021-09-17T12:03:39.4207351+05:30" endTime="2021-09-17T12:04:14.8092070+05:30" testType="13cdc9d9-ddb5-4fa4-a97d-d965ccfc6d4b" outcome="Passed" testListId="8c84fa94-04c1-424b-9868-57a2d4851a1d" relativeResultsDirectory="13825c2f-5635-4ad3-9288-02edc0601b84" dataRowInfo="1" resultType="DataDrivenDataRow">
          <Output>
            <StdOut>Statistical data for sensor:24EDFD0000C2&#xD;
Package Count for Temperature: 829 for dated: 06/19/2021&#xD;
Minimum Temperature : 25.56°C on dated 06/19/2021 03:43:44&#xD;
Maximum temperature : 26.79°C on dated 06/19/2021 16:50:46&#xD;
Average temperature : 26.08°C for 829 temperature values for dated 06/19/2021&#xD;
Package Count for Signal :830 for dated 06/19/2021&#xD;
Minimum Signal strength : -62db on dated 06/19/2021 00:00:12&#xD;
Maximum Signal strength : -50db on dated 06/19/2021 23:54:02&#xD;
Average Signal strength : -54.73db for 830 signal strength values for dated 06/19/2021&#xD;
Package Count for Axis: X is 829 for dated 06/19/2021&#xD;
Package Count for Axis: Y is 829 for dated 06/19/2021&#xD;
Package Count for Axis: Z is 829 for dated 06/19/2021&#xD;
Axis: X Minimum vibration : 1984 on dated 06/19/2021 23:24:11&#xD;
Axis: Y Minimum vibration : -54 on dated 06/19/2021 03:13:33&#xD;
Axis: Z Minimum vibration : 5 on dated 06/19/2021 20:09:01&#xD;
Axis: X Maximum vibration : 2062 on dated 06/19/2021 23:59:02&#xD;
Axis: Y Maximum vibration : 26 on dated 06/19/2021 23:59:02&#xD;
Axis: Z Maximum vibration : 89 on dated 06/19/2021 23:59:02&#xD;
Axis: X Average vibration : 2033 for dated 06/19/2021&#xD;
Axis: Y Average vibration : 0 for dated 06/19/2021&#xD;
Axis: Z Average vibration : 56 for dated 06/19/2021&#xD;
&#xD;
Percentage Vibration: 86.43&#xD;
---Verifying the Vibration Axis wise---&#xD;
Package Count X axis: 829&#xD;
Package Count Y axis: 829&#xD;
Package Count Z axis: 829&#xD;
Passed: No difference in date time stamp!&#xD;
&#xD;
&#xD;
Statistical data for sensor:24EDFD0000C2&#xD;
Package Count for Temperature: 835 for dated: 06/20/2021&#xD;
Minimum Temperature : 26.09°C on dated 06/20/2021 03:53:13&#xD;
Maximum temperature : 27.1°C on dated 06/20/2021 16:15:30&#xD;
Average temperature : 26.5°C for 835 temperature values for dated 06/20/2021&#xD;
Package Count for Signal :835 for dated 06/20/2021&#xD;
Minimum Signal strength : -63db on dated 06/20/2021 09:44:29&#xD;
Maximum Signal strength : -46db on dated 06/20/2021 19:06:51&#xD;
Average Signal strength : -55.14db for 835 signal strength values for dated 06/20/2021&#xD;
Package Count for Axis: X is 834 for dated 06/20/2021&#xD;
Package Count for Axis: Y is 834 for dated 06/20/2021&#xD;
Package Count for Axis: Z is 834 for dated 06/20/2021&#xD;
Axis: X Minimum vibration : 1988 on dated 06/20/2021 06:51:19&#xD;
Axis: Y Minimum vibration : -47 on dated 06/20/2021 08:57:45&#xD;
Axis: Z Minimum vibration : 10 on dated 06/20/2021 10:26:09&#xD;
Axis: X Maximum vibration : 2059 on dated 06/20/2021 23:59:04&#xD;
Axis: Y Maximum vibration : 30 on dated 06/20/2021 23:59:04&#xD;
Axis: Z Maximum vibration : 83 on dated 06/20/2021 23:59:04&#xD;
Axis: X Average vibration : 2033 for dated 06/20/2021&#xD;
Axis: Y Average vibration : -2 for dated 06/20/2021&#xD;
Axis: Z Average vibration : 56 for dated 06/20/2021&#xD;
&#xD;
Percentage Vibration: 86.97&#xD;
---Verifying the Vibration Axis wise---&#xD;
Package Count X axis: 834&#xD;
Package Count Y axis: 834&#xD;
Package Count Z axis: 834&#xD;
Passed: No difference in date time stamp!</StdOut>
          </Output>
        </UnitTestResult>
        <UnitTestResult executionId="b92c1d3c-a9e6-44d0-89c7-8cd8e2226dc7" parentExecutionId="edb473ac-3e0b-4959-8185-84ca0eac561c" testId="c0c9e07e-0a83-e76a-095e-bbf8168ec560" testName="GetStatisticalData (Data Row 1)" computerName="MD3H3FMC" duration="00:00:00.0017596" startTime="2021-09-17T12:03:39.4207351+05:30" endTime="2021-09-17T12:04:14.8092070+05:30" testType="13cdc9d9-ddb5-4fa4-a97d-d965ccfc6d4b" outcome="Passed" testListId="8c84fa94-04c1-424b-9868-57a2d4851a1d" relativeResultsDirectory="b92c1d3c-a9e6-44d0-89c7-8cd8e2226dc7" dataRowInfo="2" resultType="DataDrivenDataRow" />
      </InnerResults>
    </UnitTestResult>
  </Results>
  <TestDefinitions>
    <UnitTest name="GetStatisticalData" storage="c:\users\z0049mne\source\repos\ms_test\scm_tf\scm_tf\references\scm_tf.dll" id="c0c9e07e-0a83-e76a-095e-bbf8168ec560">
      <TestCategory>
        <TestCategoryItem TestCategory="Database" />
        <TestCategoryItem TestCategory="Database01" />
      </TestCategory>
      <Execution id="edb473ac-3e0b-4959-8185-84ca0eac561c" />
      <TestMethod codeBase="C:\Users\z0049mne\Source\Repos\ms_test\SCM_TF\SCM_TF\References\SCM_TF.dll" adapterTypeName="executor://mstestadapter/v2" className="SCM_TF.Database.Te_Database" name="GetStatisticalData" />
    </UnitTest>
    <UnitTest name="GetObjectDataTimeSpanDiff" storage="c:\users\z0049mne\source\repos\ms_test\scm_tf\scm_tf\references\scm_tf.dll" id="fb3f85a5-ce4f-d64e-0c87-72a2e1e97d24">
      <TestCategory>
        <TestCategoryItem TestCategory="Database" />
        <TestCategoryItem TestCategory="Database01" />
      </TestCategory>
      <Execution id="7150ebb0-53c4-40a1-b05b-d698c7af42a1" />
      <TestMethod codeBase="C:\Users\z0049mne\Source\Repos\ms_test\SCM_TF\SCM_TF\References\SCM_TF.dll" adapterTypeName="executor://mstestadapter/v2" className="SCM_TF.Database.Te_Database" name="GetObjectDataTimeSpanDiff" />
    </UnitTest>
  </TestDefinitions>
  <TestEntries>
    <TestEntry testId="fb3f85a5-ce4f-d64e-0c87-72a2e1e97d24" executionId="7150ebb0-53c4-40a1-b05b-d698c7af42a1" testListId="8c84fa94-04c1-424b-9868-57a2d4851a1d" />
    <TestEntry testId="c0c9e07e-0a83-e76a-095e-bbf8168ec560" executionId="edb473ac-3e0b-4959-8185-84ca0eac561c" testListId="8c84fa94-04c1-424b-9868-57a2d4851a1d" />
  </TestEntries>
  <TestLists>
    <TestList name="Results Not in a List" id="8c84fa94-04c1-424b-9868-57a2d4851a1d" />
    <TestList name="All Loaded Results" id="19431567-8539-422a-85d7-44ee4e166bda" />
  </TestLists>
  <ResultSummary outcome="Failed">
    <Counters total="6" executed="6" passed="3" failed="3" error="0" timeout="0" aborted="0" inconclusive="0" passedButRunAborted="0" notRunnable="0" notExecuted="0" disconnected="0" warning="0" completed="0" inProgress="0" pending="0" />
  </ResultSummary>
</TestRun>