<?xml version="1.0" encoding="utf-8"?>
<TestRun id="da473a0f-1afe-4e35-bad8-6e1e3330a489" name="z0049mne@MD3H3FMC 2021-09-15 21:42:17" runUser="AD001\z0049mne" xmlns="http://microsoft.com/schemas/VisualStudio/TeamTest/2010">
  <Times creation="2021-09-15T21:42:17.2048625+05:30" queuing="2021-09-15T21:42:17.2048625+05:30" start="2021-09-15T21:40:57.4124765+05:30" finish="2021-09-15T21:42:23.6865938+05:30" />
  <TestSettings name="default" id="b4dfdccb-96a0-4263-9e3c-d5f345def90b">
    <Deployment runDeploymentRoot="z0049mne_MD3H3FMC_2021-09-15_21_42_17" />
  </TestSettings>
  <Results>
    <UnitTestResult executionId="2a45b8a9-349d-44ac-8878-5541920d91af" testId="fb3f85a5-ce4f-d64e-0c87-72a2e1e97d24" testName="GetObjectDataTimeSpanDiff" computerName="MD3H3FMC" duration="00:01:13.3881621" startTime="2021-09-15T21:40:58.8645337+05:30" endTime="2021-09-15T21:42:16.4670491+05:30" testType="13cdc9d9-ddb5-4fa4-a97d-d965ccfc6d4b" outcome="Failed" testListId="8c84fa94-04c1-424b-9868-57a2d4851a1d" relativeResultsDirectory="2a45b8a9-349d-44ac-8878-5541920d91af" resultType="DataDrivenTest">
      <Output>
        <StdOut>Not able to open the test data worksheet due to : Object reference not set to an instance of an object.</StdOut>
      </Output>
      <InnerResults>
        <UnitTestResult executionId="81214726-bde0-4c32-9020-fa53e8d4350a" parentExecutionId="2a45b8a9-349d-44ac-8878-5541920d91af" testId="fb3f85a5-ce4f-d64e-0c87-72a2e1e97d24" testName="GetObjectDataTimeSpanDiff (Data Row 0)" computerName="MD3H3FMC" duration="00:00:37.8726508" startTime="2021-09-15T21:40:58.8645337+05:30" endTime="2021-09-15T21:42:16.4670491+05:30" testType="13cdc9d9-ddb5-4fa4-a97d-d965ccfc6d4b" outcome="Failed" testListId="8c84fa94-04c1-424b-9868-57a2d4851a1d" relativeResultsDirectory="81214726-bde0-4c32-9020-fa53e8d4350a" dataRowInfo="1" resultType="DataDrivenDataRow">
          <Output>
            <StdOut>Time Span Difference data for date : 2021-06-18 for Sensor Tag: 24EDFD0000C2 for dataType: Signal Strength&#xD;
Not able to open the test data worksheet due to : Object reference not set to an instance of an object.&#xD;
Date of Exception: 2021-06-18&#xD;
Exception : BucketName is a required property and must be set before making this call.&#xD;
Parameter name: ListObjectsRequest.BucketName&#xD;
Issue while fetching data of Signal!&#xD;
&#xD;
Time Span Difference data for date : 2021-06-18 for Sensor Tag: 24EDFD0000C2 for dataType: Temperature&#xD;
Not able to open the test data worksheet due to : Object reference not set to an instance of an object.&#xD;
Date of Exception: 2021-06-18&#xD;
Exception : BucketName is a required property and must be set before making this call.&#xD;
Parameter name: ListObjectsRequest.BucketName&#xD;
Issue while fetching data of temperature!&#xD;
&#xD;
Time Span Difference data for date : 2021-06-18 for Sensor Tag: 24EDFD0000C2 for dataType: Vibration&#xD;
Not able to open the test data worksheet due to : Object reference not set to an instance of an object.&#xD;
Date of Exception: 2021-06-18&#xD;
Exception : BucketName is a required property and must be set before making this call.&#xD;
Parameter name: ListObjectsRequest.BucketName&#xD;
Issue while fetching data of Vibration!&#xD;
&#xD;
Time Span Difference data for date : 2021-06-18 for Sensor Tag: 24EDFD0000C2 for dataType: Vibration&#xD;
Not able to open the test data worksheet due to : Object reference not set to an instance of an object.&#xD;
Date of Exception: 2021-06-18&#xD;
Exception : BucketName is a required property and must be set before making this call.&#xD;
Parameter name: ListObjectsRequest.BucketName&#xD;
Issue while fetching data of Vibration!&#xD;
&#xD;
Time Span Difference data for date : 2021-06-18 for Sensor Tag: 24EDFD0000C2 for dataType: Vibration&#xD;
Not able to open the test data worksheet due to : Object reference not set to an instance of an object.&#xD;
Date of Exception: 2021-06-18&#xD;
Exception : BucketName is a required property and must be set before making this call.&#xD;
Parameter name: ListObjectsRequest.BucketName&#xD;
Issue while fetching data of Vibration!&#xD;
&#xD;
Time Span Difference data for date : 2021-06-19 for Sensor Tag: 24EDFD0000C2 for dataType: Signal Strength&#xD;
Not able to open the test data worksheet due to : Object reference not set to an instance of an object.&#xD;
Date of Exception: 2021-06-19&#xD;
Exception : BucketName is a required property and must be set before making this call.&#xD;
Parameter name: ListObjectsRequest.BucketName&#xD;
Issue while fetching data of Signal!&#xD;
&#xD;
Time Span Difference data for date : 2021-06-19 for Sensor Tag: 24EDFD0000C2 for dataType: Temperature&#xD;
Not able to open the test data worksheet due to : Object reference not set to an instance of an object.&#xD;
Date of Exception: 2021-06-19&#xD;
Exception : BucketName is a required property and must be set before making this call.&#xD;
Parameter name: ListObjectsRequest.BucketName&#xD;
Issue while fetching data of temperature!&#xD;
&#xD;
Time Span Difference data for date : 2021-06-19 for Sensor Tag: 24EDFD0000C2 for dataType: Vibration&#xD;
Not able to open the test data worksheet due to : Object reference not set to an instance of an object.&#xD;
Date of Exception: 2021-06-19&#xD;
Exception : BucketName is a required property and must be set before making this call.&#xD;
Parameter name: ListObjectsRequest.BucketName&#xD;
Issue while fetching data of Vibration!&#xD;
&#xD;
Time Span Difference data for date : 2021-06-19 for Sensor Tag: 24EDFD0000C2 for dataType: Vibration&#xD;
Not able to open the test data worksheet due to : Object reference not set to an instance of an object.&#xD;
Date of Exception: 2021-06-19&#xD;
Exception : BucketName is a required property and must be set before making this call.&#xD;
Parameter name: ListObjectsRequest.BucketName&#xD;
Issue while fetching data of Vibration!&#xD;
&#xD;
Time Span Difference data for date : 2021-06-19 for Sensor Tag: 24EDFD0000C2 for dataType: Vibration&#xD;
Not able to open the test data worksheet due to : Object reference not set to an instance of an object.&#xD;
Date of Exception: 2021-06-19&#xD;
Exception : BucketName is a required property and must be set before making this call.&#xD;
Parameter name: ListObjectsRequest.BucketName&#xD;
Issue while fetching data of Vibration!</StdOut>
            <ErrorInfo>
              <Message>Assert.IsTrue failed. Failed in getting data!</Message>
              <StackTrace>   at SCM_TF.Database.Te_Database.GetObjectDataTimeSpanDiff()&#xD;
</StackTrace>
            </ErrorInfo>
          </Output>
        </UnitTestResult>
        <UnitTestResult executionId="87378853-4ed2-40a1-b976-73e3f40ae12c" parentExecutionId="2a45b8a9-349d-44ac-8878-5541920d91af" testId="fb3f85a5-ce4f-d64e-0c87-72a2e1e97d24" testName="GetObjectDataTimeSpanDiff (Data Row 1)" computerName="MD3H3FMC" duration="00:00:34.4357473" startTime="2021-09-15T21:40:58.8645337+05:30" endTime="2021-09-15T21:42:16.4670491+05:30" testType="13cdc9d9-ddb5-4fa4-a97d-d965ccfc6d4b" outcome="Failed" testListId="8c84fa94-04c1-424b-9868-57a2d4851a1d" relativeResultsDirectory="87378853-4ed2-40a1-b976-73e3f40ae12c" dataRowInfo="2" resultType="DataDrivenDataRow">
          <Output>
            <StdOut>Time Span Difference data for date : 2021-06-18 for Sensor Tag:  for dataType: Signal Strength&#xD;
Not able to open the test data worksheet due to : Object reference not set to an instance of an object.&#xD;
Date of Exception: 2021-06-18&#xD;
Exception : BucketName is a required property and must be set before making this call.&#xD;
Parameter name: ListObjectsRequest.BucketName&#xD;
Issue while fetching data of Signal!&#xD;
&#xD;
Time Span Difference data for date : 2021-06-18 for Sensor Tag:  for dataType: Temperature&#xD;
Not able to open the test data worksheet due to : Object reference not set to an instance of an object.&#xD;
Date of Exception: 2021-06-18&#xD;
Exception : BucketName is a required property and must be set before making this call.&#xD;
Parameter name: ListObjectsRequest.BucketName&#xD;
Issue while fetching data of temperature!&#xD;
&#xD;
Time Span Difference data for date : 2021-06-18 for Sensor Tag:  for dataType: Vibration&#xD;
Not able to open the test data worksheet due to : Object reference not set to an instance of an object.&#xD;
Date of Exception: 2021-06-18&#xD;
Exception : BucketName is a required property and must be set before making this call.&#xD;
Parameter name: ListObjectsRequest.BucketName&#xD;
Issue while fetching data of Vibration!&#xD;
&#xD;
Time Span Difference data for date : 2021-06-18 for Sensor Tag:  for dataType: Vibration&#xD;
Not able to open the test data worksheet due to : Object reference not set to an instance of an object.&#xD;
Date of Exception: 2021-06-18&#xD;
Exception : BucketName is a required property and must be set before making this call.&#xD;
Parameter name: ListObjectsRequest.BucketName&#xD;
Issue while fetching data of Vibration!&#xD;
&#xD;
Time Span Difference data for date : 2021-06-18 for Sensor Tag:  for dataType: Vibration&#xD;
Not able to open the test data worksheet due to : Object reference not set to an instance of an object.&#xD;
Date of Exception: 2021-06-18&#xD;
Exception : BucketName is a required property and must be set before making this call.&#xD;
Parameter name: ListObjectsRequest.BucketName&#xD;
Issue while fetching data of Vibration!&#xD;
&#xD;
Time Span Difference data for date : 2021-06-19 for Sensor Tag:  for dataType: Signal Strength&#xD;
Not able to open the test data worksheet due to : Object reference not set to an instance of an object.&#xD;
Date of Exception: 2021-06-19&#xD;
Exception : BucketName is a required property and must be set before making this call.&#xD;
Parameter name: ListObjectsRequest.BucketName&#xD;
Issue while fetching data of Signal!&#xD;
&#xD;
Time Span Difference data for date : 2021-06-19 for Sensor Tag:  for dataType: Temperature&#xD;
Not able to open the test data worksheet due to : Object reference not set to an instance of an object.&#xD;
Date of Exception: 2021-06-19&#xD;
Exception : BucketName is a required property and must be set before making this call.&#xD;
Parameter name: ListObjectsRequest.BucketName&#xD;
Issue while fetching data of temperature!&#xD;
&#xD;
Time Span Difference data for date : 2021-06-19 for Sensor Tag:  for dataType: Vibration&#xD;
Not able to open the test data worksheet due to : Object reference not set to an instance of an object.&#xD;
Date of Exception: 2021-06-19&#xD;
Exception : BucketName is a required property and must be set before making this call.&#xD;
Parameter name: ListObjectsRequest.BucketName&#xD;
Issue while fetching data of Vibration!&#xD;
&#xD;
Time Span Difference data for date : 2021-06-19 for Sensor Tag:  for dataType: Vibration&#xD;
Not able to open the test data worksheet due to : Object reference not set to an instance of an object.&#xD;
Date of Exception: 2021-06-19&#xD;
Exception : BucketName is a required property and must be set before making this call.&#xD;
Parameter name: ListObjectsRequest.BucketName&#xD;
Issue while fetching data of Vibration!&#xD;
&#xD;
Time Span Difference data for date : 2021-06-19 for Sensor Tag:  for dataType: Vibration&#xD;
Not able to open the test data worksheet due to : Object reference not set to an instance of an object.&#xD;
Date of Exception: 2021-06-19&#xD;
Exception : BucketName is a required property and must be set before making this call.&#xD;
Parameter name: ListObjectsRequest.BucketName&#xD;
Issue while fetching data of Vibration!</StdOut>
            <ErrorInfo>
              <Message>Assert.IsTrue failed. Failed in getting data!</Message>
              <StackTrace>   at SCM_TF.Database.Te_Database.GetObjectDataTimeSpanDiff()&#xD;
</StackTrace>
            </ErrorInfo>
          </Output>
        </UnitTestResult>
      </InnerResults>
    </UnitTestResult>
  </Results>
  <TestDefinitions>
    <UnitTest name="GetObjectDataTimeSpanDiff" storage="c:\users\z0049mne\source\repos\ms_test\scm_tf\scm_tf\references\scm_tf.dll" id="fb3f85a5-ce4f-d64e-0c87-72a2e1e97d24">
      <TestCategory>
        <TestCategoryItem TestCategory="Database" />
        <TestCategoryItem TestCategory="Database01" />
      </TestCategory>
      <Execution id="2a45b8a9-349d-44ac-8878-5541920d91af" />
      <TestMethod codeBase="C:\Users\z0049mne\Source\Repos\ms_test\SCM_TF\SCM_TF\References\SCM_TF.dll" adapterTypeName="executor://mstestadapter/v2" className="SCM_TF.Database.Te_Database" name="GetObjectDataTimeSpanDiff" />
    </UnitTest>
  </TestDefinitions>
  <TestEntries>
    <TestEntry testId="fb3f85a5-ce4f-d64e-0c87-72a2e1e97d24" executionId="2a45b8a9-349d-44ac-8878-5541920d91af" testListId="8c84fa94-04c1-424b-9868-57a2d4851a1d" />
  </TestEntries>
  <TestLists>
    <TestList name="Results Not in a List" id="8c84fa94-04c1-424b-9868-57a2d4851a1d" />
    <TestList name="All Loaded Results" id="19431567-8539-422a-85d7-44ee4e166bda" />
  </TestLists>
  <ResultSummary outcome="Failed">
    <Counters total="3" executed="3" passed="0" failed="3" error="0" timeout="0" aborted="0" inconclusive="0" passedButRunAborted="0" notRunnable="0" notExecuted="0" disconnected="0" warning="0" completed="0" inProgress="0" pending="0" />
  </ResultSummary>
</TestRun>