<?xml version="1.0" encoding="utf-8"?>
<TestRun id="fa693e20-3738-4685-abfd-85395aad918e" name="z0049mne@MD3H3FMC 2021-09-16 23:15:48" runUser="AD001\z0049mne" xmlns="http://microsoft.com/schemas/VisualStudio/TeamTest/2010">
  <Times creation="2021-09-16T23:15:48.2182807+05:30" queuing="2021-09-16T23:15:48.2182807+05:30" start="2021-09-16T23:15:46.7259907+05:30" finish="2021-09-16T23:15:48.2512171+05:30" />
  <TestSettings name="default" id="81eba487-b623-4255-a922-8462409f925b">
    <Deployment runDeploymentRoot="z0049mne_MD3H3FMC_2021-09-16_23_15_48" />
  </TestSettings>
  <Results>
    <UnitTestResult executionId="5f44c4d8-3193-4f28-98de-4f4a0a6a4380" testId="c0c9e07e-0a83-e76a-095e-bbf8168ec560" testName="GetStatisticalData" computerName="MD3H3FMC" startTime="2021-09-16T23:15:48.1009226+05:30" endTime="2021-09-16T23:15:48.1009226+05:30" testType="13cdc9d9-ddb5-4fa4-a97d-d965ccfc6d4b" outcome="Failed" testListId="8c84fa94-04c1-424b-9868-57a2d4851a1d" relativeResultsDirectory="5f44c4d8-3193-4f28-98de-4f4a0a6a4380">
      <Output>
        <ErrorInfo>
          <Message>Class Initialization method SCM_TF.Database.Te_Database.ClassInitialize threw exception. System.TypeInitializationException: System.TypeInitializationException: The type initializer for 'SCM_TF.Database.He_DatabaseStatistics' threw an exception. ---&gt; System.IO.IOException: The process cannot access the file 'C:\Users\z0049mne\Source\Repos\ms_test\SCM_TF\SCM_TF\References\TestData\TestData_Database.csv' because it is being used by another process..</Message>
          <StackTrace>   at SCM_TF.Database.Te_Database.ClassInitialize(TestContext _testContext)&#xD;
</StackTrace>
        </ErrorInfo>
      </Output>
    </UnitTestResult>
    <UnitTestResult executionId="eda05a57-650f-4898-aab5-80590ff724f9" testId="fb3f85a5-ce4f-d64e-0c87-72a2e1e97d24" testName="GetObjectDataTimeSpanDiff" computerName="MD3H3FMC" startTime="2021-09-16T23:15:47.5772182+05:30" endTime="2021-09-16T23:15:48.0909232+05:30" testType="13cdc9d9-ddb5-4fa4-a97d-d965ccfc6d4b" outcome="Failed" testListId="8c84fa94-04c1-424b-9868-57a2d4851a1d" relativeResultsDirectory="eda05a57-650f-4898-aab5-80590ff724f9">
      <Output>
        <ErrorInfo>
          <Message>Class Initialization method SCM_TF.Database.Te_Database.ClassInitialize threw exception. System.TypeInitializationException: System.TypeInitializationException: The type initializer for 'SCM_TF.Database.He_DatabaseStatistics' threw an exception. ---&gt; System.IO.IOException: The process cannot access the file 'C:\Users\z0049mne\Source\Repos\ms_test\SCM_TF\SCM_TF\References\TestData\TestData_Database.csv' because it is being used by another process..</Message>
          <StackTrace>   at SCM_TF.Database.Te_Database.ClassInitialize(TestContext _testContext)&#xD;
</StackTrace>
        </ErrorInfo>
      </Output>
    </UnitTestResult>
  </Results>
  <TestDefinitions>
    <UnitTest name="GetStatisticalData" storage="c:\users\z0049mne\source\repos\ms_test\scm_tf\scm_tf\references\scm_tf.dll" id="c0c9e07e-0a83-e76a-095e-bbf8168ec560">
      <TestCategory>
        <TestCategoryItem TestCategory="Database" />
        <TestCategoryItem TestCategory="Database01" />
      </TestCategory>
      <Execution id="5f44c4d8-3193-4f28-98de-4f4a0a6a4380" />
      <TestMethod codeBase="C:\Users\z0049mne\Source\Repos\ms_test\SCM_TF\SCM_TF\References\SCM_TF.dll" adapterTypeName="executor://mstestadapter/v2" className="SCM_TF.Database.Te_Database" name="GetStatisticalData" />
    </UnitTest>
    <UnitTest name="GetObjectDataTimeSpanDiff" storage="c:\users\z0049mne\source\repos\ms_test\scm_tf\scm_tf\references\scm_tf.dll" id="fb3f85a5-ce4f-d64e-0c87-72a2e1e97d24">
      <TestCategory>
        <TestCategoryItem TestCategory="Database" />
        <TestCategoryItem TestCategory="Database01" />
      </TestCategory>
      <Execution id="eda05a57-650f-4898-aab5-80590ff724f9" />
      <TestMethod codeBase="C:\Users\z0049mne\Source\Repos\ms_test\SCM_TF\SCM_TF\References\SCM_TF.dll" adapterTypeName="executor://mstestadapter/v2" className="SCM_TF.Database.Te_Database" name="GetObjectDataTimeSpanDiff" />
    </UnitTest>
  </TestDefinitions>
  <TestEntries>
    <TestEntry testId="c0c9e07e-0a83-e76a-095e-bbf8168ec560" executionId="5f44c4d8-3193-4f28-98de-4f4a0a6a4380" testListId="8c84fa94-04c1-424b-9868-57a2d4851a1d" />
    <TestEntry testId="fb3f85a5-ce4f-d64e-0c87-72a2e1e97d24" executionId="eda05a57-650f-4898-aab5-80590ff724f9" testListId="8c84fa94-04c1-424b-9868-57a2d4851a1d" />
  </TestEntries>
  <TestLists>
    <TestList name="Results Not in a List" id="8c84fa94-04c1-424b-9868-57a2d4851a1d" />
    <TestList name="All Loaded Results" id="19431567-8539-422a-85d7-44ee4e166bda" />
  </TestLists>
  <ResultSummary outcome="Failed">
    <Counters total="2" executed="2" passed="0" failed="2" error="0" timeout="0" aborted="0" inconclusive="0" passedButRunAborted="0" notRunnable="0" notExecuted="0" disconnected="0" warning="0" completed="0" inProgress="0" pending="0" />
  </ResultSummary>
</TestRun>