<?xml version="1.0" encoding="utf-8"?>
<TestRun id="4d0759f3-c4e8-48e6-b00f-7ae7e7ec9ee5" name="z0049mne@MD3H3FMC 2021-09-16 23:17:06" runUser="AD001\z0049mne" xmlns="http://microsoft.com/schemas/VisualStudio/TeamTest/2010">
  <Times creation="2021-09-16T23:17:06.3093327+05:30" queuing="2021-09-16T23:17:06.3093327+05:30" start="2021-09-16T23:17:04.8671250+05:30" finish="2021-09-16T23:17:06.3312130+05:30" />
  <TestSettings name="default" id="39613aeb-a4bf-4cc5-88b3-74b4f03be7e5">
    <Deployment runDeploymentRoot="z0049mne_MD3H3FMC_2021-09-16_23_17_06" />
  </TestSettings>
  <Results>
    <UnitTestResult executionId="4ce1ada7-dea7-431f-98b0-abb69a9c22d9" testId="c0c9e07e-0a83-e76a-095e-bbf8168ec560" testName="GetStatisticalData" computerName="MD3H3FMC" startTime="2021-09-16T23:17:06.1969057+05:30" endTime="2021-09-16T23:17:06.1969057+05:30" testType="13cdc9d9-ddb5-4fa4-a97d-d965ccfc6d4b" outcome="Failed" testListId="8c84fa94-04c1-424b-9868-57a2d4851a1d" relativeResultsDirectory="4ce1ada7-dea7-431f-98b0-abb69a9c22d9">
      <Output>
        <ErrorInfo>
          <Message>Class Initialization method SCM_TF.Database.Te_Database.ClassInitialize threw exception. System.TypeInitializationException: System.TypeInitializationException: The type initializer for 'SCM_TF.Database.He_DatabaseStatistics' threw an exception. ---&gt; System.IO.IOException: The process cannot access the file 'C:\Users\z0049mne\Source\Repos\ms_test\SCM_TF\SCM_TF\References\TestData\TestData_Database.csv' because it is being used by another process..</Message>
          <StackTrace>   at SCM_TF.Database.Te_Database.ClassInitialize(TestContext _testContext)&#xD;
</StackTrace>
        </ErrorInfo>
      </Output>
    </UnitTestResult>
    <UnitTestResult executionId="4e9e3b3a-31a8-4ae5-9496-2c7bfa471c1a" testId="fb3f85a5-ce4f-d64e-0c87-72a2e1e97d24" testName="GetObjectDataTimeSpanDiff" computerName="MD3H3FMC" startTime="2021-09-16T23:17:05.6806447+05:30" endTime="2021-09-16T23:17:06.1869061+05:30" testType="13cdc9d9-ddb5-4fa4-a97d-d965ccfc6d4b" outcome="Failed" testListId="8c84fa94-04c1-424b-9868-57a2d4851a1d" relativeResultsDirectory="4e9e3b3a-31a8-4ae5-9496-2c7bfa471c1a">
      <Output>
        <ErrorInfo>
          <Message>Class Initialization method SCM_TF.Database.Te_Database.ClassInitialize threw exception. System.TypeInitializationException: System.TypeInitializationException: The type initializer for 'SCM_TF.Database.He_DatabaseStatistics' threw an exception. ---&gt; System.IO.IOException: The process cannot access the file 'C:\Users\z0049mne\Source\Repos\ms_test\SCM_TF\SCM_TF\References\TestData\TestData_Database.csv' because it is being used by another process..</Message>
          <StackTrace>   at SCM_TF.Database.Te_Database.ClassInitialize(TestContext _testContext)&#xD;
</StackTrace>
        </ErrorInfo>
      </Output>
    </UnitTestResult>
  </Results>
  <TestDefinitions>
    <UnitTest name="GetStatisticalData" storage="c:\users\z0049mne\source\repos\ms_test\scm_tf\scm_tf\references\scm_tf.dll" id="c0c9e07e-0a83-e76a-095e-bbf8168ec560">
      <TestCategory>
        <TestCategoryItem TestCategory="Database" />
        <TestCategoryItem TestCategory="Database01" />
      </TestCategory>
      <Execution id="4ce1ada7-dea7-431f-98b0-abb69a9c22d9" />
      <TestMethod codeBase="C:\Users\z0049mne\Source\Repos\ms_test\SCM_TF\SCM_TF\References\SCM_TF.dll" adapterTypeName="executor://mstestadapter/v2" className="SCM_TF.Database.Te_Database" name="GetStatisticalData" />
    </UnitTest>
    <UnitTest name="GetObjectDataTimeSpanDiff" storage="c:\users\z0049mne\source\repos\ms_test\scm_tf\scm_tf\references\scm_tf.dll" id="fb3f85a5-ce4f-d64e-0c87-72a2e1e97d24">
      <TestCategory>
        <TestCategoryItem TestCategory="Database" />
        <TestCategoryItem TestCategory="Database01" />
      </TestCategory>
      <Execution id="4e9e3b3a-31a8-4ae5-9496-2c7bfa471c1a" />
      <TestMethod codeBase="C:\Users\z0049mne\Source\Repos\ms_test\SCM_TF\SCM_TF\References\SCM_TF.dll" adapterTypeName="executor://mstestadapter/v2" className="SCM_TF.Database.Te_Database" name="GetObjectDataTimeSpanDiff" />
    </UnitTest>
  </TestDefinitions>
  <TestEntries>
    <TestEntry testId="c0c9e07e-0a83-e76a-095e-bbf8168ec560" executionId="4ce1ada7-dea7-431f-98b0-abb69a9c22d9" testListId="8c84fa94-04c1-424b-9868-57a2d4851a1d" />
    <TestEntry testId="fb3f85a5-ce4f-d64e-0c87-72a2e1e97d24" executionId="4e9e3b3a-31a8-4ae5-9496-2c7bfa471c1a" testListId="8c84fa94-04c1-424b-9868-57a2d4851a1d" />
  </TestEntries>
  <TestLists>
    <TestList name="Results Not in a List" id="8c84fa94-04c1-424b-9868-57a2d4851a1d" />
    <TestList name="All Loaded Results" id="19431567-8539-422a-85d7-44ee4e166bda" />
  </TestLists>
  <ResultSummary outcome="Failed">
    <Counters total="2" executed="2" passed="0" failed="2" error="0" timeout="0" aborted="0" inconclusive="0" passedButRunAborted="0" notRunnable="0" notExecuted="0" disconnected="0" warning="0" completed="0" inProgress="0" pending="0" />
  </ResultSummary>
</TestRun>