<?xml version="1.0" encoding="utf-8"?>
<TestRun id="822f1231-2b3c-4206-a206-b9aa8a04e314" name="z0049mne@MD3H3FMC 2021-09-17 16:09:36" runUser="AD001\z0049mne" xmlns="http://microsoft.com/schemas/VisualStudio/TeamTest/2010">
  <Times creation="2021-09-17T16:09:36.1936492+05:30" queuing="2021-09-17T16:09:36.1936492+05:30" start="2021-09-17T16:09:08.2667604+05:30" finish="2021-09-17T16:09:36.2366508+05:30" />
  <TestSettings name="default" id="0ae4f3ef-20fe-49a5-a9d5-aadb7c4a84c5">
    <Deployment runDeploymentRoot="z0049mne_MD3H3FMC_2021-09-17_16_09_36" />
  </TestSettings>
  <Results>
    <UnitTestResult executionId="e8d4c20c-dbc3-4ee9-90c2-a4ea8b2e110f" testId="c0c9e07e-0a83-e76a-095e-bbf8168ec560" testName="GetStatisticalData" computerName="MD3H3FMC" duration="00:00:25.3295795" startTime="2021-09-17T16:09:09.7159779+05:30" endTime="2021-09-17T16:09:35.9486821+05:30" testType="13cdc9d9-ddb5-4fa4-a97d-d965ccfc6d4b" outcome="Passed" testListId="8c84fa94-04c1-424b-9868-57a2d4851a1d" relativeResultsDirectory="e8d4c20c-dbc3-4ee9-90c2-a4ea8b2e110f" resultType="DataDrivenTest">
      <InnerResults>
        <UnitTestResult executionId="d0e824d4-24ad-4a24-ae5a-184d8eca3dcc" parentExecutionId="e8d4c20c-dbc3-4ee9-90c2-a4ea8b2e110f" testId="c0c9e07e-0a83-e76a-095e-bbf8168ec560" testName="GetStatisticalData (Data Row 0)" computerName="MD3H3FMC" duration="00:00:24.5198311" startTime="2021-09-17T16:09:09.7159779+05:30" endTime="2021-09-17T16:09:35.9486821+05:30" testType="13cdc9d9-ddb5-4fa4-a97d-d965ccfc6d4b" outcome="Passed" testListId="8c84fa94-04c1-424b-9868-57a2d4851a1d" relativeResultsDirectory="d0e824d4-24ad-4a24-ae5a-184d8eca3dcc" dataRowInfo="1" resultType="DataDrivenDataRow">
          <Output>
            <StdOut>Statistical data for sensor:24EDFD0000C2&#xD;
Package Count for Temperature: 832 for dated: 06/22/2021&#xD;
Minimum Temperature : 26.74°C on dated 06/22/2021 04:42:10&#xD;
Maximum temperature : 27.88°C on dated 06/22/2021 16:38:55&#xD;
Average temperature : 27.15°C for 832 temperature values for dated 06/22/2021&#xD;
Package Count for Signal :838 for dated 06/22/2021&#xD;
Minimum Signal strength : -64db on dated 06/22/2021 08:01:37&#xD;
Maximum Signal strength : -47db on dated 06/22/2021 16:13:56&#xD;
Average Signal strength : -55.31db for 838 signal strength values for dated 06/22/2021&#xD;
Package Count for Axis: X is 838 for dated 06/22/2021&#xD;
Package Count for Axis: Y is 838 for dated 06/22/2021&#xD;
Package Count for Axis: Z is 838 for dated 06/22/2021&#xD;
Axis: X Minimum vibration : 1985 on dated 06/22/2021 06:01:38&#xD;
Axis: Y Minimum vibration : -54 on dated 06/22/2021 22:58:06&#xD;
Axis: Z Minimum vibration : 4 on dated 06/22/2021 15:58:59&#xD;
Axis: X Maximum vibration : 2065 on dated 06/22/2021 23:59:35&#xD;
Axis: Y Maximum vibration : 23 on dated 06/22/2021 23:59:35&#xD;
Axis: Z Maximum vibration : 83 on dated 06/22/2021 23:59:35&#xD;
Axis: X Average vibration : 2033 for dated 06/22/2021&#xD;
Axis: Y Average vibration : -5 for dated 06/22/2021&#xD;
Axis: Z Average vibration : 56 for dated 06/22/2021&#xD;
&#xD;
Percentage Vibration: 87.33&#xD;
---Verifying the Vibration Axis wise---&#xD;
Package Count X axis: 838&#xD;
Package Count Y axis: 838&#xD;
Package Count Z axis: 838&#xD;
Passed: No difference in date time stamp!</StdOut>
          </Output>
        </UnitTestResult>
        <UnitTestResult executionId="25b860db-2bf0-43ac-a7e2-8a599843381d" parentExecutionId="e8d4c20c-dbc3-4ee9-90c2-a4ea8b2e110f" testId="c0c9e07e-0a83-e76a-095e-bbf8168ec560" testName="GetStatisticalData (Data Row 1)" computerName="MD3H3FMC" duration="00:00:00.0019328" startTime="2021-09-17T16:09:09.7159779+05:30" endTime="2021-09-17T16:09:35.9486821+05:30" testType="13cdc9d9-ddb5-4fa4-a97d-d965ccfc6d4b" outcome="Passed" testListId="8c84fa94-04c1-424b-9868-57a2d4851a1d" relativeResultsDirectory="25b860db-2bf0-43ac-a7e2-8a599843381d" dataRowInfo="2" resultType="DataDrivenDataRow" />
      </InnerResults>
    </UnitTestResult>
  </Results>
  <TestDefinitions>
    <UnitTest name="GetStatisticalData" storage="c:\users\z0049mne\source\repos\ms_test\scm_tf\scm_tf\references\scm_tf.dll" id="c0c9e07e-0a83-e76a-095e-bbf8168ec560">
      <TestCategory>
        <TestCategoryItem TestCategory="Database" />
        <TestCategoryItem TestCategory="Database01" />
      </TestCategory>
      <Execution id="e8d4c20c-dbc3-4ee9-90c2-a4ea8b2e110f" />
      <TestMethod codeBase="C:\Users\z0049mne\Source\Repos\ms_test\SCM_TF\SCM_TF\References\SCM_TF.dll" adapterTypeName="executor://mstestadapter/v2" className="SCM_TF.Database.Te_Database" name="GetStatisticalData" />
    </UnitTest>
  </TestDefinitions>
  <TestEntries>
    <TestEntry testId="c0c9e07e-0a83-e76a-095e-bbf8168ec560" executionId="e8d4c20c-dbc3-4ee9-90c2-a4ea8b2e110f" testListId="8c84fa94-04c1-424b-9868-57a2d4851a1d" />
  </TestEntries>
  <TestLists>
    <TestList name="Results Not in a List" id="8c84fa94-04c1-424b-9868-57a2d4851a1d" />
    <TestList name="All Loaded Results" id="19431567-8539-422a-85d7-44ee4e166bda" />
  </TestLists>
  <ResultSummary outcome="Completed">
    <Counters total="3" executed="3" passed="3" failed="0" error="0" timeout="0" aborted="0" inconclusive="0" passedButRunAborted="0" notRunnable="0" notExecuted="0" disconnected="0" warning="0" completed="0" inProgress="0" pending="0" />
  </ResultSummary>
</TestRun>