<?xml version="1.0" encoding="utf-8"?>
<TestRun id="570ab914-f32d-4adc-8c4b-7f16d2fd8e1e" name="z0049mne@MD3H3FMC 2021-09-17 11:27:46" runUser="AD001\z0049mne" xmlns="http://microsoft.com/schemas/VisualStudio/TeamTest/2010">
  <Times creation="2021-09-17T11:27:46.0622537+05:30" queuing="2021-09-17T11:27:46.0622537+05:30" start="2021-09-17T11:25:34.8764147+05:30" finish="2021-09-17T11:28:20.4468965+05:30" />
  <TestSettings name="default" id="636c5a24-8738-4496-a3cf-21bb52f0ec11">
    <Deployment runDeploymentRoot="z0049mne_MD3H3FMC_2021-09-17_11_27_46" />
  </TestSettings>
  <Results>
    <UnitTestResult executionId="186c3c9b-b41c-4934-be67-32b0c24e636a" testId="fb3f85a5-ce4f-d64e-0c87-72a2e1e97d24" testName="GetObjectDataTimeSpanDiff" computerName="MD3H3FMC" duration="00:02:09.8089790" startTime="2021-09-17T11:25:35.6224170+05:30" endTime="2021-09-17T11:27:46.0042938+05:30" testType="13cdc9d9-ddb5-4fa4-a97d-d965ccfc6d4b" outcome="Failed" testListId="8c84fa94-04c1-424b-9868-57a2d4851a1d" relativeResultsDirectory="186c3c9b-b41c-4934-be67-32b0c24e636a" resultType="DataDrivenTest">
      <InnerResults>
        <UnitTestResult executionId="03fa3aaa-755f-487d-9df4-78dab7cfc8fd" parentExecutionId="186c3c9b-b41c-4934-be67-32b0c24e636a" testId="fb3f85a5-ce4f-d64e-0c87-72a2e1e97d24" testName="GetObjectDataTimeSpanDiff (Data Row 0)" computerName="MD3H3FMC" duration="00:01:03.9732042" startTime="2021-09-17T11:25:35.6224170+05:30" endTime="2021-09-17T11:27:46.0042938+05:30" testType="13cdc9d9-ddb5-4fa4-a97d-d965ccfc6d4b" outcome="Failed" testListId="8c84fa94-04c1-424b-9868-57a2d4851a1d" relativeResultsDirectory="03fa3aaa-755f-487d-9df4-78dab7cfc8fd" dataRowInfo="1" resultType="DataDrivenDataRow">
          <Output>
            <StdOut>Time Span Difference data for date : 2021-06-18 for Sensor Tag: 24EDFD0000C2 for dataType: Signal Strength&#xD;
Package Count 835&#xD;
Error: Data between time: 06/18/2021 01:05:13 and 06/18/2021 01:09:17&#xD;
Error: Sensor has not sent data for 0 hour 4 minute and 4 seconds long&#xD;
Error: The max time lapse in seconds: 244 &#xD;
Error: Data between time: 06/18/2021 02:42:16 and 06/18/2021 02:46:05&#xD;
Error: Sensor has not sent data for 0 hour 3 minute and 48 seconds long&#xD;
Error: The max time lapse in seconds: 244 &#xD;
Error: Data between time: 06/18/2021 02:52:35 and 06/18/2021 02:54:41&#xD;
Error: Sensor has not sent data for 0 hour 2 minute and 5 seconds long&#xD;
Error: The max time lapse in seconds: 244 &#xD;
Error: Data between time: 06/18/2021 03:11:00 and 06/18/2021 03:14:25&#xD;
Error: Sensor has not sent data for 0 hour 3 minute and 25 seconds long&#xD;
Error: The max time lapse in seconds: 244 &#xD;
Error: Data between time: 06/18/2021 03:35:48 and 06/18/2021 03:39:23&#xD;
Error: Sensor has not sent data for 0 hour 3 minute and 35 seconds long&#xD;
Error: The max time lapse in seconds: 244 &#xD;
Error: Data between time: 06/18/2021 04:49:00 and 06/18/2021 04:52:25&#xD;
Error: Sensor has not sent data for 0 hour 3 minute and 24 seconds long&#xD;
Error: The max time lapse in seconds: 244 &#xD;
Error: Data between time: 06/18/2021 07:10:29 and 06/18/2021 07:14:35&#xD;
Error: Sensor has not sent data for 0 hour 4 minute and 6 seconds long&#xD;
Error: The max time lapse in seconds: 246 &#xD;
Error: Data between time: 06/18/2021 09:12:34 and 06/18/2021 09:16:19&#xD;
Error: Sensor has not sent data for 0 hour 3 minute and 44 seconds long&#xD;
Error: The max time lapse in seconds: 246 &#xD;
Error: Data between time: 06/18/2021 10:01:05 and 06/18/2021 10:04:50&#xD;
Error: Sensor has not sent data for 0 hour 3 minute and 44 seconds long&#xD;
Error: The max time lapse in seconds: 246 &#xD;
Error: Data between time: 06/18/2021 11:20:55 and 06/18/2021 11:25:37&#xD;
Error: Sensor has not sent data for 0 hour 4 minute and 42 seconds long&#xD;
Error: The max time lapse in seconds: 282 &#xD;
Error: Data between time: 06/18/2021 11:25:37 and 06/18/2021 11:28:31&#xD;
Error: Sensor has not sent data for 0 hour 2 minute and 54 seconds long&#xD;
Error: The max time lapse in seconds: 282 &#xD;
Error: Data between time: 06/18/2021 11:31:39 and 06/18/2021 11:35:14&#xD;
Error: Sensor has not sent data for 0 hour 3 minute and 35 seconds long&#xD;
Error: The max time lapse in seconds: 282 &#xD;
Error: Data between time: 06/18/2021 11:40:14 and 06/18/2021 11:43:35&#xD;
Error: Sensor has not sent data for 0 hour 3 minute and 21 seconds long&#xD;
Error: The max time lapse in seconds: 282 &#xD;
Error: Data between time: 06/18/2021 12:35:05 and 06/18/2021 12:38:34&#xD;
Error: Sensor has not sent data for 0 hour 3 minute and 29 seconds long&#xD;
Error: The max time lapse in seconds: 282 &#xD;
Error: Data between time: 06/18/2021 12:46:43 and 06/18/2021 12:48:50&#xD;
Error: Sensor has not sent data for 0 hour 2 minute and 6 seconds long&#xD;
Error: The max time lapse in seconds: 282 &#xD;
Error: Data between time: 06/18/2021 13:09:43 and 06/18/2021 13:13:36&#xD;
Error: Sensor has not sent data for 0 hour 3 minute and 53 seconds long&#xD;
Error: The max time lapse in seconds: 282 &#xD;
Error: Data between time: 06/18/2021 14:46:36 and 06/18/2021 14:50:24&#xD;
Error: Sensor has not sent data for 0 hour 3 minute and 47 seconds long&#xD;
Error: The max time lapse in seconds: 282 &#xD;
Error: Data between time: 06/18/2021 15:10:11 and 06/18/2021 15:15:18&#xD;
Error: Sensor has not sent data for 0 hour 5 minute and 7 seconds long&#xD;
Error: The max time lapse in seconds: 307 &#xD;
Error: Data between time: 06/18/2021 15:25:20 and 06/18/2021 15:28:48&#xD;
Error: Sensor has not sent data for 0 hour 3 minute and 28 seconds long&#xD;
Error: The max time lapse in seconds: 307 &#xD;
Error: Data between time: 06/18/2021 18:51:29 and 06/18/2021 18:55:36&#xD;
Error: Sensor has not sent data for 0 hour 4 minute and 7 seconds long&#xD;
Error: The max time lapse in seconds: 307 &#xD;
Error: Data between time: 06/18/2021 19:07:03 and 06/18/2021 19:10:42&#xD;
Error: Sensor has not sent data for 0 hour 3 minute and 38 seconds long&#xD;
Error: The max time lapse in seconds: 307 &#xD;
Error: Data between time: 06/18/2021 20:31:32 and 06/18/2021 20:34:53&#xD;
Error: Sensor has not sent data for 0 hour 3 minute and 20 seconds long&#xD;
Error: The max time lapse in seconds: 307 &#xD;
Error: Data between time: 06/18/2021 20:54:55 and 06/18/2021 20:58:20&#xD;
Error: Sensor has not sent data for 0 hour 3 minute and 24 seconds long&#xD;
Error: The max time lapse in seconds: 307 &#xD;
Error: Data between time: 06/18/2021 21:09:57 and 06/18/2021 21:13:58&#xD;
Error: Sensor has not sent data for 0 hour 4 minute and 0 seconds long&#xD;
Error: The max time lapse in seconds: 307 &#xD;
Error: Data between time: 06/18/2021 23:21:53 and 06/18/2021 23:30:59&#xD;
Error: Sensor has not sent data for 0 hour 9 minute and 5 seconds long&#xD;
Error: The max time lapse in seconds: 545 &#xD;
Error: Data between time: 06/18/2021 23:30:59 and 06/18/2021 23:33:25&#xD;
Error: Sensor has not sent data for 0 hour 2 minute and 25 seconds long&#xD;
Error: The max time lapse in seconds: 545 &#xD;
&#xD;
Failed : Discrepency in time stamp in Signal&#xD;
&#xD;
Time Span Difference data for date : 2021-06-18 for Sensor Tag: 24EDFD0000C2 for dataType: Temperature&#xD;
Package Count 832&#xD;
Error: Data between time: 06/18/2021 01:05:13 and 06/18/2021 01:09:17&#xD;
Error: Sensor has not sent data for 0 hour 4 minute and 4 seconds long&#xD;
Error: The max time lapse in seconds: 244 &#xD;
Error: Data between time: 06/18/2021 02:42:16 and 06/18/2021 02:46:05&#xD;
Error: Sensor has not sent data for 0 hour 3 minute and 48 seconds long&#xD;
Error: The max time lapse in seconds: 244 &#xD;
Error: Data between time: 06/18/2021 02:52:35 and 06/18/2021 02:54:41&#xD;
Error: Sensor has not sent data for 0 hour 2 minute and 5 seconds long&#xD;
Error: The max time lapse in seconds: 244 &#xD;
Error: Data between time: 06/18/2021 03:11:00 and 06/18/2021 03:14:25&#xD;
Error: Sensor has not sent data for 0 hour 3 minute and 25 seconds long&#xD;
Error: The max time lapse in seconds: 244 &#xD;
Error: Data between time: 06/18/2021 03:35:48 and 06/18/2021 03:39:23&#xD;
Error: Sensor has not sent data for 0 hour 3 minute and 35 seconds long&#xD;
Error: The max time lapse in seconds: 244 &#xD;
Error: Data between time: 06/18/2021 04:49:00 and 06/18/2021 04:52:25&#xD;
Error: Sensor has not sent data for 0 hour 3 minute and 24 seconds long&#xD;
Error: The max time lapse in seconds: 244 &#xD;
Error: Data between time: 06/18/2021 05:12:15 and 06/18/2021 05:15:23&#xD;
Error: Sensor has not sent data for 0 hour 3 minute and 8 seconds long&#xD;
Error: The max time lapse in seconds: 244 &#xD;
Error: Data between time: 06/18/2021 07:10:29 and 06/18/2021 07:14:35&#xD;
Error: Sensor has not sent data for 0 hour 4 minute and 6 seconds long&#xD;
Error: The max time lapse in seconds: 246 &#xD;
Error: Data between time: 06/18/2021 09:12:34 and 06/18/2021 09:16:19&#xD;
Error: Sensor has not sent data for 0 hour 3 minute and 44 seconds long&#xD;
Error: The max time lapse in seconds: 246 &#xD;
Error: Data between time: 06/18/2021 10:01:05 and 06/18/2021 10:04:50&#xD;
Error: Sensor has not sent data for 0 hour 3 minute and 44 seconds long&#xD;
Error: The max time lapse in seconds: 246 &#xD;
Error: Data between time: 06/18/2021 10:12:56 and 06/18/2021 10:16:26&#xD;
Error: Sensor has not sent data for 0 hour 3 minute and 29 seconds long&#xD;
Error: The max time lapse in seconds: 246 &#xD;
Error: Data between time: 06/18/2021 11:20:55 and 06/18/2021 11:25:37&#xD;
Error: Sensor has not sent data for 0 hour 4 minute and 42 seconds long&#xD;
Error: The max time lapse in seconds: 282 &#xD;
Error: Data between time: 06/18/2021 11:25:37 and 06/18/2021 11:28:31&#xD;
Error: Sensor has not sent data for 0 hour 2 minute and 54 seconds long&#xD;
Error: The max time lapse in seconds: 282 &#xD;
Error: Data between time: 06/18/2021 11:31:39 and 06/18/2021 11:35:14&#xD;
Error: Sensor has not sent data for 0 hour 3 minute and 35 seconds long&#xD;
Error: The max time lapse in seconds: 282 &#xD;
Error: Data between time: 06/18/2021 11:40:14 and 06/18/2021 11:43:35&#xD;
Error: Sensor has not sent data for 0 hour 3 minute and 21 seconds long&#xD;
Error: The max time lapse in seconds: 282 &#xD;
Error: Data between time: 06/18/2021 12:35:05 and 06/18/2021 12:38:34&#xD;
Error: Sensor has not sent data for 0 hour 3 minute and 29 seconds long&#xD;
Error: The max time lapse in seconds: 282 &#xD;
Error: Data between time: 06/18/2021 12:46:43 and 06/18/2021 12:48:50&#xD;
Error: Sensor has not sent data for 0 hour 2 minute and 6 seconds long&#xD;
Error: The max time lapse in seconds: 282 &#xD;
Error: Data between time: 06/18/2021 13:09:43 and 06/18/2021 13:13:36&#xD;
Error: Sensor has not sent data for 0 hour 3 minute and 53 seconds long&#xD;
Error: The max time lapse in seconds: 282 &#xD;
Error: Data between time: 06/18/2021 14:46:36 and 06/18/2021 14:50:24&#xD;
Error: Sensor has not sent data for 0 hour 3 minute and 47 seconds long&#xD;
Error: The max time lapse in seconds: 282 &#xD;
Error: Data between time: 06/18/2021 15:10:11 and 06/18/2021 15:15:18&#xD;
Error: Sensor has not sent data for 0 hour 5 minute and 7 seconds long&#xD;
Error: The max time lapse in seconds: 307 &#xD;
Error: Data between time: 06/18/2021 15:25:20 and 06/18/2021 15:28:48&#xD;
Error: Sensor has not sent data for 0 hour 3 minute and 28 seconds long&#xD;
Error: The max time lapse in seconds: 307 &#xD;
Error: Data between time: 06/18/2021 17:49:57 and 06/18/2021 17:53:15&#xD;
Error: Sensor has not sent data for 0 hour 3 minute and 17 seconds long&#xD;
Error: The max time lapse in seconds: 307 &#xD;
Error: Data between time: 06/18/2021 18:51:29 and 06/18/2021 18:55:36&#xD;
Error: Sensor has not sent data for 0 hour 4 minute and 7 seconds long&#xD;
Error: The max time lapse in seconds: 307 &#xD;
Error: Data between time: 06/18/2021 19:07:03 and 06/18/2021 19:10:42&#xD;
Error: Sensor has not sent data for 0 hour 3 minute and 38 seconds long&#xD;
Error: The max time lapse in seconds: 307 &#xD;
Error: Data between time: 06/18/2021 20:31:32 and 06/18/2021 20:34:53&#xD;
Error: Sensor has not sent data for 0 hour 3 minute and 20 seconds long&#xD;
Error: The max time lapse in seconds: 307 &#xD;
Error: Data between time: 06/18/2021 20:54:55 and 06/18/2021 20:58:20&#xD;
Error: Sensor has not sent data for 0 hour 3 minute and 24 seconds long&#xD;
Error: The max time lapse in seconds: 307 &#xD;
Error: Data between time: 06/18/2021 21:09:57 and 06/18/2021 21:13:58&#xD;
Error: Sensor has not sent data for 0 hour 4 minute and 0 seconds long&#xD;
Error: The max time lapse in seconds: 307 &#xD;
Error: Data between time: 06/18/2021 23:21:53 and 06/18/2021 23:30:59&#xD;
Error: Sensor has not sent data for 0 hour 9 minute and 5 seconds long&#xD;
Error: The max time lapse in seconds: 545 &#xD;
Error: Data between time: 06/18/2021 23:30:59 and 06/18/2021 23:33:25&#xD;
Error: Sensor has not sent data for 0 hour 2 minute and 25 seconds long&#xD;
Error: The max time lapse in seconds: 545 &#xD;
&#xD;
Failed : Discrepency in time stamp in Temp&#xD;
&#xD;
Time Span Difference data for date : 2021-06-18 for Sensor Tag: 24EDFD0000C2 for dataType: Vibration&#xD;
Package Count X axis: 834&#xD;
Data between time: 06/18/2021 01:05:13 and 06/18/2021 01:09:17&#xD;
Sensor has not sent data for 0 hour 4 minute and 4 seconds long&#xD;
The max time lapse in seconds: 244 &#xD;
Data between time: 06/18/2021 02:42:16 and 06/18/2021 02:46:05&#xD;
Sensor has not sent data for 0 hour 3 minute and 48 seconds long&#xD;
The max time lapse in seconds: 244 &#xD;
Data between time: 06/18/2021 02:52:35 and 06/18/2021 02:54:41&#xD;
Sensor has not sent data for 0 hour 2 minute and 5 seconds long&#xD;
The max time lapse in seconds: 244 &#xD;
Data between time: 06/18/2021 03:11:00 and 06/18/2021 03:14:25&#xD;
Sensor has not sent data for 0 hour 3 minute and 25 seconds long&#xD;
The max time lapse in seconds: 244 &#xD;
Data between time: 06/18/2021 03:35:48 and 06/18/2021 03:39:23&#xD;
Sensor has not sent data for 0 hour 3 minute and 35 seconds long&#xD;
The max time lapse in seconds: 244 &#xD;
Data between time: 06/18/2021 04:49:00 and 06/18/2021 04:52:25&#xD;
Sensor has not sent data for 0 hour 3 minute and 24 seconds long&#xD;
The max time lapse in seconds: 244 &#xD;
Data between time: 06/18/2021 06:50:28 and 06/18/2021 06:53:52&#xD;
Sensor has not sent data for 0 hour 3 minute and 24 seconds long&#xD;
The max time lapse in seconds: 244 &#xD;
Data between time: 06/18/2021 07:10:29 and 06/18/2021 07:14:35&#xD;
Sensor has not sent data for 0 hour 4 minute and 6 seconds long&#xD;
The max time lapse in seconds: 246 &#xD;
Data between time: 06/18/2021 09:12:34 and 06/18/2021 09:16:19&#xD;
Sensor has not sent data for 0 hour 3 minute and 44 seconds long&#xD;
The max time lapse in seconds: 246 &#xD;
Data between time: 06/18/2021 10:01:05 and 06/18/2021 10:04:50&#xD;
Sensor has not sent data for 0 hour 3 minute and 44 seconds long&#xD;
The max time lapse in seconds: 246 &#xD;
Data between time: 06/18/2021 11:20:55 and 06/18/2021 11:25:37&#xD;
Sensor has not sent data for 0 hour 4 minute and 42 seconds long&#xD;
The max time lapse in seconds: 282 &#xD;
Data between time: 06/18/2021 11:25:37 and 06/18/2021 11:28:31&#xD;
Sensor has not sent data for 0 hour 2 minute and 54 seconds long&#xD;
The max time lapse in seconds: 282 &#xD;
Data between time: 06/18/2021 11:31:39 and 06/18/2021 11:35:14&#xD;
Sensor has not sent data for 0 hour 3 minute and 35 seconds long&#xD;
The max time lapse in seconds: 282 &#xD;
Data between time: 06/18/2021 11:40:14 and 06/18/2021 11:43:35&#xD;
Sensor has not sent data for 0 hour 3 minute and 21 seconds long&#xD;
The max time lapse in seconds: 282 &#xD;
Data between time: 06/18/2021 12:35:05 and 06/18/2021 12:38:34&#xD;
Sensor has not sent data for 0 hour 3 minute and 29 seconds long&#xD;
The max time lapse in seconds: 282 &#xD;
Data between time: 06/18/2021 12:46:43 and 06/18/2021 12:48:50&#xD;
Sensor has not sent data for 0 hour 2 minute and 6 seconds long&#xD;
The max time lapse in seconds: 282 &#xD;
Data between time: 06/18/2021 13:09:43 and 06/18/2021 13:13:36&#xD;
Sensor has not sent data for 0 hour 3 minute and 53 seconds long&#xD;
The max time lapse in seconds: 282 &#xD;
Data between time: 06/18/2021 14:46:36 and 06/18/2021 14:50:24&#xD;
Sensor has not sent data for 0 hour 3 minute and 47 seconds long&#xD;
The max time lapse in seconds: 282 &#xD;
Data between time: 06/18/2021 15:10:11 and 06/18/2021 15:15:18&#xD;
Sensor has not sent data for 0 hour 5 minute and 7 seconds long&#xD;
The max time lapse in seconds: 307 &#xD;
Data between time: 06/18/2021 15:25:20 and 06/18/2021 15:28:48&#xD;
Sensor has not sent data for 0 hour 3 minute and 28 seconds long&#xD;
The max time lapse in seconds: 307 &#xD;
Data between time: 06/18/2021 18:51:29 and 06/18/2021 18:55:36&#xD;
Sensor has not sent data for 0 hour 4 minute and 7 seconds long&#xD;
The max time lapse in seconds: 307 &#xD;
Data between time: 06/18/2021 19:07:03 and 06/18/2021 19:10:42&#xD;
Sensor has not sent data for 0 hour 3 minute and 38 seconds long&#xD;
The max time lapse in seconds: 307 &#xD;
Data between time: 06/18/2021 20:31:32 and 06/18/2021 20:34:53&#xD;
Sensor has not sent data for 0 hour 3 minute and 20 seconds long&#xD;
The max time lapse in seconds: 307 &#xD;
Data between time: 06/18/2021 20:54:55 and 06/18/2021 20:58:20&#xD;
Sensor has not sent data for 0 hour 3 minute and 24 seconds long&#xD;
The max time lapse in seconds: 307 &#xD;
Data between time: 06/18/2021 21:09:57 and 06/18/2021 21:13:58&#xD;
Sensor has not sent data for 0 hour 4 minute and 0 seconds long&#xD;
The max time lapse in seconds: 307 &#xD;
Data between time: 06/18/2021 23:21:53 and 06/18/2021 23:30:59&#xD;
Sensor has not sent data for 0 hour 9 minute and 5 seconds long&#xD;
The max time lapse in seconds: 545 &#xD;
Data between time: 06/18/2021 23:30:59 and 06/18/2021 23:33:25&#xD;
Sensor has not sent data for 0 hour 2 minute and 25 seconds long&#xD;
The max time lapse in seconds: 545 &#xD;
&#xD;
Failed : Discrepency in time stamp in Vibration&#xD;
&#xD;
Time Span Difference data for date : 2021-06-18 for Sensor Tag: 24EDFD0000C2 for dataType: Vibration&#xD;
Package Count Y axis: 834&#xD;
Data between time: 06/18/2021 01:05:13 and 06/18/2021 01:09:17&#xD;
Sensor has not sent data for 0 hour 4 minute and 4 seconds long&#xD;
The max time lapse in seconds: 244 &#xD;
Data between time: 06/18/2021 02:42:16 and 06/18/2021 02:46:05&#xD;
Sensor has not sent data for 0 hour 3 minute and 48 seconds long&#xD;
The max time lapse in seconds: 244 &#xD;
Data between time: 06/18/2021 02:52:35 and 06/18/2021 02:54:41&#xD;
Sensor has not sent data for 0 hour 2 minute and 5 seconds long&#xD;
The max time lapse in seconds: 244 &#xD;
Data between time: 06/18/2021 03:11:00 and 06/18/2021 03:14:25&#xD;
Sensor has not sent data for 0 hour 3 minute and 25 seconds long&#xD;
The max time lapse in seconds: 244 &#xD;
Data between time: 06/18/2021 03:35:48 and 06/18/2021 03:39:23&#xD;
Sensor has not sent data for 0 hour 3 minute and 35 seconds long&#xD;
The max time lapse in seconds: 244 &#xD;
Data between time: 06/18/2021 04:49:00 and 06/18/2021 04:52:25&#xD;
Sensor has not sent data for 0 hour 3 minute and 24 seconds long&#xD;
The max time lapse in seconds: 244 &#xD;
Data between time: 06/18/2021 06:50:28 and 06/18/2021 06:53:52&#xD;
Sensor has not sent data for 0 hour 3 minute and 24 seconds long&#xD;
The max time lapse in seconds: 244 &#xD;
Data between time: 06/18/2021 07:10:29 and 06/18/2021 07:14:35&#xD;
Sensor has not sent data for 0 hour 4 minute and 6 seconds long&#xD;
The max time lapse in seconds: 246 &#xD;
Data between time: 06/18/2021 09:12:34 and 06/18/2021 09:16:19&#xD;
Sensor has not sent data for 0 hour 3 minute and 44 seconds long&#xD;
The max time lapse in seconds: 246 &#xD;
Data between time: 06/18/2021 10:01:05 and 06/18/2021 10:04:50&#xD;
Sensor has not sent data for 0 hour 3 minute and 44 seconds long&#xD;
The max time lapse in seconds: 246 &#xD;
Data between time: 06/18/2021 11:20:55 and 06/18/2021 11:25:37&#xD;
Sensor has not sent data for 0 hour 4 minute and 42 seconds long&#xD;
The max time lapse in seconds: 282 &#xD;
Data between time: 06/18/2021 11:25:37 and 06/18/2021 11:28:31&#xD;
Sensor has not sent data for 0 hour 2 minute and 54 seconds long&#xD;
The max time lapse in seconds: 282 &#xD;
Data between time: 06/18/2021 11:31:39 and 06/18/2021 11:35:14&#xD;
Sensor has not sent data for 0 hour 3 minute and 35 seconds long&#xD;
The max time lapse in seconds: 282 &#xD;
Data between time: 06/18/2021 11:40:14 and 06/18/2021 11:43:35&#xD;
Sensor has not sent data for 0 hour 3 minute and 21 seconds long&#xD;
The max time lapse in seconds: 282 &#xD;
Data between time: 06/18/2021 12:35:05 and 06/18/2021 12:38:34&#xD;
Sensor has not sent data for 0 hour 3 minute and 29 seconds long&#xD;
The max time lapse in seconds: 282 &#xD;
Data between time: 06/18/2021 12:46:43 and 06/18/2021 12:48:50&#xD;
Sensor has not sent data for 0 hour 2 minute and 6 seconds long&#xD;
The max time lapse in seconds: 282 &#xD;
Data between time: 06/18/2021 13:09:43 and 06/18/2021 13:13:36&#xD;
Sensor has not sent data for 0 hour 3 minute and 53 seconds long&#xD;
The max time lapse in seconds: 282 &#xD;
Data between time: 06/18/2021 14:46:36 and 06/18/2021 14:50:24&#xD;
Sensor has not sent data for 0 hour 3 minute and 47 seconds long&#xD;
The max time lapse in seconds: 282 &#xD;
Data between time: 06/18/2021 15:10:11 and 06/18/2021 15:15:18&#xD;
Sensor has not sent data for 0 hour 5 minute and 7 seconds long&#xD;
The max time lapse in seconds: 307 &#xD;
Data between time: 06/18/2021 15:25:20 and 06/18/2021 15:28:48&#xD;
Sensor has not sent data for 0 hour 3 minute and 28 seconds long&#xD;
The max time lapse in seconds: 307 &#xD;
Data between time: 06/18/2021 18:51:29 and 06/18/2021 18:55:36&#xD;
Sensor has not sent data for 0 hour 4 minute and 7 seconds long&#xD;
The max time lapse in seconds: 307 &#xD;
Data between time: 06/18/2021 19:07:03 and 06/18/2021 19:10:42&#xD;
Sensor has not sent data for 0 hour 3 minute and 38 seconds long&#xD;
The max time lapse in seconds: 307 &#xD;
Data between time: 06/18/2021 20:31:32 and 06/18/2021 20:34:53&#xD;
Sensor has not sent data for 0 hour 3 minute and 20 seconds long&#xD;
The max time lapse in seconds: 307 &#xD;
Data between time: 06/18/2021 20:54:55 and 06/18/2021 20:58:20&#xD;
Sensor has not sent data for 0 hour 3 minute and 24 seconds long&#xD;
The max time lapse in seconds: 307 &#xD;
Data between time: 06/18/2021 21:09:57 and 06/18/2021 21:13:58&#xD;
Sensor has not sent data for 0 hour 4 minute and 0 seconds long&#xD;
The max time lapse in seconds: 307 &#xD;
Data between time: 06/18/2021 23:21:53 and 06/18/2021 23:30:59&#xD;
Sensor has not sent data for 0 hour 9 minute and 5 seconds long&#xD;
The max time lapse in seconds: 545 &#xD;
Data between time: 06/18/2021 23:30:59 and 06/18/2021 23:33:25&#xD;
Sensor has not sent data for 0 hour 2 minute and 25 seconds long&#xD;
The max time lapse in seconds: 545 &#xD;
&#xD;
Failed : Discrepency in time stamp in Vibration&#xD;
&#xD;
Time Span Difference data for date : 2021-06-18 for Sensor Tag: 24EDFD0000C2 for dataType: Vibration&#xD;
Package Count Z axis: 834&#xD;
Data between time: 06/18/2021 01:05:13 and 06/18/2021 01:09:17&#xD;
Sensor has not sent data for 0 hour 4 minute and 4 seconds long&#xD;
The max time lapse in seconds: 244 &#xD;
Data between time: 06/18/2021 02:42:16 and 06/18/2021 02:46:05&#xD;
Sensor has not sent data for 0 hour 3 minute and 48 seconds long&#xD;
The max time lapse in seconds: 244 &#xD;
Data between time: 06/18/2021 02:52:35 and 06/18/2021 02:54:41&#xD;
Sensor has not sent data for 0 hour 2 minute and 5 seconds long&#xD;
The max time lapse in seconds: 244 &#xD;
Data between time: 06/18/2021 03:11:00 and 06/18/2021 03:14:25&#xD;
Sensor has not sent data for 0 hour 3 minute and 25 seconds long&#xD;
The max time lapse in seconds: 244 &#xD;
Data between time: 06/18/2021 03:35:48 and 06/18/2021 03:39:23&#xD;
Sensor has not sent data for 0 hour 3 minute and 35 seconds long&#xD;
The max time lapse in seconds: 244 &#xD;
Data between time: 06/18/2021 04:49:00 and 06/18/2021 04:52:25&#xD;
Sensor has not sent data for 0 hour 3 minute and 24 seconds long&#xD;
The max time lapse in seconds: 244 &#xD;
Data between time: 06/18/2021 06:50:28 and 06/18/2021 06:53:52&#xD;
Sensor has not sent data for 0 hour 3 minute and 24 seconds long&#xD;
The max time lapse in seconds: 244 &#xD;
Data between time: 06/18/2021 07:10:29 and 06/18/2021 07:14:35&#xD;
Sensor has not sent data for 0 hour 4 minute and 6 seconds long&#xD;
The max time lapse in seconds: 246 &#xD;
Data between time: 06/18/2021 09:12:34 and 06/18/2021 09:16:19&#xD;
Sensor has not sent data for 0 hour 3 minute and 44 seconds long&#xD;
The max time lapse in seconds: 246 &#xD;
Data between time: 06/18/2021 10:01:05 and 06/18/2021 10:04:50&#xD;
Sensor has not sent data for 0 hour 3 minute and 44 seconds long&#xD;
The max time lapse in seconds: 246 &#xD;
Data between time: 06/18/2021 11:20:55 and 06/18/2021 11:25:37&#xD;
Sensor has not sent data for 0 hour 4 minute and 42 seconds long&#xD;
The max time lapse in seconds: 282 &#xD;
Data between time: 06/18/2021 11:25:37 and 06/18/2021 11:28:31&#xD;
Sensor has not sent data for 0 hour 2 minute and 54 seconds long&#xD;
The max time lapse in seconds: 282 &#xD;
Data between time: 06/18/2021 11:31:39 and 06/18/2021 11:35:14&#xD;
Sensor has not sent data for 0 hour 3 minute and 35 seconds long&#xD;
The max time lapse in seconds: 282 &#xD;
Data between time: 06/18/2021 11:40:14 and 06/18/2021 11:43:35&#xD;
Sensor has not sent data for 0 hour 3 minute and 21 seconds long&#xD;
The max time lapse in seconds: 282 &#xD;
Data between time: 06/18/2021 12:35:05 and 06/18/2021 12:38:34&#xD;
Sensor has not sent data for 0 hour 3 minute and 29 seconds long&#xD;
The max time lapse in seconds: 282 &#xD;
Data between time: 06/18/2021 12:46:43 and 06/18/2021 12:48:50&#xD;
Sensor has not sent data for 0 hour 2 minute and 6 seconds long&#xD;
The max time lapse in seconds: 282 &#xD;
Data between time: 06/18/2021 13:09:43 and 06/18/2021 13:13:36&#xD;
Sensor has not sent data for 0 hour 3 minute and 53 seconds long&#xD;
The max time lapse in seconds: 282 &#xD;
Data between time: 06/18/2021 14:46:36 and 06/18/2021 14:50:24&#xD;
Sensor has not sent data for 0 hour 3 minute and 47 seconds long&#xD;
The max time lapse in seconds: 282 &#xD;
Data between time: 06/18/2021 15:10:11 and 06/18/2021 15:15:18&#xD;
Sensor has not sent data for 0 hour 5 minute and 7 seconds long&#xD;
The max time lapse in seconds: 307 &#xD;
Data between time: 06/18/2021 15:25:20 and 06/18/2021 15:28:48&#xD;
Sensor has not sent data for 0 hour 3 minute and 28 seconds long&#xD;
The max time lapse in seconds: 307 &#xD;
Data between time: 06/18/2021 18:51:29 and 06/18/2021 18:55:36&#xD;
Sensor has not sent data for 0 hour 4 minute and 7 seconds long&#xD;
The max time lapse in seconds: 307 &#xD;
Data between time: 06/18/2021 19:07:03 and 06/18/2021 19:10:42&#xD;
Sensor has not sent data for 0 hour 3 minute and 38 seconds long&#xD;
The max time lapse in seconds: 307 &#xD;
Data between time: 06/18/2021 20:31:32 and 06/18/2021 20:34:53&#xD;
Sensor has not sent data for 0 hour 3 minute and 20 seconds long&#xD;
The max time lapse in seconds: 307 &#xD;
Data between time: 06/18/2021 20:54:55 and 06/18/2021 20:58:20&#xD;
Sensor has not sent data for 0 hour 3 minute and 24 seconds long&#xD;
The max time lapse in seconds: 307 &#xD;
Data between time: 06/18/2021 21:09:57 and 06/18/2021 21:13:58&#xD;
Sensor has not sent data for 0 hour 4 minute and 0 seconds long&#xD;
The max time lapse in seconds: 307 &#xD;
Data between time: 06/18/2021 23:21:53 and 06/18/2021 23:30:59&#xD;
Sensor has not sent data for 0 hour 9 minute and 5 seconds long&#xD;
The max time lapse in seconds: 545 &#xD;
Data between time: 06/18/2021 23:30:59 and 06/18/2021 23:33:25&#xD;
Sensor has not sent data for 0 hour 2 minute and 25 seconds long&#xD;
The max time lapse in seconds: 545 &#xD;
&#xD;
Failed : Discrepency in time stamp in Vibration</StdOut>
            <ErrorInfo>
              <Message>Assert.IsTrue failed. Failed in getting data for date 6/18/2021 12:00:00 AM</Message>
              <StackTrace>   at SCM_TF.Database.Te_Database.GetObjectDataTimeSpanDiff()&#xD;
</StackTrace>
            </ErrorInfo>
          </Output>
        </UnitTestResult>
        <UnitTestResult executionId="0d43aeb6-2e0b-4b18-b472-4cf411bce4d6" parentExecutionId="186c3c9b-b41c-4934-be67-32b0c24e636a" testId="fb3f85a5-ce4f-d64e-0c87-72a2e1e97d24" testName="GetObjectDataTimeSpanDiff (Data Row 1)" computerName="MD3H3FMC" duration="00:01:04.8110173" startTime="2021-09-17T11:25:35.6224170+05:30" endTime="2021-09-17T11:27:46.0042938+05:30" testType="13cdc9d9-ddb5-4fa4-a97d-d965ccfc6d4b" outcome="Failed" testListId="8c84fa94-04c1-424b-9868-57a2d4851a1d" relativeResultsDirectory="0d43aeb6-2e0b-4b18-b472-4cf411bce4d6" dataRowInfo="2" resultType="DataDrivenDataRow">
          <Output>
            <StdOut>Time Span Difference data for date : 2021-06-18 for Sensor Tag: 24EDFD0000C2 for dataType: Signal Strength&#xD;
Package Count 835&#xD;
Error: Data between time: 06/18/2021 01:05:13 and 06/18/2021 01:09:17&#xD;
Error: Sensor has not sent data for 0 hour 4 minute and 4 seconds long&#xD;
Error: The max time lapse in seconds: 244 &#xD;
Error: Data between time: 06/18/2021 02:42:16 and 06/18/2021 02:46:05&#xD;
Error: Sensor has not sent data for 0 hour 3 minute and 48 seconds long&#xD;
Error: The max time lapse in seconds: 244 &#xD;
Error: Data between time: 06/18/2021 02:52:35 and 06/18/2021 02:54:41&#xD;
Error: Sensor has not sent data for 0 hour 2 minute and 5 seconds long&#xD;
Error: The max time lapse in seconds: 244 &#xD;
Error: Data between time: 06/18/2021 03:11:00 and 06/18/2021 03:14:25&#xD;
Error: Sensor has not sent data for 0 hour 3 minute and 25 seconds long&#xD;
Error: The max time lapse in seconds: 244 &#xD;
Error: Data between time: 06/18/2021 03:35:48 and 06/18/2021 03:39:23&#xD;
Error: Sensor has not sent data for 0 hour 3 minute and 35 seconds long&#xD;
Error: The max time lapse in seconds: 244 &#xD;
Error: Data between time: 06/18/2021 04:49:00 and 06/18/2021 04:52:25&#xD;
Error: Sensor has not sent data for 0 hour 3 minute and 24 seconds long&#xD;
Error: The max time lapse in seconds: 244 &#xD;
Error: Data between time: 06/18/2021 07:10:29 and 06/18/2021 07:14:35&#xD;
Error: Sensor has not sent data for 0 hour 4 minute and 6 seconds long&#xD;
Error: The max time lapse in seconds: 246 &#xD;
Error: Data between time: 06/18/2021 09:12:34 and 06/18/2021 09:16:19&#xD;
Error: Sensor has not sent data for 0 hour 3 minute and 44 seconds long&#xD;
Error: The max time lapse in seconds: 246 &#xD;
Error: Data between time: 06/18/2021 10:01:05 and 06/18/2021 10:04:50&#xD;
Error: Sensor has not sent data for 0 hour 3 minute and 44 seconds long&#xD;
Error: The max time lapse in seconds: 246 &#xD;
Error: Data between time: 06/18/2021 11:20:55 and 06/18/2021 11:25:37&#xD;
Error: Sensor has not sent data for 0 hour 4 minute and 42 seconds long&#xD;
Error: The max time lapse in seconds: 282 &#xD;
Error: Data between time: 06/18/2021 11:25:37 and 06/18/2021 11:28:31&#xD;
Error: Sensor has not sent data for 0 hour 2 minute and 54 seconds long&#xD;
Error: The max time lapse in seconds: 282 &#xD;
Error: Data between time: 06/18/2021 11:31:39 and 06/18/2021 11:35:14&#xD;
Error: Sensor has not sent data for 0 hour 3 minute and 35 seconds long&#xD;
Error: The max time lapse in seconds: 282 &#xD;
Error: Data between time: 06/18/2021 11:40:14 and 06/18/2021 11:43:35&#xD;
Error: Sensor has not sent data for 0 hour 3 minute and 21 seconds long&#xD;
Error: The max time lapse in seconds: 282 &#xD;
Error: Data between time: 06/18/2021 12:35:05 and 06/18/2021 12:38:34&#xD;
Error: Sensor has not sent data for 0 hour 3 minute and 29 seconds long&#xD;
Error: The max time lapse in seconds: 282 &#xD;
Error: Data between time: 06/18/2021 12:46:43 and 06/18/2021 12:48:50&#xD;
Error: Sensor has not sent data for 0 hour 2 minute and 6 seconds long&#xD;
Error: The max time lapse in seconds: 282 &#xD;
Error: Data between time: 06/18/2021 13:09:43 and 06/18/2021 13:13:36&#xD;
Error: Sensor has not sent data for 0 hour 3 minute and 53 seconds long&#xD;
Error: The max time lapse in seconds: 282 &#xD;
Error: Data between time: 06/18/2021 14:46:36 and 06/18/2021 14:50:24&#xD;
Error: Sensor has not sent data for 0 hour 3 minute and 47 seconds long&#xD;
Error: The max time lapse in seconds: 282 &#xD;
Error: Data between time: 06/18/2021 15:10:11 and 06/18/2021 15:15:18&#xD;
Error: Sensor has not sent data for 0 hour 5 minute and 7 seconds long&#xD;
Error: The max time lapse in seconds: 307 &#xD;
Error: Data between time: 06/18/2021 15:25:20 and 06/18/2021 15:28:48&#xD;
Error: Sensor has not sent data for 0 hour 3 minute and 28 seconds long&#xD;
Error: The max time lapse in seconds: 307 &#xD;
Error: Data between time: 06/18/2021 18:51:29 and 06/18/2021 18:55:36&#xD;
Error: Sensor has not sent data for 0 hour 4 minute and 7 seconds long&#xD;
Error: The max time lapse in seconds: 307 &#xD;
Error: Data between time: 06/18/2021 19:07:03 and 06/18/2021 19:10:42&#xD;
Error: Sensor has not sent data for 0 hour 3 minute and 38 seconds long&#xD;
Error: The max time lapse in seconds: 307 &#xD;
Error: Data between time: 06/18/2021 20:31:32 and 06/18/2021 20:34:53&#xD;
Error: Sensor has not sent data for 0 hour 3 minute and 20 seconds long&#xD;
Error: The max time lapse in seconds: 307 &#xD;
Error: Data between time: 06/18/2021 20:54:55 and 06/18/2021 20:58:20&#xD;
Error: Sensor has not sent data for 0 hour 3 minute and 24 seconds long&#xD;
Error: The max time lapse in seconds: 307 &#xD;
Error: Data between time: 06/18/2021 21:09:57 and 06/18/2021 21:13:58&#xD;
Error: Sensor has not sent data for 0 hour 4 minute and 0 seconds long&#xD;
Error: The max time lapse in seconds: 307 &#xD;
Error: Data between time: 06/18/2021 23:21:53 and 06/18/2021 23:30:59&#xD;
Error: Sensor has not sent data for 0 hour 9 minute and 5 seconds long&#xD;
Error: The max time lapse in seconds: 545 &#xD;
Error: Data between time: 06/18/2021 23:30:59 and 06/18/2021 23:33:25&#xD;
Error: Sensor has not sent data for 0 hour 2 minute and 25 seconds long&#xD;
Error: The max time lapse in seconds: 545 &#xD;
&#xD;
Failed : Discrepency in time stamp in Signal&#xD;
&#xD;
Time Span Difference data for date : 2021-06-18 for Sensor Tag: 24EDFD0000C2 for dataType: Temperature&#xD;
Package Count 832&#xD;
Error: Data between time: 06/18/2021 01:05:13 and 06/18/2021 01:09:17&#xD;
Error: Sensor has not sent data for 0 hour 4 minute and 4 seconds long&#xD;
Error: The max time lapse in seconds: 244 &#xD;
Error: Data between time: 06/18/2021 02:42:16 and 06/18/2021 02:46:05&#xD;
Error: Sensor has not sent data for 0 hour 3 minute and 48 seconds long&#xD;
Error: The max time lapse in seconds: 244 &#xD;
Error: Data between time: 06/18/2021 02:52:35 and 06/18/2021 02:54:41&#xD;
Error: Sensor has not sent data for 0 hour 2 minute and 5 seconds long&#xD;
Error: The max time lapse in seconds: 244 &#xD;
Error: Data between time: 06/18/2021 03:11:00 and 06/18/2021 03:14:25&#xD;
Error: Sensor has not sent data for 0 hour 3 minute and 25 seconds long&#xD;
Error: The max time lapse in seconds: 244 &#xD;
Error: Data between time: 06/18/2021 03:35:48 and 06/18/2021 03:39:23&#xD;
Error: Sensor has not sent data for 0 hour 3 minute and 35 seconds long&#xD;
Error: The max time lapse in seconds: 244 &#xD;
Error: Data between time: 06/18/2021 04:49:00 and 06/18/2021 04:52:25&#xD;
Error: Sensor has not sent data for 0 hour 3 minute and 24 seconds long&#xD;
Error: The max time lapse in seconds: 244 &#xD;
Error: Data between time: 06/18/2021 05:12:15 and 06/18/2021 05:15:23&#xD;
Error: Sensor has not sent data for 0 hour 3 minute and 8 seconds long&#xD;
Error: The max time lapse in seconds: 244 &#xD;
Error: Data between time: 06/18/2021 07:10:29 and 06/18/2021 07:14:35&#xD;
Error: Sensor has not sent data for 0 hour 4 minute and 6 seconds long&#xD;
Error: The max time lapse in seconds: 246 &#xD;
Error: Data between time: 06/18/2021 09:12:34 and 06/18/2021 09:16:19&#xD;
Error: Sensor has not sent data for 0 hour 3 minute and 44 seconds long&#xD;
Error: The max time lapse in seconds: 246 &#xD;
Error: Data between time: 06/18/2021 10:01:05 and 06/18/2021 10:04:50&#xD;
Error: Sensor has not sent data for 0 hour 3 minute and 44 seconds long&#xD;
Error: The max time lapse in seconds: 246 &#xD;
Error: Data between time: 06/18/2021 10:12:56 and 06/18/2021 10:16:26&#xD;
Error: Sensor has not sent data for 0 hour 3 minute and 29 seconds long&#xD;
Error: The max time lapse in seconds: 246 &#xD;
Error: Data between time: 06/18/2021 11:20:55 and 06/18/2021 11:25:37&#xD;
Error: Sensor has not sent data for 0 hour 4 minute and 42 seconds long&#xD;
Error: The max time lapse in seconds: 282 &#xD;
Error: Data between time: 06/18/2021 11:25:37 and 06/18/2021 11:28:31&#xD;
Error: Sensor has not sent data for 0 hour 2 minute and 54 seconds long&#xD;
Error: The max time lapse in seconds: 282 &#xD;
Error: Data between time: 06/18/2021 11:31:39 and 06/18/2021 11:35:14&#xD;
Error: Sensor has not sent data for 0 hour 3 minute and 35 seconds long&#xD;
Error: The max time lapse in seconds: 282 &#xD;
Error: Data between time: 06/18/2021 11:40:14 and 06/18/2021 11:43:35&#xD;
Error: Sensor has not sent data for 0 hour 3 minute and 21 seconds long&#xD;
Error: The max time lapse in seconds: 282 &#xD;
Error: Data between time: 06/18/2021 12:35:05 and 06/18/2021 12:38:34&#xD;
Error: Sensor has not sent data for 0 hour 3 minute and 29 seconds long&#xD;
Error: The max time lapse in seconds: 282 &#xD;
Error: Data between time: 06/18/2021 12:46:43 and 06/18/2021 12:48:50&#xD;
Error: Sensor has not sent data for 0 hour 2 minute and 6 seconds long&#xD;
Error: The max time lapse in seconds: 282 &#xD;
Error: Data between time: 06/18/2021 13:09:43 and 06/18/2021 13:13:36&#xD;
Error: Sensor has not sent data for 0 hour 3 minute and 53 seconds long&#xD;
Error: The max time lapse in seconds: 282 &#xD;
Error: Data between time: 06/18/2021 14:46:36 and 06/18/2021 14:50:24&#xD;
Error: Sensor has not sent data for 0 hour 3 minute and 47 seconds long&#xD;
Error: The max time lapse in seconds: 282 &#xD;
Error: Data between time: 06/18/2021 15:10:11 and 06/18/2021 15:15:18&#xD;
Error: Sensor has not sent data for 0 hour 5 minute and 7 seconds long&#xD;
Error: The max time lapse in seconds: 307 &#xD;
Error: Data between time: 06/18/2021 15:25:20 and 06/18/2021 15:28:48&#xD;
Error: Sensor has not sent data for 0 hour 3 minute and 28 seconds long&#xD;
Error: The max time lapse in seconds: 307 &#xD;
Error: Data between time: 06/18/2021 17:49:57 and 06/18/2021 17:53:15&#xD;
Error: Sensor has not sent data for 0 hour 3 minute and 17 seconds long&#xD;
Error: The max time lapse in seconds: 307 &#xD;
Error: Data between time: 06/18/2021 18:51:29 and 06/18/2021 18:55:36&#xD;
Error: Sensor has not sent data for 0 hour 4 minute and 7 seconds long&#xD;
Error: The max time lapse in seconds: 307 &#xD;
Error: Data between time: 06/18/2021 19:07:03 and 06/18/2021 19:10:42&#xD;
Error: Sensor has not sent data for 0 hour 3 minute and 38 seconds long&#xD;
Error: The max time lapse in seconds: 307 &#xD;
Error: Data between time: 06/18/2021 20:31:32 and 06/18/2021 20:34:53&#xD;
Error: Sensor has not sent data for 0 hour 3 minute and 20 seconds long&#xD;
Error: The max time lapse in seconds: 307 &#xD;
Error: Data between time: 06/18/2021 20:54:55 and 06/18/2021 20:58:20&#xD;
Error: Sensor has not sent data for 0 hour 3 minute and 24 seconds long&#xD;
Error: The max time lapse in seconds: 307 &#xD;
Error: Data between time: 06/18/2021 21:09:57 and 06/18/2021 21:13:58&#xD;
Error: Sensor has not sent data for 0 hour 4 minute and 0 seconds long&#xD;
Error: The max time lapse in seconds: 307 &#xD;
Error: Data between time: 06/18/2021 23:21:53 and 06/18/2021 23:30:59&#xD;
Error: Sensor has not sent data for 0 hour 9 minute and 5 seconds long&#xD;
Error: The max time lapse in seconds: 545 &#xD;
Error: Data between time: 06/18/2021 23:30:59 and 06/18/2021 23:33:25&#xD;
Error: Sensor has not sent data for 0 hour 2 minute and 25 seconds long&#xD;
Error: The max time lapse in seconds: 545 &#xD;
&#xD;
Failed : Discrepency in time stamp in Temp&#xD;
&#xD;
Time Span Difference data for date : 2021-06-18 for Sensor Tag: 24EDFD0000C2 for dataType: Vibration&#xD;
Package Count X axis: 834&#xD;
Data between time: 06/18/2021 01:05:13 and 06/18/2021 01:09:17&#xD;
Sensor has not sent data for 0 hour 4 minute and 4 seconds long&#xD;
The max time lapse in seconds: 244 &#xD;
Data between time: 06/18/2021 02:42:16 and 06/18/2021 02:46:05&#xD;
Sensor has not sent data for 0 hour 3 minute and 48 seconds long&#xD;
The max time lapse in seconds: 244 &#xD;
Data between time: 06/18/2021 02:52:35 and 06/18/2021 02:54:41&#xD;
Sensor has not sent data for 0 hour 2 minute and 5 seconds long&#xD;
The max time lapse in seconds: 244 &#xD;
Data between time: 06/18/2021 03:11:00 and 06/18/2021 03:14:25&#xD;
Sensor has not sent data for 0 hour 3 minute and 25 seconds long&#xD;
The max time lapse in seconds: 244 &#xD;
Data between time: 06/18/2021 03:35:48 and 06/18/2021 03:39:23&#xD;
Sensor has not sent data for 0 hour 3 minute and 35 seconds long&#xD;
The max time lapse in seconds: 244 &#xD;
Data between time: 06/18/2021 04:49:00 and 06/18/2021 04:52:25&#xD;
Sensor has not sent data for 0 hour 3 minute and 24 seconds long&#xD;
The max time lapse in seconds: 244 &#xD;
Data between time: 06/18/2021 06:50:28 and 06/18/2021 06:53:52&#xD;
Sensor has not sent data for 0 hour 3 minute and 24 seconds long&#xD;
The max time lapse in seconds: 244 &#xD;
Data between time: 06/18/2021 07:10:29 and 06/18/2021 07:14:35&#xD;
Sensor has not sent data for 0 hour 4 minute and 6 seconds long&#xD;
The max time lapse in seconds: 246 &#xD;
Data between time: 06/18/2021 09:12:34 and 06/18/2021 09:16:19&#xD;
Sensor has not sent data for 0 hour 3 minute and 44 seconds long&#xD;
The max time lapse in seconds: 246 &#xD;
Data between time: 06/18/2021 10:01:05 and 06/18/2021 10:04:50&#xD;
Sensor has not sent data for 0 hour 3 minute and 44 seconds long&#xD;
The max time lapse in seconds: 246 &#xD;
Data between time: 06/18/2021 11:20:55 and 06/18/2021 11:25:37&#xD;
Sensor has not sent data for 0 hour 4 minute and 42 seconds long&#xD;
The max time lapse in seconds: 282 &#xD;
Data between time: 06/18/2021 11:25:37 and 06/18/2021 11:28:31&#xD;
Sensor has not sent data for 0 hour 2 minute and 54 seconds long&#xD;
The max time lapse in seconds: 282 &#xD;
Data between time: 06/18/2021 11:31:39 and 06/18/2021 11:35:14&#xD;
Sensor has not sent data for 0 hour 3 minute and 35 seconds long&#xD;
The max time lapse in seconds: 282 &#xD;
Data between time: 06/18/2021 11:40:14 and 06/18/2021 11:43:35&#xD;
Sensor has not sent data for 0 hour 3 minute and 21 seconds long&#xD;
The max time lapse in seconds: 282 &#xD;
Data between time: 06/18/2021 12:35:05 and 06/18/2021 12:38:34&#xD;
Sensor has not sent data for 0 hour 3 minute and 29 seconds long&#xD;
The max time lapse in seconds: 282 &#xD;
Data between time: 06/18/2021 12:46:43 and 06/18/2021 12:48:50&#xD;
Sensor has not sent data for 0 hour 2 minute and 6 seconds long&#xD;
The max time lapse in seconds: 282 &#xD;
Data between time: 06/18/2021 13:09:43 and 06/18/2021 13:13:36&#xD;
Sensor has not sent data for 0 hour 3 minute and 53 seconds long&#xD;
The max time lapse in seconds: 282 &#xD;
Data between time: 06/18/2021 14:46:36 and 06/18/2021 14:50:24&#xD;
Sensor has not sent data for 0 hour 3 minute and 47 seconds long&#xD;
The max time lapse in seconds: 282 &#xD;
Data between time: 06/18/2021 15:10:11 and 06/18/2021 15:15:18&#xD;
Sensor has not sent data for 0 hour 5 minute and 7 seconds long&#xD;
The max time lapse in seconds: 307 &#xD;
Data between time: 06/18/2021 15:25:20 and 06/18/2021 15:28:48&#xD;
Sensor has not sent data for 0 hour 3 minute and 28 seconds long&#xD;
The max time lapse in seconds: 307 &#xD;
Data between time: 06/18/2021 18:51:29 and 06/18/2021 18:55:36&#xD;
Sensor has not sent data for 0 hour 4 minute and 7 seconds long&#xD;
The max time lapse in seconds: 307 &#xD;
Data between time: 06/18/2021 19:07:03 and 06/18/2021 19:10:42&#xD;
Sensor has not sent data for 0 hour 3 minute and 38 seconds long&#xD;
The max time lapse in seconds: 307 &#xD;
Data between time: 06/18/2021 20:31:32 and 06/18/2021 20:34:53&#xD;
Sensor has not sent data for 0 hour 3 minute and 20 seconds long&#xD;
The max time lapse in seconds: 307 &#xD;
Data between time: 06/18/2021 20:54:55 and 06/18/2021 20:58:20&#xD;
Sensor has not sent data for 0 hour 3 minute and 24 seconds long&#xD;
The max time lapse in seconds: 307 &#xD;
Data between time: 06/18/2021 21:09:57 and 06/18/2021 21:13:58&#xD;
Sensor has not sent data for 0 hour 4 minute and 0 seconds long&#xD;
The max time lapse in seconds: 307 &#xD;
Data between time: 06/18/2021 23:21:53 and 06/18/2021 23:30:59&#xD;
Sensor has not sent data for 0 hour 9 minute and 5 seconds long&#xD;
The max time lapse in seconds: 545 &#xD;
Data between time: 06/18/2021 23:30:59 and 06/18/2021 23:33:25&#xD;
Sensor has not sent data for 0 hour 2 minute and 25 seconds long&#xD;
The max time lapse in seconds: 545 &#xD;
&#xD;
Failed : Discrepency in time stamp in Vibration&#xD;
&#xD;
Time Span Difference data for date : 2021-06-18 for Sensor Tag: 24EDFD0000C2 for dataType: Vibration&#xD;
Package Count Y axis: 834&#xD;
Data between time: 06/18/2021 01:05:13 and 06/18/2021 01:09:17&#xD;
Sensor has not sent data for 0 hour 4 minute and 4 seconds long&#xD;
The max time lapse in seconds: 244 &#xD;
Data between time: 06/18/2021 02:42:16 and 06/18/2021 02:46:05&#xD;
Sensor has not sent data for 0 hour 3 minute and 48 seconds long&#xD;
The max time lapse in seconds: 244 &#xD;
Data between time: 06/18/2021 02:52:35 and 06/18/2021 02:54:41&#xD;
Sensor has not sent data for 0 hour 2 minute and 5 seconds long&#xD;
The max time lapse in seconds: 244 &#xD;
Data between time: 06/18/2021 03:11:00 and 06/18/2021 03:14:25&#xD;
Sensor has not sent data for 0 hour 3 minute and 25 seconds long&#xD;
The max time lapse in seconds: 244 &#xD;
Data between time: 06/18/2021 03:35:48 and 06/18/2021 03:39:23&#xD;
Sensor has not sent data for 0 hour 3 minute and 35 seconds long&#xD;
The max time lapse in seconds: 244 &#xD;
Data between time: 06/18/2021 04:49:00 and 06/18/2021 04:52:25&#xD;
Sensor has not sent data for 0 hour 3 minute and 24 seconds long&#xD;
The max time lapse in seconds: 244 &#xD;
Data between time: 06/18/2021 06:50:28 and 06/18/2021 06:53:52&#xD;
Sensor has not sent data for 0 hour 3 minute and 24 seconds long&#xD;
The max time lapse in seconds: 244 &#xD;
Data between time: 06/18/2021 07:10:29 and 06/18/2021 07:14:35&#xD;
Sensor has not sent data for 0 hour 4 minute and 6 seconds long&#xD;
The max time lapse in seconds: 246 &#xD;
Data between time: 06/18/2021 09:12:34 and 06/18/2021 09:16:19&#xD;
Sensor has not sent data for 0 hour 3 minute and 44 seconds long&#xD;
The max time lapse in seconds: 246 &#xD;
Data between time: 06/18/2021 10:01:05 and 06/18/2021 10:04:50&#xD;
Sensor has not sent data for 0 hour 3 minute and 44 seconds long&#xD;
The max time lapse in seconds: 246 &#xD;
Data between time: 06/18/2021 11:20:55 and 06/18/2021 11:25:37&#xD;
Sensor has not sent data for 0 hour 4 minute and 42 seconds long&#xD;
The max time lapse in seconds: 282 &#xD;
Data between time: 06/18/2021 11:25:37 and 06/18/2021 11:28:31&#xD;
Sensor has not sent data for 0 hour 2 minute and 54 seconds long&#xD;
The max time lapse in seconds: 282 &#xD;
Data between time: 06/18/2021 11:31:39 and 06/18/2021 11:35:14&#xD;
Sensor has not sent data for 0 hour 3 minute and 35 seconds long&#xD;
The max time lapse in seconds: 282 &#xD;
Data between time: 06/18/2021 11:40:14 and 06/18/2021 11:43:35&#xD;
Sensor has not sent data for 0 hour 3 minute and 21 seconds long&#xD;
The max time lapse in seconds: 282 &#xD;
Data between time: 06/18/2021 12:35:05 and 06/18/2021 12:38:34&#xD;
Sensor has not sent data for 0 hour 3 minute and 29 seconds long&#xD;
The max time lapse in seconds: 282 &#xD;
Data between time: 06/18/2021 12:46:43 and 06/18/2021 12:48:50&#xD;
Sensor has not sent data for 0 hour 2 minute and 6 seconds long&#xD;
The max time lapse in seconds: 282 &#xD;
Data between time: 06/18/2021 13:09:43 and 06/18/2021 13:13:36&#xD;
Sensor has not sent data for 0 hour 3 minute and 53 seconds long&#xD;
The max time lapse in seconds: 282 &#xD;
Data between time: 06/18/2021 14:46:36 and 06/18/2021 14:50:24&#xD;
Sensor has not sent data for 0 hour 3 minute and 47 seconds long&#xD;
The max time lapse in seconds: 282 &#xD;
Data between time: 06/18/2021 15:10:11 and 06/18/2021 15:15:18&#xD;
Sensor has not sent data for 0 hour 5 minute and 7 seconds long&#xD;
The max time lapse in seconds: 307 &#xD;
Data between time: 06/18/2021 15:25:20 and 06/18/2021 15:28:48&#xD;
Sensor has not sent data for 0 hour 3 minute and 28 seconds long&#xD;
The max time lapse in seconds: 307 &#xD;
Data between time: 06/18/2021 18:51:29 and 06/18/2021 18:55:36&#xD;
Sensor has not sent data for 0 hour 4 minute and 7 seconds long&#xD;
The max time lapse in seconds: 307 &#xD;
Data between time: 06/18/2021 19:07:03 and 06/18/2021 19:10:42&#xD;
Sensor has not sent data for 0 hour 3 minute and 38 seconds long&#xD;
The max time lapse in seconds: 307 &#xD;
Data between time: 06/18/2021 20:31:32 and 06/18/2021 20:34:53&#xD;
Sensor has not sent data for 0 hour 3 minute and 20 seconds long&#xD;
The max time lapse in seconds: 307 &#xD;
Data between time: 06/18/2021 20:54:55 and 06/18/2021 20:58:20&#xD;
Sensor has not sent data for 0 hour 3 minute and 24 seconds long&#xD;
The max time lapse in seconds: 307 &#xD;
Data between time: 06/18/2021 21:09:57 and 06/18/2021 21:13:58&#xD;
Sensor has not sent data for 0 hour 4 minute and 0 seconds long&#xD;
The max time lapse in seconds: 307 &#xD;
Data between time: 06/18/2021 23:21:53 and 06/18/2021 23:30:59&#xD;
Sensor has not sent data for 0 hour 9 minute and 5 seconds long&#xD;
The max time lapse in seconds: 545 &#xD;
Data between time: 06/18/2021 23:30:59 and 06/18/2021 23:33:25&#xD;
Sensor has not sent data for 0 hour 2 minute and 25 seconds long&#xD;
The max time lapse in seconds: 545 &#xD;
&#xD;
Failed : Discrepency in time stamp in Vibration&#xD;
&#xD;
Time Span Difference data for date : 2021-06-18 for Sensor Tag: 24EDFD0000C2 for dataType: Vibration&#xD;
Package Count Z axis: 834&#xD;
Data between time: 06/18/2021 01:05:13 and 06/18/2021 01:09:17&#xD;
Sensor has not sent data for 0 hour 4 minute and 4 seconds long&#xD;
The max time lapse in seconds: 244 &#xD;
Data between time: 06/18/2021 02:42:16 and 06/18/2021 02:46:05&#xD;
Sensor has not sent data for 0 hour 3 minute and 48 seconds long&#xD;
The max time lapse in seconds: 244 &#xD;
Data between time: 06/18/2021 02:52:35 and 06/18/2021 02:54:41&#xD;
Sensor has not sent data for 0 hour 2 minute and 5 seconds long&#xD;
The max time lapse in seconds: 244 &#xD;
Data between time: 06/18/2021 03:11:00 and 06/18/2021 03:14:25&#xD;
Sensor has not sent data for 0 hour 3 minute and 25 seconds long&#xD;
The max time lapse in seconds: 244 &#xD;
Data between time: 06/18/2021 03:35:48 and 06/18/2021 03:39:23&#xD;
Sensor has not sent data for 0 hour 3 minute and 35 seconds long&#xD;
The max time lapse in seconds: 244 &#xD;
Data between time: 06/18/2021 04:49:00 and 06/18/2021 04:52:25&#xD;
Sensor has not sent data for 0 hour 3 minute and 24 seconds long&#xD;
The max time lapse in seconds: 244 &#xD;
Data between time: 06/18/2021 06:50:28 and 06/18/2021 06:53:52&#xD;
Sensor has not sent data for 0 hour 3 minute and 24 seconds long&#xD;
The max time lapse in seconds: 244 &#xD;
Data between time: 06/18/2021 07:10:29 and 06/18/2021 07:14:35&#xD;
Sensor has not sent data for 0 hour 4 minute and 6 seconds long&#xD;
The max time lapse in seconds: 246 &#xD;
Data between time: 06/18/2021 09:12:34 and 06/18/2021 09:16:19&#xD;
Sensor has not sent data for 0 hour 3 minute and 44 seconds long&#xD;
The max time lapse in seconds: 246 &#xD;
Data between time: 06/18/2021 10:01:05 and 06/18/2021 10:04:50&#xD;
Sensor has not sent data for 0 hour 3 minute and 44 seconds long&#xD;
The max time lapse in seconds: 246 &#xD;
Data between time: 06/18/2021 11:20:55 and 06/18/2021 11:25:37&#xD;
Sensor has not sent data for 0 hour 4 minute and 42 seconds long&#xD;
The max time lapse in seconds: 282 &#xD;
Data between time: 06/18/2021 11:25:37 and 06/18/2021 11:28:31&#xD;
Sensor has not sent data for 0 hour 2 minute and 54 seconds long&#xD;
The max time lapse in seconds: 282 &#xD;
Data between time: 06/18/2021 11:31:39 and 06/18/2021 11:35:14&#xD;
Sensor has not sent data for 0 hour 3 minute and 35 seconds long&#xD;
The max time lapse in seconds: 282 &#xD;
Data between time: 06/18/2021 11:40:14 and 06/18/2021 11:43:35&#xD;
Sensor has not sent data for 0 hour 3 minute and 21 seconds long&#xD;
The max time lapse in seconds: 282 &#xD;
Data between time: 06/18/2021 12:35:05 and 06/18/2021 12:38:34&#xD;
Sensor has not sent data for 0 hour 3 minute and 29 seconds long&#xD;
The max time lapse in seconds: 282 &#xD;
Data between time: 06/18/2021 12:46:43 and 06/18/2021 12:48:50&#xD;
Sensor has not sent data for 0 hour 2 minute and 6 seconds long&#xD;
The max time lapse in seconds: 282 &#xD;
Data between time: 06/18/2021 13:09:43 and 06/18/2021 13:13:36&#xD;
Sensor has not sent data for 0 hour 3 minute and 53 seconds long&#xD;
The max time lapse in seconds: 282 &#xD;
Data between time: 06/18/2021 14:46:36 and 06/18/2021 14:50:24&#xD;
Sensor has not sent data for 0 hour 3 minute and 47 seconds long&#xD;
The max time lapse in seconds: 282 &#xD;
Data between time: 06/18/2021 15:10:11 and 06/18/2021 15:15:18&#xD;
Sensor has not sent data for 0 hour 5 minute and 7 seconds long&#xD;
The max time lapse in seconds: 307 &#xD;
Data between time: 06/18/2021 15:25:20 and 06/18/2021 15:28:48&#xD;
Sensor has not sent data for 0 hour 3 minute and 28 seconds long&#xD;
The max time lapse in seconds: 307 &#xD;
Data between time: 06/18/2021 18:51:29 and 06/18/2021 18:55:36&#xD;
Sensor has not sent data for 0 hour 4 minute and 7 seconds long&#xD;
The max time lapse in seconds: 307 &#xD;
Data between time: 06/18/2021 19:07:03 and 06/18/2021 19:10:42&#xD;
Sensor has not sent data for 0 hour 3 minute and 38 seconds long&#xD;
The max time lapse in seconds: 307 &#xD;
Data between time: 06/18/2021 20:31:32 and 06/18/2021 20:34:53&#xD;
Sensor has not sent data for 0 hour 3 minute and 20 seconds long&#xD;
The max time lapse in seconds: 307 &#xD;
Data between time: 06/18/2021 20:54:55 and 06/18/2021 20:58:20&#xD;
Sensor has not sent data for 0 hour 3 minute and 24 seconds long&#xD;
The max time lapse in seconds: 307 &#xD;
Data between time: 06/18/2021 21:09:57 and 06/18/2021 21:13:58&#xD;
Sensor has not sent data for 0 hour 4 minute and 0 seconds long&#xD;
The max time lapse in seconds: 307 &#xD;
Data between time: 06/18/2021 23:21:53 and 06/18/2021 23:30:59&#xD;
Sensor has not sent data for 0 hour 9 minute and 5 seconds long&#xD;
The max time lapse in seconds: 545 &#xD;
Data between time: 06/18/2021 23:30:59 and 06/18/2021 23:33:25&#xD;
Sensor has not sent data for 0 hour 2 minute and 25 seconds long&#xD;
The max time lapse in seconds: 545 &#xD;
&#xD;
Failed : Discrepency in time stamp in Vibration</StdOut>
            <ErrorInfo>
              <Message>Assert.IsTrue failed. Failed in getting data for date 6/18/2021 12:00:00 AM</Message>
              <StackTrace>   at SCM_TF.Database.Te_Database.GetObjectDataTimeSpanDiff()&#xD;
</StackTrace>
            </ErrorInfo>
          </Output>
        </UnitTestResult>
      </InnerResults>
    </UnitTestResult>
    <UnitTestResult executionId="5ec29bfd-d492-4431-8a45-6348b92bea9c" testId="c0c9e07e-0a83-e76a-095e-bbf8168ec560" testName="GetStatisticalData" computerName="MD3H3FMC" duration="00:00:34.3250146" startTime="2021-09-17T11:27:46.0372889+05:30" endTime="2021-09-17T11:28:20.3628942+05:30" testType="13cdc9d9-ddb5-4fa4-a97d-d965ccfc6d4b" outcome="Passed" testListId="8c84fa94-04c1-424b-9868-57a2d4851a1d" relativeResultsDirectory="5ec29bfd-d492-4431-8a45-6348b92bea9c" resultType="DataDrivenTest">
      <InnerResults>
        <UnitTestResult executionId="35cc5ee2-c2ba-456c-8c8b-03e828f3ad49" parentExecutionId="5ec29bfd-d492-4431-8a45-6348b92bea9c" testId="c0c9e07e-0a83-e76a-095e-bbf8168ec560" testName="GetStatisticalData (Data Row 0)" computerName="MD3H3FMC" duration="00:00:17.9273197" startTime="2021-09-17T11:27:46.0372889+05:30" endTime="2021-09-17T11:28:20.3628942+05:30" testType="13cdc9d9-ddb5-4fa4-a97d-d965ccfc6d4b" outcome="Passed" testListId="8c84fa94-04c1-424b-9868-57a2d4851a1d" relativeResultsDirectory="35cc5ee2-c2ba-456c-8c8b-03e828f3ad49" dataRowInfo="1" resultType="DataDrivenDataRow">
          <Output>
            <StdOut>Statistical data for sensor:24EDFD0000C2&#xD;
Package Count for Temperature: 832 for dated: 06/18/2021&#xD;
Minimum Temperature : 23.97°C on dated 06/18/2021 14:33:09&#xD;
Maximum temperature : 25.7°C on dated 06/18/2021 17:10:06&#xD;
Average temperature : 24.9°C for 832 temperature values for dated 06/18/2021&#xD;
Package Count for Signal :835 for dated 06/18/2021&#xD;
Minimum Signal strength : -76db on dated 06/18/2021 07:07:09&#xD;
Maximum Signal strength : -49db on dated 06/18/2021 07:53:06&#xD;
Average Signal strength : -54.91db for 835 signal strength values for dated 06/18/2021&#xD;
Package Count for Axis: X is 834 for dated 06/18/2021&#xD;
Package Count for Axis: Y is 834 for dated 06/18/2021&#xD;
Package Count for Axis: Z is 834 for dated 06/18/2021&#xD;
Axis: X Minimum vibration : 1986 on dated 06/18/2021 13:43:17&#xD;
Axis: Y Minimum vibration : -70 on dated 06/18/2021 07:56:00&#xD;
Axis: Z Minimum vibration : -17 on dated 06/18/2021 07:54:21&#xD;
Axis: X Maximum vibration : 2062 on dated 06/18/2021 23:58:35&#xD;
Axis: Y Maximum vibration : 29 on dated 06/18/2021 23:58:35&#xD;
Axis: Z Maximum vibration : 97 on dated 06/18/2021 23:58:35&#xD;
Axis: X Average vibration : 2033 for dated 06/18/2021&#xD;
Axis: Y Average vibration : 0 for dated 06/18/2021&#xD;
Axis: Z Average vibration : 57 for dated 06/18/2021&#xD;
&#xD;
Percentage Vibration: 86.98&#xD;
---Verifying the Vibration Axis wise---&#xD;
Package Count X axis: 834&#xD;
Package Count Y axis: 834&#xD;
Package Count Z axis: 834&#xD;
Passed: No difference in date time stamp!</StdOut>
          </Output>
        </UnitTestResult>
        <UnitTestResult executionId="7c38a109-5e84-407f-a4d1-8672b49408c4" parentExecutionId="5ec29bfd-d492-4431-8a45-6348b92bea9c" testId="c0c9e07e-0a83-e76a-095e-bbf8168ec560" testName="GetStatisticalData (Data Row 1)" computerName="MD3H3FMC" duration="00:00:16.2168110" startTime="2021-09-17T11:27:46.0372889+05:30" endTime="2021-09-17T11:28:20.3628942+05:30" testType="13cdc9d9-ddb5-4fa4-a97d-d965ccfc6d4b" outcome="Passed" testListId="8c84fa94-04c1-424b-9868-57a2d4851a1d" relativeResultsDirectory="7c38a109-5e84-407f-a4d1-8672b49408c4" dataRowInfo="2" resultType="DataDrivenDataRow">
          <Output>
            <StdOut>Statistical data for sensor:24EDFD0000C2&#xD;
Package Count for Temperature: 832 for dated: 06/18/2021&#xD;
Minimum Temperature : 23.97°C on dated 06/18/2021 14:33:09&#xD;
Maximum temperature : 25.7°C on dated 06/18/2021 17:10:06&#xD;
Average temperature : 24.9°C for 832 temperature values for dated 06/18/2021&#xD;
Package Count for Signal :835 for dated 06/18/2021&#xD;
Minimum Signal strength : -76db on dated 06/18/2021 07:07:09&#xD;
Maximum Signal strength : -49db on dated 06/18/2021 07:53:06&#xD;
Average Signal strength : -54.91db for 835 signal strength values for dated 06/18/2021&#xD;
Package Count for Axis: X is 834 for dated 06/18/2021&#xD;
Package Count for Axis: Y is 834 for dated 06/18/2021&#xD;
Package Count for Axis: Z is 834 for dated 06/18/2021&#xD;
Axis: X Minimum vibration : 1986 on dated 06/18/2021 13:43:17&#xD;
Axis: Y Minimum vibration : -70 on dated 06/18/2021 07:56:00&#xD;
Axis: Z Minimum vibration : -17 on dated 06/18/2021 07:54:21&#xD;
Axis: X Maximum vibration : 2062 on dated 06/18/2021 23:58:35&#xD;
Axis: Y Maximum vibration : 29 on dated 06/18/2021 23:58:35&#xD;
Axis: Z Maximum vibration : 97 on dated 06/18/2021 23:58:35&#xD;
Axis: X Average vibration : 2033 for dated 06/18/2021&#xD;
Axis: Y Average vibration : 0 for dated 06/18/2021&#xD;
Axis: Z Average vibration : 57 for dated 06/18/2021&#xD;
&#xD;
Percentage Vibration: 86.98&#xD;
---Verifying the Vibration Axis wise---&#xD;
Package Count X axis: 834&#xD;
Package Count Y axis: 834&#xD;
Package Count Z axis: 834&#xD;
Passed: No difference in date time stamp!</StdOut>
          </Output>
        </UnitTestResult>
      </InnerResults>
    </UnitTestResult>
  </Results>
  <TestDefinitions>
    <UnitTest name="GetStatisticalData" storage="c:\users\z0049mne\source\repos\ms_test\scm_tf\scm_tf\references\scm_tf.dll" id="c0c9e07e-0a83-e76a-095e-bbf8168ec560">
      <TestCategory>
        <TestCategoryItem TestCategory="Database" />
        <TestCategoryItem TestCategory="Database01" />
      </TestCategory>
      <Execution id="5ec29bfd-d492-4431-8a45-6348b92bea9c" />
      <TestMethod codeBase="C:\Users\z0049mne\Source\Repos\ms_test\SCM_TF\SCM_TF\References\SCM_TF.dll" adapterTypeName="executor://mstestadapter/v2" className="SCM_TF.Database.Te_Database" name="GetStatisticalData" />
    </UnitTest>
    <UnitTest name="GetObjectDataTimeSpanDiff" storage="c:\users\z0049mne\source\repos\ms_test\scm_tf\scm_tf\references\scm_tf.dll" id="fb3f85a5-ce4f-d64e-0c87-72a2e1e97d24">
      <TestCategory>
        <TestCategoryItem TestCategory="Database" />
        <TestCategoryItem TestCategory="Database01" />
      </TestCategory>
      <Execution id="186c3c9b-b41c-4934-be67-32b0c24e636a" />
      <TestMethod codeBase="C:\Users\z0049mne\Source\Repos\ms_test\SCM_TF\SCM_TF\References\SCM_TF.dll" adapterTypeName="executor://mstestadapter/v2" className="SCM_TF.Database.Te_Database" name="GetObjectDataTimeSpanDiff" />
    </UnitTest>
  </TestDefinitions>
  <TestEntries>
    <TestEntry testId="fb3f85a5-ce4f-d64e-0c87-72a2e1e97d24" executionId="186c3c9b-b41c-4934-be67-32b0c24e636a" testListId="8c84fa94-04c1-424b-9868-57a2d4851a1d" />
    <TestEntry testId="c0c9e07e-0a83-e76a-095e-bbf8168ec560" executionId="5ec29bfd-d492-4431-8a45-6348b92bea9c" testListId="8c84fa94-04c1-424b-9868-57a2d4851a1d" />
  </TestEntries>
  <TestLists>
    <TestList name="Results Not in a List" id="8c84fa94-04c1-424b-9868-57a2d4851a1d" />
    <TestList name="All Loaded Results" id="19431567-8539-422a-85d7-44ee4e166bda" />
  </TestLists>
  <ResultSummary outcome="Failed">
    <Counters total="6" executed="6" passed="3" failed="3" error="0" timeout="0" aborted="0" inconclusive="0" passedButRunAborted="0" notRunnable="0" notExecuted="0" disconnected="0" warning="0" completed="0" inProgress="0" pending="0" />
  </ResultSummary>
</TestRun>