<?xml version="1.0" encoding="utf-8"?>
<TestRun id="dd810622-d20c-49db-8d7f-57e43109b84c" name="z0049mne@MD3H3FMC 2021-08-26 12:29:27" runUser="AD001\z0049mne" xmlns="http://microsoft.com/schemas/VisualStudio/TeamTest/2010">
  <Times creation="2021-08-26T12:29:27.0630579+05:30" queuing="2021-08-26T12:29:27.0630579+05:30" start="2021-08-26T12:29:22.6688311+05:30" finish="2021-08-26T12:29:27.2390571+05:30" />
  <TestSettings name="default" id="aa696a43-c2c3-4b2d-9334-a9d3ead881f1">
    <Deployment runDeploymentRoot="z0049mne_MD3H3FMC_2021-08-26_12_29_27" />
  </TestSettings>
  <Results>
    <UnitTestResult executionId="3a761bd9-df41-4d5e-8ca0-a8d99095a4ad" testId="fb3f85a5-ce4f-d64e-0c87-72a2e1e97d24" testName="GetObjectDataTimeSpanDiff" computerName="MD3H3FMC" duration="00:00:01.7817197" startTime="2021-08-26T12:29:22.7623592+05:30" endTime="2021-08-26T12:29:27.0440568+05:30" testType="13cdc9d9-ddb5-4fa4-a97d-d965ccfc6d4b" outcome="Failed" testListId="8c84fa94-04c1-424b-9868-57a2d4851a1d" relativeResultsDirectory="3a761bd9-df41-4d5e-8ca0-a8d99095a4ad" resultType="DataDrivenTest">
      <InnerResults>
        <UnitTestResult executionId="643b6470-2a7a-47ab-a2be-9a72d839278f" parentExecutionId="3a761bd9-df41-4d5e-8ca0-a8d99095a4ad" testId="fb3f85a5-ce4f-d64e-0c87-72a2e1e97d24" testName="GetObjectDataTimeSpanDiff (Data Row 0)" computerName="MD3H3FMC" duration="00:00:00.1693583" startTime="2021-08-26T12:29:22.7623592+05:30" endTime="2021-08-26T12:29:27.0440568+05:30" testType="13cdc9d9-ddb5-4fa4-a97d-d965ccfc6d4b" outcome="Failed" testListId="8c84fa94-04c1-424b-9868-57a2d4851a1d" relativeResultsDirectory="643b6470-2a7a-47ab-a2be-9a72d839278f" dataRowInfo="1" resultType="DataDrivenDataRow">
          <Output>
            <StdOut>Time Span Difference data for date : 2023-06-18 for Sensor Tag: 24EDFD0000C2 for dataType: Signal Strength&#xD;
Error: End date cannot be future date!&#xD;
Error: Start date cannot be future date!&#xD;
Issue while fetching data of Signal!</StdOut>
            <ErrorInfo>
              <Message>Assert.IsTrue failed. Issue while fetching data for date 6/18/2023 12:00:00 AM</Message>
              <StackTrace>   at SCM_TF.Database.Te_Database.GetObjectDataTimeSpanDiff()&#xD;
</StackTrace>
            </ErrorInfo>
          </Output>
        </UnitTestResult>
        <UnitTestResult executionId="b5f6bba0-81dd-49e6-a93c-c9a7d8df0966" parentExecutionId="3a761bd9-df41-4d5e-8ca0-a8d99095a4ad" testId="fb3f85a5-ce4f-d64e-0c87-72a2e1e97d24" testName="GetObjectDataTimeSpanDiff (Data Row 1)" computerName="MD3H3FMC" duration="00:00:00.0014459" startTime="2021-08-26T12:29:22.7623592+05:30" endTime="2021-08-26T12:29:27.0440568+05:30" testType="13cdc9d9-ddb5-4fa4-a97d-d965ccfc6d4b" outcome="Failed" testListId="8c84fa94-04c1-424b-9868-57a2d4851a1d" relativeResultsDirectory="b5f6bba0-81dd-49e6-a93c-c9a7d8df0966" dataRowInfo="2" resultType="DataDrivenDataRow">
          <Output>
            <StdOut>Time Span Difference data for date : 2023-06-18 for Sensor Tag: 24EDFD0000C2 for dataType: Signal Strength&#xD;
Error: End date cannot be future date!&#xD;
Error: Start date cannot be future date!&#xD;
Issue while fetching data of Signal!</StdOut>
            <ErrorInfo>
              <Message>Assert.IsTrue failed. Issue while fetching data for date 6/18/2023 12:00:00 AM</Message>
              <StackTrace>   at SCM_TF.Database.Te_Database.GetObjectDataTimeSpanDiff()&#xD;
</StackTrace>
            </ErrorInfo>
          </Output>
        </UnitTestResult>
        <UnitTestResult executionId="2e7f3684-d651-4815-ab90-7dfa48344a03" parentExecutionId="3a761bd9-df41-4d5e-8ca0-a8d99095a4ad" testId="fb3f85a5-ce4f-d64e-0c87-72a2e1e97d24" testName="GetObjectDataTimeSpanDiff (Data Row 2)" computerName="MD3H3FMC" duration="00:00:00.0012122" startTime="2021-08-26T12:29:22.7623592+05:30" endTime="2021-08-26T12:29:27.0440568+05:30" testType="13cdc9d9-ddb5-4fa4-a97d-d965ccfc6d4b" outcome="Failed" testListId="8c84fa94-04c1-424b-9868-57a2d4851a1d" relativeResultsDirectory="2e7f3684-d651-4815-ab90-7dfa48344a03" dataRowInfo="3" resultType="DataDrivenDataRow">
          <Output>
            <StdOut>Time Span Difference data for date : 2023-06-18 for Sensor Tag: 24EDFD0000C2 for dataType: Signal Strength&#xD;
Error: End date cannot be future date!&#xD;
Error: Start date cannot be future date!&#xD;
Issue while fetching data of Signal!</StdOut>
            <ErrorInfo>
              <Message>Assert.IsTrue failed. Issue while fetching data for date 6/18/2023 12:00:00 AM</Message>
              <StackTrace>   at SCM_TF.Database.Te_Database.GetObjectDataTimeSpanDiff()&#xD;
</StackTrace>
            </ErrorInfo>
          </Output>
        </UnitTestResult>
        <UnitTestResult executionId="3ea7a2a0-c043-41aa-8ad8-d9eb7acaae22" parentExecutionId="3a761bd9-df41-4d5e-8ca0-a8d99095a4ad" testId="fb3f85a5-ce4f-d64e-0c87-72a2e1e97d24" testName="GetObjectDataTimeSpanDiff (Data Row 3)" computerName="MD3H3FMC" duration="00:00:00.0012035" startTime="2021-08-26T12:29:22.7623592+05:30" endTime="2021-08-26T12:29:27.0440568+05:30" testType="13cdc9d9-ddb5-4fa4-a97d-d965ccfc6d4b" outcome="Failed" testListId="8c84fa94-04c1-424b-9868-57a2d4851a1d" relativeResultsDirectory="3ea7a2a0-c043-41aa-8ad8-d9eb7acaae22" dataRowInfo="4" resultType="DataDrivenDataRow">
          <Output>
            <StdOut>Time Span Difference data for date : 2023-06-18 for Sensor Tag: 24EDFD0000C2 for dataType: Signal Strength&#xD;
Error: End date cannot be future date!&#xD;
Error: Start date cannot be future date!&#xD;
Issue while fetching data of Signal!</StdOut>
            <ErrorInfo>
              <Message>Assert.IsTrue failed. Issue while fetching data for date 6/18/2023 12:00:00 AM</Message>
              <StackTrace>   at SCM_TF.Database.Te_Database.GetObjectDataTimeSpanDiff()&#xD;
</StackTrace>
            </ErrorInfo>
          </Output>
        </UnitTestResult>
        <UnitTestResult executionId="1bcada15-1db1-4206-b7ee-17daa9ef46ad" parentExecutionId="3a761bd9-df41-4d5e-8ca0-a8d99095a4ad" testId="fb3f85a5-ce4f-d64e-0c87-72a2e1e97d24" testName="GetObjectDataTimeSpanDiff (Data Row 4)" computerName="MD3H3FMC" duration="00:00:00.0013176" startTime="2021-08-26T12:29:22.7623592+05:30" endTime="2021-08-26T12:29:27.0440568+05:30" testType="13cdc9d9-ddb5-4fa4-a97d-d965ccfc6d4b" outcome="Failed" testListId="8c84fa94-04c1-424b-9868-57a2d4851a1d" relativeResultsDirectory="1bcada15-1db1-4206-b7ee-17daa9ef46ad" dataRowInfo="5" resultType="DataDrivenDataRow">
          <Output>
            <StdOut>Time Span Difference data for date : 2023-06-18 for Sensor Tag: 24EDFD0000C2 for dataType: Signal Strength&#xD;
Error: End date cannot be future date!&#xD;
Error: Start date cannot be future date!&#xD;
Issue while fetching data of Signal!</StdOut>
            <ErrorInfo>
              <Message>Assert.IsTrue failed. Issue while fetching data for date 6/18/2023 12:00:00 AM</Message>
              <StackTrace>   at SCM_TF.Database.Te_Database.GetObjectDataTimeSpanDiff()&#xD;
</StackTrace>
            </ErrorInfo>
          </Output>
        </UnitTestResult>
        <UnitTestResult executionId="3f35b005-912f-4e91-80d0-0963c08f77e3" parentExecutionId="3a761bd9-df41-4d5e-8ca0-a8d99095a4ad" testId="fb3f85a5-ce4f-d64e-0c87-72a2e1e97d24" testName="GetObjectDataTimeSpanDiff (Data Row 5)" computerName="MD3H3FMC" duration="00:00:00.0012954" startTime="2021-08-26T12:29:22.7623592+05:30" endTime="2021-08-26T12:29:27.0440568+05:30" testType="13cdc9d9-ddb5-4fa4-a97d-d965ccfc6d4b" outcome="Failed" testListId="8c84fa94-04c1-424b-9868-57a2d4851a1d" relativeResultsDirectory="3f35b005-912f-4e91-80d0-0963c08f77e3" dataRowInfo="6" resultType="DataDrivenDataRow">
          <Output>
            <StdOut>Time Span Difference data for date : 2023-06-18 for Sensor Tag: 24EDFD0000C2 for dataType: Signal Strength&#xD;
Error: End date cannot be future date!&#xD;
Error: Start date cannot be future date!&#xD;
Issue while fetching data of Signal!</StdOut>
            <ErrorInfo>
              <Message>Assert.IsTrue failed. Issue while fetching data for date 6/18/2023 12:00:00 AM</Message>
              <StackTrace>   at SCM_TF.Database.Te_Database.GetObjectDataTimeSpanDiff()&#xD;
</StackTrace>
            </ErrorInfo>
          </Output>
        </UnitTestResult>
        <UnitTestResult executionId="58804bef-285e-46f1-8652-8f24d5f08013" parentExecutionId="3a761bd9-df41-4d5e-8ca0-a8d99095a4ad" testId="fb3f85a5-ce4f-d64e-0c87-72a2e1e97d24" testName="GetObjectDataTimeSpanDiff (Data Row 6)" computerName="MD3H3FMC" duration="00:00:00.0012109" startTime="2021-08-26T12:29:22.7623592+05:30" endTime="2021-08-26T12:29:27.0440568+05:30" testType="13cdc9d9-ddb5-4fa4-a97d-d965ccfc6d4b" outcome="Failed" testListId="8c84fa94-04c1-424b-9868-57a2d4851a1d" relativeResultsDirectory="58804bef-285e-46f1-8652-8f24d5f08013" dataRowInfo="7" resultType="DataDrivenDataRow">
          <Output>
            <StdOut>Time Span Difference data for date : 2023-06-18 for Sensor Tag: 24EDFD0000C2 for dataType: Signal Strength&#xD;
Error: End date cannot be future date!&#xD;
Error: Start date cannot be future date!&#xD;
Issue while fetching data of Signal!</StdOut>
            <ErrorInfo>
              <Message>Assert.IsTrue failed. Issue while fetching data for date 6/18/2023 12:00:00 AM</Message>
              <StackTrace>   at SCM_TF.Database.Te_Database.GetObjectDataTimeSpanDiff()&#xD;
</StackTrace>
            </ErrorInfo>
          </Output>
        </UnitTestResult>
        <UnitTestResult executionId="a58ad129-2f82-46e2-bbf6-f87d4e56c2d7" parentExecutionId="3a761bd9-df41-4d5e-8ca0-a8d99095a4ad" testId="fb3f85a5-ce4f-d64e-0c87-72a2e1e97d24" testName="GetObjectDataTimeSpanDiff (Data Row 7)" computerName="MD3H3FMC" duration="00:00:00.0011043" startTime="2021-08-26T12:29:22.7623592+05:30" endTime="2021-08-26T12:29:27.0440568+05:30" testType="13cdc9d9-ddb5-4fa4-a97d-d965ccfc6d4b" outcome="Failed" testListId="8c84fa94-04c1-424b-9868-57a2d4851a1d" relativeResultsDirectory="a58ad129-2f82-46e2-bbf6-f87d4e56c2d7" dataRowInfo="8" resultType="DataDrivenDataRow">
          <Output>
            <StdOut>Time Span Difference data for date : 2023-06-18 for Sensor Tag: 24EDFD0000C2 for dataType: Signal Strength&#xD;
Error: End date cannot be future date!&#xD;
Error: Start date cannot be future date!&#xD;
Issue while fetching data of Signal!</StdOut>
            <ErrorInfo>
              <Message>Assert.IsTrue failed. Issue while fetching data for date 6/18/2023 12:00:00 AM</Message>
              <StackTrace>   at SCM_TF.Database.Te_Database.GetObjectDataTimeSpanDiff()&#xD;
</StackTrace>
            </ErrorInfo>
          </Output>
        </UnitTestResult>
        <UnitTestResult executionId="65fe9391-ca09-45d1-90ac-a972106a1dc6" parentExecutionId="3a761bd9-df41-4d5e-8ca0-a8d99095a4ad" testId="fb3f85a5-ce4f-d64e-0c87-72a2e1e97d24" testName="GetObjectDataTimeSpanDiff (Data Row 8)" computerName="MD3H3FMC" duration="00:00:00.0011639" startTime="2021-08-26T12:29:22.7623592+05:30" endTime="2021-08-26T12:29:27.0440568+05:30" testType="13cdc9d9-ddb5-4fa4-a97d-d965ccfc6d4b" outcome="Failed" testListId="8c84fa94-04c1-424b-9868-57a2d4851a1d" relativeResultsDirectory="65fe9391-ca09-45d1-90ac-a972106a1dc6" dataRowInfo="9" resultType="DataDrivenDataRow">
          <Output>
            <StdOut>Time Span Difference data for date : 2023-06-18 for Sensor Tag: 24EDFD0000C2 for dataType: Signal Strength&#xD;
Error: End date cannot be future date!&#xD;
Error: Start date cannot be future date!&#xD;
Issue while fetching data of Signal!</StdOut>
            <ErrorInfo>
              <Message>Assert.IsTrue failed. Issue while fetching data for date 6/18/2023 12:00:00 AM</Message>
              <StackTrace>   at SCM_TF.Database.Te_Database.GetObjectDataTimeSpanDiff()&#xD;
</StackTrace>
            </ErrorInfo>
          </Output>
        </UnitTestResult>
        <UnitTestResult executionId="2fa4f130-8130-434c-a7f7-fb57ffa5ca24" parentExecutionId="3a761bd9-df41-4d5e-8ca0-a8d99095a4ad" testId="fb3f85a5-ce4f-d64e-0c87-72a2e1e97d24" testName="GetObjectDataTimeSpanDiff (Data Row 9)" computerName="MD3H3FMC" duration="00:00:00.0011385" startTime="2021-08-26T12:29:22.7623592+05:30" endTime="2021-08-26T12:29:27.0440568+05:30" testType="13cdc9d9-ddb5-4fa4-a97d-d965ccfc6d4b" outcome="Failed" testListId="8c84fa94-04c1-424b-9868-57a2d4851a1d" relativeResultsDirectory="2fa4f130-8130-434c-a7f7-fb57ffa5ca24" dataRowInfo="10" resultType="DataDrivenDataRow">
          <Output>
            <StdOut>Time Span Difference data for date : 2023-06-18 for Sensor Tag: 24EDFD0000C2 for dataType: Signal Strength&#xD;
Error: End date cannot be future date!&#xD;
Error: Start date cannot be future date!&#xD;
Issue while fetching data of Signal!</StdOut>
            <ErrorInfo>
              <Message>Assert.IsTrue failed. Issue while fetching data for date 6/18/2023 12:00:00 AM</Message>
              <StackTrace>   at SCM_TF.Database.Te_Database.GetObjectDataTimeSpanDiff()&#xD;
</StackTrace>
            </ErrorInfo>
          </Output>
        </UnitTestResult>
        <UnitTestResult executionId="923410ba-bdee-45fb-b9c8-4768dde022df" parentExecutionId="3a761bd9-df41-4d5e-8ca0-a8d99095a4ad" testId="fb3f85a5-ce4f-d64e-0c87-72a2e1e97d24" testName="GetObjectDataTimeSpanDiff (Data Row 10)" computerName="MD3H3FMC" duration="00:00:00.0011235" startTime="2021-08-26T12:29:22.7623592+05:30" endTime="2021-08-26T12:29:27.0440568+05:30" testType="13cdc9d9-ddb5-4fa4-a97d-d965ccfc6d4b" outcome="Failed" testListId="8c84fa94-04c1-424b-9868-57a2d4851a1d" relativeResultsDirectory="923410ba-bdee-45fb-b9c8-4768dde022df" dataRowInfo="11" resultType="DataDrivenDataRow">
          <Output>
            <StdOut>Time Span Difference data for date : 2023-06-18 for Sensor Tag: 24EDFD0000C2 for dataType: Signal Strength&#xD;
Error: End date cannot be future date!&#xD;
Error: Start date cannot be future date!&#xD;
Issue while fetching data of Signal!</StdOut>
            <ErrorInfo>
              <Message>Assert.IsTrue failed. Issue while fetching data for date 6/18/2023 12:00:00 AM</Message>
              <StackTrace>   at SCM_TF.Database.Te_Database.GetObjectDataTimeSpanDiff()&#xD;
</StackTrace>
            </ErrorInfo>
          </Output>
        </UnitTestResult>
        <UnitTestResult executionId="3961dfe5-839a-4ef4-b6a8-4554642382eb" parentExecutionId="3a761bd9-df41-4d5e-8ca0-a8d99095a4ad" testId="fb3f85a5-ce4f-d64e-0c87-72a2e1e97d24" testName="GetObjectDataTimeSpanDiff (Data Row 11)" computerName="MD3H3FMC" duration="00:00:00.0012705" startTime="2021-08-26T12:29:22.7623592+05:30" endTime="2021-08-26T12:29:27.0440568+05:30" testType="13cdc9d9-ddb5-4fa4-a97d-d965ccfc6d4b" outcome="Failed" testListId="8c84fa94-04c1-424b-9868-57a2d4851a1d" relativeResultsDirectory="3961dfe5-839a-4ef4-b6a8-4554642382eb" dataRowInfo="12" resultType="DataDrivenDataRow">
          <Output>
            <StdOut>Time Span Difference data for date : 2023-06-18 for Sensor Tag: 24EDFD0000C2 for dataType: Signal Strength&#xD;
Error: End date cannot be future date!&#xD;
Error: Start date cannot be future date!&#xD;
Issue while fetching data of Signal!</StdOut>
            <ErrorInfo>
              <Message>Assert.IsTrue failed. Issue while fetching data for date 6/18/2023 12:00:00 AM</Message>
              <StackTrace>   at SCM_TF.Database.Te_Database.GetObjectDataTimeSpanDiff()&#xD;
</StackTrace>
            </ErrorInfo>
          </Output>
        </UnitTestResult>
        <UnitTestResult executionId="b67085ec-2fff-493b-9461-1511e8e2bd1f" parentExecutionId="3a761bd9-df41-4d5e-8ca0-a8d99095a4ad" testId="fb3f85a5-ce4f-d64e-0c87-72a2e1e97d24" testName="GetObjectDataTimeSpanDiff (Data Row 12)" computerName="MD3H3FMC" duration="00:00:00.0013562" startTime="2021-08-26T12:29:22.7623592+05:30" endTime="2021-08-26T12:29:27.0440568+05:30" testType="13cdc9d9-ddb5-4fa4-a97d-d965ccfc6d4b" outcome="Failed" testListId="8c84fa94-04c1-424b-9868-57a2d4851a1d" relativeResultsDirectory="b67085ec-2fff-493b-9461-1511e8e2bd1f" dataRowInfo="13" resultType="DataDrivenDataRow">
          <Output>
            <StdOut>Time Span Difference data for date : 2023-06-18 for Sensor Tag: 24EDFD0000C2 for dataType: Signal Strength&#xD;
Error: End date cannot be future date!&#xD;
Error: Start date cannot be future date!&#xD;
Issue while fetching data of Signal!</StdOut>
            <ErrorInfo>
              <Message>Assert.IsTrue failed. Issue while fetching data for date 6/18/2023 12:00:00 AM</Message>
              <StackTrace>   at SCM_TF.Database.Te_Database.GetObjectDataTimeSpanDiff()&#xD;
</StackTrace>
            </ErrorInfo>
          </Output>
        </UnitTestResult>
        <UnitTestResult executionId="993b2689-d0e9-4dfa-9944-037d2ee9febd" parentExecutionId="3a761bd9-df41-4d5e-8ca0-a8d99095a4ad" testId="fb3f85a5-ce4f-d64e-0c87-72a2e1e97d24" testName="GetObjectDataTimeSpanDiff (Data Row 13)" computerName="MD3H3FMC" duration="00:00:00.0011892" startTime="2021-08-26T12:29:22.7623592+05:30" endTime="2021-08-26T12:29:27.0440568+05:30" testType="13cdc9d9-ddb5-4fa4-a97d-d965ccfc6d4b" outcome="Failed" testListId="8c84fa94-04c1-424b-9868-57a2d4851a1d" relativeResultsDirectory="993b2689-d0e9-4dfa-9944-037d2ee9febd" dataRowInfo="14" resultType="DataDrivenDataRow">
          <Output>
            <StdOut>Time Span Difference data for date : 2023-06-18 for Sensor Tag: 24EDFD0000C2 for dataType: Signal Strength&#xD;
Error: End date cannot be future date!&#xD;
Error: Start date cannot be future date!&#xD;
Issue while fetching data of Signal!</StdOut>
            <ErrorInfo>
              <Message>Assert.IsTrue failed. Issue while fetching data for date 6/18/2023 12:00:00 AM</Message>
              <StackTrace>   at SCM_TF.Database.Te_Database.GetObjectDataTimeSpanDiff()&#xD;
</StackTrace>
            </ErrorInfo>
          </Output>
        </UnitTestResult>
        <UnitTestResult executionId="71da18a3-17e8-4cd7-8c1f-6e443969e23d" parentExecutionId="3a761bd9-df41-4d5e-8ca0-a8d99095a4ad" testId="fb3f85a5-ce4f-d64e-0c87-72a2e1e97d24" testName="GetObjectDataTimeSpanDiff (Data Row 14)" computerName="MD3H3FMC" duration="00:00:00.0012681" startTime="2021-08-26T12:29:22.7623592+05:30" endTime="2021-08-26T12:29:27.0440568+05:30" testType="13cdc9d9-ddb5-4fa4-a97d-d965ccfc6d4b" outcome="Failed" testListId="8c84fa94-04c1-424b-9868-57a2d4851a1d" relativeResultsDirectory="71da18a3-17e8-4cd7-8c1f-6e443969e23d" dataRowInfo="15" resultType="DataDrivenDataRow">
          <Output>
            <StdOut>Time Span Difference data for date : 2023-06-18 for Sensor Tag: 24EDFD0000C2 for dataType: Signal Strength&#xD;
Error: End date cannot be future date!&#xD;
Error: Start date cannot be future date!&#xD;
Issue while fetching data of Signal!</StdOut>
            <ErrorInfo>
              <Message>Assert.IsTrue failed. Issue while fetching data for date 6/18/2023 12:00:00 AM</Message>
              <StackTrace>   at SCM_TF.Database.Te_Database.GetObjectDataTimeSpanDiff()&#xD;
</StackTrace>
            </ErrorInfo>
          </Output>
        </UnitTestResult>
        <UnitTestResult executionId="99bdc8cb-a2b1-4dd6-9e9e-1f323660da08" parentExecutionId="3a761bd9-df41-4d5e-8ca0-a8d99095a4ad" testId="fb3f85a5-ce4f-d64e-0c87-72a2e1e97d24" testName="GetObjectDataTimeSpanDiff (Data Row 15)" computerName="MD3H3FMC" duration="00:00:00.0011490" startTime="2021-08-26T12:29:22.7623592+05:30" endTime="2021-08-26T12:29:27.0440568+05:30" testType="13cdc9d9-ddb5-4fa4-a97d-d965ccfc6d4b" outcome="Failed" testListId="8c84fa94-04c1-424b-9868-57a2d4851a1d" relativeResultsDirectory="99bdc8cb-a2b1-4dd6-9e9e-1f323660da08" dataRowInfo="16" resultType="DataDrivenDataRow">
          <Output>
            <StdOut>Time Span Difference data for date : 2023-06-18 for Sensor Tag: 24EDFD0000C2 for dataType: Signal Strength&#xD;
Error: End date cannot be future date!&#xD;
Error: Start date cannot be future date!&#xD;
Issue while fetching data of Signal!</StdOut>
            <ErrorInfo>
              <Message>Assert.IsTrue failed. Issue while fetching data for date 6/18/2023 12:00:00 AM</Message>
              <StackTrace>   at SCM_TF.Database.Te_Database.GetObjectDataTimeSpanDiff()&#xD;
</StackTrace>
            </ErrorInfo>
          </Output>
        </UnitTestResult>
        <UnitTestResult executionId="53586652-52da-4867-89d7-2dd4289b9fd5" parentExecutionId="3a761bd9-df41-4d5e-8ca0-a8d99095a4ad" testId="fb3f85a5-ce4f-d64e-0c87-72a2e1e97d24" testName="GetObjectDataTimeSpanDiff (Data Row 16)" computerName="MD3H3FMC" duration="00:00:00.0010195" startTime="2021-08-26T12:29:22.7623592+05:30" endTime="2021-08-26T12:29:27.0440568+05:30" testType="13cdc9d9-ddb5-4fa4-a97d-d965ccfc6d4b" outcome="Failed" testListId="8c84fa94-04c1-424b-9868-57a2d4851a1d" relativeResultsDirectory="53586652-52da-4867-89d7-2dd4289b9fd5" dataRowInfo="17" resultType="DataDrivenDataRow">
          <Output>
            <StdOut>Time Span Difference data for date : 2023-06-18 for Sensor Tag: 24EDFD0000C2 for dataType: Signal Strength&#xD;
Error: End date cannot be future date!&#xD;
Error: Start date cannot be future date!&#xD;
Issue while fetching data of Signal!</StdOut>
            <ErrorInfo>
              <Message>Assert.IsTrue failed. Issue while fetching data for date 6/18/2023 12:00:00 AM</Message>
              <StackTrace>   at SCM_TF.Database.Te_Database.GetObjectDataTimeSpanDiff()&#xD;
</StackTrace>
            </ErrorInfo>
          </Output>
        </UnitTestResult>
        <UnitTestResult executionId="19886b65-0b73-4980-a8e8-cd1a1cde9d3a" parentExecutionId="3a761bd9-df41-4d5e-8ca0-a8d99095a4ad" testId="fb3f85a5-ce4f-d64e-0c87-72a2e1e97d24" testName="GetObjectDataTimeSpanDiff (Data Row 17)" computerName="MD3H3FMC" duration="00:00:01.3113131" startTime="2021-08-26T12:29:22.7623592+05:30" endTime="2021-08-26T12:29:27.0440568+05:30" testType="13cdc9d9-ddb5-4fa4-a97d-d965ccfc6d4b" outcome="Failed" testListId="8c84fa94-04c1-424b-9868-57a2d4851a1d" relativeResultsDirectory="19886b65-0b73-4980-a8e8-cd1a1cde9d3a" dataRowInfo="18" resultType="DataDrivenDataRow">
          <Output>
            <StdOut>Time Span Difference data for date : 2021-06-18 for Sensor Tag: 24EDFD0000C2 for dataType: Signal Strength&#xD;
Package Count 835&#xD;
Error: Data between time: 06/18/2021 01:05:13 and 06/18/2021 01:09:17&#xD;
Error: Sensor has not sent data for 0 hour 4 minute and 4 seconds long&#xD;
Error: The max time lapse in seconds: 244 &#xD;
Error: Data between time: 06/18/2021 02:42:16 and 06/18/2021 02:46:05&#xD;
Error: Sensor has not sent data for 0 hour 3 minute and 48 seconds long&#xD;
Error: The max time lapse in seconds: 244 &#xD;
Error: Data between time: 06/18/2021 02:52:35 and 06/18/2021 02:54:41&#xD;
Error: Sensor has not sent data for 0 hour 2 minute and 5 seconds long&#xD;
Error: The max time lapse in seconds: 244 &#xD;
Error: Data between time: 06/18/2021 03:11:00 and 06/18/2021 03:14:25&#xD;
Error: Sensor has not sent data for 0 hour 3 minute and 25 seconds long&#xD;
Error: The max time lapse in seconds: 244 &#xD;
Error: Data between time: 06/18/2021 03:35:48 and 06/18/2021 03:39:23&#xD;
Error: Sensor has not sent data for 0 hour 3 minute and 35 seconds long&#xD;
Error: The max time lapse in seconds: 244 &#xD;
Error: Data between time: 06/18/2021 04:49:00 and 06/18/2021 04:52:25&#xD;
Error: Sensor has not sent data for 0 hour 3 minute and 24 seconds long&#xD;
Error: The max time lapse in seconds: 244 &#xD;
Error: Data between time: 06/18/2021 07:10:29 and 06/18/2021 07:14:35&#xD;
Error: Sensor has not sent data for 0 hour 4 minute and 6 seconds long&#xD;
Error: The max time lapse in seconds: 246 &#xD;
Error: Data between time: 06/18/2021 09:12:34 and 06/18/2021 09:16:19&#xD;
Error: Sensor has not sent data for 0 hour 3 minute and 44 seconds long&#xD;
Error: The max time lapse in seconds: 246 &#xD;
Error: Data between time: 06/18/2021 10:01:05 and 06/18/2021 10:04:50&#xD;
Error: Sensor has not sent data for 0 hour 3 minute and 44 seconds long&#xD;
Error: The max time lapse in seconds: 246 &#xD;
Error: Data between time: 06/18/2021 11:20:55 and 06/18/2021 11:25:37&#xD;
Error: Sensor has not sent data for 0 hour 4 minute and 42 seconds long&#xD;
Error: The max time lapse in seconds: 282 &#xD;
Error: Data between time: 06/18/2021 11:25:37 and 06/18/2021 11:28:31&#xD;
Error: Sensor has not sent data for 0 hour 2 minute and 54 seconds long&#xD;
Error: The max time lapse in seconds: 282 &#xD;
Error: Data between time: 06/18/2021 11:31:39 and 06/18/2021 11:35:14&#xD;
Error: Sensor has not sent data for 0 hour 3 minute and 35 seconds long&#xD;
Error: The max time lapse in seconds: 282 &#xD;
Error: Data between time: 06/18/2021 11:40:14 and 06/18/2021 11:43:35&#xD;
Error: Sensor has not sent data for 0 hour 3 minute and 21 seconds long&#xD;
Error: The max time lapse in seconds: 282 &#xD;
Error: Data between time: 06/18/2021 12:35:05 and 06/18/2021 12:38:34&#xD;
Error: Sensor has not sent data for 0 hour 3 minute and 29 seconds long&#xD;
Error: The max time lapse in seconds: 282 &#xD;
Error: Data between time: 06/18/2021 12:46:43 and 06/18/2021 12:48:50&#xD;
Error: Sensor has not sent data for 0 hour 2 minute and 6 seconds long&#xD;
Error: The max time lapse in seconds: 282 &#xD;
Error: Data between time: 06/18/2021 13:09:43 and 06/18/2021 13:13:36&#xD;
Error: Sensor has not sent data for 0 hour 3 minute and 53 seconds long&#xD;
Error: The max time lapse in seconds: 282 &#xD;
Error: Data between time: 06/18/2021 14:46:36 and 06/18/2021 14:50:24&#xD;
Error: Sensor has not sent data for 0 hour 3 minute and 47 seconds long&#xD;
Error: The max time lapse in seconds: 282 &#xD;
Error: Data between time: 06/18/2021 15:10:11 and 06/18/2021 15:15:18&#xD;
Error: Sensor has not sent data for 0 hour 5 minute and 7 seconds long&#xD;
Error: The max time lapse in seconds: 307 &#xD;
Error: Data between time: 06/18/2021 15:25:20 and 06/18/2021 15:28:48&#xD;
Error: Sensor has not sent data for 0 hour 3 minute and 28 seconds long&#xD;
Error: The max time lapse in seconds: 307 &#xD;
Error: Data between time: 06/18/2021 18:51:29 and 06/18/2021 18:55:36&#xD;
Error: Sensor has not sent data for 0 hour 4 minute and 7 seconds long&#xD;
Error: The max time lapse in seconds: 307 &#xD;
Error: Data between time: 06/18/2021 19:07:03 and 06/18/2021 19:10:42&#xD;
Error: Sensor has not sent data for 0 hour 3 minute and 38 seconds long&#xD;
Error: The max time lapse in seconds: 307 &#xD;
Error: Data between time: 06/18/2021 20:31:32 and 06/18/2021 20:34:53&#xD;
Error: Sensor has not sent data for 0 hour 3 minute and 20 seconds long&#xD;
Error: The max time lapse in seconds: 307 &#xD;
Error: Data between time: 06/18/2021 20:54:55 and 06/18/2021 20:58:20&#xD;
Error: Sensor has not sent data for 0 hour 3 minute and 24 seconds long&#xD;
Error: The max time lapse in seconds: 307 &#xD;
Error: Data between time: 06/18/2021 21:09:57 and 06/18/2021 21:13:58&#xD;
Error: Sensor has not sent data for 0 hour 4 minute and 0 seconds long&#xD;
Error: The max time lapse in seconds: 307 &#xD;
Error: Data between time: 06/18/2021 23:21:53 and 06/18/2021 23:30:59&#xD;
Error: Sensor has not sent data for 0 hour 9 minute and 5 seconds long&#xD;
Error: The max time lapse in seconds: 545 &#xD;
Error: Data between time: 06/18/2021 23:30:59 and 06/18/2021 23:33:25&#xD;
Error: Sensor has not sent data for 0 hour 2 minute and 25 seconds long&#xD;
Error: The max time lapse in seconds: 545</StdOut>
            <ErrorInfo>
              <Message>Assert.IsTrue failed. Issue while fetching data for date 6/18/2021 12:00:00 AM</Message>
              <StackTrace>   at SCM_TF.Database.Te_Database.GetObjectDataTimeSpanDiff()&#xD;
</StackTrace>
            </ErrorInfo>
          </Output>
        </UnitTestResult>
      </InnerResults>
    </UnitTestResult>
  </Results>
  <TestDefinitions>
    <UnitTest name="GetObjectDataTimeSpanDiff" storage="c:\users\z0049mne\source\repos\ms_test\scm_tf\scm_tf\references\scm_tf.dll" id="fb3f85a5-ce4f-d64e-0c87-72a2e1e97d24">
      <TestCategory>
        <TestCategoryItem TestCategory="Database" />
        <TestCategoryItem TestCategory="Database01" />
      </TestCategory>
      <Execution id="3a761bd9-df41-4d5e-8ca0-a8d99095a4ad" />
      <TestMethod codeBase="C:\Users\z0049mne\Source\Repos\ms_test\SCM_TF\SCM_TF\References\SCM_TF.dll" adapterTypeName="executor://mstestadapter/v2" className="SCM_TF.Database.Te_Database" name="GetObjectDataTimeSpanDiff" />
    </UnitTest>
  </TestDefinitions>
  <TestEntries>
    <TestEntry testId="fb3f85a5-ce4f-d64e-0c87-72a2e1e97d24" executionId="3a761bd9-df41-4d5e-8ca0-a8d99095a4ad" testListId="8c84fa94-04c1-424b-9868-57a2d4851a1d" />
  </TestEntries>
  <TestLists>
    <TestList name="Results Not in a List" id="8c84fa94-04c1-424b-9868-57a2d4851a1d" />
    <TestList name="All Loaded Results" id="19431567-8539-422a-85d7-44ee4e166bda" />
  </TestLists>
  <ResultSummary outcome="Failed">
    <Counters total="19" executed="19" passed="0" failed="19" error="0" timeout="0" aborted="0" inconclusive="0" passedButRunAborted="0" notRunnable="0" notExecuted="0" disconnected="0" warning="0" completed="0" inProgress="0" pending="0" />
  </ResultSummary>
</TestRun>