<?xml version="1.0" encoding="utf-8"?>
<TestRun id="7665c787-490a-4fbf-8d45-c0a1ef766c9f" name="z0049mne@MD3H3FMC 2021-09-16 22:51:33" runUser="AD001\z0049mne" xmlns="http://microsoft.com/schemas/VisualStudio/TeamTest/2010">
  <Times creation="2021-09-16T22:51:33.1157887+05:30" queuing="2021-09-16T22:51:33.1157887+05:30" start="2021-09-16T22:51:07.5725827+05:30" finish="2021-09-16T22:51:33.1377161+05:30" />
  <TestSettings name="default" id="4a1faab2-b742-4f78-8023-8451829f2e8f">
    <Deployment runDeploymentRoot="z0049mne_MD3H3FMC_2021-09-16_22_51_33" />
  </TestSettings>
  <Results>
    <UnitTestResult executionId="7128467b-dfe8-4121-a0d4-d60ef763f04c" testId="c0c9e07e-0a83-e76a-095e-bbf8168ec560" testName="GetStatisticalData" computerName="MD3H3FMC" duration="00:00:23.4777829" startTime="2021-09-16T22:51:08.4508731+05:30" endTime="2021-09-16T22:51:32.8854191+05:30" testType="13cdc9d9-ddb5-4fa4-a97d-d965ccfc6d4b" outcome="Passed" testListId="8c84fa94-04c1-424b-9868-57a2d4851a1d" relativeResultsDirectory="7128467b-dfe8-4121-a0d4-d60ef763f04c" resultType="DataDrivenTest">
      <InnerResults>
        <UnitTestResult executionId="763fc6a4-8a6d-4103-81b3-8b72296473bb" parentExecutionId="7128467b-dfe8-4121-a0d4-d60ef763f04c" testId="c0c9e07e-0a83-e76a-095e-bbf8168ec560" testName="GetStatisticalData (Data Row 0)" computerName="MD3H3FMC" duration="00:00:21.6775707" startTime="2021-09-16T22:51:08.4508731+05:30" endTime="2021-09-16T22:51:32.8854191+05:30" testType="13cdc9d9-ddb5-4fa4-a97d-d965ccfc6d4b" outcome="Passed" testListId="8c84fa94-04c1-424b-9868-57a2d4851a1d" relativeResultsDirectory="763fc6a4-8a6d-4103-81b3-8b72296473bb" dataRowInfo="1" resultType="DataDrivenDataRow">
          <Output>
            <StdOut>Statistical data for sensor:24EDFD0000C2&#xD;
Package Count for Temperature: 832 for dated: 06/18/2021&#xD;
Minimum Temperature : 23.97°C on dated 06/18/2021 14:33:09&#xD;
Maximum temperature : 25.7°C on dated 06/18/2021 17:10:06&#xD;
Average temperature : 24.9°C for 832 temperature values for dated 06/18/2021&#xD;
Package Count for Signal :835 for dated 06/18/2021&#xD;
Minimum Signal strength : -76db on dated 06/18/2021 07:07:09&#xD;
Maximum Signal strength : -49db on dated 06/18/2021 07:53:06&#xD;
Average Signal strength : -54.91db for 835 signal strength values for dated 06/18/2021&#xD;
Package Count for Axis: X is 834 for dated 06/18/2021&#xD;
Package Count for Axis: Y is 834 for dated 06/18/2021&#xD;
Package Count for Axis: Z is 834 for dated 06/18/2021&#xD;
Axis: X Minimum vibration : 1986 on dated 06/18/2021 13:43:17&#xD;
Axis: Y Minimum vibration : -70 on dated 06/18/2021 07:56:00&#xD;
Axis: Z Minimum vibration : -17 on dated 06/18/2021 07:54:21&#xD;
Axis: X Maximum vibration : 2062 on dated 06/18/2021 23:58:35&#xD;
Axis: Y Maximum vibration : 29 on dated 06/18/2021 23:58:35&#xD;
Axis: Z Maximum vibration : 97 on dated 06/18/2021 23:58:35&#xD;
Axis: X Average vibration : 2033 for dated 06/18/2021&#xD;
Axis: Y Average vibration : 0 for dated 06/18/2021&#xD;
Axis: Z Average vibration : 57 for dated 06/18/2021&#xD;
&#xD;
Percentage Vibration: 86.98&#xD;
---Verifying the Vibration Axis wise---&#xD;
Package Count X axis: 834&#xD;
Package Count Y axis: 834&#xD;
Package Count Z axis: 834&#xD;
Passed: No difference in date time stamp!</StdOut>
          </Output>
        </UnitTestResult>
      </InnerResults>
    </UnitTestResult>
  </Results>
  <TestDefinitions>
    <UnitTest name="GetStatisticalData" storage="c:\users\z0049mne\source\repos\ms_test\scm_tf\scm_tf\references\scm_tf.dll" id="c0c9e07e-0a83-e76a-095e-bbf8168ec560">
      <TestCategory>
        <TestCategoryItem TestCategory="Database" />
        <TestCategoryItem TestCategory="Database01" />
      </TestCategory>
      <Execution id="7128467b-dfe8-4121-a0d4-d60ef763f04c" />
      <TestMethod codeBase="C:\Users\z0049mne\Source\Repos\ms_test\SCM_TF\SCM_TF\References\SCM_TF.dll" adapterTypeName="executor://mstestadapter/v2" className="SCM_TF.Database.Te_Database" name="GetStatisticalData" />
    </UnitTest>
  </TestDefinitions>
  <TestEntries>
    <TestEntry testId="c0c9e07e-0a83-e76a-095e-bbf8168ec560" executionId="7128467b-dfe8-4121-a0d4-d60ef763f04c" testListId="8c84fa94-04c1-424b-9868-57a2d4851a1d" />
  </TestEntries>
  <TestLists>
    <TestList name="Results Not in a List" id="8c84fa94-04c1-424b-9868-57a2d4851a1d" />
    <TestList name="All Loaded Results" id="19431567-8539-422a-85d7-44ee4e166bda" />
  </TestLists>
  <ResultSummary outcome="Completed">
    <Counters total="2" executed="2" passed="2" failed="0" error="0" timeout="0" aborted="0" inconclusive="0" passedButRunAborted="0" notRunnable="0" notExecuted="0" disconnected="0" warning="0" completed="0" inProgress="0" pending="0" />
  </ResultSummary>
</TestRun>