<?xml version="1.0" encoding="utf-8"?>
<TestRun id="e74d4201-f46b-4535-a9c1-77e2e347279f" name="z0049mne@MD3H3FMC 2021-10-01 15:49:10" runUser="AD001\z0049mne" xmlns="http://microsoft.com/schemas/VisualStudio/TeamTest/2010">
  <Times creation="2021-10-01T15:49:10.7797911+05:30" queuing="2021-10-01T15:49:10.7797912+05:30" start="2021-10-01T15:48:40.6981610+05:30" finish="2021-10-01T15:49:10.7924691+05:30" />
  <TestSettings name="default" id="63374cd8-436f-49e4-bc71-a3ef2eda7877">
    <Deployment runDeploymentRoot="z0049mne_MD3H3FMC_2021-10-01_15_49_10" />
  </TestSettings>
  <Results>
    <UnitTestResult executionId="e69bdef7-85be-4de5-be89-61a827b3288f" testId="d76e2b53-cf85-438d-6de9-4ed6395e137e" testName="CheckDateTimeStamp" computerName="MD3H3FMC" duration="00:00:28.1022076" startTime="2021-10-01T15:48:41.5810178+05:30" endTime="2021-10-01T15:49:10.5497555+05:30" testType="13cdc9d9-ddb5-4fa4-a97d-d965ccfc6d4b" outcome="Passed" testListId="8c84fa94-04c1-424b-9868-57a2d4851a1d" relativeResultsDirectory="e69bdef7-85be-4de5-be89-61a827b3288f" resultType="DataDrivenTest">
      <InnerResults>
        <UnitTestResult executionId="e9f55041-d762-4fdc-a758-4e920d8cd615" parentExecutionId="e69bdef7-85be-4de5-be89-61a827b3288f" testId="d76e2b53-cf85-438d-6de9-4ed6395e137e" testName="CheckDateTimeStamp (Data Row 0)" computerName="MD3H3FMC" duration="00:00:26.3515084" startTime="2021-10-01T15:48:41.5810178+05:30" endTime="2021-10-01T15:49:10.5497555+05:30" testType="13cdc9d9-ddb5-4fa4-a97d-d965ccfc6d4b" outcome="Passed" testListId="8c84fa94-04c1-424b-9868-57a2d4851a1d" relativeResultsDirectory="e9f55041-d762-4fdc-a758-4e920d8cd615" dataRowInfo="1" resultType="DataDrivenDataRow">
          <Output>
            <StdOut>---Reading RSSI data---&#xD;
---Reading Temperature data---&#xD;
---Reading Vibration data---</StdOut>
          </Output>
        </UnitTestResult>
      </InnerResults>
    </UnitTestResult>
  </Results>
  <TestDefinitions>
    <UnitTest name="CheckDateTimeStamp" storage="c:\users\z0049mne\source\repos\ms_test\scm_tf\monitoringwebapp\netcoreapp2.2\references\scm_tf.dll" id="d76e2b53-cf85-438d-6de9-4ed6395e137e">
      <TestCategory>
        <TestCategoryItem TestCategory="Database" />
      </TestCategory>
      <Execution id="e69bdef7-85be-4de5-be89-61a827b3288f" />
      <TestMethod codeBase="C:\Users\z0049mne\Source\Repos\ms_test\SCM_TF\MonitoringWebApp\netcoreapp2.2\References\SCM_TF.dll" adapterTypeName="executor://mstestadapter/v2" className="SCM_TF.Database.Te_Database" name="CheckDateTimeStamp" />
    </UnitTest>
  </TestDefinitions>
  <TestEntries>
    <TestEntry testId="d76e2b53-cf85-438d-6de9-4ed6395e137e" executionId="e69bdef7-85be-4de5-be89-61a827b3288f" testListId="8c84fa94-04c1-424b-9868-57a2d4851a1d" />
  </TestEntries>
  <TestLists>
    <TestList name="Results Not in a List" id="8c84fa94-04c1-424b-9868-57a2d4851a1d" />
    <TestList name="All Loaded Results" id="19431567-8539-422a-85d7-44ee4e166bda" />
  </TestLists>
  <ResultSummary outcome="Completed">
    <Counters total="2" executed="2" passed="2" failed="0" error="0" timeout="0" aborted="0" inconclusive="0" passedButRunAborted="0" notRunnable="0" notExecuted="0" disconnected="0" warning="0" completed="0" inProgress="0" pending="0" />
  </ResultSummary>
</TestRun>