<?xml version="1.0" encoding="utf-8"?>
<TestRun id="c232c9ee-8c38-47e5-9d2a-24ad1c3f31b8" name="z0049mne@MD3H3FMC 2021-10-01 15:49:33" runUser="AD001\z0049mne" xmlns="http://microsoft.com/schemas/VisualStudio/TeamTest/2010">
  <Times creation="2021-10-01T15:49:33.9026996+05:30" queuing="2021-10-01T15:49:33.9026997+05:30" start="2021-10-01T15:49:29.9269448+05:30" finish="2021-10-01T15:49:33.9174920+05:30" />
  <TestSettings name="default" id="447378c6-b2b3-468b-a7be-73229d40e136">
    <Deployment runDeploymentRoot="z0049mne_MD3H3FMC_2021-10-01_15_49_33" />
  </TestSettings>
  <Results>
    <UnitTestResult executionId="5cb73eba-0541-4d11-8ba9-436a9269abb6" testId="f6a9f9f3-80b7-af5d-ae02-a1afce0599b3" testName="SST_ScmIQ_Home" computerName="MD3H3FMC" duration="00:00:02.8284199" startTime="2021-10-01T15:49:30.6609021+05:30" endTime="2021-10-01T15:49:33.6865678+05:30" testType="13cdc9d9-ddb5-4fa4-a97d-d965ccfc6d4b" outcome="Failed" testListId="8c84fa94-04c1-424b-9868-57a2d4851a1d" relativeResultsDirectory="5cb73eba-0541-4d11-8ba9-436a9269abb6" resultType="DataDrivenTest">
      <InnerResults>
        <UnitTestResult executionId="63d8850d-c851-46c0-b33b-7f9817608988" parentExecutionId="5cb73eba-0541-4d11-8ba9-436a9269abb6" testId="f6a9f9f3-80b7-af5d-ae02-a1afce0599b3" testName="SST_ScmIQ_Home (Data Row 0)" computerName="MD3H3FMC" duration="00:00:02.1718293" startTime="2021-10-01T15:49:30.6609021+05:30" endTime="2021-10-01T15:49:33.6865678+05:30" testType="13cdc9d9-ddb5-4fa4-a97d-d965ccfc6d4b" outcome="Failed" testListId="8c84fa94-04c1-424b-9868-57a2d4851a1d" relativeResultsDirectory="63d8850d-c851-46c0-b33b-7f9817608988" dataRowInfo="1" resultType="DataDrivenDataRow">
          <Output>
            <StdOut>url&#xD;
userName&#xD;
password&#xD;
Error at Login   at OpenQA.Selenium.Remote.RemoteWebDriver.UnpackAndThrowOnError(Response errorResponse)&#xD;
   at OpenQA.Selenium.Remote.RemoteWebDriver.Execute(String driverCommandToExecute, Dictionary`2 parameters)&#xD;
   at OpenQA.Selenium.Remote.RemoteWebDriver.StartSession(ICapabilities desiredCapabilities)&#xD;
   at OpenQA.Selenium.Remote.RemoteWebDriver..ctor(ICommandExecutor commandExecutor, ICapabilities desiredCapabilities)&#xD;
   at OpenQA.Selenium.Chrome.ChromeDriver..ctor(ChromeDriverService service, ChromeOptions options, TimeSpan commandTimeout)&#xD;
   at SCM_TF.TA_SCMIQ.Login(String url, String userName, String password)</StdOut>
            <ErrorInfo>
              <Message>Assert.IsTrue failed. Error: Login</Message>
              <StackTrace>   at SCM_TF.Te_SST_ScmIQ.SST_ScmIQ_Home()&#xD;
</StackTrace>
            </ErrorInfo>
          </Output>
        </UnitTestResult>
      </InnerResults>
    </UnitTestResult>
  </Results>
  <TestDefinitions>
    <UnitTest name="SST_ScmIQ_Home" storage="c:\users\z0049mne\source\repos\ms_test\scm_tf\monitoringwebapp\netcoreapp2.2\references\scm_tf.dll" id="f6a9f9f3-80b7-af5d-ae02-a1afce0599b3">
      <Execution id="5cb73eba-0541-4d11-8ba9-436a9269abb6" />
      <TestMethod codeBase="C:\Users\z0049mne\Source\Repos\ms_test\SCM_TF\MonitoringWebApp\netcoreapp2.2\References\SCM_TF.dll" adapterTypeName="executor://mstestadapter/v2" className="SCM_TF.Te_SST_ScmIQ" name="SST_ScmIQ_Home" />
    </UnitTest>
  </TestDefinitions>
  <TestEntries>
    <TestEntry testId="f6a9f9f3-80b7-af5d-ae02-a1afce0599b3" executionId="5cb73eba-0541-4d11-8ba9-436a9269abb6" testListId="8c84fa94-04c1-424b-9868-57a2d4851a1d" />
  </TestEntries>
  <TestLists>
    <TestList name="Results Not in a List" id="8c84fa94-04c1-424b-9868-57a2d4851a1d" />
    <TestList name="All Loaded Results" id="19431567-8539-422a-85d7-44ee4e166bda" />
  </TestLists>
  <ResultSummary outcome="Failed">
    <Counters total="2" executed="2" passed="0" failed="2" error="0" timeout="0" aborted="0" inconclusive="0" passedButRunAborted="0" notRunnable="0" notExecuted="0" disconnected="0" warning="0" completed="0" inProgress="0" pending="0" />
  </ResultSummary>
</TestRun>